{
  "numTotalTestSuites": 102,
  "numPassedTestSuites": 36,
  "numFailedTestSuites": 66,
  "numPendingTestSuites": 0,
  "numTotalTests": 174,
  "numPassedTests": 18,
  "numFailedTests": 156,
  "numPendingTests": 0,
  "numTodoTests": 0,
  "snapshot": {
    "added": 0,
    "failure": false,
    "filesAdded": 0,
    "filesRemoved": 0,
    "filesRemovedList": [],
    "filesUnmatched": 0,
    "filesUpdated": 0,
    "matched": 0,
    "total": 0,
    "unchecked": 0,
    "uncheckedKeysByFile": [],
    "unmatched": 0,
    "updated": 0,
    "didUpdate": false
  },
  "startTime": 1758981847707,
  "success": false,
  "testResults": [
    {
      "assertionResults": [
        {
          "ancestorTitles": ["Navigation Component Accessibility", "Basic Navigation Accessibility"],
          "fullName": "Navigation Component Accessibility Basic Navigation Accessibility should have no accessibility violations",
          "status": "failed",
          "title": "should have no accessibility violations",
          "duration": 10.108899999999949,
          "failureMessages": [
            "TypeError: render is not a function\n    at C:\\Users\\Usuario\\ECONEURA-IA-1.worktrees\\fix\\ci-generate-score-fix\\apps\\web\\src\\components\\navigation.test.tsx:128:29\n    at file:///C:/Users/Usuario/ECONEURA-IA-1.worktrees/fix/ci-generate-score-fix/node_modules/.pnpm/@vitest+runner@3.2.4/node_modules/@vitest/runner/dist/chunk-hooks.js:155:11\n    at file:///C:/Users/Usuario/ECONEURA-IA-1.worktrees/fix/ci-generate-score-fix/node_modules/.pnpm/@vitest+runner@3.2.4/node_modules/@vitest/runner/dist/chunk-hooks.js:752:26\n    at file:///C:/Users/Usuario/ECONEURA-IA-1.worktrees/fix/ci-generate-score-fix/node_modules/.pnpm/@vitest+runner@3.2.4/node_modules/@vitest/runner/dist/chunk-hooks.js:1897:20\n    at new Promise (<anonymous>)\n    at runWithTimeout (file:///C:/Users/Usuario/ECONEURA-IA-1.worktrees/fix/ci-generate-score-fix/node_modules/.pnpm/@vitest+runner@3.2.4/node_modules/@vitest/runner/dist/chunk-hooks.js:1863:10)\n    at runTest (file:///C:/Users/Usuario/ECONEURA-IA-1.worktrees/fix/ci-generate-score-fix/node_modules/.pnpm/@vitest+runner@3.2.4/node_modules/@vitest/runner/dist/chunk-hooks.js:1574:12)\n    at processTicksAndRejections (node:internal/process/task_queues:105:5)\n    at runSuite (file:///C:/Users/Usuario/ECONEURA-IA-1.worktrees/fix/ci-generate-score-fix/node_modules/.pnpm/@vitest+runner@3.2.4/node_modules/@vitest/runner/dist/chunk-hooks.js:1729:8)\n    at runSuite (file:///C:/Users/Usuario/ECONEURA-IA-1.worktrees/fix/ci-generate-score-fix/node_modules/.pnpm/@vitest+runner@3.2.4/node_modules/@vitest/runner/dist/chunk-hooks.js:1729:8)",
            "TypeError: render is not a function\n    at C:\\Users\\Usuario\\ECONEURA-IA-1.worktrees\\fix\\ci-generate-score-fix\\apps\\web\\src\\components\\navigation.test.tsx:128:29\n    at file:///C:/Users/Usuario/ECONEURA-IA-1.worktrees/fix/ci-generate-score-fix/node_modules/.pnpm/@vitest+runner@3.2.4/node_modules/@vitest/runner/dist/chunk-hooks.js:155:11\n    at file:///C:/Users/Usuario/ECONEURA-IA-1.worktrees/fix/ci-generate-score-fix/node_modules/.pnpm/@vitest+runner@3.2.4/node_modules/@vitest/runner/dist/chunk-hooks.js:752:26\n    at file:///C:/Users/Usuario/ECONEURA-IA-1.worktrees/fix/ci-generate-score-fix/node_modules/.pnpm/@vitest+runner@3.2.4/node_modules/@vitest/runner/dist/chunk-hooks.js:1897:20\n    at new Promise (<anonymous>)\n    at runWithTimeout (file:///C:/Users/Usuario/ECONEURA-IA-1.worktrees/fix/ci-generate-score-fix/node_modules/.pnpm/@vitest+runner@3.2.4/node_modules/@vitest/runner/dist/chunk-hooks.js:1863:10)\n    at runTest (file:///C:/Users/Usuario/ECONEURA-IA-1.worktrees/fix/ci-generate-score-fix/node_modules/.pnpm/@vitest+runner@3.2.4/node_modules/@vitest/runner/dist/chunk-hooks.js:1574:12)\n    at processTicksAndRejections (node:internal/process/task_queues:105:5)\n    at runSuite (file:///C:/Users/Usuario/ECONEURA-IA-1.worktrees/fix/ci-generate-score-fix/node_modules/.pnpm/@vitest+runner@3.2.4/node_modules/@vitest/runner/dist/chunk-hooks.js:1729:8)\n    at runSuite (file:///C:/Users/Usuario/ECONEURA-IA-1.worktrees/fix/ci-generate-score-fix/node_modules/.pnpm/@vitest+runner@3.2.4/node_modules/@vitest/runner/dist/chunk-hooks.js:1729:8)"
          ],
          "meta": {}
        },
        {
          "ancestorTitles": ["Navigation Component Accessibility", "Basic Navigation Accessibility"],
          "fullName": "Navigation Component Accessibility Basic Navigation Accessibility should pass all accessibility tests",
          "status": "failed",
          "title": "should pass all accessibility tests",
          "duration": 1.02800000000002,
          "failureMessages": [
            "TypeError: render is not a function\n    at C:\\Users\\Usuario\\ECONEURA-IA-1.worktrees\\fix\\ci-generate-score-fix\\apps\\web\\src\\components\\navigation.test.tsx:133:29\n    at file:///C:/Users/Usuario/ECONEURA-IA-1.worktrees/fix/ci-generate-score-fix/node_modules/.pnpm/@vitest+runner@3.2.4/node_modules/@vitest/runner/dist/chunk-hooks.js:155:11\n    at file:///C:/Users/Usuario/ECONEURA-IA-1.worktrees/fix/ci-generate-score-fix/node_modules/.pnpm/@vitest+runner@3.2.4/node_modules/@vitest/runner/dist/chunk-hooks.js:752:26\n    at file:///C:/Users/Usuario/ECONEURA-IA-1.worktrees/fix/ci-generate-score-fix/node_modules/.pnpm/@vitest+runner@3.2.4/node_modules/@vitest/runner/dist/chunk-hooks.js:1897:20\n    at new Promise (<anonymous>)\n    at runWithTimeout (file:///C:/Users/Usuario/ECONEURA-IA-1.worktrees/fix/ci-generate-score-fix/node_modules/.pnpm/@vitest+runner@3.2.4/node_modules/@vitest/runner/dist/chunk-hooks.js:1863:10)\n    at runTest (file:///C:/Users/Usuario/ECONEURA-IA-1.worktrees/fix/ci-generate-score-fix/node_modules/.pnpm/@vitest+runner@3.2.4/node_modules/@vitest/runner/dist/chunk-hooks.js:1574:12)\n    at processTicksAndRejections (node:internal/process/task_queues:105:5)\n    at runSuite (file:///C:/Users/Usuario/ECONEURA-IA-1.worktrees/fix/ci-generate-score-fix/node_modules/.pnpm/@vitest+runner@3.2.4/node_modules/@vitest/runner/dist/chunk-hooks.js:1729:8)\n    at runSuite (file:///C:/Users/Usuario/ECONEURA-IA-1.worktrees/fix/ci-generate-score-fix/node_modules/.pnpm/@vitest+runner@3.2.4/node_modules/@vitest/runner/dist/chunk-hooks.js:1729:8)",
            "TypeError: render is not a function\n    at C:\\Users\\Usuario\\ECONEURA-IA-1.worktrees\\fix\\ci-generate-score-fix\\apps\\web\\src\\components\\navigation.test.tsx:133:29\n    at file:///C:/Users/Usuario/ECONEURA-IA-1.worktrees/fix/ci-generate-score-fix/node_modules/.pnpm/@vitest+runner@3.2.4/node_modules/@vitest/runner/dist/chunk-hooks.js:155:11\n    at file:///C:/Users/Usuario/ECONEURA-IA-1.worktrees/fix/ci-generate-score-fix/node_modules/.pnpm/@vitest+runner@3.2.4/node_modules/@vitest/runner/dist/chunk-hooks.js:752:26\n    at file:///C:/Users/Usuario/ECONEURA-IA-1.worktrees/fix/ci-generate-score-fix/node_modules/.pnpm/@vitest+runner@3.2.4/node_modules/@vitest/runner/dist/chunk-hooks.js:1897:20\n    at new Promise (<anonymous>)\n    at runWithTimeout (file:///C:/Users/Usuario/ECONEURA-IA-1.worktrees/fix/ci-generate-score-fix/node_modules/.pnpm/@vitest+runner@3.2.4/node_modules/@vitest/runner/dist/chunk-hooks.js:1863:10)\n    at runTest (file:///C:/Users/Usuario/ECONEURA-IA-1.worktrees/fix/ci-generate-score-fix/node_modules/.pnpm/@vitest+runner@3.2.4/node_modules/@vitest/runner/dist/chunk-hooks.js:1574:12)\n    at processTicksAndRejections (node:internal/process/task_queues:105:5)\n    at runSuite (file:///C:/Users/Usuario/ECONEURA-IA-1.worktrees/fix/ci-generate-score-fix/node_modules/.pnpm/@vitest+runner@3.2.4/node_modules/@vitest/runner/dist/chunk-hooks.js:1729:8)\n    at runSuite (file:///C:/Users/Usuario/ECONEURA-IA-1.worktrees/fix/ci-generate-score-fix/node_modules/.pnpm/@vitest+runner@3.2.4/node_modules/@vitest/runner/dist/chunk-hooks.js:1729:8)"
          ],
          "meta": {}
        },
        {
          "ancestorTitles": ["Navigation Component Accessibility", "Basic Navigation Accessibility"],
          "fullName": "Navigation Component Accessibility Basic Navigation Accessibility should have proper navigation structure",
          "status": "failed",
          "title": "should have proper navigation structure",
          "duration": 1.0926999999999225,
          "failureMessages": [
            "TypeError: render is not a function\n    at C:\\Users\\Usuario\\ECONEURA-IA-1.worktrees\\fix\\ci-generate-score-fix\\apps\\web\\src\\components\\navigation.test.tsx:138:29\n    at file:///C:/Users/Usuario/ECONEURA-IA-1.worktrees/fix/ci-generate-score-fix/node_modules/.pnpm/@vitest+runner@3.2.4/node_modules/@vitest/runner/dist/chunk-hooks.js:155:11\n    at file:///C:/Users/Usuario/ECONEURA-IA-1.worktrees/fix/ci-generate-score-fix/node_modules/.pnpm/@vitest+runner@3.2.4/node_modules/@vitest/runner/dist/chunk-hooks.js:752:26\n    at file:///C:/Users/Usuario/ECONEURA-IA-1.worktrees/fix/ci-generate-score-fix/node_modules/.pnpm/@vitest+runner@3.2.4/node_modules/@vitest/runner/dist/chunk-hooks.js:1897:20\n    at new Promise (<anonymous>)\n    at runWithTimeout (file:///C:/Users/Usuario/ECONEURA-IA-1.worktrees/fix/ci-generate-score-fix/node_modules/.pnpm/@vitest+runner@3.2.4/node_modules/@vitest/runner/dist/chunk-hooks.js:1863:10)\n    at runTest (file:///C:/Users/Usuario/ECONEURA-IA-1.worktrees/fix/ci-generate-score-fix/node_modules/.pnpm/@vitest+runner@3.2.4/node_modules/@vitest/runner/dist/chunk-hooks.js:1574:12)\n    at processTicksAndRejections (node:internal/process/task_queues:105:5)\n    at runSuite (file:///C:/Users/Usuario/ECONEURA-IA-1.worktrees/fix/ci-generate-score-fix/node_modules/.pnpm/@vitest+runner@3.2.4/node_modules/@vitest/runner/dist/chunk-hooks.js:1729:8)\n    at runSuite (file:///C:/Users/Usuario/ECONEURA-IA-1.worktrees/fix/ci-generate-score-fix/node_modules/.pnpm/@vitest+runner@3.2.4/node_modules/@vitest/runner/dist/chunk-hooks.js:1729:8)",
            "TypeError: render is not a function\n    at C:\\Users\\Usuario\\ECONEURA-IA-1.worktrees\\fix\\ci-generate-score-fix\\apps\\web\\src\\components\\navigation.test.tsx:138:29\n    at file:///C:/Users/Usuario/ECONEURA-IA-1.worktrees/fix/ci-generate-score-fix/node_modules/.pnpm/@vitest+runner@3.2.4/node_modules/@vitest/runner/dist/chunk-hooks.js:155:11\n    at file:///C:/Users/Usuario/ECONEURA-IA-1.worktrees/fix/ci-generate-score-fix/node_modules/.pnpm/@vitest+runner@3.2.4/node_modules/@vitest/runner/dist/chunk-hooks.js:752:26\n    at file:///C:/Users/Usuario/ECONEURA-IA-1.worktrees/fix/ci-generate-score-fix/node_modules/.pnpm/@vitest+runner@3.2.4/node_modules/@vitest/runner/dist/chunk-hooks.js:1897:20\n    at new Promise (<anonymous>)\n    at runWithTimeout (file:///C:/Users/Usuario/ECONEURA-IA-1.worktrees/fix/ci-generate-score-fix/node_modules/.pnpm/@vitest+runner@3.2.4/node_modules/@vitest/runner/dist/chunk-hooks.js:1863:10)\n    at runTest (file:///C:/Users/Usuario/ECONEURA-IA-1.worktrees/fix/ci-generate-score-fix/node_modules/.pnpm/@vitest+runner@3.2.4/node_modules/@vitest/runner/dist/chunk-hooks.js:1574:12)\n    at processTicksAndRejections (node:internal/process/task_queues:105:5)\n    at runSuite (file:///C:/Users/Usuario/ECONEURA-IA-1.worktrees/fix/ci-generate-score-fix/node_modules/.pnpm/@vitest+runner@3.2.4/node_modules/@vitest/runner/dist/chunk-hooks.js:1729:8)\n    at runSuite (file:///C:/Users/Usuario/ECONEURA-IA-1.worktrees/fix/ci-generate-score-fix/node_modules/.pnpm/@vitest+runner@3.2.4/node_modules/@vitest/runner/dist/chunk-hooks.js:1729:8)"
          ],
          "meta": {}
        },
        {
          "ancestorTitles": ["Navigation Component Accessibility", "Basic Navigation Accessibility"],
          "fullName": "Navigation Component Accessibility Basic Navigation Accessibility should have proper link labels",
          "status": "failed",
          "title": "should have proper link labels",
          "duration": 0.9471000000000913,
          "failureMessages": [
            "TypeError: render is not a function\n    at C:\\Users\\Usuario\\ECONEURA-IA-1.worktrees\\fix\\ci-generate-score-fix\\apps\\web\\src\\components\\navigation.test.tsx:150:29\n    at file:///C:/Users/Usuario/ECONEURA-IA-1.worktrees/fix/ci-generate-score-fix/node_modules/.pnpm/@vitest+runner@3.2.4/node_modules/@vitest/runner/dist/chunk-hooks.js:155:11\n    at file:///C:/Users/Usuario/ECONEURA-IA-1.worktrees/fix/ci-generate-score-fix/node_modules/.pnpm/@vitest+runner@3.2.4/node_modules/@vitest/runner/dist/chunk-hooks.js:752:26\n    at file:///C:/Users/Usuario/ECONEURA-IA-1.worktrees/fix/ci-generate-score-fix/node_modules/.pnpm/@vitest+runner@3.2.4/node_modules/@vitest/runner/dist/chunk-hooks.js:1897:20\n    at new Promise (<anonymous>)\n    at runWithTimeout (file:///C:/Users/Usuario/ECONEURA-IA-1.worktrees/fix/ci-generate-score-fix/node_modules/.pnpm/@vitest+runner@3.2.4/node_modules/@vitest/runner/dist/chunk-hooks.js:1863:10)\n    at runTest (file:///C:/Users/Usuario/ECONEURA-IA-1.worktrees/fix/ci-generate-score-fix/node_modules/.pnpm/@vitest+runner@3.2.4/node_modules/@vitest/runner/dist/chunk-hooks.js:1574:12)\n    at processTicksAndRejections (node:internal/process/task_queues:105:5)\n    at runSuite (file:///C:/Users/Usuario/ECONEURA-IA-1.worktrees/fix/ci-generate-score-fix/node_modules/.pnpm/@vitest+runner@3.2.4/node_modules/@vitest/runner/dist/chunk-hooks.js:1729:8)\n    at runSuite (file:///C:/Users/Usuario/ECONEURA-IA-1.worktrees/fix/ci-generate-score-fix/node_modules/.pnpm/@vitest+runner@3.2.4/node_modules/@vitest/runner/dist/chunk-hooks.js:1729:8)",
            "TypeError: render is not a function\n    at C:\\Users\\Usuario\\ECONEURA-IA-1.worktrees\\fix\\ci-generate-score-fix\\apps\\web\\src\\components\\navigation.test.tsx:150:29\n    at file:///C:/Users/Usuario/ECONEURA-IA-1.worktrees/fix/ci-generate-score-fix/node_modules/.pnpm/@vitest+runner@3.2.4/node_modules/@vitest/runner/dist/chunk-hooks.js:155:11\n    at file:///C:/Users/Usuario/ECONEURA-IA-1.worktrees/fix/ci-generate-score-fix/node_modules/.pnpm/@vitest+runner@3.2.4/node_modules/@vitest/runner/dist/chunk-hooks.js:752:26\n    at file:///C:/Users/Usuario/ECONEURA-IA-1.worktrees/fix/ci-generate-score-fix/node_modules/.pnpm/@vitest+runner@3.2.4/node_modules/@vitest/runner/dist/chunk-hooks.js:1897:20\n    at new Promise (<anonymous>)\n    at runWithTimeout (file:///C:/Users/Usuario/ECONEURA-IA-1.worktrees/fix/ci-generate-score-fix/node_modules/.pnpm/@vitest+runner@3.2.4/node_modules/@vitest/runner/dist/chunk-hooks.js:1863:10)\n    at runTest (file:///C:/Users/Usuario/ECONEURA-IA-1.worktrees/fix/ci-generate-score-fix/node_modules/.pnpm/@vitest+runner@3.2.4/node_modules/@vitest/runner/dist/chunk-hooks.js:1574:12)\n    at processTicksAndRejections (node:internal/process/task_queues:105:5)\n    at runSuite (file:///C:/Users/Usuario/ECONEURA-IA-1.worktrees/fix/ci-generate-score-fix/node_modules/.pnpm/@vitest+runner@3.2.4/node_modules/@vitest/runner/dist/chunk-hooks.js:1729:8)\n    at runSuite (file:///C:/Users/Usuario/ECONEURA-IA-1.worktrees/fix/ci-generate-score-fix/node_modules/.pnpm/@vitest+runner@3.2.4/node_modules/@vitest/runner/dist/chunk-hooks.js:1729:8)"
          ],
          "meta": {}
        },
        {
          "ancestorTitles": ["Navigation Component Accessibility", "Current Page Indication"],
          "fullName": "Navigation Component Accessibility Current Page Indication should indicate current page properly",
          "status": "failed",
          "title": "should indicate current page properly",
          "duration": 1.0365999999999076,
          "failureMessages": [
            "TypeError: render is not a function\n    at C:\\Users\\Usuario\\ECONEURA-IA-1.worktrees\\fix\\ci-generate-score-fix\\apps\\web\\src\\components\\navigation.test.tsx:166:29\n    at file:///C:/Users/Usuario/ECONEURA-IA-1.worktrees/fix/ci-generate-score-fix/node_modules/.pnpm/@vitest+runner@3.2.4/node_modules/@vitest/runner/dist/chunk-hooks.js:155:11\n    at file:///C:/Users/Usuario/ECONEURA-IA-1.worktrees/fix/ci-generate-score-fix/node_modules/.pnpm/@vitest+runner@3.2.4/node_modules/@vitest/runner/dist/chunk-hooks.js:752:26\n    at file:///C:/Users/Usuario/ECONEURA-IA-1.worktrees/fix/ci-generate-score-fix/node_modules/.pnpm/@vitest+runner@3.2.4/node_modules/@vitest/runner/dist/chunk-hooks.js:1897:20\n    at new Promise (<anonymous>)\n    at runWithTimeout (file:///C:/Users/Usuario/ECONEURA-IA-1.worktrees/fix/ci-generate-score-fix/node_modules/.pnpm/@vitest+runner@3.2.4/node_modules/@vitest/runner/dist/chunk-hooks.js:1863:10)\n    at runTest (file:///C:/Users/Usuario/ECONEURA-IA-1.worktrees/fix/ci-generate-score-fix/node_modules/.pnpm/@vitest+runner@3.2.4/node_modules/@vitest/runner/dist/chunk-hooks.js:1574:12)\n    at processTicksAndRejections (node:internal/process/task_queues:105:5)\n    at runSuite (file:///C:/Users/Usuario/ECONEURA-IA-1.worktrees/fix/ci-generate-score-fix/node_modules/.pnpm/@vitest+runner@3.2.4/node_modules/@vitest/runner/dist/chunk-hooks.js:1729:8)\n    at runSuite (file:///C:/Users/Usuario/ECONEURA-IA-1.worktrees/fix/ci-generate-score-fix/node_modules/.pnpm/@vitest+runner@3.2.4/node_modules/@vitest/runner/dist/chunk-hooks.js:1729:8)",
            "TypeError: render is not a function\n    at C:\\Users\\Usuario\\ECONEURA-IA-1.worktrees\\fix\\ci-generate-score-fix\\apps\\web\\src\\components\\navigation.test.tsx:166:29\n    at file:///C:/Users/Usuario/ECONEURA-IA-1.worktrees/fix/ci-generate-score-fix/node_modules/.pnpm/@vitest+runner@3.2.4/node_modules/@vitest/runner/dist/chunk-hooks.js:155:11\n    at file:///C:/Users/Usuario/ECONEURA-IA-1.worktrees/fix/ci-generate-score-fix/node_modules/.pnpm/@vitest+runner@3.2.4/node_modules/@vitest/runner/dist/chunk-hooks.js:752:26\n    at file:///C:/Users/Usuario/ECONEURA-IA-1.worktrees/fix/ci-generate-score-fix/node_modules/.pnpm/@vitest+runner@3.2.4/node_modules/@vitest/runner/dist/chunk-hooks.js:1897:20\n    at new Promise (<anonymous>)\n    at runWithTimeout (file:///C:/Users/Usuario/ECONEURA-IA-1.worktrees/fix/ci-generate-score-fix/node_modules/.pnpm/@vitest+runner@3.2.4/node_modules/@vitest/runner/dist/chunk-hooks.js:1863:10)\n    at runTest (file:///C:/Users/Usuario/ECONEURA-IA-1.worktrees/fix/ci-generate-score-fix/node_modules/.pnpm/@vitest+runner@3.2.4/node_modules/@vitest/runner/dist/chunk-hooks.js:1574:12)\n    at processTicksAndRejections (node:internal/process/task_queues:105:5)\n    at runSuite (file:///C:/Users/Usuario/ECONEURA-IA-1.worktrees/fix/ci-generate-score-fix/node_modules/.pnpm/@vitest+runner@3.2.4/node_modules/@vitest/runner/dist/chunk-hooks.js:1729:8)\n    at runSuite (file:///C:/Users/Usuario/ECONEURA-IA-1.worktrees/fix/ci-generate-score-fix/node_modules/.pnpm/@vitest+runner@3.2.4/node_modules/@vitest/runner/dist/chunk-hooks.js:1729:8)"
          ],
          "meta": {}
        },
        {
          "ancestorTitles": ["Navigation Component Accessibility", "Current Page Indication"],
          "fullName": "Navigation Component Accessibility Current Page Indication should not indicate non-current pages",
          "status": "failed",
          "title": "should not indicate non-current pages",
          "duration": 0.8410000000001219,
          "failureMessages": [
            "TypeError: render is not a function\n    at C:\\Users\\Usuario\\ECONEURA-IA-1.worktrees\\fix\\ci-generate-score-fix\\apps\\web\\src\\components\\navigation.test.tsx:173:29\n    at file:///C:/Users/Usuario/ECONEURA-IA-1.worktrees/fix/ci-generate-score-fix/node_modules/.pnpm/@vitest+runner@3.2.4/node_modules/@vitest/runner/dist/chunk-hooks.js:155:11\n    at file:///C:/Users/Usuario/ECONEURA-IA-1.worktrees/fix/ci-generate-score-fix/node_modules/.pnpm/@vitest+runner@3.2.4/node_modules/@vitest/runner/dist/chunk-hooks.js:752:26\n    at file:///C:/Users/Usuario/ECONEURA-IA-1.worktrees/fix/ci-generate-score-fix/node_modules/.pnpm/@vitest+runner@3.2.4/node_modules/@vitest/runner/dist/chunk-hooks.js:1897:20\n    at new Promise (<anonymous>)\n    at runWithTimeout (file:///C:/Users/Usuario/ECONEURA-IA-1.worktrees/fix/ci-generate-score-fix/node_modules/.pnpm/@vitest+runner@3.2.4/node_modules/@vitest/runner/dist/chunk-hooks.js:1863:10)\n    at runTest (file:///C:/Users/Usuario/ECONEURA-IA-1.worktrees/fix/ci-generate-score-fix/node_modules/.pnpm/@vitest+runner@3.2.4/node_modules/@vitest/runner/dist/chunk-hooks.js:1574:12)\n    at processTicksAndRejections (node:internal/process/task_queues:105:5)\n    at runSuite (file:///C:/Users/Usuario/ECONEURA-IA-1.worktrees/fix/ci-generate-score-fix/node_modules/.pnpm/@vitest+runner@3.2.4/node_modules/@vitest/runner/dist/chunk-hooks.js:1729:8)\n    at runSuite (file:///C:/Users/Usuario/ECONEURA-IA-1.worktrees/fix/ci-generate-score-fix/node_modules/.pnpm/@vitest+runner@3.2.4/node_modules/@vitest/runner/dist/chunk-hooks.js:1729:8)",
            "TypeError: render is not a function\n    at C:\\Users\\Usuario\\ECONEURA-IA-1.worktrees\\fix\\ci-generate-score-fix\\apps\\web\\src\\components\\navigation.test.tsx:173:29\n    at file:///C:/Users/Usuario/ECONEURA-IA-1.worktrees/fix/ci-generate-score-fix/node_modules/.pnpm/@vitest+runner@3.2.4/node_modules/@vitest/runner/dist/chunk-hooks.js:155:11\n    at file:///C:/Users/Usuario/ECONEURA-IA-1.worktrees/fix/ci-generate-score-fix/node_modules/.pnpm/@vitest+runner@3.2.4/node_modules/@vitest/runner/dist/chunk-hooks.js:752:26\n    at file:///C:/Users/Usuario/ECONEURA-IA-1.worktrees/fix/ci-generate-score-fix/node_modules/.pnpm/@vitest+runner@3.2.4/node_modules/@vitest/runner/dist/chunk-hooks.js:1897:20\n    at new Promise (<anonymous>)\n    at runWithTimeout (file:///C:/Users/Usuario/ECONEURA-IA-1.worktrees/fix/ci-generate-score-fix/node_modules/.pnpm/@vitest+runner@3.2.4/node_modules/@vitest/runner/dist/chunk-hooks.js:1863:10)\n    at runTest (file:///C:/Users/Usuario/ECONEURA-IA-1.worktrees/fix/ci-generate-score-fix/node_modules/.pnpm/@vitest+runner@3.2.4/node_modules/@vitest/runner/dist/chunk-hooks.js:1574:12)\n    at processTicksAndRejections (node:internal/process/task_queues:105:5)\n    at runSuite (file:///C:/Users/Usuario/ECONEURA-IA-1.worktrees/fix/ci-generate-score-fix/node_modules/.pnpm/@vitest+runner@3.2.4/node_modules/@vitest/runner/dist/chunk-hooks.js:1729:8)\n    at runSuite (file:///C:/Users/Usuario/ECONEURA-IA-1.worktrees/fix/ci-generate-score-fix/node_modules/.pnpm/@vitest+runner@3.2.4/node_modules/@vitest/runner/dist/chunk-hooks.js:1729:8)"
          ],
          "meta": {}
        },
        {
          "ancestorTitles": ["Navigation Component Accessibility", "Navigation with Custom Items"],
          "fullName": "Navigation Component Accessibility Navigation with Custom Items should be accessible with custom navigation items",
          "status": "failed",
          "title": "should be accessible with custom navigation items",
          "duration": 0.7684999999999036,
          "failureMessages": [
            "TypeError: render is not a function\n    at C:\\Users\\Usuario\\ECONEURA-IA-1.worktrees\\fix\\ci-generate-score-fix\\apps\\web\\src\\components\\navigation.test.tsx:194:29\n    at file:///C:/Users/Usuario/ECONEURA-IA-1.worktrees/fix/ci-generate-score-fix/node_modules/.pnpm/@vitest+runner@3.2.4/node_modules/@vitest/runner/dist/chunk-hooks.js:155:11\n    at file:///C:/Users/Usuario/ECONEURA-IA-1.worktrees/fix/ci-generate-score-fix/node_modules/.pnpm/@vitest+runner@3.2.4/node_modules/@vitest/runner/dist/chunk-hooks.js:752:26\n    at file:///C:/Users/Usuario/ECONEURA-IA-1.worktrees/fix/ci-generate-score-fix/node_modules/.pnpm/@vitest+runner@3.2.4/node_modules/@vitest/runner/dist/chunk-hooks.js:1897:20\n    at new Promise (<anonymous>)\n    at runWithTimeout (file:///C:/Users/Usuario/ECONEURA-IA-1.worktrees/fix/ci-generate-score-fix/node_modules/.pnpm/@vitest+runner@3.2.4/node_modules/@vitest/runner/dist/chunk-hooks.js:1863:10)\n    at runTest (file:///C:/Users/Usuario/ECONEURA-IA-1.worktrees/fix/ci-generate-score-fix/node_modules/.pnpm/@vitest+runner@3.2.4/node_modules/@vitest/runner/dist/chunk-hooks.js:1574:12)\n    at processTicksAndRejections (node:internal/process/task_queues:105:5)\n    at runSuite (file:///C:/Users/Usuario/ECONEURA-IA-1.worktrees/fix/ci-generate-score-fix/node_modules/.pnpm/@vitest+runner@3.2.4/node_modules/@vitest/runner/dist/chunk-hooks.js:1729:8)\n    at runSuite (file:///C:/Users/Usuario/ECONEURA-IA-1.worktrees/fix/ci-generate-score-fix/node_modules/.pnpm/@vitest+runner@3.2.4/node_modules/@vitest/runner/dist/chunk-hooks.js:1729:8)",
            "TypeError: render is not a function\n    at C:\\Users\\Usuario\\ECONEURA-IA-1.worktrees\\fix\\ci-generate-score-fix\\apps\\web\\src\\components\\navigation.test.tsx:194:29\n    at file:///C:/Users/Usuario/ECONEURA-IA-1.worktrees/fix/ci-generate-score-fix/node_modules/.pnpm/@vitest+runner@3.2.4/node_modules/@vitest/runner/dist/chunk-hooks.js:155:11\n    at file:///C:/Users/Usuario/ECONEURA-IA-1.worktrees/fix/ci-generate-score-fix/node_modules/.pnpm/@vitest+runner@3.2.4/node_modules/@vitest/runner/dist/chunk-hooks.js:752:26\n    at file:///C:/Users/Usuario/ECONEURA-IA-1.worktrees/fix/ci-generate-score-fix/node_modules/.pnpm/@vitest+runner@3.2.4/node_modules/@vitest/runner/dist/chunk-hooks.js:1897:20\n    at new Promise (<anonymous>)\n    at runWithTimeout (file:///C:/Users/Usuario/ECONEURA-IA-1.worktrees/fix/ci-generate-score-fix/node_modules/.pnpm/@vitest+runner@3.2.4/node_modules/@vitest/runner/dist/chunk-hooks.js:1863:10)\n    at runTest (file:///C:/Users/Usuario/ECONEURA-IA-1.worktrees/fix/ci-generate-score-fix/node_modules/.pnpm/@vitest+runner@3.2.4/node_modules/@vitest/runner/dist/chunk-hooks.js:1574:12)\n    at processTicksAndRejections (node:internal/process/task_queues:105:5)\n    at runSuite (file:///C:/Users/Usuario/ECONEURA-IA-1.worktrees/fix/ci-generate-score-fix/node_modules/.pnpm/@vitest+runner@3.2.4/node_modules/@vitest/runner/dist/chunk-hooks.js:1729:8)\n    at runSuite (file:///C:/Users/Usuario/ECONEURA-IA-1.worktrees/fix/ci-generate-score-fix/node_modules/.pnpm/@vitest+runner@3.2.4/node_modules/@vitest/runner/dist/chunk-hooks.js:1729:8)"
          ],
          "meta": {}
        },
        {
          "ancestorTitles": ["Navigation Component Accessibility", "Navigation with Custom Items"],
          "fullName": "Navigation Component Accessibility Navigation with Custom Items should handle custom current page",
          "status": "failed",
          "title": "should handle custom current page",
          "duration": 0.7181000000000495,
          "failureMessages": [
            "TypeError: render is not a function\n    at C:\\Users\\Usuario\\ECONEURA-IA-1.worktrees\\fix\\ci-generate-score-fix\\apps\\web\\src\\components\\navigation.test.tsx:205:29\n    at file:///C:/Users/Usuario/ECONEURA-IA-1.worktrees/fix/ci-generate-score-fix/node_modules/.pnpm/@vitest+runner@3.2.4/node_modules/@vitest/runner/dist/chunk-hooks.js:155:11\n    at file:///C:/Users/Usuario/ECONEURA-IA-1.worktrees/fix/ci-generate-score-fix/node_modules/.pnpm/@vitest+runner@3.2.4/node_modules/@vitest/runner/dist/chunk-hooks.js:752:26\n    at file:///C:/Users/Usuario/ECONEURA-IA-1.worktrees/fix/ci-generate-score-fix/node_modules/.pnpm/@vitest+runner@3.2.4/node_modules/@vitest/runner/dist/chunk-hooks.js:1897:20\n    at new Promise (<anonymous>)\n    at runWithTimeout (file:///C:/Users/Usuario/ECONEURA-IA-1.worktrees/fix/ci-generate-score-fix/node_modules/.pnpm/@vitest+runner@3.2.4/node_modules/@vitest/runner/dist/chunk-hooks.js:1863:10)\n    at runTest (file:///C:/Users/Usuario/ECONEURA-IA-1.worktrees/fix/ci-generate-score-fix/node_modules/.pnpm/@vitest+runner@3.2.4/node_modules/@vitest/runner/dist/chunk-hooks.js:1574:12)\n    at processTicksAndRejections (node:internal/process/task_queues:105:5)\n    at runSuite (file:///C:/Users/Usuario/ECONEURA-IA-1.worktrees/fix/ci-generate-score-fix/node_modules/.pnpm/@vitest+runner@3.2.4/node_modules/@vitest/runner/dist/chunk-hooks.js:1729:8)\n    at runSuite (file:///C:/Users/Usuario/ECONEURA-IA-1.worktrees/fix/ci-generate-score-fix/node_modules/.pnpm/@vitest+runner@3.2.4/node_modules/@vitest/runner/dist/chunk-hooks.js:1729:8)",
            "TypeError: render is not a function\n    at C:\\Users\\Usuario\\ECONEURA-IA-1.worktrees\\fix\\ci-generate-score-fix\\apps\\web\\src\\components\\navigation.test.tsx:205:29\n    at file:///C:/Users/Usuario/ECONEURA-IA-1.worktrees/fix/ci-generate-score-fix/node_modules/.pnpm/@vitest+runner@3.2.4/node_modules/@vitest/runner/dist/chunk-hooks.js:155:11\n    at file:///C:/Users/Usuario/ECONEURA-IA-1.worktrees/fix/ci-generate-score-fix/node_modules/.pnpm/@vitest+runner@3.2.4/node_modules/@vitest/runner/dist/chunk-hooks.js:752:26\n    at file:///C:/Users/Usuario/ECONEURA-IA-1.worktrees/fix/ci-generate-score-fix/node_modules/.pnpm/@vitest+runner@3.2.4/node_modules/@vitest/runner/dist/chunk-hooks.js:1897:20\n    at new Promise (<anonymous>)\n    at runWithTimeout (file:///C:/Users/Usuario/ECONEURA-IA-1.worktrees/fix/ci-generate-score-fix/node_modules/.pnpm/@vitest+runner@3.2.4/node_modules/@vitest/runner/dist/chunk-hooks.js:1863:10)\n    at runTest (file:///C:/Users/Usuario/ECONEURA-IA-1.worktrees/fix/ci-generate-score-fix/node_modules/.pnpm/@vitest+runner@3.2.4/node_modules/@vitest/runner/dist/chunk-hooks.js:1574:12)\n    at processTicksAndRejections (node:internal/process/task_queues:105:5)\n    at runSuite (file:///C:/Users/Usuario/ECONEURA-IA-1.worktrees/fix/ci-generate-score-fix/node_modules/.pnpm/@vitest+runner@3.2.4/node_modules/@vitest/runner/dist/chunk-hooks.js:1729:8)\n    at runSuite (file:///C:/Users/Usuario/ECONEURA-IA-1.worktrees/fix/ci-generate-score-fix/node_modules/.pnpm/@vitest+runner@3.2.4/node_modules/@vitest/runner/dist/chunk-hooks.js:1729:8)"
          ],
          "meta": {}
        },
        {
          "ancestorTitles": ["Navigation Component Accessibility", "Mobile Navigation Accessibility"],
          "fullName": "Navigation Component Accessibility Mobile Navigation Accessibility should have no accessibility violations when closed",
          "status": "failed",
          "title": "should have no accessibility violations when closed",
          "duration": 0.677599999999984,
          "failureMessages": [
            "TypeError: render is not a function\n    at C:\\Users\\Usuario\\ECONEURA-IA-1.worktrees\\fix\\ci-generate-score-fix\\apps\\web\\src\\components\\navigation.test.tsx:214:29\n    at file:///C:/Users/Usuario/ECONEURA-IA-1.worktrees/fix/ci-generate-score-fix/node_modules/.pnpm/@vitest+runner@3.2.4/node_modules/@vitest/runner/dist/chunk-hooks.js:155:11\n    at file:///C:/Users/Usuario/ECONEURA-IA-1.worktrees/fix/ci-generate-score-fix/node_modules/.pnpm/@vitest+runner@3.2.4/node_modules/@vitest/runner/dist/chunk-hooks.js:752:26\n    at file:///C:/Users/Usuario/ECONEURA-IA-1.worktrees/fix/ci-generate-score-fix/node_modules/.pnpm/@vitest+runner@3.2.4/node_modules/@vitest/runner/dist/chunk-hooks.js:1897:20\n    at new Promise (<anonymous>)\n    at runWithTimeout (file:///C:/Users/Usuario/ECONEURA-IA-1.worktrees/fix/ci-generate-score-fix/node_modules/.pnpm/@vitest+runner@3.2.4/node_modules/@vitest/runner/dist/chunk-hooks.js:1863:10)\n    at runTest (file:///C:/Users/Usuario/ECONEURA-IA-1.worktrees/fix/ci-generate-score-fix/node_modules/.pnpm/@vitest+runner@3.2.4/node_modules/@vitest/runner/dist/chunk-hooks.js:1574:12)\n    at processTicksAndRejections (node:internal/process/task_queues:105:5)\n    at runSuite (file:///C:/Users/Usuario/ECONEURA-IA-1.worktrees/fix/ci-generate-score-fix/node_modules/.pnpm/@vitest+runner@3.2.4/node_modules/@vitest/runner/dist/chunk-hooks.js:1729:8)\n    at runSuite (file:///C:/Users/Usuario/ECONEURA-IA-1.worktrees/fix/ci-generate-score-fix/node_modules/.pnpm/@vitest+runner@3.2.4/node_modules/@vitest/runner/dist/chunk-hooks.js:1729:8)",
            "TypeError: render is not a function\n    at C:\\Users\\Usuario\\ECONEURA-IA-1.worktrees\\fix\\ci-generate-score-fix\\apps\\web\\src\\components\\navigation.test.tsx:214:29\n    at file:///C:/Users/Usuario/ECONEURA-IA-1.worktrees/fix/ci-generate-score-fix/node_modules/.pnpm/@vitest+runner@3.2.4/node_modules/@vitest/runner/dist/chunk-hooks.js:155:11\n    at file:///C:/Users/Usuario/ECONEURA-IA-1.worktrees/fix/ci-generate-score-fix/node_modules/.pnpm/@vitest+runner@3.2.4/node_modules/@vitest/runner/dist/chunk-hooks.js:752:26\n    at file:///C:/Users/Usuario/ECONEURA-IA-1.worktrees/fix/ci-generate-score-fix/node_modules/.pnpm/@vitest+runner@3.2.4/node_modules/@vitest/runner/dist/chunk-hooks.js:1897:20\n    at new Promise (<anonymous>)\n    at runWithTimeout (file:///C:/Users/Usuario/ECONEURA-IA-1.worktrees/fix/ci-generate-score-fix/node_modules/.pnpm/@vitest+runner@3.2.4/node_modules/@vitest/runner/dist/chunk-hooks.js:1863:10)\n    at runTest (file:///C:/Users/Usuario/ECONEURA-IA-1.worktrees/fix/ci-generate-score-fix/node_modules/.pnpm/@vitest+runner@3.2.4/node_modules/@vitest/runner/dist/chunk-hooks.js:1574:12)\n    at processTicksAndRejections (node:internal/process/task_queues:105:5)\n    at runSuite (file:///C:/Users/Usuario/ECONEURA-IA-1.worktrees/fix/ci-generate-score-fix/node_modules/.pnpm/@vitest+runner@3.2.4/node_modules/@vitest/runner/dist/chunk-hooks.js:1729:8)\n    at runSuite (file:///C:/Users/Usuario/ECONEURA-IA-1.worktrees/fix/ci-generate-score-fix/node_modules/.pnpm/@vitest+runner@3.2.4/node_modules/@vitest/runner/dist/chunk-hooks.js:1729:8)"
          ],
          "meta": {}
        },
        {
          "ancestorTitles": ["Navigation Component Accessibility", "Mobile Navigation Accessibility"],
          "fullName": "Navigation Component Accessibility Mobile Navigation Accessibility should have no accessibility violations when open",
          "status": "failed",
          "title": "should have no accessibility violations when open",
          "duration": 0.7365999999999531,
          "failureMessages": [
            "TypeError: render is not a function\n    at C:\\Users\\Usuario\\ECONEURA-IA-1.worktrees\\fix\\ci-generate-score-fix\\apps\\web\\src\\components\\navigation.test.tsx:219:29\n    at file:///C:/Users/Usuario/ECONEURA-IA-1.worktrees/fix/ci-generate-score-fix/node_modules/.pnpm/@vitest+runner@3.2.4/node_modules/@vitest/runner/dist/chunk-hooks.js:155:11\n    at file:///C:/Users/Usuario/ECONEURA-IA-1.worktrees/fix/ci-generate-score-fix/node_modules/.pnpm/@vitest+runner@3.2.4/node_modules/@vitest/runner/dist/chunk-hooks.js:752:26\n    at file:///C:/Users/Usuario/ECONEURA-IA-1.worktrees/fix/ci-generate-score-fix/node_modules/.pnpm/@vitest+runner@3.2.4/node_modules/@vitest/runner/dist/chunk-hooks.js:1897:20\n    at new Promise (<anonymous>)\n    at runWithTimeout (file:///C:/Users/Usuario/ECONEURA-IA-1.worktrees/fix/ci-generate-score-fix/node_modules/.pnpm/@vitest+runner@3.2.4/node_modules/@vitest/runner/dist/chunk-hooks.js:1863:10)\n    at runTest (file:///C:/Users/Usuario/ECONEURA-IA-1.worktrees/fix/ci-generate-score-fix/node_modules/.pnpm/@vitest+runner@3.2.4/node_modules/@vitest/runner/dist/chunk-hooks.js:1574:12)\n    at processTicksAndRejections (node:internal/process/task_queues:105:5)\n    at runSuite (file:///C:/Users/Usuario/ECONEURA-IA-1.worktrees/fix/ci-generate-score-fix/node_modules/.pnpm/@vitest+runner@3.2.4/node_modules/@vitest/runner/dist/chunk-hooks.js:1729:8)\n    at runSuite (file:///C:/Users/Usuario/ECONEURA-IA-1.worktrees/fix/ci-generate-score-fix/node_modules/.pnpm/@vitest+runner@3.2.4/node_modules/@vitest/runner/dist/chunk-hooks.js:1729:8)",
            "TypeError: render is not a function\n    at C:\\Users\\Usuario\\ECONEURA-IA-1.worktrees\\fix\\ci-generate-score-fix\\apps\\web\\src\\components\\navigation.test.tsx:219:29\n    at file:///C:/Users/Usuario/ECONEURA-IA-1.worktrees/fix/ci-generate-score-fix/node_modules/.pnpm/@vitest+runner@3.2.4/node_modules/@vitest/runner/dist/chunk-hooks.js:155:11\n    at file:///C:/Users/Usuario/ECONEURA-IA-1.worktrees/fix/ci-generate-score-fix/node_modules/.pnpm/@vitest+runner@3.2.4/node_modules/@vitest/runner/dist/chunk-hooks.js:752:26\n    at file:///C:/Users/Usuario/ECONEURA-IA-1.worktrees/fix/ci-generate-score-fix/node_modules/.pnpm/@vitest+runner@3.2.4/node_modules/@vitest/runner/dist/chunk-hooks.js:1897:20\n    at new Promise (<anonymous>)\n    at runWithTimeout (file:///C:/Users/Usuario/ECONEURA-IA-1.worktrees/fix/ci-generate-score-fix/node_modules/.pnpm/@vitest+runner@3.2.4/node_modules/@vitest/runner/dist/chunk-hooks.js:1863:10)\n    at runTest (file:///C:/Users/Usuario/ECONEURA-IA-1.worktrees/fix/ci-generate-score-fix/node_modules/.pnpm/@vitest+runner@3.2.4/node_modules/@vitest/runner/dist/chunk-hooks.js:1574:12)\n    at processTicksAndRejections (node:internal/process/task_queues:105:5)\n    at runSuite (file:///C:/Users/Usuario/ECONEURA-IA-1.worktrees/fix/ci-generate-score-fix/node_modules/.pnpm/@vitest+runner@3.2.4/node_modules/@vitest/runner/dist/chunk-hooks.js:1729:8)\n    at runSuite (file:///C:/Users/Usuario/ECONEURA-IA-1.worktrees/fix/ci-generate-score-fix/node_modules/.pnpm/@vitest+runner@3.2.4/node_modules/@vitest/runner/dist/chunk-hooks.js:1729:8)"
          ],
          "meta": {}
        },
        {
          "ancestorTitles": ["Navigation Component Accessibility", "Mobile Navigation Accessibility"],
          "fullName": "Navigation Component Accessibility Mobile Navigation Accessibility should have proper mobile navigation structure",
          "status": "failed",
          "title": "should have proper mobile navigation structure",
          "duration": 0.7759000000000924,
          "failureMessages": [
            "TypeError: render is not a function\n    at C:\\Users\\Usuario\\ECONEURA-IA-1.worktrees\\fix\\ci-generate-score-fix\\apps\\web\\src\\components\\navigation.test.tsx:228:29\n    at file:///C:/Users/Usuario/ECONEURA-IA-1.worktrees/fix/ci-generate-score-fix/node_modules/.pnpm/@vitest+runner@3.2.4/node_modules/@vitest/runner/dist/chunk-hooks.js:155:11\n    at file:///C:/Users/Usuario/ECONEURA-IA-1.worktrees/fix/ci-generate-score-fix/node_modules/.pnpm/@vitest+runner@3.2.4/node_modules/@vitest/runner/dist/chunk-hooks.js:752:26\n    at file:///C:/Users/Usuario/ECONEURA-IA-1.worktrees/fix/ci-generate-score-fix/node_modules/.pnpm/@vitest+runner@3.2.4/node_modules/@vitest/runner/dist/chunk-hooks.js:1897:20\n    at new Promise (<anonymous>)\n    at runWithTimeout (file:///C:/Users/Usuario/ECONEURA-IA-1.worktrees/fix/ci-generate-score-fix/node_modules/.pnpm/@vitest+runner@3.2.4/node_modules/@vitest/runner/dist/chunk-hooks.js:1863:10)\n    at runTest (file:///C:/Users/Usuario/ECONEURA-IA-1.worktrees/fix/ci-generate-score-fix/node_modules/.pnpm/@vitest+runner@3.2.4/node_modules/@vitest/runner/dist/chunk-hooks.js:1574:12)\n    at processTicksAndRejections (node:internal/process/task_queues:105:5)\n    at runSuite (file:///C:/Users/Usuario/ECONEURA-IA-1.worktrees/fix/ci-generate-score-fix/node_modules/.pnpm/@vitest+runner@3.2.4/node_modules/@vitest/runner/dist/chunk-hooks.js:1729:8)\n    at runSuite (file:///C:/Users/Usuario/ECONEURA-IA-1.worktrees/fix/ci-generate-score-fix/node_modules/.pnpm/@vitest+runner@3.2.4/node_modules/@vitest/runner/dist/chunk-hooks.js:1729:8)",
            "TypeError: render is not a function\n    at C:\\Users\\Usuario\\ECONEURA-IA-1.worktrees\\fix\\ci-generate-score-fix\\apps\\web\\src\\components\\navigation.test.tsx:228:29\n    at file:///C:/Users/Usuario/ECONEURA-IA-1.worktrees/fix/ci-generate-score-fix/node_modules/.pnpm/@vitest+runner@3.2.4/node_modules/@vitest/runner/dist/chunk-hooks.js:155:11\n    at file:///C:/Users/Usuario/ECONEURA-IA-1.worktrees/fix/ci-generate-score-fix/node_modules/.pnpm/@vitest+runner@3.2.4/node_modules/@vitest/runner/dist/chunk-hooks.js:752:26\n    at file:///C:/Users/Usuario/ECONEURA-IA-1.worktrees/fix/ci-generate-score-fix/node_modules/.pnpm/@vitest+runner@3.2.4/node_modules/@vitest/runner/dist/chunk-hooks.js:1897:20\n    at new Promise (<anonymous>)\n    at runWithTimeout (file:///C:/Users/Usuario/ECONEURA-IA-1.worktrees/fix/ci-generate-score-fix/node_modules/.pnpm/@vitest+runner@3.2.4/node_modules/@vitest/runner/dist/chunk-hooks.js:1863:10)\n    at runTest (file:///C:/Users/Usuario/ECONEURA-IA-1.worktrees/fix/ci-generate-score-fix/node_modules/.pnpm/@vitest+runner@3.2.4/node_modules/@vitest/runner/dist/chunk-hooks.js:1574:12)\n    at processTicksAndRejections (node:internal/process/task_queues:105:5)\n    at runSuite (file:///C:/Users/Usuario/ECONEURA-IA-1.worktrees/fix/ci-generate-score-fix/node_modules/.pnpm/@vitest+runner@3.2.4/node_modules/@vitest/runner/dist/chunk-hooks.js:1729:8)\n    at runSuite (file:///C:/Users/Usuario/ECONEURA-IA-1.worktrees/fix/ci-generate-score-fix/node_modules/.pnpm/@vitest+runner@3.2.4/node_modules/@vitest/runner/dist/chunk-hooks.js:1729:8)"
          ],
          "meta": {}
        },
        {
          "ancestorTitles": ["Navigation Component Accessibility", "Mobile Navigation Accessibility"],
          "fullName": "Navigation Component Accessibility Mobile Navigation Accessibility should toggle mobile menu properly",
          "status": "failed",
          "title": "should toggle mobile menu properly",
          "duration": 0.6893999999999778,
          "failureMessages": [
            "TypeError: render is not a function\n    at C:\\Users\\Usuario\\ECONEURA-IA-1.worktrees\\fix\\ci-generate-score-fix\\apps\\web\\src\\components\\navigation.test.tsx:239:29\n    at file:///C:/Users/Usuario/ECONEURA-IA-1.worktrees/fix/ci-generate-score-fix/node_modules/.pnpm/@vitest+runner@3.2.4/node_modules/@vitest/runner/dist/chunk-hooks.js:155:11\n    at file:///C:/Users/Usuario/ECONEURA-IA-1.worktrees/fix/ci-generate-score-fix/node_modules/.pnpm/@vitest+runner@3.2.4/node_modules/@vitest/runner/dist/chunk-hooks.js:752:26\n    at file:///C:/Users/Usuario/ECONEURA-IA-1.worktrees/fix/ci-generate-score-fix/node_modules/.pnpm/@vitest+runner@3.2.4/node_modules/@vitest/runner/dist/chunk-hooks.js:1897:20\n    at new Promise (<anonymous>)\n    at runWithTimeout (file:///C:/Users/Usuario/ECONEURA-IA-1.worktrees/fix/ci-generate-score-fix/node_modules/.pnpm/@vitest+runner@3.2.4/node_modules/@vitest/runner/dist/chunk-hooks.js:1863:10)\n    at runTest (file:///C:/Users/Usuario/ECONEURA-IA-1.worktrees/fix/ci-generate-score-fix/node_modules/.pnpm/@vitest+runner@3.2.4/node_modules/@vitest/runner/dist/chunk-hooks.js:1574:12)\n    at processTicksAndRejections (node:internal/process/task_queues:105:5)\n    at runSuite (file:///C:/Users/Usuario/ECONEURA-IA-1.worktrees/fix/ci-generate-score-fix/node_modules/.pnpm/@vitest+runner@3.2.4/node_modules/@vitest/runner/dist/chunk-hooks.js:1729:8)\n    at runSuite (file:///C:/Users/Usuario/ECONEURA-IA-1.worktrees/fix/ci-generate-score-fix/node_modules/.pnpm/@vitest+runner@3.2.4/node_modules/@vitest/runner/dist/chunk-hooks.js:1729:8)",
            "TypeError: render is not a function\n    at C:\\Users\\Usuario\\ECONEURA-IA-1.worktrees\\fix\\ci-generate-score-fix\\apps\\web\\src\\components\\navigation.test.tsx:239:29\n    at file:///C:/Users/Usuario/ECONEURA-IA-1.worktrees/fix/ci-generate-score-fix/node_modules/.pnpm/@vitest+runner@3.2.4/node_modules/@vitest/runner/dist/chunk-hooks.js:155:11\n    at file:///C:/Users/Usuario/ECONEURA-IA-1.worktrees/fix/ci-generate-score-fix/node_modules/.pnpm/@vitest+runner@3.2.4/node_modules/@vitest/runner/dist/chunk-hooks.js:752:26\n    at file:///C:/Users/Usuario/ECONEURA-IA-1.worktrees/fix/ci-generate-score-fix/node_modules/.pnpm/@vitest+runner@3.2.4/node_modules/@vitest/runner/dist/chunk-hooks.js:1897:20\n    at new Promise (<anonymous>)\n    at runWithTimeout (file:///C:/Users/Usuario/ECONEURA-IA-1.worktrees/fix/ci-generate-score-fix/node_modules/.pnpm/@vitest+runner@3.2.4/node_modules/@vitest/runner/dist/chunk-hooks.js:1863:10)\n    at runTest (file:///C:/Users/Usuario/ECONEURA-IA-1.worktrees/fix/ci-generate-score-fix/node_modules/.pnpm/@vitest+runner@3.2.4/node_modules/@vitest/runner/dist/chunk-hooks.js:1574:12)\n    at processTicksAndRejections (node:internal/process/task_queues:105:5)\n    at runSuite (file:///C:/Users/Usuario/ECONEURA-IA-1.worktrees/fix/ci-generate-score-fix/node_modules/.pnpm/@vitest+runner@3.2.4/node_modules/@vitest/runner/dist/chunk-hooks.js:1729:8)\n    at runSuite (file:///C:/Users/Usuario/ECONEURA-IA-1.worktrees/fix/ci-generate-score-fix/node_modules/.pnpm/@vitest+runner@3.2.4/node_modules/@vitest/runner/dist/chunk-hooks.js:1729:8)"
          ],
          "meta": {}
        },
        {
          "ancestorTitles": ["Navigation Component Accessibility", "Mobile Navigation Accessibility"],
          "fullName": "Navigation Component Accessibility Mobile Navigation Accessibility should have proper menu items when open",
          "status": "failed",
          "title": "should have proper menu items when open",
          "duration": 0.6947999999999865,
          "failureMessages": [
            "TypeError: render is not a function\n    at C:\\Users\\Usuario\\ECONEURA-IA-1.worktrees\\fix\\ci-generate-score-fix\\apps\\web\\src\\components\\navigation.test.tsx:259:29\n    at file:///C:/Users/Usuario/ECONEURA-IA-1.worktrees/fix/ci-generate-score-fix/node_modules/.pnpm/@vitest+runner@3.2.4/node_modules/@vitest/runner/dist/chunk-hooks.js:155:11\n    at file:///C:/Users/Usuario/ECONEURA-IA-1.worktrees/fix/ci-generate-score-fix/node_modules/.pnpm/@vitest+runner@3.2.4/node_modules/@vitest/runner/dist/chunk-hooks.js:752:26\n    at file:///C:/Users/Usuario/ECONEURA-IA-1.worktrees/fix/ci-generate-score-fix/node_modules/.pnpm/@vitest+runner@3.2.4/node_modules/@vitest/runner/dist/chunk-hooks.js:1897:20\n    at new Promise (<anonymous>)\n    at runWithTimeout (file:///C:/Users/Usuario/ECONEURA-IA-1.worktrees/fix/ci-generate-score-fix/node_modules/.pnpm/@vitest+runner@3.2.4/node_modules/@vitest/runner/dist/chunk-hooks.js:1863:10)\n    at runTest (file:///C:/Users/Usuario/ECONEURA-IA-1.worktrees/fix/ci-generate-score-fix/node_modules/.pnpm/@vitest+runner@3.2.4/node_modules/@vitest/runner/dist/chunk-hooks.js:1574:12)\n    at processTicksAndRejections (node:internal/process/task_queues:105:5)\n    at runSuite (file:///C:/Users/Usuario/ECONEURA-IA-1.worktrees/fix/ci-generate-score-fix/node_modules/.pnpm/@vitest+runner@3.2.4/node_modules/@vitest/runner/dist/chunk-hooks.js:1729:8)\n    at runSuite (file:///C:/Users/Usuario/ECONEURA-IA-1.worktrees/fix/ci-generate-score-fix/node_modules/.pnpm/@vitest+runner@3.2.4/node_modules/@vitest/runner/dist/chunk-hooks.js:1729:8)",
            "TypeError: render is not a function\n    at C:\\Users\\Usuario\\ECONEURA-IA-1.worktrees\\fix\\ci-generate-score-fix\\apps\\web\\src\\components\\navigation.test.tsx:259:29\n    at file:///C:/Users/Usuario/ECONEURA-IA-1.worktrees/fix/ci-generate-score-fix/node_modules/.pnpm/@vitest+runner@3.2.4/node_modules/@vitest/runner/dist/chunk-hooks.js:155:11\n    at file:///C:/Users/Usuario/ECONEURA-IA-1.worktrees/fix/ci-generate-score-fix/node_modules/.pnpm/@vitest+runner@3.2.4/node_modules/@vitest/runner/dist/chunk-hooks.js:752:26\n    at file:///C:/Users/Usuario/ECONEURA-IA-1.worktrees/fix/ci-generate-score-fix/node_modules/.pnpm/@vitest+runner@3.2.4/node_modules/@vitest/runner/dist/chunk-hooks.js:1897:20\n    at new Promise (<anonymous>)\n    at runWithTimeout (file:///C:/Users/Usuario/ECONEURA-IA-1.worktrees/fix/ci-generate-score-fix/node_modules/.pnpm/@vitest+runner@3.2.4/node_modules/@vitest/runner/dist/chunk-hooks.js:1863:10)\n    at runTest (file:///C:/Users/Usuario/ECONEURA-IA-1.worktrees/fix/ci-generate-score-fix/node_modules/.pnpm/@vitest+runner@3.2.4/node_modules/@vitest/runner/dist/chunk-hooks.js:1574:12)\n    at processTicksAndRejections (node:internal/process/task_queues:105:5)\n    at runSuite (file:///C:/Users/Usuario/ECONEURA-IA-1.worktrees/fix/ci-generate-score-fix/node_modules/.pnpm/@vitest+runner@3.2.4/node_modules/@vitest/runner/dist/chunk-hooks.js:1729:8)\n    at runSuite (file:///C:/Users/Usuario/ECONEURA-IA-1.worktrees/fix/ci-generate-score-fix/node_modules/.pnpm/@vitest+runner@3.2.4/node_modules/@vitest/runner/dist/chunk-hooks.js:1729:8)"
          ],
          "meta": {}
        },
        {
          "ancestorTitles": ["Navigation Component Accessibility", "Breadcrumb Navigation Accessibility"],
          "fullName": "Navigation Component Accessibility Breadcrumb Navigation Accessibility should have no accessibility violations",
          "status": "failed",
          "title": "should have no accessibility violations",
          "duration": 0.6057000000000698,
          "failureMessages": [
            "TypeError: render is not a function\n    at C:\\Users\\Usuario\\ECONEURA-IA-1.worktrees\\fix\\ci-generate-score-fix\\apps\\web\\src\\components\\navigation.test.tsx:278:29\n    at file:///C:/Users/Usuario/ECONEURA-IA-1.worktrees/fix/ci-generate-score-fix/node_modules/.pnpm/@vitest+runner@3.2.4/node_modules/@vitest/runner/dist/chunk-hooks.js:155:11\n    at file:///C:/Users/Usuario/ECONEURA-IA-1.worktrees/fix/ci-generate-score-fix/node_modules/.pnpm/@vitest+runner@3.2.4/node_modules/@vitest/runner/dist/chunk-hooks.js:752:26\n    at file:///C:/Users/Usuario/ECONEURA-IA-1.worktrees/fix/ci-generate-score-fix/node_modules/.pnpm/@vitest+runner@3.2.4/node_modules/@vitest/runner/dist/chunk-hooks.js:1897:20\n    at new Promise (<anonymous>)\n    at runWithTimeout (file:///C:/Users/Usuario/ECONEURA-IA-1.worktrees/fix/ci-generate-score-fix/node_modules/.pnpm/@vitest+runner@3.2.4/node_modules/@vitest/runner/dist/chunk-hooks.js:1863:10)\n    at runTest (file:///C:/Users/Usuario/ECONEURA-IA-1.worktrees/fix/ci-generate-score-fix/node_modules/.pnpm/@vitest+runner@3.2.4/node_modules/@vitest/runner/dist/chunk-hooks.js:1574:12)\n    at processTicksAndRejections (node:internal/process/task_queues:105:5)\n    at runSuite (file:///C:/Users/Usuario/ECONEURA-IA-1.worktrees/fix/ci-generate-score-fix/node_modules/.pnpm/@vitest+runner@3.2.4/node_modules/@vitest/runner/dist/chunk-hooks.js:1729:8)\n    at runSuite (file:///C:/Users/Usuario/ECONEURA-IA-1.worktrees/fix/ci-generate-score-fix/node_modules/.pnpm/@vitest+runner@3.2.4/node_modules/@vitest/runner/dist/chunk-hooks.js:1729:8)",
            "TypeError: render is not a function\n    at C:\\Users\\Usuario\\ECONEURA-IA-1.worktrees\\fix\\ci-generate-score-fix\\apps\\web\\src\\components\\navigation.test.tsx:278:29\n    at file:///C:/Users/Usuario/ECONEURA-IA-1.worktrees/fix/ci-generate-score-fix/node_modules/.pnpm/@vitest+runner@3.2.4/node_modules/@vitest/runner/dist/chunk-hooks.js:155:11\n    at file:///C:/Users/Usuario/ECONEURA-IA-1.worktrees/fix/ci-generate-score-fix/node_modules/.pnpm/@vitest+runner@3.2.4/node_modules/@vitest/runner/dist/chunk-hooks.js:752:26\n    at file:///C:/Users/Usuario/ECONEURA-IA-1.worktrees/fix/ci-generate-score-fix/node_modules/.pnpm/@vitest+runner@3.2.4/node_modules/@vitest/runner/dist/chunk-hooks.js:1897:20\n    at new Promise (<anonymous>)\n    at runWithTimeout (file:///C:/Users/Usuario/ECONEURA-IA-1.worktrees/fix/ci-generate-score-fix/node_modules/.pnpm/@vitest+runner@3.2.4/node_modules/@vitest/runner/dist/chunk-hooks.js:1863:10)\n    at runTest (file:///C:/Users/Usuario/ECONEURA-IA-1.worktrees/fix/ci-generate-score-fix/node_modules/.pnpm/@vitest+runner@3.2.4/node_modules/@vitest/runner/dist/chunk-hooks.js:1574:12)\n    at processTicksAndRejections (node:internal/process/task_queues:105:5)\n    at runSuite (file:///C:/Users/Usuario/ECONEURA-IA-1.worktrees/fix/ci-generate-score-fix/node_modules/.pnpm/@vitest+runner@3.2.4/node_modules/@vitest/runner/dist/chunk-hooks.js:1729:8)\n    at runSuite (file:///C:/Users/Usuario/ECONEURA-IA-1.worktrees/fix/ci-generate-score-fix/node_modules/.pnpm/@vitest+runner@3.2.4/node_modules/@vitest/runner/dist/chunk-hooks.js:1729:8)"
          ],
          "meta": {}
        },
        {
          "ancestorTitles": ["Navigation Component Accessibility", "Breadcrumb Navigation Accessibility"],
          "fullName": "Navigation Component Accessibility Breadcrumb Navigation Accessibility should pass all accessibility tests",
          "status": "failed",
          "title": "should pass all accessibility tests",
          "duration": 0.6195000000000164,
          "failureMessages": [
            "TypeError: render is not a function\n    at C:\\Users\\Usuario\\ECONEURA-IA-1.worktrees\\fix\\ci-generate-score-fix\\apps\\web\\src\\components\\navigation.test.tsx:283:29\n    at file:///C:/Users/Usuario/ECONEURA-IA-1.worktrees/fix/ci-generate-score-fix/node_modules/.pnpm/@vitest+runner@3.2.4/node_modules/@vitest/runner/dist/chunk-hooks.js:155:11\n    at file:///C:/Users/Usuario/ECONEURA-IA-1.worktrees/fix/ci-generate-score-fix/node_modules/.pnpm/@vitest+runner@3.2.4/node_modules/@vitest/runner/dist/chunk-hooks.js:752:26\n    at file:///C:/Users/Usuario/ECONEURA-IA-1.worktrees/fix/ci-generate-score-fix/node_modules/.pnpm/@vitest+runner@3.2.4/node_modules/@vitest/runner/dist/chunk-hooks.js:1897:20\n    at new Promise (<anonymous>)\n    at runWithTimeout (file:///C:/Users/Usuario/ECONEURA-IA-1.worktrees/fix/ci-generate-score-fix/node_modules/.pnpm/@vitest+runner@3.2.4/node_modules/@vitest/runner/dist/chunk-hooks.js:1863:10)\n    at runTest (file:///C:/Users/Usuario/ECONEURA-IA-1.worktrees/fix/ci-generate-score-fix/node_modules/.pnpm/@vitest+runner@3.2.4/node_modules/@vitest/runner/dist/chunk-hooks.js:1574:12)\n    at processTicksAndRejections (node:internal/process/task_queues:105:5)\n    at runSuite (file:///C:/Users/Usuario/ECONEURA-IA-1.worktrees/fix/ci-generate-score-fix/node_modules/.pnpm/@vitest+runner@3.2.4/node_modules/@vitest/runner/dist/chunk-hooks.js:1729:8)\n    at runSuite (file:///C:/Users/Usuario/ECONEURA-IA-1.worktrees/fix/ci-generate-score-fix/node_modules/.pnpm/@vitest+runner@3.2.4/node_modules/@vitest/runner/dist/chunk-hooks.js:1729:8)",
            "TypeError: render is not a function\n    at C:\\Users\\Usuario\\ECONEURA-IA-1.worktrees\\fix\\ci-generate-score-fix\\apps\\web\\src\\components\\navigation.test.tsx:283:29\n    at file:///C:/Users/Usuario/ECONEURA-IA-1.worktrees/fix/ci-generate-score-fix/node_modules/.pnpm/@vitest+runner@3.2.4/node_modules/@vitest/runner/dist/chunk-hooks.js:155:11\n    at file:///C:/Users/Usuario/ECONEURA-IA-1.worktrees/fix/ci-generate-score-fix/node_modules/.pnpm/@vitest+runner@3.2.4/node_modules/@vitest/runner/dist/chunk-hooks.js:752:26\n    at file:///C:/Users/Usuario/ECONEURA-IA-1.worktrees/fix/ci-generate-score-fix/node_modules/.pnpm/@vitest+runner@3.2.4/node_modules/@vitest/runner/dist/chunk-hooks.js:1897:20\n    at new Promise (<anonymous>)\n    at runWithTimeout (file:///C:/Users/Usuario/ECONEURA-IA-1.worktrees/fix/ci-generate-score-fix/node_modules/.pnpm/@vitest+runner@3.2.4/node_modules/@vitest/runner/dist/chunk-hooks.js:1863:10)\n    at runTest (file:///C:/Users/Usuario/ECONEURA-IA-1.worktrees/fix/ci-generate-score-fix/node_modules/.pnpm/@vitest+runner@3.2.4/node_modules/@vitest/runner/dist/chunk-hooks.js:1574:12)\n    at processTicksAndRejections (node:internal/process/task_queues:105:5)\n    at runSuite (file:///C:/Users/Usuario/ECONEURA-IA-1.worktrees/fix/ci-generate-score-fix/node_modules/.pnpm/@vitest+runner@3.2.4/node_modules/@vitest/runner/dist/chunk-hooks.js:1729:8)\n    at runSuite (file:///C:/Users/Usuario/ECONEURA-IA-1.worktrees/fix/ci-generate-score-fix/node_modules/.pnpm/@vitest+runner@3.2.4/node_modules/@vitest/runner/dist/chunk-hooks.js:1729:8)"
          ],
          "meta": {}
        },
        {
          "ancestorTitles": ["Navigation Component Accessibility", "Breadcrumb Navigation Accessibility"],
          "fullName": "Navigation Component Accessibility Breadcrumb Navigation Accessibility should have proper breadcrumb structure",
          "status": "failed",
          "title": "should have proper breadcrumb structure",
          "duration": 0.6617000000001099,
          "failureMessages": [
            "TypeError: render is not a function\n    at C:\\Users\\Usuario\\ECONEURA-IA-1.worktrees\\fix\\ci-generate-score-fix\\apps\\web\\src\\components\\navigation.test.tsx:288:29\n    at file:///C:/Users/Usuario/ECONEURA-IA-1.worktrees/fix/ci-generate-score-fix/node_modules/.pnpm/@vitest+runner@3.2.4/node_modules/@vitest/runner/dist/chunk-hooks.js:155:11\n    at file:///C:/Users/Usuario/ECONEURA-IA-1.worktrees/fix/ci-generate-score-fix/node_modules/.pnpm/@vitest+runner@3.2.4/node_modules/@vitest/runner/dist/chunk-hooks.js:752:26\n    at file:///C:/Users/Usuario/ECONEURA-IA-1.worktrees/fix/ci-generate-score-fix/node_modules/.pnpm/@vitest+runner@3.2.4/node_modules/@vitest/runner/dist/chunk-hooks.js:1897:20\n    at new Promise (<anonymous>)\n    at runWithTimeout (file:///C:/Users/Usuario/ECONEURA-IA-1.worktrees/fix/ci-generate-score-fix/node_modules/.pnpm/@vitest+runner@3.2.4/node_modules/@vitest/runner/dist/chunk-hooks.js:1863:10)\n    at runTest (file:///C:/Users/Usuario/ECONEURA-IA-1.worktrees/fix/ci-generate-score-fix/node_modules/.pnpm/@vitest+runner@3.2.4/node_modules/@vitest/runner/dist/chunk-hooks.js:1574:12)\n    at processTicksAndRejections (node:internal/process/task_queues:105:5)\n    at runSuite (file:///C:/Users/Usuario/ECONEURA-IA-1.worktrees/fix/ci-generate-score-fix/node_modules/.pnpm/@vitest+runner@3.2.4/node_modules/@vitest/runner/dist/chunk-hooks.js:1729:8)\n    at runSuite (file:///C:/Users/Usuario/ECONEURA-IA-1.worktrees/fix/ci-generate-score-fix/node_modules/.pnpm/@vitest+runner@3.2.4/node_modules/@vitest/runner/dist/chunk-hooks.js:1729:8)",
            "TypeError: render is not a function\n    at C:\\Users\\Usuario\\ECONEURA-IA-1.worktrees\\fix\\ci-generate-score-fix\\apps\\web\\src\\components\\navigation.test.tsx:288:29\n    at file:///C:/Users/Usuario/ECONEURA-IA-1.worktrees/fix/ci-generate-score-fix/node_modules/.pnpm/@vitest+runner@3.2.4/node_modules/@vitest/runner/dist/chunk-hooks.js:155:11\n    at file:///C:/Users/Usuario/ECONEURA-IA-1.worktrees/fix/ci-generate-score-fix/node_modules/.pnpm/@vitest+runner@3.2.4/node_modules/@vitest/runner/dist/chunk-hooks.js:752:26\n    at file:///C:/Users/Usuario/ECONEURA-IA-1.worktrees/fix/ci-generate-score-fix/node_modules/.pnpm/@vitest+runner@3.2.4/node_modules/@vitest/runner/dist/chunk-hooks.js:1897:20\n    at new Promise (<anonymous>)\n    at runWithTimeout (file:///C:/Users/Usuario/ECONEURA-IA-1.worktrees/fix/ci-generate-score-fix/node_modules/.pnpm/@vitest+runner@3.2.4/node_modules/@vitest/runner/dist/chunk-hooks.js:1863:10)\n    at runTest (file:///C:/Users/Usuario/ECONEURA-IA-1.worktrees/fix/ci-generate-score-fix/node_modules/.pnpm/@vitest+runner@3.2.4/node_modules/@vitest/runner/dist/chunk-hooks.js:1574:12)\n    at processTicksAndRejections (node:internal/process/task_queues:105:5)\n    at runSuite (file:///C:/Users/Usuario/ECONEURA-IA-1.worktrees/fix/ci-generate-score-fix/node_modules/.pnpm/@vitest+runner@3.2.4/node_modules/@vitest/runner/dist/chunk-hooks.js:1729:8)\n    at runSuite (file:///C:/Users/Usuario/ECONEURA-IA-1.worktrees/fix/ci-generate-score-fix/node_modules/.pnpm/@vitest+runner@3.2.4/node_modules/@vitest/runner/dist/chunk-hooks.js:1729:8)"
          ],
          "meta": {}
        },
        {
          "ancestorTitles": ["Navigation Component Accessibility", "Breadcrumb Navigation Accessibility"],
          "fullName": "Navigation Component Accessibility Breadcrumb Navigation Accessibility should indicate current page in breadcrumb",
          "status": "failed",
          "title": "should indicate current page in breadcrumb",
          "duration": 0.6251999999999498,
          "failureMessages": [
            "TypeError: render is not a function\n    at C:\\Users\\Usuario\\ECONEURA-IA-1.worktrees\\fix\\ci-generate-score-fix\\apps\\web\\src\\components\\navigation.test.tsx:300:29\n    at file:///C:/Users/Usuario/ECONEURA-IA-1.worktrees/fix/ci-generate-score-fix/node_modules/.pnpm/@vitest+runner@3.2.4/node_modules/@vitest/runner/dist/chunk-hooks.js:155:11\n    at file:///C:/Users/Usuario/ECONEURA-IA-1.worktrees/fix/ci-generate-score-fix/node_modules/.pnpm/@vitest+runner@3.2.4/node_modules/@vitest/runner/dist/chunk-hooks.js:752:26\n    at file:///C:/Users/Usuario/ECONEURA-IA-1.worktrees/fix/ci-generate-score-fix/node_modules/.pnpm/@vitest+runner@3.2.4/node_modules/@vitest/runner/dist/chunk-hooks.js:1897:20\n    at new Promise (<anonymous>)\n    at runWithTimeout (file:///C:/Users/Usuario/ECONEURA-IA-1.worktrees/fix/ci-generate-score-fix/node_modules/.pnpm/@vitest+runner@3.2.4/node_modules/@vitest/runner/dist/chunk-hooks.js:1863:10)\n    at runTest (file:///C:/Users/Usuario/ECONEURA-IA-1.worktrees/fix/ci-generate-score-fix/node_modules/.pnpm/@vitest+runner@3.2.4/node_modules/@vitest/runner/dist/chunk-hooks.js:1574:12)\n    at processTicksAndRejections (node:internal/process/task_queues:105:5)\n    at runSuite (file:///C:/Users/Usuario/ECONEURA-IA-1.worktrees/fix/ci-generate-score-fix/node_modules/.pnpm/@vitest+runner@3.2.4/node_modules/@vitest/runner/dist/chunk-hooks.js:1729:8)\n    at runSuite (file:///C:/Users/Usuario/ECONEURA-IA-1.worktrees/fix/ci-generate-score-fix/node_modules/.pnpm/@vitest+runner@3.2.4/node_modules/@vitest/runner/dist/chunk-hooks.js:1729:8)",
            "TypeError: render is not a function\n    at C:\\Users\\Usuario\\ECONEURA-IA-1.worktrees\\fix\\ci-generate-score-fix\\apps\\web\\src\\components\\navigation.test.tsx:300:29\n    at file:///C:/Users/Usuario/ECONEURA-IA-1.worktrees/fix/ci-generate-score-fix/node_modules/.pnpm/@vitest+runner@3.2.4/node_modules/@vitest/runner/dist/chunk-hooks.js:155:11\n    at file:///C:/Users/Usuario/ECONEURA-IA-1.worktrees/fix/ci-generate-score-fix/node_modules/.pnpm/@vitest+runner@3.2.4/node_modules/@vitest/runner/dist/chunk-hooks.js:752:26\n    at file:///C:/Users/Usuario/ECONEURA-IA-1.worktrees/fix/ci-generate-score-fix/node_modules/.pnpm/@vitest+runner@3.2.4/node_modules/@vitest/runner/dist/chunk-hooks.js:1897:20\n    at new Promise (<anonymous>)\n    at runWithTimeout (file:///C:/Users/Usuario/ECONEURA-IA-1.worktrees/fix/ci-generate-score-fix/node_modules/.pnpm/@vitest+runner@3.2.4/node_modules/@vitest/runner/dist/chunk-hooks.js:1863:10)\n    at runTest (file:///C:/Users/Usuario/ECONEURA-IA-1.worktrees/fix/ci-generate-score-fix/node_modules/.pnpm/@vitest+runner@3.2.4/node_modules/@vitest/runner/dist/chunk-hooks.js:1574:12)\n    at processTicksAndRejections (node:internal/process/task_queues:105:5)\n    at runSuite (file:///C:/Users/Usuario/ECONEURA-IA-1.worktrees/fix/ci-generate-score-fix/node_modules/.pnpm/@vitest+runner@3.2.4/node_modules/@vitest/runner/dist/chunk-hooks.js:1729:8)\n    at runSuite (file:///C:/Users/Usuario/ECONEURA-IA-1.worktrees/fix/ci-generate-score-fix/node_modules/.pnpm/@vitest+runner@3.2.4/node_modules/@vitest/runner/dist/chunk-hooks.js:1729:8)"
          ],
          "meta": {}
        },
        {
          "ancestorTitles": ["Navigation Component Accessibility", "Breadcrumb Navigation Accessibility"],
          "fullName": "Navigation Component Accessibility Breadcrumb Navigation Accessibility should have proper separators",
          "status": "failed",
          "title": "should have proper separators",
          "duration": 2.1773000000000593,
          "failureMessages": [
            "TypeError: render is not a function\n    at C:\\Users\\Usuario\\ECONEURA-IA-1.worktrees\\fix\\ci-generate-score-fix\\apps\\web\\src\\components\\navigation.test.tsx:307:29\n    at file:///C:/Users/Usuario/ECONEURA-IA-1.worktrees/fix/ci-generate-score-fix/node_modules/.pnpm/@vitest+runner@3.2.4/node_modules/@vitest/runner/dist/chunk-hooks.js:155:11\n    at file:///C:/Users/Usuario/ECONEURA-IA-1.worktrees/fix/ci-generate-score-fix/node_modules/.pnpm/@vitest+runner@3.2.4/node_modules/@vitest/runner/dist/chunk-hooks.js:752:26\n    at file:///C:/Users/Usuario/ECONEURA-IA-1.worktrees/fix/ci-generate-score-fix/node_modules/.pnpm/@vitest+runner@3.2.4/node_modules/@vitest/runner/dist/chunk-hooks.js:1897:20\n    at new Promise (<anonymous>)\n    at runWithTimeout (file:///C:/Users/Usuario/ECONEURA-IA-1.worktrees/fix/ci-generate-score-fix/node_modules/.pnpm/@vitest+runner@3.2.4/node_modules/@vitest/runner/dist/chunk-hooks.js:1863:10)\n    at runTest (file:///C:/Users/Usuario/ECONEURA-IA-1.worktrees/fix/ci-generate-score-fix/node_modules/.pnpm/@vitest+runner@3.2.4/node_modules/@vitest/runner/dist/chunk-hooks.js:1574:12)\n    at processTicksAndRejections (node:internal/process/task_queues:105:5)\n    at runSuite (file:///C:/Users/Usuario/ECONEURA-IA-1.worktrees/fix/ci-generate-score-fix/node_modules/.pnpm/@vitest+runner@3.2.4/node_modules/@vitest/runner/dist/chunk-hooks.js:1729:8)\n    at runSuite (file:///C:/Users/Usuario/ECONEURA-IA-1.worktrees/fix/ci-generate-score-fix/node_modules/.pnpm/@vitest+runner@3.2.4/node_modules/@vitest/runner/dist/chunk-hooks.js:1729:8)",
            "TypeError: render is not a function\n    at C:\\Users\\Usuario\\ECONEURA-IA-1.worktrees\\fix\\ci-generate-score-fix\\apps\\web\\src\\components\\navigation.test.tsx:307:29\n    at file:///C:/Users/Usuario/ECONEURA-IA-1.worktrees/fix/ci-generate-score-fix/node_modules/.pnpm/@vitest+runner@3.2.4/node_modules/@vitest/runner/dist/chunk-hooks.js:155:11\n    at file:///C:/Users/Usuario/ECONEURA-IA-1.worktrees/fix/ci-generate-score-fix/node_modules/.pnpm/@vitest+runner@3.2.4/node_modules/@vitest/runner/dist/chunk-hooks.js:752:26\n    at file:///C:/Users/Usuario/ECONEURA-IA-1.worktrees/fix/ci-generate-score-fix/node_modules/.pnpm/@vitest+runner@3.2.4/node_modules/@vitest/runner/dist/chunk-hooks.js:1897:20\n    at new Promise (<anonymous>)\n    at runWithTimeout (file:///C:/Users/Usuario/ECONEURA-IA-1.worktrees/fix/ci-generate-score-fix/node_modules/.pnpm/@vitest+runner@3.2.4/node_modules/@vitest/runner/dist/chunk-hooks.js:1863:10)\n    at runTest (file:///C:/Users/Usuario/ECONEURA-IA-1.worktrees/fix/ci-generate-score-fix/node_modules/.pnpm/@vitest+runner@3.2.4/node_modules/@vitest/runner/dist/chunk-hooks.js:1574:12)\n    at processTicksAndRejections (node:internal/process/task_queues:105:5)\n    at runSuite (file:///C:/Users/Usuario/ECONEURA-IA-1.worktrees/fix/ci-generate-score-fix/node_modules/.pnpm/@vitest+runner@3.2.4/node_modules/@vitest/runner/dist/chunk-hooks.js:1729:8)\n    at runSuite (file:///C:/Users/Usuario/ECONEURA-IA-1.worktrees/fix/ci-generate-score-fix/node_modules/.pnpm/@vitest+runner@3.2.4/node_modules/@vitest/runner/dist/chunk-hooks.js:1729:8)"
          ],
          "meta": {}
        },
        {
          "ancestorTitles": ["Navigation Component Accessibility", "Navigation Focus Management"],
          "fullName": "Navigation Component Accessibility Navigation Focus Management should handle keyboard navigation",
          "status": "failed",
          "title": "should handle keyboard navigation",
          "duration": 1.0961999999999534,
          "failureMessages": [
            "TypeError: render is not a function\n    at C:\\Users\\Usuario\\ECONEURA-IA-1.worktrees\\fix\\ci-generate-score-fix\\apps\\web\\src\\components\\navigation.test.tsx:316:29\n    at file:///C:/Users/Usuario/ECONEURA-IA-1.worktrees/fix/ci-generate-score-fix/node_modules/.pnpm/@vitest+runner@3.2.4/node_modules/@vitest/runner/dist/chunk-hooks.js:155:11\n    at file:///C:/Users/Usuario/ECONEURA-IA-1.worktrees/fix/ci-generate-score-fix/node_modules/.pnpm/@vitest+runner@3.2.4/node_modules/@vitest/runner/dist/chunk-hooks.js:752:26\n    at file:///C:/Users/Usuario/ECONEURA-IA-1.worktrees/fix/ci-generate-score-fix/node_modules/.pnpm/@vitest+runner@3.2.4/node_modules/@vitest/runner/dist/chunk-hooks.js:1897:20\n    at new Promise (<anonymous>)\n    at runWithTimeout (file:///C:/Users/Usuario/ECONEURA-IA-1.worktrees/fix/ci-generate-score-fix/node_modules/.pnpm/@vitest+runner@3.2.4/node_modules/@vitest/runner/dist/chunk-hooks.js:1863:10)\n    at runTest (file:///C:/Users/Usuario/ECONEURA-IA-1.worktrees/fix/ci-generate-score-fix/node_modules/.pnpm/@vitest+runner@3.2.4/node_modules/@vitest/runner/dist/chunk-hooks.js:1574:12)\n    at processTicksAndRejections (node:internal/process/task_queues:105:5)\n    at runSuite (file:///C:/Users/Usuario/ECONEURA-IA-1.worktrees/fix/ci-generate-score-fix/node_modules/.pnpm/@vitest+runner@3.2.4/node_modules/@vitest/runner/dist/chunk-hooks.js:1729:8)\n    at runSuite (file:///C:/Users/Usuario/ECONEURA-IA-1.worktrees/fix/ci-generate-score-fix/node_modules/.pnpm/@vitest+runner@3.2.4/node_modules/@vitest/runner/dist/chunk-hooks.js:1729:8)",
            "TypeError: render is not a function\n    at C:\\Users\\Usuario\\ECONEURA-IA-1.worktrees\\fix\\ci-generate-score-fix\\apps\\web\\src\\components\\navigation.test.tsx:316:29\n    at file:///C:/Users/Usuario/ECONEURA-IA-1.worktrees/fix/ci-generate-score-fix/node_modules/.pnpm/@vitest+runner@3.2.4/node_modules/@vitest/runner/dist/chunk-hooks.js:155:11\n    at file:///C:/Users/Usuario/ECONEURA-IA-1.worktrees/fix/ci-generate-score-fix/node_modules/.pnpm/@vitest+runner@3.2.4/node_modules/@vitest/runner/dist/chunk-hooks.js:752:26\n    at file:///C:/Users/Usuario/ECONEURA-IA-1.worktrees/fix/ci-generate-score-fix/node_modules/.pnpm/@vitest+runner@3.2.4/node_modules/@vitest/runner/dist/chunk-hooks.js:1897:20\n    at new Promise (<anonymous>)\n    at runWithTimeout (file:///C:/Users/Usuario/ECONEURA-IA-1.worktrees/fix/ci-generate-score-fix/node_modules/.pnpm/@vitest+runner@3.2.4/node_modules/@vitest/runner/dist/chunk-hooks.js:1863:10)\n    at runTest (file:///C:/Users/Usuario/ECONEURA-IA-1.worktrees/fix/ci-generate-score-fix/node_modules/.pnpm/@vitest+runner@3.2.4/node_modules/@vitest/runner/dist/chunk-hooks.js:1574:12)\n    at processTicksAndRejections (node:internal/process/task_queues:105:5)\n    at runSuite (file:///C:/Users/Usuario/ECONEURA-IA-1.worktrees/fix/ci-generate-score-fix/node_modules/.pnpm/@vitest+runner@3.2.4/node_modules/@vitest/runner/dist/chunk-hooks.js:1729:8)\n    at runSuite (file:///C:/Users/Usuario/ECONEURA-IA-1.worktrees/fix/ci-generate-score-fix/node_modules/.pnpm/@vitest+runner@3.2.4/node_modules/@vitest/runner/dist/chunk-hooks.js:1729:8)"
          ],
          "meta": {}
        },
        {
          "ancestorTitles": ["Navigation Component Accessibility", "Navigation Focus Management"],
          "fullName": "Navigation Component Accessibility Navigation Focus Management should handle mobile menu keyboard navigation",
          "status": "failed",
          "title": "should handle mobile menu keyboard navigation",
          "duration": 0.7886000000000877,
          "failureMessages": [
            "TypeError: render is not a function\n    at C:\\Users\\Usuario\\ECONEURA-IA-1.worktrees\\fix\\ci-generate-score-fix\\apps\\web\\src\\components\\navigation.test.tsx:333:29\n    at file:///C:/Users/Usuario/ECONEURA-IA-1.worktrees/fix/ci-generate-score-fix/node_modules/.pnpm/@vitest+runner@3.2.4/node_modules/@vitest/runner/dist/chunk-hooks.js:155:11\n    at file:///C:/Users/Usuario/ECONEURA-IA-1.worktrees/fix/ci-generate-score-fix/node_modules/.pnpm/@vitest+runner@3.2.4/node_modules/@vitest/runner/dist/chunk-hooks.js:752:26\n    at file:///C:/Users/Usuario/ECONEURA-IA-1.worktrees/fix/ci-generate-score-fix/node_modules/.pnpm/@vitest+runner@3.2.4/node_modules/@vitest/runner/dist/chunk-hooks.js:1897:20\n    at new Promise (<anonymous>)\n    at runWithTimeout (file:///C:/Users/Usuario/ECONEURA-IA-1.worktrees/fix/ci-generate-score-fix/node_modules/.pnpm/@vitest+runner@3.2.4/node_modules/@vitest/runner/dist/chunk-hooks.js:1863:10)\n    at runTest (file:///C:/Users/Usuario/ECONEURA-IA-1.worktrees/fix/ci-generate-score-fix/node_modules/.pnpm/@vitest+runner@3.2.4/node_modules/@vitest/runner/dist/chunk-hooks.js:1574:12)\n    at processTicksAndRejections (node:internal/process/task_queues:105:5)\n    at runSuite (file:///C:/Users/Usuario/ECONEURA-IA-1.worktrees/fix/ci-generate-score-fix/node_modules/.pnpm/@vitest+runner@3.2.4/node_modules/@vitest/runner/dist/chunk-hooks.js:1729:8)\n    at runSuite (file:///C:/Users/Usuario/ECONEURA-IA-1.worktrees/fix/ci-generate-score-fix/node_modules/.pnpm/@vitest+runner@3.2.4/node_modules/@vitest/runner/dist/chunk-hooks.js:1729:8)",
            "TypeError: render is not a function\n    at C:\\Users\\Usuario\\ECONEURA-IA-1.worktrees\\fix\\ci-generate-score-fix\\apps\\web\\src\\components\\navigation.test.tsx:333:29\n    at file:///C:/Users/Usuario/ECONEURA-IA-1.worktrees/fix/ci-generate-score-fix/node_modules/.pnpm/@vitest+runner@3.2.4/node_modules/@vitest/runner/dist/chunk-hooks.js:155:11\n    at file:///C:/Users/Usuario/ECONEURA-IA-1.worktrees/fix/ci-generate-score-fix/node_modules/.pnpm/@vitest+runner@3.2.4/node_modules/@vitest/runner/dist/chunk-hooks.js:752:26\n    at file:///C:/Users/Usuario/ECONEURA-IA-1.worktrees/fix/ci-generate-score-fix/node_modules/.pnpm/@vitest+runner@3.2.4/node_modules/@vitest/runner/dist/chunk-hooks.js:1897:20\n    at new Promise (<anonymous>)\n    at runWithTimeout (file:///C:/Users/Usuario/ECONEURA-IA-1.worktrees/fix/ci-generate-score-fix/node_modules/.pnpm/@vitest+runner@3.2.4/node_modules/@vitest/runner/dist/chunk-hooks.js:1863:10)\n    at runTest (file:///C:/Users/Usuario/ECONEURA-IA-1.worktrees/fix/ci-generate-score-fix/node_modules/.pnpm/@vitest+runner@3.2.4/node_modules/@vitest/runner/dist/chunk-hooks.js:1574:12)\n    at processTicksAndRejections (node:internal/process/task_queues:105:5)\n    at runSuite (file:///C:/Users/Usuario/ECONEURA-IA-1.worktrees/fix/ci-generate-score-fix/node_modules/.pnpm/@vitest+runner@3.2.4/node_modules/@vitest/runner/dist/chunk-hooks.js:1729:8)\n    at runSuite (file:///C:/Users/Usuario/ECONEURA-IA-1.worktrees/fix/ci-generate-score-fix/node_modules/.pnpm/@vitest+runner@3.2.4/node_modules/@vitest/runner/dist/chunk-hooks.js:1729:8)"
          ],
          "meta": {}
        },
        {
          "ancestorTitles": ["Navigation Component Accessibility", "Navigation with ARIA Attributes"],
          "fullName": "Navigation Component Accessibility Navigation with ARIA Attributes should be accessible with custom ARIA labels",
          "status": "failed",
          "title": "should be accessible with custom ARIA labels",
          "duration": 1.1504999999999654,
          "failureMessages": [
            "TypeError: render is not a function\n    at C:\\Users\\Usuario\\ECONEURA-IA-1.worktrees\\fix\\ci-generate-score-fix\\apps\\web\\src\\components\\navigation.test.tsx:348:29\n    at file:///C:/Users/Usuario/ECONEURA-IA-1.worktrees/fix/ci-generate-score-fix/node_modules/.pnpm/@vitest+runner@3.2.4/node_modules/@vitest/runner/dist/chunk-hooks.js:155:11\n    at file:///C:/Users/Usuario/ECONEURA-IA-1.worktrees/fix/ci-generate-score-fix/node_modules/.pnpm/@vitest+runner@3.2.4/node_modules/@vitest/runner/dist/chunk-hooks.js:752:26\n    at file:///C:/Users/Usuario/ECONEURA-IA-1.worktrees/fix/ci-generate-score-fix/node_modules/.pnpm/@vitest+runner@3.2.4/node_modules/@vitest/runner/dist/chunk-hooks.js:1897:20\n    at new Promise (<anonymous>)\n    at runWithTimeout (file:///C:/Users/Usuario/ECONEURA-IA-1.worktrees/fix/ci-generate-score-fix/node_modules/.pnpm/@vitest+runner@3.2.4/node_modules/@vitest/runner/dist/chunk-hooks.js:1863:10)\n    at runTest (file:///C:/Users/Usuario/ECONEURA-IA-1.worktrees/fix/ci-generate-score-fix/node_modules/.pnpm/@vitest+runner@3.2.4/node_modules/@vitest/runner/dist/chunk-hooks.js:1574:12)\n    at processTicksAndRejections (node:internal/process/task_queues:105:5)\n    at runSuite (file:///C:/Users/Usuario/ECONEURA-IA-1.worktrees/fix/ci-generate-score-fix/node_modules/.pnpm/@vitest+runner@3.2.4/node_modules/@vitest/runner/dist/chunk-hooks.js:1729:8)\n    at runSuite (file:///C:/Users/Usuario/ECONEURA-IA-1.worktrees/fix/ci-generate-score-fix/node_modules/.pnpm/@vitest+runner@3.2.4/node_modules/@vitest/runner/dist/chunk-hooks.js:1729:8)",
            "TypeError: render is not a function\n    at C:\\Users\\Usuario\\ECONEURA-IA-1.worktrees\\fix\\ci-generate-score-fix\\apps\\web\\src\\components\\navigation.test.tsx:348:29\n    at file:///C:/Users/Usuario/ECONEURA-IA-1.worktrees/fix/ci-generate-score-fix/node_modules/.pnpm/@vitest+runner@3.2.4/node_modules/@vitest/runner/dist/chunk-hooks.js:155:11\n    at file:///C:/Users/Usuario/ECONEURA-IA-1.worktrees/fix/ci-generate-score-fix/node_modules/.pnpm/@vitest+runner@3.2.4/node_modules/@vitest/runner/dist/chunk-hooks.js:752:26\n    at file:///C:/Users/Usuario/ECONEURA-IA-1.worktrees/fix/ci-generate-score-fix/node_modules/.pnpm/@vitest+runner@3.2.4/node_modules/@vitest/runner/dist/chunk-hooks.js:1897:20\n    at new Promise (<anonymous>)\n    at runWithTimeout (file:///C:/Users/Usuario/ECONEURA-IA-1.worktrees/fix/ci-generate-score-fix/node_modules/.pnpm/@vitest+runner@3.2.4/node_modules/@vitest/runner/dist/chunk-hooks.js:1863:10)\n    at runTest (file:///C:/Users/Usuario/ECONEURA-IA-1.worktrees/fix/ci-generate-score-fix/node_modules/.pnpm/@vitest+runner@3.2.4/node_modules/@vitest/runner/dist/chunk-hooks.js:1574:12)\n    at processTicksAndRejections (node:internal/process/task_queues:105:5)\n    at runSuite (file:///C:/Users/Usuario/ECONEURA-IA-1.worktrees/fix/ci-generate-score-fix/node_modules/.pnpm/@vitest+runner@3.2.4/node_modules/@vitest/runner/dist/chunk-hooks.js:1729:8)\n    at runSuite (file:///C:/Users/Usuario/ECONEURA-IA-1.worktrees/fix/ci-generate-score-fix/node_modules/.pnpm/@vitest+runner@3.2.4/node_modules/@vitest/runner/dist/chunk-hooks.js:1729:8)"
          ],
          "meta": {}
        },
        {
          "ancestorTitles": ["Navigation Component Accessibility", "Navigation with ARIA Attributes"],
          "fullName": "Navigation Component Accessibility Navigation with ARIA Attributes should have proper ARIA relationships",
          "status": "failed",
          "title": "should have proper ARIA relationships",
          "duration": 1.0136999999999716,
          "failureMessages": [
            "TypeError: render is not a function\n    at C:\\Users\\Usuario\\ECONEURA-IA-1.worktrees\\fix\\ci-generate-score-fix\\apps\\web\\src\\components\\navigation.test.tsx:364:29\n    at file:///C:/Users/Usuario/ECONEURA-IA-1.worktrees/fix/ci-generate-score-fix/node_modules/.pnpm/@vitest+runner@3.2.4/node_modules/@vitest/runner/dist/chunk-hooks.js:155:11\n    at file:///C:/Users/Usuario/ECONEURA-IA-1.worktrees/fix/ci-generate-score-fix/node_modules/.pnpm/@vitest+runner@3.2.4/node_modules/@vitest/runner/dist/chunk-hooks.js:752:26\n    at file:///C:/Users/Usuario/ECONEURA-IA-1.worktrees/fix/ci-generate-score-fix/node_modules/.pnpm/@vitest+runner@3.2.4/node_modules/@vitest/runner/dist/chunk-hooks.js:1897:20\n    at new Promise (<anonymous>)\n    at runWithTimeout (file:///C:/Users/Usuario/ECONEURA-IA-1.worktrees/fix/ci-generate-score-fix/node_modules/.pnpm/@vitest+runner@3.2.4/node_modules/@vitest/runner/dist/chunk-hooks.js:1863:10)\n    at runTest (file:///C:/Users/Usuario/ECONEURA-IA-1.worktrees/fix/ci-generate-score-fix/node_modules/.pnpm/@vitest+runner@3.2.4/node_modules/@vitest/runner/dist/chunk-hooks.js:1574:12)\n    at processTicksAndRejections (node:internal/process/task_queues:105:5)\n    at runSuite (file:///C:/Users/Usuario/ECONEURA-IA-1.worktrees/fix/ci-generate-score-fix/node_modules/.pnpm/@vitest+runner@3.2.4/node_modules/@vitest/runner/dist/chunk-hooks.js:1729:8)\n    at runSuite (file:///C:/Users/Usuario/ECONEURA-IA-1.worktrees/fix/ci-generate-score-fix/node_modules/.pnpm/@vitest+runner@3.2.4/node_modules/@vitest/runner/dist/chunk-hooks.js:1729:8)",
[...]
          ],
          "meta": {}
        },
        {
          "ancestorTitles": ["Table Component Accessibility", "Table Focus Management"],
          "fullName": "Table Component Accessibility Table Focus Management should handle checkbox focus",
          "status": "failed",
          "title": "should handle checkbox focus",
          "duration": 6.8095999999998185,
          "failureMessages": [
            "TypeError: render is not a function\n    at C:\\Users\\Usuario\\ECONEURA-IA-1.worktrees\\fix\\ci-generate-score-fix\\apps\\web\\src\\components\\ui\\table.test.tsx:483:29\n    at file:///C:/Users/Usuario/ECONEURA-IA-1.worktrees/fix/ci-generate-score-fix/node_modules/.pnpm/@vitest+runner@3.2.4/node_modules/@vitest/runner/dist/chunk-hooks.js:155:11\n    at file:///C:/Users/Usuario/ECONEURA-IA-1.worktrees/fix/ci-generate-score-fix/node_modules/.pnpm/@vitest+runner@3.2.4/node_modules/@vitest/runner/dist/chunk-hooks.js:752:26\n    at file:///C:/Users/Usuario/ECONEURA-IA-1.worktrees/fix/ci-generate-score-fix/node_modules/.pnpm/@vitest+runner@3.2.4/node_modules/@vitest/runner/dist/chunk-hooks.js:1897:20\n    at new Promise (<anonymous>)\n    at runWithTimeout (file:///C:/Users/Usuario/ECONEURA-IA-1.worktrees/fix/ci-generate-score-fix/node_modules/.pnpm/@vitest+runner@3.2.4/node_modules/@vitest/runner/dist/chunk-hooks.js:1863:10)\n    at runTest (file:///C:/Users/Usuario/ECONEURA-IA-1.worktrees/fix/ci-generate-score-fix/node_modules/.pnpm/@vitest+runner@3.2.4/node_modules/@vitest/runner/dist/chunk-hooks.js:1574:12)\n    at processTicksAndRejections (node:internal/process/task_queues:105:5)\n    at runSuite (file:///C:/Users/Usuario/ECONEURA-IA-1.worktrees/fix/ci-generate-score-fix/node_modules/.pnpm/@vitest+runner@3.2.4/node_modules/@vitest/runner/dist/chunk-hooks.js:1729:8)\n    at runSuite (file:///C:/Users/Usuario/ECONEURA-IA-1.worktrees/fix/ci-generate-score-fix/node_modules/.pnpm/@vitest+runner@3.2.4/node_modules/@vitest/runner/dist/chunk-hooks.js:1729:8)",
            "TypeError: render is not a function\n    at C:\\Users\\Usuario\\ECONEURA-IA-1.worktrees\\fix\\ci-generate-score-fix\\apps\\web\\src\\components\\ui\\table.test.tsx:483:29\n    at file:///C:/Users/Usuario/ECONEURA-IA-1.worktrees/fix/ci-generate-score-fix/node_modules/.pnpm/@vitest+runner@3.2.4/node_modules/@vitest/runner/dist/chunk-hooks.js:155:11\n    at file:///C:/Users/Usuario/ECONEURA-IA-1.worktrees/fix/ci-generate-score-fix/node_modules/.pnpm/@vitest+runner@3.2.4/node_modules/@vitest/runner/dist/chunk-hooks.js:752:26\n    at file:///C:/Users/Usuario/ECONEURA-IA-1.worktrees/fix/ci-generate-score-fix/node_modules/.pnpm/@vitest+runner@3.2.4/node_modules/@vitest/runner/dist/chunk-hooks.js:1897:20\n    at new Promise (<anonymous>)\n    at runWithTimeout (file:///C:/Users/Usuario/ECONEURA-IA-1.worktrees/fix/ci-generate-score-fix/node_modules/.pnpm/@vitest+runner@3.2.4/node_modules/@vitest/runner/dist/chunk-hooks.js:1863:10)\n    at runTest (file:///C:/Users/Usuario/ECONEURA-IA-1.worktrees/fix/ci-generate-score-fix/node_modules/.pnpm/@vitest+runner@3.2.4/node_modules/@vitest/runner/dist/chunk-hooks.js:1574:12)\n    at processTicksAndRejections (node:internal/process/task_queues:105:5)\n    at runSuite (file:///C:/Users/Usuario/ECONEURA-IA-1.worktrees/fix/ci-generate-score-fix/node_modules/.pnpm/@vitest+runner@3.2.4/node_modules/@vitest/runner/dist/chunk-hooks.js:1729:8)\n    at runSuite (file:///C:/Users/Usuario/ECONEURA-IA-1.worktrees/fix/ci-generate-score-fix/node_modules/.pnpm/@vitest+runner@3.2.4/node_modules/@vitest/runner/dist/chunk-hooks.js:1729:8)"
          ],
          "meta": {}
        },
        {
          "ancestorTitles": ["Table Component Accessibility", "Table with ARIA Attributes"],
          "fullName": "Table Component Accessibility Table with ARIA Attributes should be accessible with custom ARIA attributes",
          "status": "failed",
          "title": "should be accessible with custom ARIA attributes",
          "duration": 1.5058999999998832,
          "failureMessages": [
            "TypeError: render is not a function\n    at C:\\Users\\Usuario\\ECONEURA-IA-1.worktrees\\fix\\ci-generate-score-fix\\apps\\web\\src\\components\\ui\\table.test.tsx:498:29\n    at file:///C:/Users/Usuario/ECONEURA-IA-1.worktrees/fix/ci-generate-score-fix/node_modules/.pnpm/@vitest+runner@3.2.4/node_modules/@vitest/runner/dist/chunk-hooks.js:155:11\n    at file:///C:/Users/Usuario/ECONEURA-IA-1.worktrees/fix/ci-generate-score-fix/node_modules/.pnpm/@vitest+runner@3.2.4/node_modules/@vitest/runner/dist/chunk-hooks.js:752:26\n    at file:///C:/Users/Usuario/ECONEURA-IA-1.worktrees/fix/ci-generate-score-fix/node_modules/.pnpm/@vitest+runner@3.2.4/node_modules/@vitest/runner/dist/chunk-hooks.js:1897:20\n    at new Promise (<anonymous>)\n    at runWithTimeout (file:///C:/Users/Usuario/ECONEURA-IA-1.worktrees/fix/ci-generate-score-fix/node_modules/.pnpm/@vitest+runner@3.2.4/node_modules/@vitest/runner/dist/chunk-hooks.js:1863:10)\n    at runTest (file:///C:/Users/Usuario/ECONEURA-IA-1.worktrees/fix/ci-generate-score-fix/node_modules/.pnpm/@vitest+runner@3.2.4/node_modules/@vitest/runner/dist/chunk-hooks.js:1574:12)\n    at processTicksAndRejections (node:internal/process/task_queues:105:5)\n    at runSuite (file:///C:/Users/Usuario/ECONEURA-IA-1.worktrees/fix/ci-generate-score-fix/node_modules/.pnpm/@vitest+runner@3.2.4/node_modules/@vitest/runner/dist/chunk-hooks.js:1729:8)\n    at runSuite (file:///C:/Users/Usuario/ECONEURA-IA-1.worktrees/fix/ci-generate-score-fix/node_modules/.pnpm/@vitest+runner@3.2.4/node_modules/@vitest/runner/dist/chunk-hooks.js:1729:8)",
            "TypeError: render is not a function\n    at C:\\Users\\Usuario\\ECONEURA-IA-1.worktrees\\fix\\ci-generate-score-fix\\apps\\web\\src\\components\\ui\\table.test.tsx:498:29\n    at file:///C:/Users/Usuario/ECONEURA-IA-1.worktrees/fix/ci-generate-score-fix/node_modules/.pnpm/@vitest+runner@3.2.4/node_modules/@vitest/runner/dist/chunk-hooks.js:155:11\n    at file:///C:/Users/Usuario/ECONEURA-IA-1.worktrees/fix/ci-generate-score-fix/node_modules/.pnpm/@vitest+runner@3.2.4/node_modules/@vitest/runner/dist/chunk-hooks.js:752:26\n    at file:///C:/Users/Usuario/ECONEURA-IA-1.worktrees/fix/ci-generate-score-fix/node_modules/.pnpm/@vitest+runner@3.2.4/node_modules/@vitest/runner/dist/chunk-hooks.js:1897:20\n    at new Promise (<anonymous>)\n    at runWithTimeout (file:///C:/Users/Usuario/ECONEURA-IA-1.worktrees/fix/ci-generate-score-fix/node_modules/.pnpm/@vitest+runner@3.2.4/node_modules/@vitest/runner/dist/chunk-hooks.js:1863:10)\n    at runTest (file:///C:/Users/Usuario/ECONEURA-IA-1.worktrees/fix/ci-generate-score-fix/node_modules/.pnpm/@vitest+runner@3.2.4/node_modules/@vitest/runner/dist/chunk-hooks.js:1574:12)\n    at processTicksAndRejections (node:internal/process/task_queues:105:5)\n    at runSuite (file:///C:/Users/Usuario/ECONEURA-IA-1.worktrees/fix/ci-generate-score-fix/node_modules/.pnpm/@vitest+runner@3.2.4/node_modules/@vitest/runner/dist/chunk-hooks.js:1729:8)\n    at runSuite (file:///C:/Users/Usuario/ECONEURA-IA-1.worktrees/fix/ci-generate-score-fix/node_modules/.pnpm/@vitest+runner@3.2.4/node_modules/@vitest/runner/dist/chunk-hooks.js:1729:8)"
          ],
          "meta": {}
        },
        {
          "ancestorTitles": ["Table Component Accessibility", "Table with ARIA Attributes"],
          "fullName": "Table Component Accessibility Table with ARIA Attributes should have proper ARIA sort attributes",
          "status": "failed",
          "title": "should have proper ARIA sort attributes",
          "duration": 1.1139000000000578,
          "failureMessages": [
            "TypeError: render is not a function\n    at C:\\Users\\Usuario\\ECONEURA-IA-1.worktrees\\fix\\ci-generate-score-fix\\apps\\web\\src\\components\\ui\\table.test.tsx:519:29\n    at file:///C:/Users/Usuario/ECONEURA-IA-1.worktrees/fix/ci-generate-score-fix/node_modules/.pnpm/@vitest+runner@3.2.4/node_modules/@vitest/runner/dist/chunk-hooks.js:155:11\n    at file:///C:/Users/Usuario/ECONEURA-IA-1.worktrees/fix/ci-generate-score-fix/node_modules/.pnpm/@vitest+runner@3.2.4/node_modules/@vitest/runner/dist/chunk-hooks.js:752:26\n    at file:///C:/Users/Usuario/ECONEURA-IA-1.worktrees/fix/ci-generate-score-fix/node_modules/.pnpm/@vitest+runner@3.2.4/node_modules/@vitest/runner/dist/chunk-hooks.js:1897:20\n    at new Promise (<anonymous>)\n    at runWithTimeout (file:///C:/Users/Usuario/ECONEURA-IA-1.worktrees/fix/ci-generate-score-fix/node_modules/.pnpm/@vitest+runner@3.2.4/node_modules/@vitest/runner/dist/chunk-hooks.js:1863:10)\n    at runTest (file:///C:/Users/Usuario/ECONEURA-IA-1.worktrees/fix/ci-generate-score-fix/node_modules/.pnpm/@vitest+runner@3.2.4/node_modules/@vitest/runner/dist/chunk-hooks.js:1574:12)\n    at processTicksAndRejections (node:internal/process/task_queues:105:5)\n    at runSuite (file:///C:/Users/Usuario/ECONEURA-IA-1.worktrees/fix/ci-generate-score-fix/node_modules/.pnpm/@vitest+runner@3.2.4/node_modules/@vitest/runner/dist/chunk-hooks.js:1729:8)\n    at runSuite (file:///C:/Users/Usuario/ECONEURA-IA-1.worktrees/fix/ci-generate-score-fix/node_modules/.pnpm/@vitest+runner@3.2.4/node_modules/@vitest/runner/dist/chunk-hooks.js:1729:8)",
            "TypeError: render is not a function\n    at C:\\Users\\Usuario\\ECONEURA-IA-1.worktrees\\fix\\ci-generate-score-fix\\apps\\web\\src\\components\\ui\\table.test.tsx:519:29\n    at file:///C:/Users/Usuario/ECONEURA-IA-1.worktrees/fix/ci-generate-score-fix/node_modules/.pnpm/@vitest+runner@3.2.4/node_modules/@vitest/runner/dist/chunk-hooks.js:155:11\n    at file:///C:/Users/Usuario/ECONEURA-IA-1.worktrees/fix/ci-generate-score-fix/node_modules/.pnpm/@vitest+runner@3.2.4/node_modules/@vitest/runner/dist/chunk-hooks.js:752:26\n    at file:///C:/Users/Usuario/ECONEURA-IA-1.worktrees/fix/ci-generate-score-fix/node_modules/.pnpm/@vitest+runner@3.2.4/node_modules/@vitest/runner/dist/chunk-hooks.js:1897:20\n    at new Promise (<anonymous>)\n    at runWithTimeout (file:///C:/Users/Usuario/ECONEURA-IA-1.worktrees/fix/ci-generate-score-fix/node_modules/.pnpm/@vitest+runner@3.2.4/node_modules/@vitest/runner/dist/chunk-hooks.js:1863:10)\n    at runTest (file:///C:/Users/Usuario/ECONEURA-IA-1.worktrees/fix/ci-generate-score-fix/node_modules/.pnpm/@vitest+runner@3.2.4/node_modules/@vitest/runner/dist/chunk-hooks.js:1574:12)\n    at processTicksAndRejections (node:internal/process/task_queues:105:5)\n    at runSuite (file:///C:/Users/Usuario/ECONEURA-IA-1.worktrees/fix/ci-generate-score-fix/node_modules/.pnpm/@vitest+runner@3.2.4/node_modules/@vitest/runner/dist/chunk-hooks.js:1729:8)\n    at runSuite (file:///C:/Users/Usuario/ECONEURA-IA-1.worktrees/fix/ci-generate-score-fix/node_modules/.pnpm/@vitest+runner@3.2.4/node_modules/@vitest/runner/dist/chunk-hooks.js:1729:8)"
          ],
          "meta": {}
        },
        {
          "ancestorTitles": ["Table Component Accessibility", "Table with Complex Content"],
          "fullName": "Table Component Accessibility Table with Complex Content should be accessible with links in cells",
          "status": "failed",
          "title": "should be accessible with links in cells",
          "duration": 1.0733999999999924,
          "failureMessages": [
            "TypeError: render is not a function\n    at C:\\Users\\Usuario\\ECONEURA-IA-1.worktrees\\fix\\ci-generate-score-fix\\apps\\web\\src\\components\\ui\\table.test.tsx:550:29\n    at file:///C:/Users/Usuario/ECONEURA-IA-1.worktrees/fix/ci-generate-score-fix/node_modules/.pnpm/@vitest+runner@3.2.4/node_modules/@vitest/runner/dist/chunk-hooks.js:155:11\n    at file:///C:/Users/Usuario/ECONEURA-IA-1.worktrees/fix/ci-generate-score-fix/node_modules/.pnpm/@vitest+runner@3.2.4/node_modules/@vitest/runner/dist/chunk-hooks.js:752:26\n    at file:///C:/Users/Usuario/ECONEURA-IA-1.worktrees/fix/ci-generate-score-fix/node_modules/.pnpm/@vitest+runner@3.2.4/node_modules/@vitest/runner/dist/chunk-hooks.js:1897:20\n    at new Promise (<anonymous>)\n    at runWithTimeout (file:///C:/Users/Usuario/ECONEURA-IA-1.worktrees/fix/ci-generate-score-fix/node_modules/.pnpm/@vitest+runner@3.2.4/node_modules/@vitest/runner/dist/chunk-hooks.js:1863:10)\n    at runTest (file:///C:/Users/Usuario/ECONEURA-IA-1.worktrees/fix/ci-generate-score-fix/node_modules/.pnpm/@vitest+runner@3.2.4/node_modules/@vitest/runner/dist/chunk-hooks.js:1574:12)\n    at processTicksAndRejections (node:internal/process/task_queues:105:5)\n    at runSuite (file:///C:/Users/Usuario/ECONEURA-IA-1.worktrees/fix/ci-generate-score-fix/node_modules/.pnpm/@vitest+runner@3.2.4/node_modules/@vitest/runner/dist/chunk-hooks.js:1729:8)\n    at runSuite (file:///C:/Users/Usuario/ECONEURA-IA-1.worktrees/fix/ci-generate-score-fix/node_modules/.pnpm/@vitest+runner@3.2.4/node_modules/@vitest/runner/dist/chunk-hooks.js:1729:8)",
            "TypeError: render is not a function\n    at C:\\Users\\Usuario\\ECONEURA-IA-1.worktrees\\fix\\ci-generate-score-fix\\apps\\web\\src\\components\\ui\\table.test.tsx:550:29\n    at file:///C:/Users/Usuario/ECONEURA-IA-1.worktrees/fix/ci-generate-score-fix/node_modules/.pnpm/@vitest+runner@3.2.4/node_modules/@vitest/runner/dist/chunk-hooks.js:155:11\n    at file:///C:/Users/Usuario/ECONEURA-IA-1.worktrees/fix/ci-generate-score-fix/node_modules/.pnpm/@vitest+runner@3.2.4/node_modules/@vitest/runner/dist/chunk-hooks.js:752:26\n    at file:///C:/Users/Usuario/ECONEURA-IA-1.worktrees/fix/ci-generate-score-fix/node_modules/.pnpm/@vitest+runner@3.2.4/node_modules/@vitest/runner/dist/chunk-hooks.js:1897:20\n    at new Promise (<anonymous>)\n    at runWithTimeout (file:///C:/Users/Usuario/ECONEURA-IA-1.worktrees/fix/ci-generate-score-fix/node_modules/.pnpm/@vitest+runner@3.2.4/node_modules/@vitest/runner/dist/chunk-hooks.js:1863:10)\n    at runTest (file:///C:/Users/Usuario/ECONEURA-IA-1.worktrees/fix/ci-generate-score-fix/node_modules/.pnpm/@vitest+runner@3.2.4/node_modules/@vitest/runner/dist/chunk-hooks.js:1574:12)\n    at processTicksAndRejections (node:internal/process/task_queues:105:5)\n    at runSuite (file:///C:/Users/Usuario/ECONEURA-IA-1.worktrees/fix/ci-generate-score-fix/node_modules/.pnpm/@vitest+runner@3.2.4/node_modules/@vitest/runner/dist/chunk-hooks.js:1729:8)\n    at runSuite (file:///C:/Users/Usuario/ECONEURA-IA-1.worktrees/fix/ci-generate-score-fix/node_modules/.pnpm/@vitest+runner@3.2.4/node_modules/@vitest/runner/dist/chunk-hooks.js:1729:8)"
          ],
          "meta": {}
        },
        {
          "ancestorTitles": ["Table Component Accessibility", "Table with Complex Content"],
          "fullName": "Table Component Accessibility Table with Complex Content should be accessible with buttons in cells",
          "status": "failed",
          "title": "should be accessible with buttons in cells",
          "duration": 1.0291999999999462,
          "failureMessages": [
            "TypeError: render is not a function\n    at C:\\Users\\Usuario\\ECONEURA-IA-1.worktrees\\fix\\ci-generate-score-fix\\apps\\web\\src\\components\\ui\\table.test.tsx:575:29\n    at file:///C:/Users/Usuario/ECONEURA-IA-1.worktrees/fix/ci-generate-score-fix/node_modules/.pnpm/@vitest+runner@3.2.4/node_modules/@vitest/runner/dist/chunk-hooks.js:155:11\n    at file:///C:/Users/Usuario/ECONEURA-IA-1.worktrees/fix/ci-generate-score-fix/node_modules/.pnpm/@vitest+runner@3.2.4/node_modules/@vitest/runner/dist/chunk-hooks.js:752:26\n    at file:///C:/Users/Usuario/ECONEURA-IA-1.worktrees/fix/ci-generate-score-fix/node_modules/.pnpm/@vitest+runner@3.2.4/node_modules/@vitest/runner/dist/chunk-hooks.js:1897:20\n    at new Promise (<anonymous>)\n    at runWithTimeout (file:///C:/Users/Usuario/ECONEURA-IA-1.worktrees/fix/ci-generate-score-fix/node_modules/.pnpm/@vitest+runner@3.2.4/node_modules/@vitest/runner/dist/chunk-hooks.js:1863:10)\n    at runTest (file:///C:/Users/Usuario/ECONEURA-IA-1.worktrees/fix/ci-generate-score-fix/node_modules/.pnpm/@vitest+runner@3.2.4/node_modules/@vitest/runner/dist/chunk-hooks.js:1574:12)\n    at processTicksAndRejections (node:internal/process/task_queues:105:5)\n    at runSuite (file:///C:/Users/Usuario/ECONEURA-IA-1.worktrees/fix/ci-generate-score-fix/node_modules/.pnpm/@vitest+runner@3.2.4/node_modules/@vitest/runner/dist/chunk-hooks.js:1729:8)\n    at runSuite (file:///C:/Users/Usuario/ECONEURA-IA-1.worktrees/fix/ci-generate-score-fix/node_modules/.pnpm/@vitest+runner@3.2.4/node_modules/@vitest/runner/dist/chunk-hooks.js:1729:8)",
            "TypeError: render is not a function\n    at C:\\Users\\Usuario\\ECONEURA-IA-1.worktrees\\fix\\ci-generate-score-fix\\apps\\web\\src\\components\\ui\\table.test.tsx:575:29\n    at file:///C:/Users/Usuario/ECONEURA-IA-1.worktrees/fix/ci-generate-score-fix/node_modules/.pnpm/@vitest+runner@3.2.4/node_modules/@vitest/runner/dist/chunk-hooks.js:155:11\n    at file:///C:/Users/Usuario/ECONEURA-IA-1.worktrees/fix/ci-generate-score-fix/node_modules/.pnpm/@vitest+runner@3.2.4/node_modules/@vitest/runner/dist/chunk-hooks.js:752:26\n    at file:///C:/Users/Usuario/ECONEURA-IA-1.worktrees/fix/ci-generate-score-fix/node_modules/.pnpm/@vitest+runner@3.2.4/node_modules/@vitest/runner/dist/chunk-hooks.js:1897:20\n    at new Promise (<anonymous>)\n    at runWithTimeout (file:///C:/Users/Usuario/ECONEURA-IA-1.worktrees/fix/ci-generate-score-fix/node_modules/.pnpm/@vitest+runner@3.2.4/node_modules/@vitest/runner/dist/chunk-hooks.js:1863:10)\n    at runTest (file:///C:/Users/Usuario/ECONEURA-IA-1.worktrees/fix/ci-generate-score-fix/node_modules/.pnpm/@vitest+runner@3.2.4/node_modules/@vitest/runner/dist/chunk-hooks.js:1574:12)\n    at processTicksAndRejections (node:internal/process/task_queues:105:5)\n    at runSuite (file:///C:/Users/Usuario/ECONEURA-IA-1.worktrees/fix/ci-generate-score-fix/node_modules/.pnpm/@vitest+runner@3.2.4/node_modules/@vitest/runner/dist/chunk-hooks.js:1729:8)\n    at runSuite (file:///C:/Users/Usuario/ECONEURA-IA-1.worktrees/fix/ci-generate-score-fix/node_modules/.pnpm/@vitest+runner@3.2.4/node_modules/@vitest/runner/dist/chunk-hooks.js:1729:8)"
          ],
          "meta": {}
        }
      ],
      "startTime": 1758981857069,
      "endTime": 1758981857109.0293,
      "status": "failed",
      "message": "",
      "name": "C:/Users/Usuario/ECONEURA-IA-1.worktrees/fix/ci-generate-score-fix/apps/web/src/components/ui/table.test.tsx"
    },
    {
      "assertionResults": [
        { "ancestorTitles": ["Test"], "fullName": "Test should work", "status": "passed", "title": "should work", "duration": 1.6764000000000578, "failureMessages": [], "meta": {} }
      ],
      "startTime": 1758981858768,
      "endTime": 1758981858769.6765,
      "status": "passed",
      "message": "",
      "name": "C:/Users/Usuario/ECONEURA-IA-1.worktrees/fix/ci-generate-score-fix/apps/web/src/controllers/__tests__/contract.test.ts"
    },
    {
      "assertionResults": [
        { "ancestorTitles": ["Test"], "fullName": "Test should work", "status": "passed", "title": "should work", "duration": 2.055599999999913, "failureMessages": [], "meta": {} }
      ],
      "startTime": 1758981860453,
      "endTime": 1758981860455.0557,
      "status": "passed",
      "message": "",
      "name": "C:/Users/Usuario/ECONEURA-IA-1.worktrees/fix/ci-generate-score-fix/apps/web/src/services/__tests__/contract.test.ts"
    },
    {
      "assertionResults": [
        { "ancestorTitles": ["Test"], "fullName": "Test should work", "status": "passed", "title": "should work", "duration": 1.7982999999999265, "failureMessages": [], "meta": {} }
      ],
      "startTime": 1758981857066,
      "endTime": 1758981857067.7983,
      "status": "passed",
      "message": "",
      "name": "C:/Users/Usuario/ECONEURA-IA-1.worktrees/fix/ci-generate-score-fix/apps/web/src/utils/__tests__/smoke.test.ts"
    }
  ]
}
