{"numTotalTestSuites":127,"numPassedTestSuites":122,"numFailedTestSuites":5,"numPendingTestSuites":0,"numTotalTests":223,"numPassedTests":223,"numFailedTests":0,"numPendingTests":0,"numTodoTests":0,"snapshot":{"added":0,"failure":false,"filesAdded":0,"filesRemoved":0,"filesRemovedList":[],"filesUnmatched":0,"filesUpdated":0,"matched":0,"total":0,"unchecked":0,"uncheckedKeysByFile":[],"unmatched":0,"updated":0,"didUpdate":false},"startTime":1758724569945,"success":false,"testResults":[{"assertionResults":[{"ancestorTitles":["IntelligentCache","Basic Operations"],"fullName":"IntelligentCache Basic Operations should set and get a value","status":"passed","title":"should set and get a value","duration":2.7793000000000347,"failureMessages":[],"meta":{}},{"ancestorTitles":["IntelligentCache","Basic Operations"],"fullName":"IntelligentCache Basic Operations should return null for non-existent key","status":"passed","title":"should return null for non-existent key","duration":0.4859000000000151,"failureMessages":[],"meta":{}},{"ancestorTitles":["IntelligentCache","Basic Operations"],"fullName":"IntelligentCache Basic Operations should delete a value","status":"passed","title":"should delete a value","duration":0.6690999999999576,"failureMessages":[],"meta":{}},{"ancestorTitles":["IntelligentCache","Basic Operations"],"fullName":"IntelligentCache Basic Operations should clear all values","status":"passed","title":"should clear all values","duration":0.4515999999999849,"failureMessages":[],"meta":{}},{"ancestorTitles":["IntelligentCache","TTL and Expiration"],"fullName":"IntelligentCache TTL and Expiration should expire items after TTL","status":"passed","title":"should expire items after TTL","duration":1107.2195000000002,"failureMessages":[],"meta":{}},{"ancestorTitles":["IntelligentCache","TTL and Expiration"],"fullName":"IntelligentCache TTL and Expiration should use default TTL when not specified","status":"passed","title":"should use default TTL when not specified","duration":0.3989999999998872,"failureMessages":[],"meta":{}},{"ancestorTitles":["IntelligentCache","Statistics"],"fullName":"IntelligentCache Statistics should track cache hits and misses","status":"passed","title":"should track cache hits and misses","duration":0.5523000000000593,"failureMessages":[],"meta":{}},{"ancestorTitles":["IntelligentCache","Statistics"],"fullName":"IntelligentCache Statistics should track access count and last accessed","status":"passed","title":"should track access count and last accessed","duration":0.2663000000000011,"failureMessages":[],"meta":{}},{"ancestorTitles":["IntelligentCache","Memory Limits"],"fullName":"IntelligentCache Memory Limits should evict least used items when max size is reached","status":"passed","title":"should evict least used items when max size is reached","duration":0.5394000000001142,"failureMessages":[],"meta":{}},{"ancestorTitles":["IntelligentCache","Warmup"],"fullName":"IntelligentCache Warmup should warmup cache with provided patterns","status":"passed","title":"should warmup cache with provided patterns","duration":0.5239000000001397,"failureMessages":[],"meta":{}},{"ancestorTitles":["AICache"],"fullName":"AICache should cache AI responses with hashed prompts","status":"passed","title":"should cache AI responses with hashed prompts","duration":0.49979999999982283,"failureMessages":[],"meta":{}},{"ancestorTitles":["AICache"],"fullName":"AICache should return null for uncached AI responses","status":"passed","title":"should return null for uncached AI responses","duration":0.16449999999986176,"failureMessages":[],"meta":{}},{"ancestorTitles":["AICache"],"fullName":"AICache should warmup AI cache with common prompts","status":"passed","title":"should warmup AI cache with common prompts","duration":0.3789999999999054,"failureMessages":[],"meta":{}},{"ancestorTitles":["SearchCache"],"fullName":"SearchCache should cache search results with hashed queries","status":"passed","title":"should cache search results with hashed queries","duration":0.45900000000006,"failureMessages":[],"meta":{}},{"ancestorTitles":["SearchCache"],"fullName":"SearchCache should return null for uncached search results","status":"passed","title":"should return null for uncached search results","duration":0.16170000000010987,"failureMessages":[],"meta":{}},{"ancestorTitles":["SearchCache"],"fullName":"SearchCache should warmup search cache with common queries","status":"passed","title":"should warmup search cache with common queries","duration":0.33989999999994325,"failureMessages":[],"meta":{}},{"ancestorTitles":["CacheManager"],"fullName":"CacheManager should provide access to AI and search caches","status":"passed","title":"should provide access to AI and search caches","duration":0.40300000000002,"failureMessages":[],"meta":{}},{"ancestorTitles":["CacheManager"],"fullName":"CacheManager should warmup all caches","status":"passed","title":"should warmup all caches","duration":0.3729000000000724,"failureMessages":[],"meta":{}},{"ancestorTitles":["CacheManager"],"fullName":"CacheManager should start and stop periodic warmup","status":"passed","title":"should start and stop periodic warmup","duration":115.62470000000008,"failureMessages":[],"meta":{}},{"ancestorTitles":["CacheManager"],"fullName":"CacheManager should get combined stats from all caches","status":"passed","title":"should get combined stats from all caches","duration":1.4552000000003318,"failureMessages":[],"meta":{}}],"startTime":1758724584158,"endTime":1758724585392.455,"status":"passed","message":"","name":"C:/Users/Usuario/ECONEURA-IA-1.worktrees/fix/ci-generate-score-fix/apps/api/src/lib/cache.test.ts"},{"assertionResults":[{"ancestorTitles":["InMemoryConfigurationManager","Feature Flag Management"],"fullName":"InMemoryConfigurationManager Feature Flag Management should get feature flag by id","status":"passed","title":"should get feature flag by id","duration":8.30359999999996,"failureMessages":[],"meta":{}},{"ancestorTitles":["InMemoryConfigurationManager","Feature Flag Management"],"fullName":"InMemoryConfigurationManager Feature Flag Management should return undefined for non-existent feature flag","status":"passed","title":"should return undefined for non-existent feature flag","duration":0.4236999999999398,"failureMessages":[],"meta":{}},{"ancestorTitles":["InMemoryConfigurationManager","Feature Flag Management"],"fullName":"InMemoryConfigurationManager Feature Flag Management should check if feature is enabled","status":"passed","title":"should check if feature is enabled","duration":0.32749999999998636,"failureMessages":[],"meta":{}},{"ancestorTitles":["InMemoryConfigurationManager","Feature Flag Management"],"fullName":"InMemoryConfigurationManager Feature Flag Management should return false for disabled feature flag","status":"passed","title":"should return false for disabled feature flag","duration":0.2338999999999487,"failureMessages":[],"meta":{}},{"ancestorTitles":["InMemoryConfigurationManager","Feature Flag Management"],"fullName":"InMemoryConfigurationManager Feature Flag Management should check feature flag with rollout percentage","status":"passed","title":"should check feature flag with rollout percentage","duration":0.2966999999999871,"failureMessages":[],"meta":{}},{"ancestorTitles":["InMemoryConfigurationManager","Feature Flag Management"],"fullName":"InMemoryConfigurationManager Feature Flag Management should check feature flag with target users","status":"passed","title":"should check feature flag with target users","duration":0.28100000000006276,"failureMessages":[],"meta":{}},{"ancestorTitles":["InMemoryConfigurationManager","Feature Flag Management"],"fullName":"InMemoryConfigurationManager Feature Flag Management should check feature flag with conditions","status":"passed","title":"should check feature flag with conditions","duration":0.36569999999994707,"failureMessages":[],"meta":{}},{"ancestorTitles":["InMemoryConfigurationManager","Feature Flag Management"],"fullName":"InMemoryConfigurationManager Feature Flag Management should get all feature flags","status":"passed","title":"should get all feature flags","duration":0.3747000000000753,"failureMessages":[],"meta":{}},{"ancestorTitles":["InMemoryConfigurationManager","Feature Flag Management"],"fullName":"InMemoryConfigurationManager Feature Flag Management should get feature flags by environment","status":"passed","title":"should get feature flags by environment","duration":0.7300000000000182,"failureMessages":[],"meta":{}},{"ancestorTitles":["InMemoryConfigurationManager","Feature Flag Management"],"fullName":"InMemoryConfigurationManager Feature Flag Management should create feature flag","status":"passed","title":"should create feature flag","duration":0.6972999999999274,"failureMessages":[],"meta":{}},{"ancestorTitles":["InMemoryConfigurationManager","Feature Flag Management"],"fullName":"InMemoryConfigurationManager Feature Flag Management should update feature flag","status":"passed","title":"should update feature flag","duration":0.34410000000002583,"failureMessages":[],"meta":{}},{"ancestorTitles":["InMemoryConfigurationManager","Feature Flag Management"],"fullName":"InMemoryConfigurationManager Feature Flag Management should return false when updating non-existent feature flag","status":"passed","title":"should return false when updating non-existent feature flag","duration":0.13260000000002492,"failureMessages":[],"meta":{}},{"ancestorTitles":["InMemoryConfigurationManager","Feature Flag Management"],"fullName":"InMemoryConfigurationManager Feature Flag Management should delete feature flag","status":"passed","title":"should delete feature flag","duration":0.2016999999999598,"failureMessages":[],"meta":{}},{"ancestorTitles":["InMemoryConfigurationManager","Feature Flag Management"],"fullName":"InMemoryConfigurationManager Feature Flag Management should return false when deleting non-existent feature flag","status":"passed","title":"should return false when deleting non-existent feature flag","duration":0.11570000000006075,"failureMessages":[],"meta":{}},{"ancestorTitles":["InMemoryConfigurationManager","Environment Configuration"],"fullName":"InMemoryConfigurationManager Environment Configuration should get environment config","status":"passed","title":"should get environment config","duration":0.20650000000000546,"failureMessages":[],"meta":{}},{"ancestorTitles":["InMemoryConfigurationManager","Environment Configuration"],"fullName":"InMemoryConfigurationManager Environment Configuration should return undefined for non-existent environment","status":"passed","title":"should return undefined for non-existent environment","duration":0.13859999999999673,"failureMessages":[],"meta":{}},{"ancestorTitles":["InMemoryConfigurationManager","Environment Configuration"],"fullName":"InMemoryConfigurationManager Environment Configuration should set environment config","status":"passed","title":"should set environment config","duration":0.27700000000004366,"failureMessages":[],"meta":{}},{"ancestorTitles":["InMemoryConfigurationManager","Configuration Values"],"fullName":"InMemoryConfigurationManager Configuration Values should get config value with default","status":"passed","title":"should get config value with default","duration":0.21220000000005257,"failureMessages":[],"meta":{}},{"ancestorTitles":["InMemoryConfigurationManager","Configuration Values"],"fullName":"InMemoryConfigurationManager Configuration Values should get config value from environment config","status":"passed","title":"should get config value from environment config","duration":0.14550000000008367,"failureMessages":[],"meta":{}},{"ancestorTitles":["InMemoryConfigurationManager","Configuration Values"],"fullName":"InMemoryConfigurationManager Configuration Values should get config value from overrides","status":"passed","title":"should get config value from overrides","duration":0.1494000000000142,"failureMessages":[],"meta":{}},{"ancestorTitles":["InMemoryConfigurationManager","Configuration Values"],"fullName":"InMemoryConfigurationManager Configuration Values should set config value","status":"passed","title":"should set config value","duration":0.23220000000003438,"failureMessages":[],"meta":{}},{"ancestorTitles":["InMemoryConfigurationManager","Configuration Values"],"fullName":"InMemoryConfigurationManager Configuration Values should fallback to default environment","status":"passed","title":"should fallback to default environment","duration":0.16250000000002274,"failureMessages":[],"meta":{}},{"ancestorTitles":["InMemoryConfigurationManager","Secrets Management"],"fullName":"InMemoryConfigurationManager Secrets Management should get secret","status":"passed","title":"should get secret","duration":0.2036000000000513,"failureMessages":[],"meta":{}},{"ancestorTitles":["InMemoryConfigurationManager","Secrets Management"],"fullName":"InMemoryConfigurationManager Secrets Management should return undefined for non-existent secret","status":"passed","title":"should return undefined for non-existent secret","duration":0.1229000000000724,"failureMessages":[],"meta":{}},{"ancestorTitles":["InMemoryConfigurationManager","Secrets Management"],"fullName":"InMemoryConfigurationManager Secrets Management should set secret","status":"passed","title":"should set secret","duration":0.18389999999999418,"failureMessages":[],"meta":{}},{"ancestorTitles":["InMemoryConfigurationManager","Secrets Management"],"fullName":"InMemoryConfigurationManager Secrets Management should fallback to default environment for secrets","status":"passed","title":"should fallback to default environment for secrets","duration":0.12459999999998672,"failureMessages":[],"meta":{}},{"ancestorTitles":["InMemoryConfigurationManager","Configuration Validation"],"fullName":"InMemoryConfigurationManager Configuration Validation should validate valid configuration","status":"passed","title":"should validate valid configuration","duration":0.2278999999999769,"failureMessages":[],"meta":{}},{"ancestorTitles":["InMemoryConfigurationManager","Configuration Validation"],"fullName":"InMemoryConfigurationManager Configuration Validation should invalidate configuration with invalid feature flag","status":"passed","title":"should invalidate configuration with invalid feature flag","duration":0.18690000000003693,"failureMessages":[],"meta":{}},{"ancestorTitles":["InMemoryConfigurationManager","Configuration Stats"],"fullName":"InMemoryConfigurationManager Configuration Stats should get configuration statistics","status":"passed","title":"should get configuration statistics","duration":1.4179000000000315,"failureMessages":[],"meta":{}},{"ancestorTitles":["InMemoryConfigurationManager","Condition Evaluation","evaluateCondition"],"fullName":"InMemoryConfigurationManager Condition Evaluation evaluateCondition should evaluate equals condition","status":"passed","title":"should evaluate equals condition","duration":0.24879999999996016,"failureMessages":[],"meta":{}},{"ancestorTitles":["InMemoryConfigurationManager","Condition Evaluation","evaluateCondition"],"fullName":"InMemoryConfigurationManager Condition Evaluation evaluateCondition should evaluate contains condition","status":"passed","title":"should evaluate contains condition","duration":0.1772000000000844,"failureMessages":[],"meta":{}},{"ancestorTitles":["InMemoryConfigurationManager","Condition Evaluation","evaluateCondition"],"fullName":"InMemoryConfigurationManager Condition Evaluation evaluateCondition should evaluate greater_than condition","status":"passed","title":"should evaluate greater_than condition","duration":0.15019999999992706,"failureMessages":[],"meta":{}},{"ancestorTitles":["InMemoryConfigurationManager","Condition Evaluation","evaluateCondition"],"fullName":"InMemoryConfigurationManager Condition Evaluation evaluateCondition should evaluate in condition","status":"passed","title":"should evaluate in condition","duration":0.13540000000000418,"failureMessages":[],"meta":{}},{"ancestorTitles":["InMemoryConfigurationManager","Condition Evaluation","evaluateCondition"],"fullName":"InMemoryConfigurationManager Condition Evaluation evaluateCondition should evaluate not_in condition","status":"passed","title":"should evaluate not_in condition","duration":0.12630000000001473,"failureMessages":[],"meta":{}},{"ancestorTitles":["InMemoryConfigurationManager","Condition Evaluation","evaluateTimeWindow"],"fullName":"InMemoryConfigurationManager Condition Evaluation evaluateTimeWindow should evaluate time window condition","status":"passed","title":"should evaluate time window condition","duration":0.2033999999999878,"failureMessages":[],"meta":{}},{"ancestorTitles":["InMemoryConfigurationManager","Condition Evaluation","evaluateCustomCondition"],"fullName":"InMemoryConfigurationManager Condition Evaluation evaluateCustomCondition should evaluate custom condition","status":"passed","title":"should evaluate custom condition","duration":0.17109999999991032,"failureMessages":[],"meta":{}},{"ancestorTitles":["InMemoryConfigurationManager","Default Initialization"],"fullName":"InMemoryConfigurationManager Default Initialization should initialize with default environments","status":"passed","title":"should initialize with default environments","duration":0.2361999999999398,"failureMessages":[],"meta":{}},{"ancestorTitles":["InMemoryConfigurationManager","Default Initialization"],"fullName":"InMemoryConfigurationManager Default Initialization should initialize with default feature flags","status":"passed","title":"should initialize with default feature flags","duration":0.21510000000000673,"failureMessages":[],"meta":{}},{"ancestorTitles":["InMemoryConfigurationManager","Reload Configuration"],"fullName":"InMemoryConfigurationManager Reload Configuration should reload configuration","status":"passed","title":"should reload configuration","duration":5.178099999999972,"failureMessages":[],"meta":{}},{"ancestorTitles":["Global Instance"],"fullName":"Global Instance should export global configurationManager instance","status":"passed","title":"should export global configurationManager instance","duration":0.16670000000010532,"failureMessages":[],"meta":{}}],"startTime":1758724587781,"endTime":1758724587805.178,"status":"passed","message":"","name":"C:/Users/Usuario/ECONEURA-IA-1.worktrees/fix/ci-generate-score-fix/apps/api/src/lib/configuration.test.ts"},{"assertionResults":[{"ancestorTitles":["Custom Error Classes","AppError"],"fullName":"Custom Error Classes AppError should create an AppError with correct properties","status":"passed","title":"should create an AppError with correct properties","duration":1.9728999999999814,"failureMessages":[],"meta":{}},{"ancestorTitles":["Custom Error Classes","AppError"],"fullName":"Custom Error Classes AppError should default isOperational to true","status":"passed","title":"should default isOperational to true","duration":2.6947000000000116,"failureMessages":[],"meta":{}},{"ancestorTitles":["Custom Error Classes","ValidationError"],"fullName":"Custom Error Classes ValidationError should create a ValidationError with correct status and code","status":"passed","title":"should create a ValidationError with correct status and code","duration":0.7907000000000153,"failureMessages":[],"meta":{}},{"ancestorTitles":["Custom Error Classes","AuthenticationError"],"fullName":"Custom Error Classes AuthenticationError should create an AuthenticationError with correct status and code","status":"passed","title":"should create an AuthenticationError with correct status and code","duration":0.43470000000002074,"failureMessages":[],"meta":{}},{"ancestorTitles":["Custom Error Classes","AuthorizationError"],"fullName":"Custom Error Classes AuthorizationError should create an AuthorizationError with correct status and code","status":"passed","title":"should create an AuthorizationError with correct status and code","duration":0.348700000000008,"failureMessages":[],"meta":{}},{"ancestorTitles":["errorHandler middleware"],"fullName":"errorHandler middleware should handle ZodError with validation details","status":"passed","title":"should handle ZodError with validation details","duration":3.4612999999999374,"failureMessages":[],"meta":{}},{"ancestorTitles":["errorHandler middleware"],"fullName":"errorHandler middleware should handle AppError instances","status":"passed","title":"should handle AppError instances","duration":1.0185999999999922,"failureMessages":[],"meta":{}},{"ancestorTitles":["errorHandler middleware"],"fullName":"errorHandler middleware should handle generic errors in development","status":"passed","title":"should handle generic errors in development","duration":5.598700000000008,"failureMessages":[],"meta":{}},{"ancestorTitles":["errorHandler middleware"],"fullName":"errorHandler middleware should handle generic errors in production","status":"passed","title":"should handle generic errors in production","duration":0.679300000000012,"failureMessages":[],"meta":{}},{"ancestorTitles":["errorHandler middleware"],"fullName":"errorHandler middleware should log errors appropriately","status":"passed","title":"should log errors appropriately","duration":2.575200000000109,"failureMessages":[],"meta":{}},{"ancestorTitles":["notFoundHandler middleware"],"fullName":"notFoundHandler middleware should create and pass AppError for not found routes","status":"passed","title":"should create and pass AppError for not found routes","duration":1.1277000000000044,"failureMessages":[],"meta":{}},{"ancestorTitles":["asyncHandler"],"fullName":"asyncHandler should execute successful async functions","status":"passed","title":"should execute successful async functions","duration":0.8812000000000353,"failureMessages":[],"meta":{}},{"ancestorTitles":["asyncHandler"],"fullName":"asyncHandler should catch and pass errors to next middleware","status":"passed","title":"should catch and pass errors to next middleware","duration":0.6819000000000415,"failureMessages":[],"meta":{}}],"startTime":1758724586996,"endTime":1758724587020.881,"status":"passed","message":"","name":"C:/Users/Usuario/ECONEURA-IA-1.worktrees/fix/ci-generate-score-fix/apps/api/src/lib/errors.test.ts"},{"assertionResults":[{"ancestorTitles":["InMemoryEventStore","saveEvents"],"fullName":"InMemoryEventStore saveEvents should save events successfully","status":"passed","title":"should save events successfully","duration":6.015500000000088,"failureMessages":[],"meta":{}},{"ancestorTitles":["InMemoryEventStore","saveEvents"],"fullName":"InMemoryEventStore saveEvents should throw concurrency conflict on version mismatch","status":"passed","title":"should throw concurrency conflict on version mismatch","duration":1.713200000000029,"failureMessages":[],"meta":{}},{"ancestorTitles":["InMemoryEventStore","saveEvents"],"fullName":"InMemoryEventStore saveEvents should throw error on invalid event version sequence","status":"passed","title":"should throw error on invalid event version sequence","duration":0.4482999999999038,"failureMessages":[],"meta":{}},{"ancestorTitles":["InMemoryEventStore","getEvents"],"fullName":"InMemoryEventStore getEvents should return events for aggregate","status":"passed","title":"should return events for aggregate","duration":1.4249999999999545,"failureMessages":[],"meta":{}},{"ancestorTitles":["InMemoryEventStore","getEvents"],"fullName":"InMemoryEventStore getEvents should return events from specific version","status":"passed","title":"should return events from specific version","duration":0.47289999999998145,"failureMessages":[],"meta":{}},{"ancestorTitles":["InMemoryEventStore","getAllEvents"],"fullName":"InMemoryEventStore getAllEvents should return all events","status":"passed","title":"should return all events","duration":0.5374000000000478,"failureMessages":[],"meta":{}},{"ancestorTitles":["InMemoryEventStore","getAllEvents"],"fullName":"InMemoryEventStore getAllEvents should filter events by timestamp","status":"passed","title":"should filter events by timestamp","duration":0.41059999999993124,"failureMessages":[],"meta":{}},{"ancestorTitles":["InMemoryEventStore","getEventsByType"],"fullName":"InMemoryEventStore getEventsByType should return events filtered by type","status":"passed","title":"should return events filtered by type","duration":0.5054999999999836,"failureMessages":[],"meta":{}},{"ancestorTitles":["InMemoryEventStore","getEventsByType"],"fullName":"InMemoryEventStore getEventsByType should filter events by type and timestamp","status":"passed","title":"should filter events by type and timestamp","duration":0.3947000000000571,"failureMessages":[],"meta":{}},{"ancestorTitles":["InMemoryEventBus","publish"],"fullName":"InMemoryEventBus publish should publish event to subscribed handlers","status":"passed","title":"should publish event to subscribed handlers","duration":2.303199999999947,"failureMessages":[],"meta":{}},{"ancestorTitles":["InMemoryEventBus","publish"],"fullName":"InMemoryEventBus publish should handle handler errors gracefully","status":"passed","title":"should handle handler errors gracefully","duration":0.8052000000000135,"failureMessages":[],"meta":{}},{"ancestorTitles":["InMemoryEventBus","publish"],"fullName":"InMemoryEventBus publish should handle events with no subscribers","status":"passed","title":"should handle events with no subscribers","duration":0.2154000000000451,"failureMessages":[],"meta":{}},{"ancestorTitles":["InMemoryEventBus","subscribe and unsubscribe"],"fullName":"InMemoryEventBus subscribe and unsubscribe should subscribe and unsubscribe handlers","status":"passed","title":"should subscribe and unsubscribe handlers","duration":0.6744999999999663,"failureMessages":[],"meta":{}},{"ancestorTitles":["InMemoryEventBus","subscribe and unsubscribe"],"fullName":"InMemoryEventBus subscribe and unsubscribe should handle unsubscribe for non-existent handler","status":"passed","title":"should handle unsubscribe for non-existent handler","duration":0.3222999999999274,"failureMessages":[],"meta":{}},{"ancestorTitles":["InMemoryReadModelStore","save and get"],"fullName":"InMemoryReadModelStore save and get should save and retrieve read models","status":"passed","title":"should save and retrieve read models","duration":0.33730000000002747,"failureMessages":[],"meta":{}},{"ancestorTitles":["InMemoryReadModelStore","save and get"],"fullName":"InMemoryReadModelStore save and get should return null for non-existent read model","status":"passed","title":"should return null for non-existent read model","duration":0.1488000000000511,"failureMessages":[],"meta":{}},{"ancestorTitles":["InMemoryReadModelStore","query"],"fullName":"InMemoryReadModelStore query should query read models by type","status":"passed","title":"should query read models by type","duration":3.7533999999999423,"failureMessages":[],"meta":{}},{"ancestorTitles":["InMemoryReadModelStore","query"],"fullName":"InMemoryReadModelStore query should filter read models by data properties","status":"passed","title":"should filter read models by data properties","duration":0.42419999999992797,"failureMessages":[],"meta":{}},{"ancestorTitles":["InMemoryReadModelStore","delete"],"fullName":"InMemoryReadModelStore delete should delete read models","status":"passed","title":"should delete read models","duration":0.4359999999999218,"failureMessages":[],"meta":{}},{"ancestorTitles":["EventSourcingSystem","command handling"],"fullName":"EventSourcingSystem command handling should register and execute commands","status":"passed","title":"should register and execute commands","duration":0.6829000000000178,"failureMessages":[],"meta":{}},{"ancestorTitles":["EventSourcingSystem","command handling"],"fullName":"EventSourcingSystem command handling should throw error for unregistered command type","status":"passed","title":"should throw error for unregistered command type","duration":0.348700000000008,"failureMessages":[],"meta":{}},{"ancestorTitles":["EventSourcingSystem","query handling"],"fullName":"EventSourcingSystem query handling should register and execute queries","status":"passed","title":"should register and execute queries","duration":0.5918000000000347,"failureMessages":[],"meta":{}},{"ancestorTitles":["EventSourcingSystem","query handling"],"fullName":"EventSourcingSystem query handling should throw error for unregistered query type","status":"passed","title":"should throw error for unregistered query type","duration":0.3286000000000513,"failureMessages":[],"meta":{}},{"ancestorTitles":["EventSourcingSystem","aggregate operations"],"fullName":"EventSourcingSystem aggregate operations should load aggregate from events","status":"passed","title":"should load aggregate from events","duration":0.3951999999999316,"failureMessages":[],"meta":{}},{"ancestorTitles":["EventSourcingSystem","aggregate operations"],"fullName":"EventSourcingSystem aggregate operations should save aggregate with events","status":"passed","title":"should save aggregate with events","duration":0.4111000000000331,"failureMessages":[],"meta":{}},{"ancestorTitles":["EventSourcingSystem","read model operations"],"fullName":"EventSourcingSystem read model operations should update read models","status":"passed","title":"should update read models","duration":0.4395000000000664,"failureMessages":[],"meta":{}},{"ancestorTitles":["EventSourcingSystem","event replay"],"fullName":"EventSourcingSystem event replay should replay events","status":"passed","title":"should replay events","duration":0.6030999999999267,"failureMessages":[],"meta":{}},{"ancestorTitles":["EventSourcingSystem","statistics"],"fullName":"EventSourcingSystem statistics should return system statistics","status":"passed","title":"should return system statistics","duration":0.3228000000000293,"failureMessages":[],"meta":{}},{"ancestorTitles":["Factory functions","createEvent"],"fullName":"Factory functions createEvent should create event with correct structure","status":"passed","title":"should create event with correct structure","duration":0.6657000000000153,"failureMessages":[],"meta":{}},{"ancestorTitles":["Factory functions","createCommand"],"fullName":"Factory functions createCommand should create command with correct structure","status":"passed","title":"should create command with correct structure","duration":0.41399999999998727,"failureMessages":[],"meta":{}},{"ancestorTitles":["Factory functions","createQuery"],"fullName":"Factory functions createQuery should create query with correct structure","status":"passed","title":"should create query with correct structure","duration":0.47270000000003165,"failureMessages":[],"meta":{}},{"ancestorTitles":["Global instances"],"fullName":"Global instances should export global instances","status":"passed","title":"should export global instances","duration":0.2724000000000615,"failureMessages":[],"meta":{}}],"startTime":1758724586215,"endTime":1758724586243.4727,"status":"passed","message":"","name":"C:/Users/Usuario/ECONEURA-IA-1.worktrees/fix/ci-generate-score-fix/apps/api/src/lib/events.test.ts"},{"assertionResults":[{"ancestorTitles":["APIGateway","Service Management"],"fullName":"APIGateway Service Management should add service successfully","status":"passed","title":"should add service successfully","duration":8.442700000000059,"failureMessages":[],"meta":{}},{"ancestorTitles":["APIGateway","Service Management"],"fullName":"APIGateway Service Management should remove service","status":"passed","title":"should remove service","duration":0.973700000000008,"failureMessages":[],"meta":{}},{"ancestorTitles":["APIGateway","Service Management"],"fullName":"APIGateway Service Management should return false when removing non-existent service","status":"passed","title":"should return false when removing non-existent service","duration":0.5867999999999256,"failureMessages":[],"meta":{}},{"ancestorTitles":["APIGateway","Service Management"],"fullName":"APIGateway Service Management should get all services","status":"passed","title":"should get all services","duration":1.536899999999946,"failureMessages":[],"meta":{}},{"ancestorTitles":["APIGateway","Route Management"],"fullName":"APIGateway Route Management should add route successfully","status":"passed","title":"should add route successfully","duration":1.0923999999999978,"failureMessages":[],"meta":{}},{"ancestorTitles":["APIGateway","Route Management"],"fullName":"APIGateway Route Management should remove route","status":"passed","title":"should remove route","duration":0.7572000000000116,"failureMessages":[],"meta":{}},{"ancestorTitles":["APIGateway","Route Management"],"fullName":"APIGateway Route Management should return false when removing non-existent route","status":"passed","title":"should return false when removing non-existent route","duration":0.5229000000000497,"failureMessages":[],"meta":{}},{"ancestorTitles":["APIGateway","Route Management"],"fullName":"APIGateway Route Management should get all routes","status":"passed","title":"should get all routes","duration":0.7024000000000115,"failureMessages":[],"meta":{}},{"ancestorTitles":["APIGateway","Intelligent Routing"],"fullName":"APIGateway Intelligent Routing should find route by path and method","status":"passed","title":"should find route by path and method","duration":0.7522000000000162,"failureMessages":[],"meta":{}},{"ancestorTitles":["APIGateway","Intelligent Routing"],"fullName":"APIGateway Intelligent Routing should return null for non-existent route","status":"passed","title":"should return null for non-existent route","duration":0.5773000000000366,"failureMessages":[],"meta":{}},{"ancestorTitles":["APIGateway","Intelligent Routing"],"fullName":"APIGateway Intelligent Routing should match route with conditions","status":"passed","title":"should match route with conditions","duration":0.5461999999999989,"failureMessages":[],"meta":{}},{"ancestorTitles":["APIGateway","Intelligent Routing"],"fullName":"APIGateway Intelligent Routing should not match route when conditions fail","status":"passed","title":"should not match route when conditions fail","duration":0.4233000000000402,"failureMessages":[],"meta":{}},{"ancestorTitles":["APIGateway","Intelligent Routing"],"fullName":"APIGateway Intelligent Routing should prioritize routes by priority","status":"passed","title":"should prioritize routes by priority","duration":3.9064999999999372,"failureMessages":[],"meta":{}},{"ancestorTitles":["APIGateway","Load Balancing"],"fullName":"APIGateway Load Balancing should select service with round-robin strategy","status":"passed","title":"should select service with round-robin strategy","duration":0.7861000000000331,"failureMessages":[],"meta":{}},{"ancestorTitles":["APIGateway","Load Balancing"],"fullName":"APIGateway Load Balancing should select service with least-connections strategy","status":"passed","title":"should select service with least-connections strategy","duration":0.5942000000000007,"failureMessages":[],"meta":{}},{"ancestorTitles":["APIGateway","Load Balancing"],"fullName":"APIGateway Load Balancing should select service with weighted strategy","status":"passed","title":"should select service with weighted strategy","duration":0.8183999999999969,"failureMessages":[],"meta":{}},{"ancestorTitles":["APIGateway","Load Balancing"],"fullName":"APIGateway Load Balancing should select service with ip-hash strategy","status":"passed","title":"should select service with ip-hash strategy","duration":0.5832000000000335,"failureMessages":[],"meta":{}},{"ancestorTitles":["APIGateway","Load Balancing"],"fullName":"APIGateway Load Balancing should select service with response-time strategy","status":"passed","title":"should select service with response-time strategy","duration":0.5462999999999738,"failureMessages":[],"meta":{}},{"ancestorTitles":["APIGateway","Load Balancing"],"fullName":"APIGateway Load Balancing should return null when no healthy services available","status":"passed","title":"should return null when no healthy services available","duration":0.39469999999994343,"failureMessages":[],"meta":{}},{"ancestorTitles":["APIGateway","Statistics and Metrics"],"fullName":"APIGateway Statistics and Metrics should record request metrics","status":"passed","title":"should record request metrics","duration":0.6159000000000106,"failureMessages":[],"meta":{}},{"ancestorTitles":["APIGateway","Statistics and Metrics"],"fullName":"APIGateway Statistics and Metrics should get comprehensive gateway statistics","status":"passed","title":"should get comprehensive gateway statistics","duration":0.7345000000000255,"failureMessages":[],"meta":{}},{"ancestorTitles":["APIGateway","Health Checks"],"fullName":"APIGateway Health Checks should perform successful health check","status":"passed","title":"should perform successful health check","duration":0.814899999999966,"failureMessages":[],"meta":{}},{"ancestorTitles":["APIGateway","Health Checks"],"fullName":"APIGateway Health Checks should handle failed health check","status":"passed","title":"should handle failed health check","duration":0.6236999999999853,"failureMessages":[],"meta":{}},{"ancestorTitles":["APIGateway","Utility Methods","matchesPath"],"fullName":"APIGateway Utility Methods matchesPath should match exact paths","status":"passed","title":"should match exact paths","duration":0.3854999999999791,"failureMessages":[],"meta":{}},{"ancestorTitles":["APIGateway","Utility Methods","matchesPath"],"fullName":"APIGateway Utility Methods matchesPath should match paths with parameters","status":"passed","title":"should match paths with parameters","duration":0.3389999999999418,"failureMessages":[],"meta":{}},{"ancestorTitles":["APIGateway","Utility Methods","matchesPath"],"fullName":"APIGateway Utility Methods matchesPath should not match different paths","status":"passed","title":"should not match different paths","duration":2.9802000000000817,"failureMessages":[],"meta":{}},{"ancestorTitles":["APIGateway","Utility Methods","matchesPath"],"fullName":"APIGateway Utility Methods matchesPath should not match paths with different segment counts","status":"passed","title":"should not match paths with different segment counts","duration":0.3645999999999958,"failureMessages":[],"meta":{}},{"ancestorTitles":["APIGateway","Utility Methods","matchesConditions"],"fullName":"APIGateway Utility Methods matchesConditions should return true for empty conditions","status":"passed","title":"should return true for empty conditions","duration":0.341199999999958,"failureMessages":[],"meta":{}},{"ancestorTitles":["APIGateway","Utility Methods","matchesConditions"],"fullName":"APIGateway Utility Methods matchesConditions should match header conditions","status":"passed","title":"should match header conditions","duration":0.40219999999999345,"failureMessages":[],"meta":{}},{"ancestorTitles":["APIGateway","Utility Methods","matchesConditions"],"fullName":"APIGateway Utility Methods matchesConditions should match query conditions","status":"passed","title":"should match query conditions","duration":0.35979999999995016,"failureMessages":[],"meta":{}},{"ancestorTitles":["APIGateway","Utility Methods","matchesConditions"],"fullName":"APIGateway Utility Methods matchesConditions should handle regex conditions","status":"passed","title":"should handle regex conditions","duration":7.641200000000026,"failureMessages":[],"meta":{}},{"ancestorTitles":["APIGateway","Default Initialization"],"fullName":"APIGateway Default Initialization should initialize with default services","status":"passed","title":"should initialize with default services","duration":0.5428999999999178,"failureMessages":[],"meta":{}},{"ancestorTitles":["APIGateway","Default Initialization"],"fullName":"APIGateway Default Initialization should initialize with default routes","status":"passed","title":"should initialize with default routes","duration":0.43669999999997344,"failureMessages":[],"meta":{}},{"ancestorTitles":["Global Instance"],"fullName":"Global Instance should export global apiGateway instance","status":"passed","title":"should export global apiGateway instance","duration":0.12329999999997199,"failureMessages":[],"meta":{}}],"startTime":1758724586214,"endTime":1758724586256.4368,"status":"passed","message":"","name":"C:/Users/Usuario/ECONEURA-IA-1.worktrees/fix/ci-generate-score-fix/apps/api/src/lib/gateway.test.ts"},{"assertionResults":[{"ancestorTitles":["InteractionsSasAvService"],"fullName":"InteractionsSasAvService should create interaction","status":"passed","title":"should create interaction","duration":2.308499999999981,"failureMessages":[],"meta":{}},{"ancestorTitles":["InteractionsSasAvService"],"fullName":"InteractionsSasAvService should analyze sentiment","status":"passed","title":"should analyze sentiment","duration":0.7168000000000347,"failureMessages":[],"meta":{}},{"ancestorTitles":["InteractionsSasAvService"],"fullName":"InteractionsSasAvService should analyze voice","status":"passed","title":"should analyze voice","duration":0.36750000000006366,"failureMessages":[],"meta":{}}],"startTime":1758724587790,"endTime":1758724587794.3674,"status":"passed","message":"","name":"C:/Users/Usuario/ECONEURA-IA-1.worktrees/fix/ci-generate-score-fix/apps/api/src/lib/interactions-sas-av.service.test.ts"},{"assertionResults":[{"ancestorTitles":["IntelligentRateLimiter"],"fullName":"IntelligentRateLimiter should create instance","status":"passed","title":"should create instance","duration":8.285200000000032,"failureMessages":[],"meta":{}},{"ancestorTitles":["IntelligentRateLimiter","Organization Management"],"fullName":"IntelligentRateLimiter Organization Management should add organization with custom config","status":"passed","title":"should add organization with custom config","duration":1.18649999999991,"failureMessages":[],"meta":{}},{"ancestorTitles":["IntelligentRateLimiter","Organization Management"],"fullName":"IntelligentRateLimiter Organization Management should add organization with default config","status":"passed","title":"should add organization with default config","duration":0.6041999999999916,"failureMessages":[],"meta":{}},{"ancestorTitles":["IntelligentRateLimiter","Organization Management"],"fullName":"IntelligentRateLimiter Organization Management should remove organization","status":"passed","title":"should remove organization","duration":0.580600000000004,"failureMessages":[],"meta":{}},{"ancestorTitles":["IntelligentRateLimiter","Organization Management"],"fullName":"IntelligentRateLimiter Organization Management should return false when removing non-existent organization","status":"passed","title":"should return false when removing non-existent organization","duration":0.3973999999999478,"failureMessages":[],"meta":{}},{"ancestorTitles":["IntelligentRateLimiter","Organization Management"],"fullName":"IntelligentRateLimiter Organization Management should check if organization exists","status":"passed","title":"should check if organization exists","duration":0.4379999999999882,"failureMessages":[],"meta":{}},{"ancestorTitles":["IntelligentRateLimiter","Rate Limiting - Token Bucket Strategy"],"fullName":"IntelligentRateLimiter Rate Limiting - Token Bucket Strategy should allow requests within burst size","status":"passed","title":"should allow requests within burst size","duration":1.121599999999944,"failureMessages":[],"meta":{}},{"ancestorTitles":["IntelligentRateLimiter","Rate Limiting - Token Bucket Strategy"],"fullName":"IntelligentRateLimiter Rate Limiting - Token Bucket Strategy should deny requests exceeding burst size","status":"passed","title":"should deny requests exceeding burst size","duration":0.6292999999999438,"failureMessages":[],"meta":{}},{"ancestorTitles":["IntelligentRateLimiter","Rate Limiting - Token Bucket Strategy"],"fullName":"IntelligentRateLimiter Rate Limiting - Token Bucket Strategy should refill tokens over time","status":"passed","title":"should refill tokens over time","duration":0.848700000000008,"failureMessages":[],"meta":{}},{"ancestorTitles":["IntelligentRateLimiter","Rate Limiting - Sliding Window Strategy"],"fullName":"IntelligentRateLimiter Rate Limiting - Sliding Window Strategy should allow requests within window","status":"passed","title":"should allow requests within window","duration":0.7198000000000775,"failureMessages":[],"meta":{}},{"ancestorTitles":["IntelligentRateLimiter","Rate Limiting - Sliding Window Strategy"],"fullName":"IntelligentRateLimiter Rate Limiting - Sliding Window Strategy should deny requests exceeding window limit","status":"passed","title":"should deny requests exceeding window limit","duration":0.4015999999999167,"failureMessages":[],"meta":{}},{"ancestorTitles":["IntelligentRateLimiter","Rate Limiting - Sliding Window Strategy"],"fullName":"IntelligentRateLimiter Rate Limiting - Sliding Window Strategy should reset window after time passes","status":"passed","title":"should reset window after time passes","duration":0.43029999999998836,"failureMessages":[],"meta":{}},{"ancestorTitles":["IntelligentRateLimiter","Statistics and Monitoring"],"fullName":"IntelligentRateLimiter Statistics and Monitoring should get organization statistics","status":"passed","title":"should get organization statistics","duration":6.391499999999951,"failureMessages":[],"meta":{}},{"ancestorTitles":["IntelligentRateLimiter","Statistics and Monitoring"],"fullName":"IntelligentRateLimiter Statistics and Monitoring should return null for non-existent organization stats","status":"passed","title":"should return null for non-existent organization stats","duration":0.5412999999999784,"failureMessages":[],"meta":{}},{"ancestorTitles":["IntelligentRateLimiter","Statistics and Monitoring"],"fullName":"IntelligentRateLimiter Statistics and Monitoring should get all organizations","status":"passed","title":"should get all organizations","duration":0.5688000000000102,"failureMessages":[],"meta":{}},{"ancestorTitles":["IntelligentRateLimiter","Statistics and Monitoring"],"fullName":"IntelligentRateLimiter Statistics and Monitoring should reset organization","status":"passed","title":"should reset organization","duration":0.7860000000000582,"failureMessages":[],"meta":{}},{"ancestorTitles":["IntelligentRateLimiter","Statistics and Monitoring"],"fullName":"IntelligentRateLimiter Statistics and Monitoring should return false when resetting non-existent organization","status":"passed","title":"should return false when resetting non-existent organization","duration":0.3675999999999249,"failureMessages":[],"meta":{}},{"ancestorTitles":["IntelligentRateLimiter","Statistics and Monitoring"],"fullName":"IntelligentRateLimiter Statistics and Monitoring should get global statistics","status":"passed","title":"should get global statistics","duration":0.9394999999999527,"failureMessages":[],"meta":{}},{"ancestorTitles":["IntelligentRateLimiter","Default Initialization"],"fullName":"IntelligentRateLimiter Default Initialization should initialize with default organizations","status":"passed","title":"should initialize with default organizations","duration":0.5774999999999864,"failureMessages":[],"meta":{}},{"ancestorTitles":["IntelligentRateLimiter","Strategy Implementations","Token Bucket Strategy"],"fullName":"IntelligentRateLimiter Strategy Implementations Token Bucket Strategy should handle token bucket logic correctly","status":"passed","title":"should handle token bucket logic correctly","duration":0.484299999999962,"failureMessages":[],"meta":{}},{"ancestorTitles":["IntelligentRateLimiter","Strategy Implementations","Sliding Window Strategy"],"fullName":"IntelligentRateLimiter Strategy Implementations Sliding Window Strategy should handle sliding window logic correctly","status":"passed","title":"should handle sliding window logic correctly","duration":0.49919999999997344,"failureMessages":[],"meta":{}},{"ancestorTitles":["IntelligentRateLimiter","Strategy Implementations","Fixed Window Strategy"],"fullName":"IntelligentRateLimiter Strategy Implementations Fixed Window Strategy should handle fixed window logic correctly","status":"passed","title":"should handle fixed window logic correctly","duration":0.5259999999999536,"failureMessages":[],"meta":{}},{"ancestorTitles":["Global Instance"],"fullName":"Global Instance should export global rateLimiter instance","status":"passed","title":"should export global rateLimiter instance","duration":0.2441000000000031,"failureMessages":[],"meta":{}}],"startTime":1758724586982,"endTime":1758724587011.2441,"status":"passed","message":"","name":"C:/Users/Usuario/ECONEURA-IA-1.worktrees/fix/ci-generate-score-fix/apps/api/src/lib/rate-limiting.test.ts"},{"assertionResults":[{"ancestorTitles":["RowLevelSecurity","Context Management"],"fullName":"RowLevelSecurity Context Management should set and get context correctly","status":"passed","title":"should set and get context correctly","duration":3.404899999999998,"failureMessages":[],"meta":{}},{"ancestorTitles":["RowLevelSecurity","Context Management"],"fullName":"RowLevelSecurity Context Management should return null when no context is set","status":"passed","title":"should return null when no context is set","duration":0.8618999999999915,"failureMessages":[],"meta":{}},{"ancestorTitles":["RowLevelSecurity","Context Management"],"fullName":"RowLevelSecurity Context Management should clear context correctly","status":"passed","title":"should clear context correctly","duration":0.8000999999999294,"failureMessages":[],"meta":{}},{"ancestorTitles":["RowLevelSecurity","Rule Management"],"fullName":"RowLevelSecurity Rule Management should create a rule successfully","status":"passed","title":"should create a rule successfully","duration":1.0913000000000466,"failureMessages":[],"meta":{}},{"ancestorTitles":["RowLevelSecurity","Rule Management"],"fullName":"RowLevelSecurity Rule Management should update a rule successfully","status":"passed","title":"should update a rule successfully","duration":4.311899999999923,"failureMessages":[],"meta":{}},{"ancestorTitles":["RowLevelSecurity","Rule Management"],"fullName":"RowLevelSecurity Rule Management should return false when updating non-existent rule","status":"passed","title":"should return false when updating non-existent rule","duration":0.7737999999999374,"failureMessages":[],"meta":{}},{"ancestorTitles":["RowLevelSecurity","Rule Management"],"fullName":"RowLevelSecurity Rule Management should delete a rule successfully","status":"passed","title":"should delete a rule successfully","duration":0.8754999999999882,"failureMessages":[],"meta":{}},{"ancestorTitles":["RowLevelSecurity","Rule Management"],"fullName":"RowLevelSecurity Rule Management should return false when deleting non-existent rule","status":"passed","title":"should return false when deleting non-existent rule","duration":0.5142999999999347,"failureMessages":[],"meta":{}},{"ancestorTitles":["RowLevelSecurity","Rule Management"],"fullName":"RowLevelSecurity Rule Management should get rules by organization","status":"passed","title":"should get rules by organization","duration":1.8284999999999627,"failureMessages":[],"meta":{}},{"ancestorTitles":["RowLevelSecurity","Rule Management"],"fullName":"RowLevelSecurity Rule Management should get rules by table","status":"passed","title":"should get rules by table","duration":1.0632999999999129,"failureMessages":[],"meta":{}},{"ancestorTitles":["RowLevelSecurity","Filter Application"],"fullName":"RowLevelSecurity Filter Application should apply RLS filters correctly","status":"passed","title":"should apply RLS filters correctly","duration":0.8488999999999578,"failureMessages":[],"meta":{}},{"ancestorTitles":["RowLevelSecurity","Filter Application"],"fullName":"RowLevelSecurity Filter Application should apply default filters when no context","status":"passed","title":"should apply default filters when no context","duration":0.6358999999999924,"failureMessages":[],"meta":{}},{"ancestorTitles":["RowLevelSecurity","Input Sanitization"],"fullName":"RowLevelSecurity Input Sanitization should sanitize user input","status":"passed","title":"should sanitize user input","duration":0.8355000000000246,"failureMessages":[],"meta":{}},{"ancestorTitles":["RowLevelSecurity","Input Sanitization"],"fullName":"RowLevelSecurity Input Sanitization should sanitize budget input","status":"passed","title":"should sanitize budget input","duration":0.6656000000000404,"failureMessages":[],"meta":{}},{"ancestorTitles":["RowLevelSecurity","Input Sanitization"],"fullName":"RowLevelSecurity Input Sanitization should not sanitize when no context","status":"passed","title":"should not sanitize when no context","duration":0.7518999999999778,"failureMessages":[],"meta":{}},{"ancestorTitles":["RowLevelSecurity","Output Validation"],"fullName":"RowLevelSecurity Output Validation should validate correct organization data","status":"passed","title":"should validate correct organization data","duration":0.5827999999999065,"failureMessages":[],"meta":{}},{"ancestorTitles":["RowLevelSecurity","Output Validation"],"fullName":"RowLevelSecurity Output Validation should reject data from different organization","status":"passed","title":"should reject data from different organization","duration":0.636199999999917,"failureMessages":[],"meta":{}},{"ancestorTitles":["RowLevelSecurity","Output Validation"],"fullName":"RowLevelSecurity Output Validation should reject validation when no context","status":"passed","title":"should reject validation when no context","duration":0.6100000000000136,"failureMessages":[],"meta":{}},{"ancestorTitles":["RowLevelSecurity","Statistics"],"fullName":"RowLevelSecurity Statistics should return correct stats when no rules","status":"passed","title":"should return correct stats when no rules","duration":0.7223000000000184,"failureMessages":[],"meta":{}},{"ancestorTitles":["RowLevelSecurity","Statistics"],"fullName":"RowLevelSecurity Statistics should return correct stats with rules and context","status":"passed","title":"should return correct stats with rules and context","duration":0.8306999999999789,"failureMessages":[],"meta":{}},{"ancestorTitles":["RowLevelSecurity","Global Instance"],"fullName":"RowLevelSecurity Global Instance should export a global RLS instance","status":"passed","title":"should export a global RLS instance","duration":4.834800000000087,"failureMessages":[],"meta":{}},{"ancestorTitles":["RowLevelSecurity","Global Instance"],"fullName":"RowLevelSecurity Global Instance should allow setting context on global instance","status":"passed","title":"should allow setting context on global instance","duration":2.389099999999985,"failureMessages":[],"meta":{}},{"ancestorTitles":["RowLevelSecurity","Default Rules Initialization"],"fullName":"RowLevelSecurity Default Rules Initialization should initialize with default rules","status":"passed","title":"should initialize with default rules","duration":0.6793999999999869,"failureMessages":[],"meta":{}},{"ancestorTitles":["RowLevelSecurity","Error Handling"],"fullName":"RowLevelSecurity Error Handling should handle invalid inputs gracefully","status":"passed","title":"should handle invalid inputs gracefully","duration":1.2890999999999622,"failureMessages":[],"meta":{}}],"startTime":1758724585340,"endTime":1758724585372.289,"status":"passed","message":"","name":"C:/Users/Usuario/ECONEURA-IA-1.worktrees/fix/ci-generate-score-fix/apps/api/src/lib/rls.test.ts"},{"assertionResults":[{"ancestorTitles":["smoke"],"fullName":"smoke 2+2=4","status":"passed","title":"2+2=4","duration":1.5713000000000648,"failureMessages":[],"meta":{}}],"startTime":1758724587821,"endTime":1758724587822.5713,"status":"passed","message":"","name":"C:/Users/Usuario/ECONEURA-IA-1.worktrees/fix/ci-generate-score-fix/apps/api/src/controllers/__tests__/contract.test.ts"},{"assertionResults":[{"ancestorTitles":["smoke"],"fullName":"smoke 2+2=4","status":"passed","title":"2+2=4","duration":1.6240999999999985,"failureMessages":[],"meta":{}}],"startTime":1758724588612,"endTime":1758724588613.624,"status":"passed","message":"","name":"C:/Users/Usuario/ECONEURA-IA-1.worktrees/fix/ci-generate-score-fix/apps/api/src/services/__tests__/contract.test.ts"},{"assertionResults":[{"ancestorTitles":["smoke"],"fullName":"smoke 2+2=4","status":"passed","title":"2+2=4","duration":1.6504999999999654,"failureMessages":[],"meta":{}}],"startTime":1758724588598,"endTime":1758724588599.6504,"status":"passed","message":"","name":"C:/Users/Usuario/ECONEURA-IA-1.worktrees/fix/ci-generate-score-fix/apps/api/src/utils/__tests__/smoke.test.ts"},{"assertionResults":[{"ancestorTitles":["Health Endpoints"],"fullName":"Health Endpoints GET /health/live should return 200","status":"passed","title":"GET /health/live should return 200","duration":39.80670000000009,"failureMessages":[],"meta":{}}],"startTime":1758724587054,"endTime":1758724587093.8066,"status":"passed","message":"","name":"C:/Users/Usuario/ECONEURA-IA-1.worktrees/fix/ci-generate-score-fix/apps/api/src/__tests__/integration/health.test.ts"},{"assertionResults":[{"ancestorTitles":["Navigation Component Accessibility","Basic Navigation Accessibility"],"fullName":"Navigation Component Accessibility Basic Navigation Accessibility should have no accessibility violations","status":"passed","title":"should have no accessibility violations","duration":99.2487000000001,"failureMessages":[],"meta":{}},{"ancestorTitles":["Navigation Component Accessibility","Basic Navigation Accessibility"],"fullName":"Navigation Component Accessibility Basic Navigation Accessibility should pass all accessibility tests","status":"passed","title":"should pass all accessibility tests","duration":517.2792000000004,"failureMessages":[],"meta":{}},{"ancestorTitles":["Navigation Component Accessibility","Basic Navigation Accessibility"],"fullName":"Navigation Component Accessibility Basic Navigation Accessibility should have proper navigation structure","status":"passed","title":"should have proper navigation structure","duration":294.53160000000025,"failureMessages":[],"meta":{}},{"ancestorTitles":["Navigation Component Accessibility","Basic Navigation Accessibility"],"fullName":"Navigation Component Accessibility Basic Navigation Accessibility should have proper link labels","status":"passed","title":"should have proper link labels","duration":720.9314000000004,"failureMessages":[],"meta":{}},{"ancestorTitles":["Navigation Component Accessibility","Current Page Indication"],"fullName":"Navigation Component Accessibility Current Page Indication should indicate current page properly","status":"passed","title":"should indicate current page properly","duration":114.54060000000027,"failureMessages":[],"meta":{}},{"ancestorTitles":["Navigation Component Accessibility","Current Page Indication"],"fullName":"Navigation Component Accessibility Current Page Indication should not indicate non-current pages","status":"passed","title":"should not indicate non-current pages","duration":155.03729999999996,"failureMessages":[],"meta":{}},{"ancestorTitles":["Navigation Component Accessibility","Navigation with Custom Items"],"fullName":"Navigation Component Accessibility Navigation with Custom Items should be accessible with custom navigation items","status":"passed","title":"should be accessible with custom navigation items","duration":98.27770000000055,"failureMessages":[],"meta":{}},{"ancestorTitles":["Navigation Component Accessibility","Navigation with Custom Items"],"fullName":"Navigation Component Accessibility Navigation with Custom Items should handle custom current page","status":"passed","title":"should handle custom current page","duration":19.14760000000024,"failureMessages":[],"meta":{}},{"ancestorTitles":["Navigation Component Accessibility","Mobile Navigation Accessibility"],"fullName":"Navigation Component Accessibility Mobile Navigation Accessibility should have no accessibility violations when closed","status":"passed","title":"should have no accessibility violations when closed","duration":54.014000000000124,"failureMessages":[],"meta":{}},{"ancestorTitles":["Navigation Component Accessibility","Mobile Navigation Accessibility"],"fullName":"Navigation Component Accessibility Mobile Navigation Accessibility should have no accessibility violations when open","status":"passed","title":"should have no accessibility violations when open","duration":46.28070000000025,"failureMessages":[],"meta":{}},{"ancestorTitles":["Navigation Component Accessibility","Mobile Navigation Accessibility"],"fullName":"Navigation Component Accessibility Mobile Navigation Accessibility should have proper mobile navigation structure","status":"passed","title":"should have proper mobile navigation structure","duration":114.41919999999936,"failureMessages":[],"meta":{}},{"ancestorTitles":["Navigation Component Accessibility","Mobile Navigation Accessibility"],"fullName":"Navigation Component Accessibility Mobile Navigation Accessibility should toggle mobile menu properly","status":"passed","title":"should toggle mobile menu properly","duration":132.3701000000001,"failureMessages":[],"meta":{}},{"ancestorTitles":["Navigation Component Accessibility","Mobile Navigation Accessibility"],"fullName":"Navigation Component Accessibility Mobile Navigation Accessibility should have proper menu items when open","status":"passed","title":"should have proper menu items when open","duration":117.55020000000059,"failureMessages":[],"meta":{}},{"ancestorTitles":["Navigation Component Accessibility","Breadcrumb Navigation Accessibility"],"fullName":"Navigation Component Accessibility Breadcrumb Navigation Accessibility should have no accessibility violations","status":"passed","title":"should have no accessibility violations","duration":30.52559999999994,"failureMessages":[],"meta":{}},{"ancestorTitles":["Navigation Component Accessibility","Breadcrumb Navigation Accessibility"],"fullName":"Navigation Component Accessibility Breadcrumb Navigation Accessibility should pass all accessibility tests","status":"passed","title":"should pass all accessibility tests","duration":51.6846000000005,"failureMessages":[],"meta":{}},{"ancestorTitles":["Navigation Component Accessibility","Breadcrumb Navigation Accessibility"],"fullName":"Navigation Component Accessibility Breadcrumb Navigation Accessibility should have proper breadcrumb structure","status":"passed","title":"should have proper breadcrumb structure","duration":118.10809999999947,"failureMessages":[],"meta":{}},{"ancestorTitles":["Navigation Component Accessibility","Breadcrumb Navigation Accessibility"],"fullName":"Navigation Component Accessibility Breadcrumb Navigation Accessibility should indicate current page in breadcrumb","status":"passed","title":"should indicate current page in breadcrumb","duration":381.03780000000006,"failureMessages":[],"meta":{}},{"ancestorTitles":["Navigation Component Accessibility","Breadcrumb Navigation Accessibility"],"fullName":"Navigation Component Accessibility Breadcrumb Navigation Accessibility should have proper separators","status":"passed","title":"should have proper separators","duration":3.6557000000002517,"failureMessages":[],"meta":{}},{"ancestorTitles":["Navigation Component Accessibility","Navigation Focus Management"],"fullName":"Navigation Component Accessibility Navigation Focus Management should handle keyboard navigation","status":"passed","title":"should handle keyboard navigation","duration":181.06990000000042,"failureMessages":[],"meta":{}},{"ancestorTitles":["Navigation Component Accessibility","Navigation Focus Management"],"fullName":"Navigation Component Accessibility Navigation Focus Management should handle mobile menu keyboard navigation","status":"passed","title":"should handle mobile menu keyboard navigation","duration":267.16380000000026,"failureMessages":[],"meta":{}},{"ancestorTitles":["Navigation Component Accessibility","Navigation with ARIA Attributes"],"fullName":"Navigation Component Accessibility Navigation with ARIA Attributes should be accessible with custom ARIA labels","status":"passed","title":"should be accessible with custom ARIA labels","duration":2.1499000000003434,"failureMessages":[],"meta":{}},{"ancestorTitles":["Navigation Component Accessibility","Navigation with ARIA Attributes"],"fullName":"Navigation Component Accessibility Navigation with ARIA Attributes should have proper ARIA relationships","status":"passed","title":"should have proper ARIA relationships","duration":305.78789999999935,"failureMessages":[],"meta":{}},{"ancestorTitles":["Navigation Component Accessibility","Navigation with Skip Links"],"fullName":"Navigation Component Accessibility Navigation with Skip Links should be accessible with skip links","status":"passed","title":"should be accessible with skip links","duration":3.677099999999882,"failureMessages":[],"meta":{}},{"ancestorTitles":["Navigation Component Accessibility","Navigation with Skip Links"],"fullName":"Navigation Component Accessibility Navigation with Skip Links should have proper skip link structure","status":"passed","title":"should have proper skip link structure","duration":36.52510000000075,"failureMessages":[],"meta":{}},{"ancestorTitles":["Navigation Component Accessibility","Navigation with Dropdown Menus"],"fullName":"Navigation Component Accessibility Navigation with Dropdown Menus should be accessible with dropdown menus","status":"passed","title":"should be accessible with dropdown menus","duration":79.40110000000004,"failureMessages":[],"meta":{}},{"ancestorTitles":["Navigation Component Accessibility","Navigation with Dropdown Menus"],"fullName":"Navigation Component Accessibility Navigation with Dropdown Menus should have proper dropdown structure","status":"passed","title":"should have proper dropdown structure","duration":67.33939999999984,"failureMessages":[],"meta":{}},{"ancestorTitles":["Navigation Component Accessibility","Navigation with Dropdown Menus"],"fullName":"Navigation Component Accessibility Navigation with Dropdown Menus should toggle dropdown properly","status":"passed","title":"should toggle dropdown properly","duration":135.77900000000045,"failureMessages":[],"meta":{}}],"startTime":1758724574036,"endTime":1758724578221.779,"status":"passed","message":"","name":"C:/Users/Usuario/ECONEURA-IA-1.worktrees/fix/ci-generate-score-fix/apps/web/src/components/navigation.test.tsx"},{"assertionResults":[],"startTime":1758724569945,"endTime":1758724569945,"status":"failed","message":"Failed to resolve import \"@/lib/utils\" from \"apps/web/src/components/ui/button.tsx\". Does the file exist?","name":"C:/Users/Usuario/ECONEURA-IA-1.worktrees/fix/ci-generate-score-fix/apps/web/src/components/ui/button.test.tsx"},{"assertionResults":[],"startTime":1758724569945,"endTime":1758724569945,"status":"failed","message":"Failed to resolve import \"@/lib/utils\" from \"apps/web/src/components/ui/card.tsx\". Does the file exist?","name":"C:/Users/Usuario/ECONEURA-IA-1.worktrees/fix/ci-generate-score-fix/apps/web/src/components/ui/card.test.tsx"},{"assertionResults":[],"startTime":1758724569945,"endTime":1758724569945,"status":"failed","message":"Failed to resolve import \"@/lib/utils\" from \"apps/web/src/components/ui/button.tsx\". Does the file exist?","name":"C:/Users/Usuario/ECONEURA-IA-1.worktrees/fix/ci-generate-score-fix/apps/web/src/components/ui/form.test.tsx"},{"assertionResults":[],"startTime":1758724569945,"endTime":1758724569945,"status":"failed","message":"Transform failed with 1 error:\nC:/Users/Usuario/ECONEURA-IA-1.worktrees/fix/ci-generate-score-fix/apps/web/src/components/ui/table.test.tsx:415:39: ERROR: Expected \";\" but found \")\"","name":"C:/Users/Usuario/ECONEURA-IA-1.worktrees/fix/ci-generate-score-fix/apps/web/src/components/ui/table.test.tsx"},{"assertionResults":[{"ancestorTitles":["smoke"],"fullName":"smoke 2+2=4","status":"passed","title":"2+2=4","duration":5.7444000000000415,"failureMessages":[],"meta":{}}],"startTime":1758724584665,"endTime":1758724584670.7444,"status":"passed","message":"","name":"C:/Users/Usuario/ECONEURA-IA-1.worktrees/fix/ci-generate-score-fix/apps/web/src/controllers/__tests__/contract.test.ts"},{"assertionResults":[{"ancestorTitles":["smoke"],"fullName":"smoke 2+2=4","status":"passed","title":"2+2=4","duration":4.613900000000058,"failureMessages":[],"meta":{}}],"startTime":1758724583479,"endTime":1758724583483.614,"status":"passed","message":"","name":"C:/Users/Usuario/ECONEURA-IA-1.worktrees/fix/ci-generate-score-fix/apps/web/src/services/__tests__/contract.test.ts"},{"assertionResults":[{"ancestorTitles":["smoke"],"fullName":"smoke 2+2=4","status":"passed","title":"2+2=4","duration":1.6453000000001339,"failureMessages":[],"meta":{}}],"startTime":1758724583221,"endTime":1758724583222.6453,"status":"passed","message":"","name":"C:/Users/Usuario/ECONEURA-IA-1.worktrees/fix/ci-generate-score-fix/apps/web/src/utils/__tests__/smoke.test.ts"},{"assertionResults":[],"startTime":1758724569945,"endTime":1758724569945,"status":"failed","message":"Failed to resolve import \"next/server\" from \"apps/web/src/app/api/econeura/[...path]/route.ts\". Does the file exist?","name":"C:/Users/Usuario/ECONEURA-IA-1.worktrees/fix/ci-generate-score-fix/apps/web/src/app/api/econeura/[...path]/route.test.ts"}]}