{"numTotalTestSuites":198,"numPassedTestSuites":171,"numFailedTestSuites":27,"numPendingTestSuites":0,"numTotalTests":432,"numPassedTests":414,"numFailedTests":18,"numPendingTests":0,"numTodoTests":0,"snapshot":{"added":0,"failure":false,"filesAdded":0,"filesRemoved":0,"filesRemovedList":[],"filesUnmatched":0,"filesUpdated":0,"matched":0,"total":0,"unchecked":0,"uncheckedKeysByFile":[],"unmatched":0,"updated":0,"didUpdate":false},"startTime":1758806150744,"success":false,"testResults":[{"assertionResults":[{"ancestorTitles":["Navigation Component Accessibility","Basic Navigation Accessibility"],"fullName":"Navigation Component Accessibility Basic Navigation Accessibility should have no accessibility violations","status":"passed","title":"should have no accessibility violations","duration":31,"failureMessages":[],"meta":{}},{"ancestorTitles":["Navigation Component Accessibility","Basic Navigation Accessibility"],"fullName":"Navigation Component Accessibility Basic Navigation Accessibility should pass all accessibility tests","status":"passed","title":"should pass all accessibility tests","duration":18.005199999999604,"failureMessages":[],"meta":{}},{"ancestorTitles":["Navigation Component Accessibility","Basic Navigation Accessibility"],"fullName":"Navigation Component Accessibility Basic Navigation Accessibility should have proper navigation structure","status":"passed","title":"should have proper navigation structure","duration":26.596999999999753,"failureMessages":[],"meta":{}},{"ancestorTitles":["Navigation Component Accessibility","Basic Navigation Accessibility"],"fullName":"Navigation Component Accessibility Basic Navigation Accessibility should have proper link labels","status":"passed","title":"should have proper link labels","duration":43.9378999999999,"failureMessages":[],"meta":{}},{"ancestorTitles":["Navigation Component Accessibility","Current Page Indication"],"fullName":"Navigation Component Accessibility Current Page Indication should indicate current page properly","status":"passed","title":"should indicate current page properly","duration":26.55639999999994,"failureMessages":[],"meta":{}},{"ancestorTitles":["Navigation Component Accessibility","Current Page Indication"],"fullName":"Navigation Component Accessibility Current Page Indication should not indicate non-current pages","status":"passed","title":"should not indicate non-current pages","duration":10.640199999999822,"failureMessages":[],"meta":{}},{"ancestorTitles":["Navigation Component Accessibility","Navigation with Custom Items"],"fullName":"Navigation Component Accessibility Navigation with Custom Items should be accessible with custom navigation items","status":"passed","title":"should be accessible with custom navigation items","duration":5.11160000000018,"failureMessages":[],"meta":{}},{"ancestorTitles":["Navigation Component Accessibility","Navigation with Custom Items"],"fullName":"Navigation Component Accessibility Navigation with Custom Items should handle custom current page","status":"passed","title":"should handle custom current page","duration":3.268800000000283,"failureMessages":[],"meta":{}},{"ancestorTitles":["Navigation Component Accessibility","Mobile Navigation Accessibility"],"fullName":"Navigation Component Accessibility Mobile Navigation Accessibility should have no accessibility violations when closed","status":"passed","title":"should have no accessibility violations when closed","duration":3.0135999999997694,"failureMessages":[],"meta":{}},{"ancestorTitles":["Navigation Component Accessibility","Mobile Navigation Accessibility"],"fullName":"Navigation Component Accessibility Mobile Navigation Accessibility should have no accessibility violations when open","status":"passed","title":"should have no accessibility violations when open","duration":28.41760000000022,"failureMessages":[],"meta":{}},{"ancestorTitles":["Navigation Component Accessibility","Mobile Navigation Accessibility"],"fullName":"Navigation Component Accessibility Mobile Navigation Accessibility should have proper mobile navigation structure","status":"passed","title":"should have proper mobile navigation structure","duration":43.33860000000004,"failureMessages":[],"meta":{}},{"ancestorTitles":["Navigation Component Accessibility","Mobile Navigation Accessibility"],"fullName":"Navigation Component Accessibility Mobile Navigation Accessibility should toggle mobile menu properly","status":"passed","title":"should toggle mobile menu properly","duration":14.104899999999816,"failureMessages":[],"meta":{}},{"ancestorTitles":["Navigation Component Accessibility","Mobile Navigation Accessibility"],"fullName":"Navigation Component Accessibility Mobile Navigation Accessibility should have proper menu items when open","status":"passed","title":"should have proper menu items when open","duration":9.952600000000075,"failureMessages":[],"meta":{}},{"ancestorTitles":["Navigation Component Accessibility","Breadcrumb Navigation Accessibility"],"fullName":"Navigation Component Accessibility Breadcrumb Navigation Accessibility should have no accessibility violations","status":"passed","title":"should have no accessibility violations","duration":27.209899999999834,"failureMessages":[],"meta":{}},{"ancestorTitles":["Navigation Component Accessibility","Breadcrumb Navigation Accessibility"],"fullName":"Navigation Component Accessibility Breadcrumb Navigation Accessibility should pass all accessibility tests","status":"passed","title":"should pass all accessibility tests","duration":23.339300000000094,"failureMessages":[],"meta":{}},{"ancestorTitles":["Navigation Component Accessibility","Breadcrumb Navigation Accessibility"],"fullName":"Navigation Component Accessibility Breadcrumb Navigation Accessibility should have proper breadcrumb structure","status":"passed","title":"should have proper breadcrumb structure","duration":9.652000000000044,"failureMessages":[],"meta":{}},{"ancestorTitles":["Navigation Component Accessibility","Breadcrumb Navigation Accessibility"],"fullName":"Navigation Component Accessibility Breadcrumb Navigation Accessibility should indicate current page in breadcrumb","status":"passed","title":"should indicate current page in breadcrumb","duration":14.529500000000098,"failureMessages":[],"meta":{}},{"ancestorTitles":["Navigation Component Accessibility","Breadcrumb Navigation Accessibility"],"fullName":"Navigation Component Accessibility Breadcrumb Navigation Accessibility should have proper separators","status":"passed","title":"should have proper separators","duration":22.50440000000026,"failureMessages":[],"meta":{}},{"ancestorTitles":["Navigation Component Accessibility","Navigation Focus Management"],"fullName":"Navigation Component Accessibility Navigation Focus Management should handle keyboard navigation","status":"passed","title":"should handle keyboard navigation","duration":8.829400000000078,"failureMessages":[],"meta":{}},{"ancestorTitles":["Navigation Component Accessibility","Navigation Focus Management"],"fullName":"Navigation Component Accessibility Navigation Focus Management should handle mobile menu keyboard navigation","status":"passed","title":"should handle mobile menu keyboard navigation","duration":9.74270000000024,"failureMessages":[],"meta":{}},{"ancestorTitles":["Navigation Component Accessibility","Navigation with ARIA Attributes"],"fullName":"Navigation Component Accessibility Navigation with ARIA Attributes should be accessible with custom ARIA labels","status":"passed","title":"should be accessible with custom ARIA labels","duration":2.2658000000001266,"failureMessages":[],"meta":{}},{"ancestorTitles":["Navigation Component Accessibility","Navigation with ARIA Attributes"],"fullName":"Navigation Component Accessibility Navigation with ARIA Attributes should have proper ARIA relationships","status":"passed","title":"should have proper ARIA relationships","duration":6.10129999999981,"failureMessages":[],"meta":{}},{"ancestorTitles":["Navigation Component Accessibility","Navigation with Skip Links"],"fullName":"Navigation Component Accessibility Navigation with Skip Links should be accessible with skip links","status":"passed","title":"should be accessible with skip links","duration":6.137400000000071,"failureMessages":[],"meta":{}},{"ancestorTitles":["Navigation Component Accessibility","Navigation with Skip Links"],"fullName":"Navigation Component Accessibility Navigation with Skip Links should have proper skip link structure","status":"passed","title":"should have proper skip link structure","duration":17.431300000000192,"failureMessages":[],"meta":{}},{"ancestorTitles":["Navigation Component Accessibility","Navigation with Dropdown Menus"],"fullName":"Navigation Component Accessibility Navigation with Dropdown Menus should be accessible with dropdown menus","status":"passed","title":"should be accessible with dropdown menus","duration":3.6008999999999105,"failureMessages":[],"meta":{}},{"ancestorTitles":["Navigation Component Accessibility","Navigation with Dropdown Menus"],"fullName":"Navigation Component Accessibility Navigation with Dropdown Menus should have proper dropdown structure","status":"passed","title":"should have proper dropdown structure","duration":3.6603000000000065,"failureMessages":[],"meta":{}},{"ancestorTitles":["Navigation Component Accessibility","Navigation with Dropdown Menus"],"fullName":"Navigation Component Accessibility Navigation with Dropdown Menus should toggle dropdown properly","status":"passed","title":"should toggle dropdown properly","duration":30.99250000000029,"failureMessages":[],"meta":{}}],"startTime":1758806162849,"endTime":1758806163300.9924,"status":"passed","message":"","name":"C:/Users/Usuario/ECONEURA-IA-1.worktrees/fix/ci-generate-score-fix/apps/web/src/components/navigation.test.tsx"},{"assertionResults":[{"ancestorTitles":["Button Component Accessibility","Basic Accessibility"],"fullName":"Button Component Accessibility Basic Accessibility should have no accessibility violations","status":"passed","title":"should have no accessibility violations","duration":31.511199999999917,"failureMessages":[],"meta":{}},{"ancestorTitles":["Button Component Accessibility","Basic Accessibility"],"fullName":"Button Component Accessibility Basic Accessibility should pass all accessibility tests","status":"passed","title":"should pass all accessibility tests","duration":24.223799999999756,"failureMessages":[],"meta":{}},{"ancestorTitles":["Button Component Accessibility","Basic Accessibility"],"fullName":"Button Component Accessibility Basic Accessibility should have proper button role","status":"passed","title":"should have proper button role","duration":30.694800000000214,"failureMessages":[],"meta":{}},{"ancestorTitles":["Button Component Accessibility","Basic Accessibility"],"fullName":"Button Component Accessibility Basic Accessibility should be focusable","status":"passed","title":"should be focusable","duration":7.0479999999997744,"failureMessages":[],"meta":{}},{"ancestorTitles":["Button Component Accessibility","Basic Accessibility"],"fullName":"Button Component Accessibility Basic Accessibility should be keyboard accessible","status":"failed","title":"should be keyboard accessible","duration":43.37169999999969,"failureMessages":["AssertionError: expected \"spy\" to be called at least once\n    at Proxy.<anonymous> (file:///C:/Users/Usuario/ECONEURA-IA-1.worktrees/fix/ci-generate-score-fix/node_modules/.pnpm/@vitest+expect@3.2.4/node_modules/@vitest/expect/dist/index.js:1335:10)\n    at Proxy.<anonymous> (file:///C:/Users/Usuario/ECONEURA-IA-1.worktrees/fix/ci-generate-score-fix/node_modules/.pnpm/@vitest+expect@3.2.4/node_modules/@vitest/expect/dist/index.js:1029:14)\n    at Proxy.methodWrapper (file:///C:/Users/Usuario/ECONEURA-IA-1.worktrees/fix/ci-generate-score-fix/node_modules/.pnpm/chai@5.3.3/node_modules/chai/index.js:1686:25)\n    at C:\\Users\\Usuario\\ECONEURA-IA-1.worktrees\\fix\\ci-generate-score-fix\\apps\\web\\src\\components\\ui\\button.test.tsx:52:27\n    at file:///C:/Users/Usuario/ECONEURA-IA-1.worktrees/fix/ci-generate-score-fix/node_modules/.pnpm/@vitest+runner@3.2.4/node_modules/@vitest/runner/dist/chunk-hooks.js:155:11\n    at file:///C:/Users/Usuario/ECONEURA-IA-1.worktrees/fix/ci-generate-score-fix/node_modules/.pnpm/@vitest+runner@3.2.4/node_modules/@vitest/runner/dist/chunk-hooks.js:752:26\n    at file:///C:/Users/Usuario/ECONEURA-IA-1.worktrees/fix/ci-generate-score-fix/node_modules/.pnpm/@vitest+runner@3.2.4/node_modules/@vitest/runner/dist/chunk-hooks.js:1897:20\n    at new Promise (<anonymous>)\n    at runWithTimeout (file:///C:/Users/Usuario/ECONEURA-IA-1.worktrees/fix/ci-generate-score-fix/node_modules/.pnpm/@vitest+runner@3.2.4/node_modules/@vitest/runner/dist/chunk-hooks.js:1863:10)\n    at runTest (file:///C:/Users/Usuario/ECONEURA-IA-1.worktrees/fix/ci-generate-score-fix/node_modules/.pnpm/@vitest+runner@3.2.4/node_modules/@vitest/runner/dist/chunk-hooks.js:1574:12)","AssertionError: expected \"spy\" to be called at least once\n    at Proxy.<anonymous> (file:///C:/Users/Usuario/ECONEURA-IA-1.worktrees/fix/ci-generate-score-fix/node_modules/.pnpm/@vitest+expect@3.2.4/node_modules/@vitest/expect/dist/index.js:1335:10)\n    at Proxy.<anonymous> (file:///C:/Users/Usuario/ECONEURA-IA-1.worktrees/fix/ci-generate-score-fix/node_modules/.pnpm/@vitest+expect@3.2.4/node_modules/@vitest/expect/dist/index.js:1029:14)\n    at Proxy.methodWrapper (file:///C:/Users/Usuario/ECONEURA-IA-1.worktrees/fix/ci-generate-score-fix/node_modules/.pnpm/chai@5.3.3/node_modules/chai/index.js:1686:25)\n    at C:\\Users\\Usuario\\ECONEURA-IA-1.worktrees\\fix\\ci-generate-score-fix\\apps\\web\\src\\components\\ui\\button.test.tsx:52:27\n    at file:///C:/Users/Usuario/ECONEURA-IA-1.worktrees/fix/ci-generate-score-fix/node_modules/.pnpm/@vitest+runner@3.2.4/node_modules/@vitest/runner/dist/chunk-hooks.js:155:11\n    at file:///C:/Users/Usuario/ECONEURA-IA-1.worktrees/fix/ci-generate-score-fix/node_modules/.pnpm/@vitest+runner@3.2.4/node_modules/@vitest/runner/dist/chunk-hooks.js:752:26\n    at file:///C:/Users/Usuario/ECONEURA-IA-1.worktrees/fix/ci-generate-score-fix/node_modules/.pnpm/@vitest+runner@3.2.4/node_modules/@vitest/runner/dist/chunk-hooks.js:1897:20\n    at new Promise (<anonymous>)\n    at runWithTimeout (file:///C:/Users/Usuario/ECONEURA-IA-1.worktrees/fix/ci-generate-score-fix/node_modules/.pnpm/@vitest+runner@3.2.4/node_modules/@vitest/runner/dist/chunk-hooks.js:1863:10)\n    at runTest (file:///C:/Users/Usuario/ECONEURA-IA-1.worktrees/fix/ci-generate-score-fix/node_modules/.pnpm/@vitest+runner@3.2.4/node_modules/@vitest/runner/dist/chunk-hooks.js:1574:12)"],"meta":{}},{"ancestorTitles":["Button Component Accessibility","Button Variants"],"fullName":"Button Component Accessibility Button Variants should be accessible in default variant","status":"passed","title":"should be accessible in default variant","duration":3.2415000000000873,"failureMessages":[],"meta":{}},{"ancestorTitles":["Button Component Accessibility","Button Variants"],"fullName":"Button Component Accessibility Button Variants should be accessible in destructive variant","status":"passed","title":"should be accessible in destructive variant","duration":2.543500000000222,"failureMessages":[],"meta":{}},{"ancestorTitles":["Button Component Accessibility","Button Variants"],"fullName":"Button Component Accessibility Button Variants should be accessible in outline variant","status":"passed","title":"should be accessible in outline variant","duration":5.260099999999966,"failureMessages":[],"meta":{}},{"ancestorTitles":["Button Component Accessibility","Button Variants"],"fullName":"Button Component Accessibility Button Variants should be accessible in secondary variant","status":"passed","title":"should be accessible in secondary variant","duration":2.073599999999715,"failureMessages":[],"meta":{}},{"ancestorTitles":["Button Component Accessibility","Button Variants"],"fullName":"Button Component Accessibility Button Variants should be accessible in ghost variant","status":"passed","title":"should be accessible in ghost variant","duration":6.86620000000039,"failureMessages":[],"meta":{}},{"ancestorTitles":["Button Component Accessibility","Button Variants"],"fullName":"Button Component Accessibility Button Variants should be accessible in link variant","status":"passed","title":"should be accessible in link variant","duration":2.085199999999986,"failureMessages":[],"meta":{}},{"ancestorTitles":["Button Component Accessibility","Button Sizes"],"fullName":"Button Component Accessibility Button Sizes should be accessible in default size","status":"passed","title":"should be accessible in default size","duration":10.233900000000176,"failureMessages":[],"meta":{}},{"ancestorTitles":["Button Component Accessibility","Button Sizes"],"fullName":"Button Component Accessibility Button Sizes should be accessible in small size","status":"passed","title":"should be accessible in small size","duration":1.7328999999999724,"failureMessages":[],"meta":{}},{"ancestorTitles":["Button Component Accessibility","Button Sizes"],"fullName":"Button Component Accessibility Button Sizes should be accessible in large size","status":"passed","title":"should be accessible in large size","duration":1.8191999999999098,"failureMessages":[],"meta":{}},{"ancestorTitles":["Button Component Accessibility","Button Sizes"],"fullName":"Button Component Accessibility Button Sizes should be accessible in icon size","status":"passed","title":"should be accessible in icon size","duration":1.9706999999998516,"failureMessages":[],"meta":{}},{"ancestorTitles":["Button Component Accessibility","Button States"],"fullName":"Button Component Accessibility Button States should be accessible when disabled","status":"passed","title":"should be accessible when disabled","duration":6.987500000000182,"failureMessages":[],"meta":{}},{"ancestorTitles":["Button Component Accessibility","Button States"],"fullName":"Button Component Accessibility Button States should not be focusable when disabled","status":"failed","title":"should not be focusable when disabled","duration":11.226300000000265,"failureMessages":["AssertionError: expected null to be 'true' // Object.is equality\n    at C:\\Users\\Usuario\\ECONEURA-IA-1.worktrees\\fix\\ci-generate-score-fix\\apps\\web\\src\\components\\ui\\button.test.tsx:124:53\n    at file:///C:/Users/Usuario/ECONEURA-IA-1.worktrees/fix/ci-generate-score-fix/node_modules/.pnpm/@vitest+runner@3.2.4/node_modules/@vitest/runner/dist/chunk-hooks.js:155:11\n    at file:///C:/Users/Usuario/ECONEURA-IA-1.worktrees/fix/ci-generate-score-fix/node_modules/.pnpm/@vitest+runner@3.2.4/node_modules/@vitest/runner/dist/chunk-hooks.js:752:26\n    at file:///C:/Users/Usuario/ECONEURA-IA-1.worktrees/fix/ci-generate-score-fix/node_modules/.pnpm/@vitest+runner@3.2.4/node_modules/@vitest/runner/dist/chunk-hooks.js:1897:20\n    at new Promise (<anonymous>)\n    at runWithTimeout (file:///C:/Users/Usuario/ECONEURA-IA-1.worktrees/fix/ci-generate-score-fix/node_modules/.pnpm/@vitest+runner@3.2.4/node_modules/@vitest/runner/dist/chunk-hooks.js:1863:10)\n    at runTest (file:///C:/Users/Usuario/ECONEURA-IA-1.worktrees/fix/ci-generate-score-fix/node_modules/.pnpm/@vitest+runner@3.2.4/node_modules/@vitest/runner/dist/chunk-hooks.js:1574:12)\n    at processTicksAndRejections (node:internal/process/task_queues:105:5)\n    at runSuite (file:///C:/Users/Usuario/ECONEURA-IA-1.worktrees/fix/ci-generate-score-fix/node_modules/.pnpm/@vitest+runner@3.2.4/node_modules/@vitest/runner/dist/chunk-hooks.js:1729:8)\n    at runSuite (file:///C:/Users/Usuario/ECONEURA-IA-1.worktrees/fix/ci-generate-score-fix/node_modules/.pnpm/@vitest+runner@3.2.4/node_modules/@vitest/runner/dist/chunk-hooks.js:1729:8)","AssertionError: expected null to be 'true' // Object.is equality\n    at C:\\Users\\Usuario\\ECONEURA-IA-1.worktrees\\fix\\ci-generate-score-fix\\apps\\web\\src\\components\\ui\\button.test.tsx:124:53\n    at file:///C:/Users/Usuario/ECONEURA-IA-1.worktrees/fix/ci-generate-score-fix/node_modules/.pnpm/@vitest+runner@3.2.4/node_modules/@vitest/runner/dist/chunk-hooks.js:155:11\n    at file:///C:/Users/Usuario/ECONEURA-IA-1.worktrees/fix/ci-generate-score-fix/node_modules/.pnpm/@vitest+runner@3.2.4/node_modules/@vitest/runner/dist/chunk-hooks.js:752:26\n    at file:///C:/Users/Usuario/ECONEURA-IA-1.worktrees/fix/ci-generate-score-fix/node_modules/.pnpm/@vitest+runner@3.2.4/node_modules/@vitest/runner/dist/chunk-hooks.js:1897:20\n    at new Promise (<anonymous>)\n    at runWithTimeout (file:///C:/Users/Usuario/ECONEURA-IA-1.worktrees/fix/ci-generate-score-fix/node_modules/.pnpm/@vitest+runner@3.2.4/node_modules/@vitest/runner/dist/chunk-hooks.js:1863:10)\n    at runTest (file:///C:/Users/Usuario/ECONEURA-IA-1.worktrees/fix/ci-generate-score-fix/node_modules/.pnpm/@vitest+runner@3.2.4/node_modules/@vitest/runner/dist/chunk-hooks.js:1574:12)\n    at processTicksAndRejections (node:internal/process/task_queues:105:5)\n    at runSuite (file:///C:/Users/Usuario/ECONEURA-IA-1.worktrees/fix/ci-generate-score-fix/node_modules/.pnpm/@vitest+runner@3.2.4/node_modules/@vitest/runner/dist/chunk-hooks.js:1729:8)\n    at runSuite (file:///C:/Users/Usuario/ECONEURA-IA-1.worktrees/fix/ci-generate-score-fix/node_modules/.pnpm/@vitest+runner@3.2.4/node_modules/@vitest/runner/dist/chunk-hooks.js:1729:8)"],"meta":{}},{"ancestorTitles":["Button Component Accessibility","Button States"],"fullName":"Button Component Accessibility Button States should be accessible when loading","status":"passed","title":"should be accessible when loading","duration":8.54549999999972,"failureMessages":[],"meta":{}},{"ancestorTitles":["Button Component Accessibility","Button States"],"fullName":"Button Component Accessibility Button States should have proper loading state","status":"failed","title":"should have proper loading state","duration":6.402400000000398,"failureMessages":["AssertionError: expected null to be 'true' // Object.is equality\n    at C:\\Users\\Usuario\\ECONEURA-IA-1.worktrees\\fix\\ci-generate-score-fix\\apps\\web\\src\\components\\ui\\button.test.tsx:136:53\n    at file:///C:/Users/Usuario/ECONEURA-IA-1.worktrees/fix/ci-generate-score-fix/node_modules/.pnpm/@vitest+runner@3.2.4/node_modules/@vitest/runner/dist/chunk-hooks.js:155:11\n    at file:///C:/Users/Usuario/ECONEURA-IA-1.worktrees/fix/ci-generate-score-fix/node_modules/.pnpm/@vitest+runner@3.2.4/node_modules/@vitest/runner/dist/chunk-hooks.js:752:26\n    at file:///C:/Users/Usuario/ECONEURA-IA-1.worktrees/fix/ci-generate-score-fix/node_modules/.pnpm/@vitest+runner@3.2.4/node_modules/@vitest/runner/dist/chunk-hooks.js:1897:20\n    at new Promise (<anonymous>)\n    at runWithTimeout (file:///C:/Users/Usuario/ECONEURA-IA-1.worktrees/fix/ci-generate-score-fix/node_modules/.pnpm/@vitest+runner@3.2.4/node_modules/@vitest/runner/dist/chunk-hooks.js:1863:10)\n    at runTest (file:///C:/Users/Usuario/ECONEURA-IA-1.worktrees/fix/ci-generate-score-fix/node_modules/.pnpm/@vitest+runner@3.2.4/node_modules/@vitest/runner/dist/chunk-hooks.js:1574:12)\n    at processTicksAndRejections (node:internal/process/task_queues:105:5)\n    at runSuite (file:///C:/Users/Usuario/ECONEURA-IA-1.worktrees/fix/ci-generate-score-fix/node_modules/.pnpm/@vitest+runner@3.2.4/node_modules/@vitest/runner/dist/chunk-hooks.js:1729:8)\n    at runSuite (file:///C:/Users/Usuario/ECONEURA-IA-1.worktrees/fix/ci-generate-score-fix/node_modules/.pnpm/@vitest+runner@3.2.4/node_modules/@vitest/runner/dist/chunk-hooks.js:1729:8)","AssertionError: expected null to be 'true' // Object.is equality\n    at C:\\Users\\Usuario\\ECONEURA-IA-1.worktrees\\fix\\ci-generate-score-fix\\apps\\web\\src\\components\\ui\\button.test.tsx:136:53\n    at file:///C:/Users/Usuario/ECONEURA-IA-1.worktrees/fix/ci-generate-score-fix/node_modules/.pnpm/@vitest+runner@3.2.4/node_modules/@vitest/runner/dist/chunk-hooks.js:155:11\n    at file:///C:/Users/Usuario/ECONEURA-IA-1.worktrees/fix/ci-generate-score-fix/node_modules/.pnpm/@vitest+runner@3.2.4/node_modules/@vitest/runner/dist/chunk-hooks.js:752:26\n    at file:///C:/Users/Usuario/ECONEURA-IA-1.worktrees/fix/ci-generate-score-fix/node_modules/.pnpm/@vitest+runner@3.2.4/node_modules/@vitest/runner/dist/chunk-hooks.js:1897:20\n    at new Promise (<anonymous>)\n    at runWithTimeout (file:///C:/Users/Usuario/ECONEURA-IA-1.worktrees/fix/ci-generate-score-fix/node_modules/.pnpm/@vitest+runner@3.2.4/node_modules/@vitest/runner/dist/chunk-hooks.js:1863:10)\n    at runTest (file:///C:/Users/Usuario/ECONEURA-IA-1.worktrees/fix/ci-generate-score-fix/node_modules/.pnpm/@vitest+runner@3.2.4/node_modules/@vitest/runner/dist/chunk-hooks.js:1574:12)\n    at processTicksAndRejections (node:internal/process/task_queues:105:5)\n    at runSuite (file:///C:/Users/Usuario/ECONEURA-IA-1.worktrees/fix/ci-generate-score-fix/node_modules/.pnpm/@vitest+runner@3.2.4/node_modules/@vitest/runner/dist/chunk-hooks.js:1729:8)\n    at runSuite (file:///C:/Users/Usuario/ECONEURA-IA-1.worktrees/fix/ci-generate-score-fix/node_modules/.pnpm/@vitest+runner@3.2.4/node_modules/@vitest/runner/dist/chunk-hooks.js:1729:8)"],"meta":{}},{"ancestorTitles":["Button Component Accessibility","Button with Icons"],"fullName":"Button Component Accessibility Button with Icons should be accessible with icon and text","status":"passed","title":"should be accessible with icon and text","duration":5.824200000000019,"failureMessages":[],"meta":{}},{"ancestorTitles":["Button Component Accessibility","Button with Icons"],"fullName":"Button Component Accessibility Button with Icons should be accessible with icon only","status":"passed","title":"should be accessible with icon only","duration":2.1651999999999134,"failureMessages":[],"meta":{}},{"ancestorTitles":["Button Component Accessibility","Button with Icons"],"fullName":"Button Component Accessibility Button with Icons should have proper aria-label for icon-only button","status":"passed","title":"should have proper aria-label for icon-only button","duration":2.238199999999779,"failureMessages":[],"meta":{}},{"ancestorTitles":["Button Component Accessibility","Button Interactions"],"fullName":"Button Component Accessibility Button Interactions should handle click events accessibly","status":"passed","title":"should handle click events accessibly","duration":5.497699999999895,"failureMessages":[],"meta":{}},{"ancestorTitles":["Button Component Accessibility","Button Interactions"],"fullName":"Button Component Accessibility Button Interactions should handle keyboard events accessibly","status":"failed","title":"should handle keyboard events accessibly","duration":42.067099999999755,"failureMessages":["AssertionError: expected \"spy\" to be called at least once\n    at Proxy.<anonymous> (file:///C:/Users/Usuario/ECONEURA-IA-1.worktrees/fix/ci-generate-score-fix/node_modules/.pnpm/@vitest+expect@3.2.4/node_modules/@vitest/expect/dist/index.js:1335:10)\n    at Proxy.<anonymous> (file:///C:/Users/Usuario/ECONEURA-IA-1.worktrees/fix/ci-generate-score-fix/node_modules/.pnpm/@vitest+expect@3.2.4/node_modules/@vitest/expect/dist/index.js:1029:14)\n    at Proxy.methodWrapper (file:///C:/Users/Usuario/ECONEURA-IA-1.worktrees/fix/ci-generate-score-fix/node_modules/.pnpm/chai@5.3.3/node_modules/chai/index.js:1686:25)\n    at C:\\Users\\Usuario\\ECONEURA-IA-1.worktrees\\fix\\ci-generate-score-fix\\apps\\web\\src\\components\\ui\\button.test.tsx:188:27\n    at file:///C:/Users/Usuario/ECONEURA-IA-1.worktrees/fix/ci-generate-score-fix/node_modules/.pnpm/@vitest+runner@3.2.4/node_modules/@vitest/runner/dist/chunk-hooks.js:155:11\n    at file:///C:/Users/Usuario/ECONEURA-IA-1.worktrees/fix/ci-generate-score-fix/node_modules/.pnpm/@vitest+runner@3.2.4/node_modules/@vitest/runner/dist/chunk-hooks.js:752:26\n    at file:///C:/Users/Usuario/ECONEURA-IA-1.worktrees/fix/ci-generate-score-fix/node_modules/.pnpm/@vitest+runner@3.2.4/node_modules/@vitest/runner/dist/chunk-hooks.js:1897:20\n    at new Promise (<anonymous>)\n    at runWithTimeout (file:///C:/Users/Usuario/ECONEURA-IA-1.worktrees/fix/ci-generate-score-fix/node_modules/.pnpm/@vitest+runner@3.2.4/node_modules/@vitest/runner/dist/chunk-hooks.js:1863:10)\n    at runTest (file:///C:/Users/Usuario/ECONEURA-IA-1.worktrees/fix/ci-generate-score-fix/node_modules/.pnpm/@vitest+runner@3.2.4/node_modules/@vitest/runner/dist/chunk-hooks.js:1574:12)","AssertionError: expected \"spy\" to be called at least once\n    at Proxy.<anonymous> (file:///C:/Users/Usuario/ECONEURA-IA-1.worktrees/fix/ci-generate-score-fix/node_modules/.pnpm/@vitest+expect@3.2.4/node_modules/@vitest/expect/dist/index.js:1335:10)\n    at Proxy.<anonymous> (file:///C:/Users/Usuario/ECONEURA-IA-1.worktrees/fix/ci-generate-score-fix/node_modules/.pnpm/@vitest+expect@3.2.4/node_modules/@vitest/expect/dist/index.js:1029:14)\n    at Proxy.methodWrapper (file:///C:/Users/Usuario/ECONEURA-IA-1.worktrees/fix/ci-generate-score-fix/node_modules/.pnpm/chai@5.3.3/node_modules/chai/index.js:1686:25)\n    at C:\\Users\\Usuario\\ECONEURA-IA-1.worktrees\\fix\\ci-generate-score-fix\\apps\\web\\src\\components\\ui\\button.test.tsx:188:27\n    at file:///C:/Users/Usuario/ECONEURA-IA-1.worktrees/fix/ci-generate-score-fix/node_modules/.pnpm/@vitest+runner@3.2.4/node_modules/@vitest/runner/dist/chunk-hooks.js:155:11\n    at file:///C:/Users/Usuario/ECONEURA-IA-1.worktrees/fix/ci-generate-score-fix/node_modules/.pnpm/@vitest+runner@3.2.4/node_modules/@vitest/runner/dist/chunk-hooks.js:752:26\n    at file:///C:/Users/Usuario/ECONEURA-IA-1.worktrees/fix/ci-generate-score-fix/node_modules/.pnpm/@vitest+runner@3.2.4/node_modules/@vitest/runner/dist/chunk-hooks.js:1897:20\n    at new Promise (<anonymous>)\n    at runWithTimeout (file:///C:/Users/Usuario/ECONEURA-IA-1.worktrees/fix/ci-generate-score-fix/node_modules/.pnpm/@vitest+runner@3.2.4/node_modules/@vitest/runner/dist/chunk-hooks.js:1863:10)\n    at runTest (file:///C:/Users/Usuario/ECONEURA-IA-1.worktrees/fix/ci-generate-score-fix/node_modules/.pnpm/@vitest+runner@3.2.4/node_modules/@vitest/runner/dist/chunk-hooks.js:1574:12)"],"meta":{}},{"ancestorTitles":["Button Component Accessibility","Button Interactions"],"fullName":"Button Component Accessibility Button Interactions should not trigger click when disabled","status":"passed","title":"should not trigger click when disabled","duration":3.737999999999829,"failureMessages":[],"meta":{}},{"ancestorTitles":["Button Component Accessibility","Button with Custom Props"],"fullName":"Button Component Accessibility Button with Custom Props should be accessible with custom className","status":"passed","title":"should be accessible with custom className","duration":2.3494000000000597,"failureMessages":[],"meta":{}},{"ancestorTitles":["Button Component Accessibility","Button with Custom Props"],"fullName":"Button Component Accessibility Button with Custom Props should be accessible with custom data attributes","status":"passed","title":"should be accessible with custom data attributes","duration":2.358600000000024,"failureMessages":[],"meta":{}},{"ancestorTitles":["Button Component Accessibility","Button with Custom Props"],"fullName":"Button Component Accessibility Button with Custom Props should be accessible with custom aria attributes","status":"passed","title":"should be accessible with custom aria attributes","duration":2.1993999999999687,"failureMessages":[],"meta":{}},{"ancestorTitles":["Button Component Accessibility","Button in Different Contexts"],"fullName":"Button Component Accessibility Button in Different Contexts should be accessible in form context","status":"passed","title":"should be accessible in form context","duration":6.018500000000131,"failureMessages":[],"meta":{}},{"ancestorTitles":["Button Component Accessibility","Button in Different Contexts"],"fullName":"Button Component Accessibility Button in Different Contexts should be accessible in navigation context","status":"passed","title":"should be accessible in navigation context","duration":7.561700000000201,"failureMessages":[],"meta":{}},{"ancestorTitles":["Button Component Accessibility","Button in Different Contexts"],"fullName":"Button Component Accessibility Button in Different Contexts should be accessible in dialog context","status":"passed","title":"should be accessible in dialog context","duration":3.3537999999998647,"failureMessages":[],"meta":{}},{"ancestorTitles":["Button Component Accessibility","Button with Complex Content"],"fullName":"Button Component Accessibility Button with Complex Content should be accessible with nested elements","status":"passed","title":"should be accessible with nested elements","duration":6.087300000000141,"failureMessages":[],"meta":{}},{"ancestorTitles":["Button Component Accessibility","Button with Complex Content"],"fullName":"Button Component Accessibility Button with Complex Content should be accessible with multiple icons","status":"passed","title":"should be accessible with multiple icons","duration":3.2140999999996893,"failureMessages":[],"meta":{}},{"ancestorTitles":["Button Component Accessibility","Button Focus Management"],"fullName":"Button Component Accessibility Button Focus Management should maintain focus after click","status":"passed","title":"should maintain focus after click","duration":6.33640000000014,"failureMessages":[],"meta":{}},{"ancestorTitles":["Button Component Accessibility","Button Focus Management"],"fullName":"Button Component Accessibility Button Focus Management should be focusable with Tab key","status":"failed","title":"should be focusable with Tab key","duration":17.940100000000257,"failureMessages":["Error: \u001b[2mexpect(\u001b[22m\u001b[31melement\u001b[39m\u001b[2m).toHaveFocus()\u001b[22m\n\nExpected element with focus:\n  \u001b[32m<button\n  class=\"inline-flex items-center justify-center rounded-md font-medium transition-colors focus:outline-none focus:ring-2 focus:ring-ring focus:ring-offset-2 disabled:opacity-50 disabled:pointer-events-none bg-primary text-primary-foreground hover:bg-primary/90 h-9 px-4 text-sm\"\n>\n  Button\n</button>\u001b[39m\nReceived element with focus:\n  \u001b[31m<input\n  data-testid=\"input1\"\n/>\u001b[39m\n    at Proxy.expectWrapper (file:///C:/Users/Usuario/ECONEURA-IA-1.worktrees/fix/ci-generate-score-fix/node_modules/.pnpm/@vitest+expect@3.2.4/node_modules/@vitest/expect/dist/index.js:1745:12)\n    at Proxy.<anonymous> (file:///C:/Users/Usuario/ECONEURA-IA-1.worktrees/fix/ci-generate-score-fix/node_modules/.pnpm/@vitest+expect@3.2.4/node_modules/@vitest/expect/dist/index.js:1029:14)\n    at Proxy.methodWrapper (file:///C:/Users/Usuario/ECONEURA-IA-1.worktrees/fix/ci-generate-score-fix/node_modules/.pnpm/chai@5.3.3/node_modules/chai/index.js:1686:25)\n    at C:\\Users\\Usuario\\ECONEURA-IA-1.worktrees\\fix\\ci-generate-score-fix\\apps\\web\\src\\components\\ui\\button.test.tsx:317:22\n    at file:///C:/Users/Usuario/ECONEURA-IA-1.worktrees/fix/ci-generate-score-fix/node_modules/.pnpm/@vitest+runner@3.2.4/node_modules/@vitest/runner/dist/chunk-hooks.js:155:11\n    at file:///C:/Users/Usuario/ECONEURA-IA-1.worktrees/fix/ci-generate-score-fix/node_modules/.pnpm/@vitest+runner@3.2.4/node_modules/@vitest/runner/dist/chunk-hooks.js:752:26\n    at file:///C:/Users/Usuario/ECONEURA-IA-1.worktrees/fix/ci-generate-score-fix/node_modules/.pnpm/@vitest+runner@3.2.4/node_modules/@vitest/runner/dist/chunk-hooks.js:1897:20\n    at new Promise (<anonymous>)\n    at runWithTimeout (file:///C:/Users/Usuario/ECONEURA-IA-1.worktrees/fix/ci-generate-score-fix/node_modules/.pnpm/@vitest+runner@3.2.4/node_modules/@vitest/runner/dist/chunk-hooks.js:1863:10)\n    at runTest (file:///C:/Users/Usuario/ECONEURA-IA-1.worktrees/fix/ci-generate-score-fix/node_modules/.pnpm/@vitest+runner@3.2.4/node_modules/@vitest/runner/dist/chunk-hooks.js:1574:12)","Error: \u001b[2mexpect(\u001b[22m\u001b[31melement\u001b[39m\u001b[2m).toHaveFocus()\u001b[22m\n\nExpected element with focus:\n  \u001b[32m<button\n  class=\"inline-flex items-center justify-center rounded-md font-medium transition-colors focus:outline-none focus:ring-2 focus:ring-ring focus:ring-offset-2 disabled:opacity-50 disabled:pointer-events-none bg-primary text-primary-foreground hover:bg-primary/90 h-9 px-4 text-sm\"\n>\n  Button\n</button>\u001b[39m\nReceived element with focus:\n  \u001b[31m<input\n  data-testid=\"input1\"\n/>\u001b[39m\n    at Proxy.expectWrapper (file:///C:/Users/Usuario/ECONEURA-IA-1.worktrees/fix/ci-generate-score-fix/node_modules/.pnpm/@vitest+expect@3.2.4/node_modules/@vitest/expect/dist/index.js:1745:12)\n    at Proxy.<anonymous> (file:///C:/Users/Usuario/ECONEURA-IA-1.worktrees/fix/ci-generate-score-fix/node_modules/.pnpm/@vitest+expect@3.2.4/node_modules/@vitest/expect/dist/index.js:1029:14)\n    at Proxy.methodWrapper (file:///C:/Users/Usuario/ECONEURA-IA-1.worktrees/fix/ci-generate-score-fix/node_modules/.pnpm/chai@5.3.3/node_modules/chai/index.js:1686:25)\n    at C:\\Users\\Usuario\\ECONEURA-IA-1.worktrees\\fix\\ci-generate-score-fix\\apps\\web\\src\\components\\ui\\button.test.tsx:317:22\n    at file:///C:/Users/Usuario/ECONEURA-IA-1.worktrees/fix/ci-generate-score-fix/node_modules/.pnpm/@vitest+runner@3.2.4/node_modules/@vitest/runner/dist/chunk-hooks.js:155:11\n    at file:///C:/Users/Usuario/ECONEURA-IA-1.worktrees/fix/ci-generate-score-fix/node_modules/.pnpm/@vitest+runner@3.2.4/node_modules/@vitest/runner/dist/chunk-hooks.js:752:26\n    at file:///C:/Users/Usuario/ECONEURA-IA-1.worktrees/fix/ci-generate-score-fix/node_modules/.pnpm/@vitest+runner@3.2.4/node_modules/@vitest/runner/dist/chunk-hooks.js:1897:20\n    at new Promise (<anonymous>)\n    at runWithTimeout (file:///C:/Users/Usuario/ECONEURA-IA-1.worktrees/fix/ci-generate-score-fix/node_modules/.pnpm/@vitest+runner@3.2.4/node_modules/@vitest/runner/dist/chunk-hooks.js:1863:10)\n    at runTest (file:///C:/Users/Usuario/ECONEURA-IA-1.worktrees/fix/ci-generate-score-fix/node_modules/.pnpm/@vitest+runner@3.2.4/node_modules/@vitest/runner/dist/chunk-hooks.js:1574:12)"],"meta":{}}],"startTime":1758806154007,"endTime":1758806154334.9402,"status":"failed","message":"","name":"C:/Users/Usuario/ECONEURA-IA-1.worktrees/fix/ci-generate-score-fix/apps/web/src/components/ui/button.test.tsx"},{"assertionResults":[{"ancestorTitles":["Card Component Accessibility","Basic Card Accessibility"],"fullName":"Card Component Accessibility Basic Card Accessibility should have no accessibility violations","status":"passed","title":"should have no accessibility violations","duration":35.766000000000076,"failureMessages":[],"meta":{}},{"ancestorTitles":["Card Component Accessibility","Basic Card Accessibility"],"fullName":"Card Component Accessibility Basic Card Accessibility should pass all accessibility tests","status":"passed","title":"should pass all accessibility tests","duration":20.93229999999994,"failureMessages":[],"meta":{}},{"ancestorTitles":["Card Component Accessibility","Basic Card Accessibility"],"fullName":"Card Component Accessibility Basic Card Accessibility should have proper semantic structure","status":"passed","title":"should have proper semantic structure","duration":31.83889999999974,"failureMessages":[],"meta":{}},{"ancestorTitles":["Card Component Accessibility","Card with Different Content Types"],"fullName":"Card Component Accessibility Card with Different Content Types should be accessible with text content","status":"passed","title":"should be accessible with text content","duration":3.2905000000000655,"failureMessages":[],"meta":{}},{"ancestorTitles":["Card Component Accessibility","Card with Different Content Types"],"fullName":"Card Component Accessibility Card with Different Content Types should be accessible with form content","status":"passed","title":"should be accessible with form content","duration":18.797700000000077,"failureMessages":[],"meta":{}},{"ancestorTitles":["Card Component Accessibility","Card with Different Content Types"],"fullName":"Card Component Accessibility Card with Different Content Types should be accessible with list content","status":"passed","title":"should be accessible with list content","duration":4.790199999999913,"failureMessages":[],"meta":{}},{"ancestorTitles":["Card Component Accessibility","Card with Different Content Types"],"fullName":"Card Component Accessibility Card with Different Content Types should be accessible with table content","status":"passed","title":"should be accessible with table content","duration":17.345000000000255,"failureMessages":[],"meta":{}},{"ancestorTitles":["Card Component Accessibility","Card with Footer"],"fullName":"Card Component Accessibility Card with Footer should be accessible with footer","status":"passed","title":"should be accessible with footer","duration":6.316299999999956,"failureMessages":[],"meta":{}},{"ancestorTitles":["Card Component Accessibility","Card with Footer"],"fullName":"Card Component Accessibility Card with Footer should have proper footer structure","status":"passed","title":"should have proper footer structure","duration":4.795000000000073,"failureMessages":[],"meta":{}},{"ancestorTitles":["Card Component Accessibility","Card with Images"],"fullName":"Card Component Accessibility Card with Images should be accessible with images","status":"passed","title":"should be accessible with images","duration":9.262700000000223,"failureMessages":[],"meta":{}},{"ancestorTitles":["Card Component Accessibility","Card with Images"],"fullName":"Card Component Accessibility Card with Images should have proper image alt text","status":"passed","title":"should have proper image alt text","duration":3.208900000000085,"failureMessages":[],"meta":{}},{"ancestorTitles":["Card Component Accessibility","Card with Links"],"fullName":"Card Component Accessibility Card with Links should be accessible with links","status":"passed","title":"should be accessible with links","duration":11.783899999999903,"failureMessages":[],"meta":{}},{"ancestorTitles":["Card Component Accessibility","Card with Links"],"fullName":"Card Component Accessibility Card with Links should have proper link text","status":"passed","title":"should have proper link text","duration":14.132499999999709,"failureMessages":[],"meta":{}},{"ancestorTitles":["Card Component Accessibility","Card with Interactive Elements"],"fullName":"Card Component Accessibility Card with Interactive Elements should be accessible with buttons","status":"passed","title":"should be accessible with buttons","duration":6.767499999999927,"failureMessages":[],"meta":{}},{"ancestorTitles":["Card Component Accessibility","Card with Interactive Elements"],"fullName":"Card Component Accessibility Card with Interactive Elements should be accessible with form inputs","status":"passed","title":"should be accessible with form inputs","duration":9.76279999999997,"failureMessages":[],"meta":{}},{"ancestorTitles":["Card Component Accessibility","Card with ARIA Attributes"],"fullName":"Card Component Accessibility Card with ARIA Attributes should be accessible with custom ARIA attributes","status":"passed","title":"should be accessible with custom ARIA attributes","duration":3.213799999999992,"failureMessages":[],"meta":{}},{"ancestorTitles":["Card Component Accessibility","Card with ARIA Attributes"],"fullName":"Card Component Accessibility Card with ARIA Attributes should have proper ARIA relationships","status":"passed","title":"should have proper ARIA relationships","duration":5.481699999999819,"failureMessages":[],"meta":{}},{"ancestorTitles":["Card Component Accessibility","Card with Custom Styling"],"fullName":"Card Component Accessibility Card with Custom Styling should be accessible with custom className","status":"passed","title":"should be accessible with custom className","duration":6.0733000000000175,"failureMessages":[],"meta":{}},{"ancestorTitles":["Card Component Accessibility","Card with Custom Styling"],"fullName":"Card Component Accessibility Card with Custom Styling should be accessible with custom data attributes","status":"passed","title":"should be accessible with custom data attributes","duration":3.1914999999999054,"failureMessages":[],"meta":{}},{"ancestorTitles":["Card Component Accessibility","Card in Different Contexts"],"fullName":"Card Component Accessibility Card in Different Contexts should be accessible in a list of cards","status":"passed","title":"should be accessible in a list of cards","duration":4.290200000000368,"failureMessages":[],"meta":{}},{"ancestorTitles":["Card Component Accessibility","Card in Different Contexts"],"fullName":"Card Component Accessibility Card in Different Contexts should be accessible in a grid layout","status":"passed","title":"should be accessible in a grid layout","duration":2.0810999999998785,"failureMessages":[],"meta":{}},{"ancestorTitles":["Card Component Accessibility","Card with Complex Content"],"fullName":"Card Component Accessibility Card with Complex Content should be accessible with nested components","status":"passed","title":"should be accessible with nested components","duration":5.613000000000284,"failureMessages":[],"meta":{}},{"ancestorTitles":["Card Component Accessibility","Card with Complex Content"],"fullName":"Card Component Accessibility Card with Complex Content should maintain proper heading hierarchy","status":"passed","title":"should maintain proper heading hierarchy","duration":7.520300000000134,"failureMessages":[],"meta":{}},{"ancestorTitles":["Card Component Accessibility","Card Focus Management"],"fullName":"Card Component Accessibility Card Focus Management should be focusable when interactive","status":"passed","title":"should be focusable when interactive","duration":31.94230000000016,"failureMessages":[],"meta":{}},{"ancestorTitles":["Card Component Accessibility","Card Focus Management"],"fullName":"Card Component Accessibility Card Focus Management should not be focusable by default","status":"failed","title":"should not be focusable by default","duration":39.1246000000001,"failureMessages":["Found multiple elements with the role \"generic\"\n\nHere are the matching elements:\n\nElement not found\n\nElement not found\n\nElement not found\n\nElement not found\n\nElement not found\n\n(If this is intentional, then use the `*AllBy*` variant of the query (like `queryAllByText`, `getAllByText`, or `findAllByText`)).","Found multiple elements with the role \"generic\"\n\nHere are the matching elements:\n\nElement not found\n\nElement not found\n\nElement not found\n\nElement not found\n\nElement not found\n\n(If this is intentional, then use the `*AllBy*` variant of the query (like `queryAllByText`, `getAllByText`, or `findAllByText`))."],"meta":{}}],"startTime":1758806156887,"endTime":1758806157204.1245,"status":"failed","message":"","name":"C:/Users/Usuario/ECONEURA-IA-1.worktrees/fix/ci-generate-score-fix/apps/web/src/components/ui/card.test.tsx"},{"assertionResults":[{"ancestorTitles":["Form Component Accessibility","Basic Form Accessibility"],"fullName":"Form Component Accessibility Basic Form Accessibility should have no accessibility violations","status":"passed","title":"should have no accessibility violations","duration":38.010099999999966,"failureMessages":[],"meta":{}},{"ancestorTitles":["Form Component Accessibility","Basic Form Accessibility"],"fullName":"Form Component Accessibility Basic Form Accessibility should pass all accessibility tests","status":"passed","title":"should pass all accessibility tests","duration":22.03020000000015,"failureMessages":[],"meta":{}},{"ancestorTitles":["Form Component Accessibility","Basic Form Accessibility"],"fullName":"Form Component Accessibility Basic Form Accessibility should have proper form structure","status":"passed","title":"should have proper form structure","duration":35.20839999999998,"failureMessages":[],"meta":{}},{"ancestorTitles":["Form Component Accessibility","Form Input Types"],"fullName":"Form Component Accessibility Form Input Types should be accessible with text input","status":"passed","title":"should be accessible with text input","duration":18.834100000000035,"failureMessages":[],"meta":{}},{"ancestorTitles":["Form Component Accessibility","Form Input Types"],"fullName":"Form Component Accessibility Form Input Types should be accessible with email input","status":"passed","title":"should be accessible with email input","duration":6.981100000000424,"failureMessages":[],"meta":{}},{"ancestorTitles":["Form Component Accessibility","Form Input Types"],"fullName":"Form Component Accessibility Form Input Types should be accessible with password input","status":"passed","title":"should be accessible with password input","duration":12.725199999999859,"failureMessages":[],"meta":{}},{"ancestorTitles":["Form Component Accessibility","Form Input Types"],"fullName":"Form Component Accessibility Form Input Types should be accessible with number input","status":"passed","title":"should be accessible with number input","duration":3.4317000000000917,"failureMessages":[],"meta":{}},{"ancestorTitles":["Form Component Accessibility","Form Input Types"],"fullName":"Form Component Accessibility Form Input Types should be accessible with tel input","status":"passed","title":"should be accessible with tel input","duration":2.7973000000001775,"failureMessages":[],"meta":{}},{"ancestorTitles":["Form Component Accessibility","Form Input Types"],"fullName":"Form Component Accessibility Form Input Types should be accessible with url input","status":"passed","title":"should be accessible with url input","duration":3.480999999999767,"failureMessages":[],"meta":{}},{"ancestorTitles":["Form Component Accessibility","Form Input Types"],"fullName":"Form Component Accessibility Form Input Types should be accessible with date input","status":"passed","title":"should be accessible with date input","duration":3.8233000000000175,"failureMessages":[],"meta":{}},{"ancestorTitles":["Form Component Accessibility","Form with Select Elements"],"fullName":"Form Component Accessibility Form with Select Elements should be accessible with select dropdown","status":"passed","title":"should be accessible with select dropdown","duration":5.915999999999713,"failureMessages":[],"meta":{}},{"ancestorTitles":["Form Component Accessibility","Form with Select Elements"],"fullName":"Form Component Accessibility Form with Select Elements should have proper select structure","status":"passed","title":"should have proper select structure","duration":6.759900000000016,"failureMessages":[],"meta":{}},{"ancestorTitles":["Form Component Accessibility","Form with Textarea"],"fullName":"Form Component Accessibility Form with Textarea should be accessible with textarea","status":"passed","title":"should be accessible with textarea","duration":3.1959999999999127,"failureMessages":[],"meta":{}},{"ancestorTitles":["Form Component Accessibility","Form with Textarea"],"fullName":"Form Component Accessibility Form with Textarea should have proper textarea structure","status":"passed","title":"should have proper textarea structure","duration":14.572499999999764,"failureMessages":[],"meta":{}},{"ancestorTitles":["Form Component Accessibility","Form with Checkboxes"],"fullName":"Form Component Accessibility Form with Checkboxes should be accessible with checkboxes","status":"passed","title":"should be accessible with checkboxes","duration":15.673899999999776,"failureMessages":[],"meta":{}},{"ancestorTitles":["Form Component Accessibility","Form with Checkboxes"],"fullName":"Form Component Accessibility Form with Checkboxes should have proper checkbox structure","status":"passed","title":"should have proper checkbox structure","duration":4.193700000000263,"failureMessages":[],"meta":{}},{"ancestorTitles":["Form Component Accessibility","Form with Radio Buttons"],"fullName":"Form Component Accessibility Form with Radio Buttons should be accessible with radio buttons","status":"passed","title":"should be accessible with radio buttons","duration":6.224999999999909,"failureMessages":[],"meta":{}},{"ancestorTitles":["Form Component Accessibility","Form with Radio Buttons"],"fullName":"Form Component Accessibility Form with Radio Buttons should have proper radio button structure","status":"passed","title":"should have proper radio button structure","duration":7.26909999999998,"failureMessages":[],"meta":{}},{"ancestorTitles":["Form Component Accessibility","Form Validation"],"fullName":"Form Component Accessibility Form Validation should be accessible with required fields","status":"passed","title":"should be accessible with required fields","duration":2.8115999999999985,"failureMessages":[],"meta":{}},{"ancestorTitles":["Form Component Accessibility","Form Validation"],"fullName":"Form Component Accessibility Form Validation should have proper required field indicators","status":"passed","title":"should have proper required field indicators","duration":2.060599999999795,"failureMessages":[],"meta":{}},{"ancestorTitles":["Form Component Accessibility","Form Validation"],"fullName":"Form Component Accessibility Form Validation should be accessible with field validation messages","status":"passed","title":"should be accessible with field validation messages","duration":5.942000000000007,"failureMessages":[],"meta":{}},{"ancestorTitles":["Form Component Accessibility","Form Validation"],"fullName":"Form Component Accessibility Form Validation should have proper error message associations","status":"passed","title":"should have proper error message associations","duration":2.4205000000001746,"failureMessages":[],"meta":{}},{"ancestorTitles":["Form Component Accessibility","Form with Help Text"],"fullName":"Form Component Accessibility Form with Help Text should be accessible with help text","status":"passed","title":"should be accessible with help text","duration":1.9200999999998203,"failureMessages":[],"meta":{}},{"ancestorTitles":["Form Component Accessibility","Form with Help Text"],"fullName":"Form Component Accessibility Form with Help Text should have proper help text associations","status":"passed","title":"should have proper help text associations","duration":4.4867999999996755,"failureMessages":[],"meta":{}},{"ancestorTitles":["Form Component Accessibility","Form Submission"],"fullName":"Form Component Accessibility Form Submission should be accessible with submit button","status":"passed","title":"should be accessible with submit button","duration":2.4915000000000873,"failureMessages":[],"meta":{}},{"ancestorTitles":["Form Component Accessibility","Form Submission"],"fullName":"Form Component Accessibility Form Submission should handle form submission accessibly","status":"passed","title":"should handle form submission accessibly","duration":12.271300000000338,"failureMessages":[],"meta":{}},{"ancestorTitles":["Form Component Accessibility","Form with Complex Layout"],"fullName":"Form Component Accessibility Form with Complex Layout should be accessible with multiple sections","status":"passed","title":"should be accessible with multiple sections","duration":4.521099999999933,"failureMessages":[],"meta":{}},{"ancestorTitles":["Form Component Accessibility","Form with Complex Layout"],"fullName":"Form Component Accessibility Form with Complex Layout should have proper fieldset structure","status":"passed","title":"should have proper fieldset structure","duration":7.754800000000159,"failureMessages":[],"meta":{}},{"ancestorTitles":["Form Component Accessibility","Form Focus Management"],"fullName":"Form Component Accessibility Form Focus Management should handle tab order correctly","status":"passed","title":"should handle tab order correctly","duration":5.6896999999999025,"failureMessages":[],"meta":{}}],"startTime":1758806166587,"endTime":1758806166857.6897,"status":"passed","message":"","name":"C:/Users/Usuario/ECONEURA-IA-1.worktrees/fix/ci-generate-score-fix/apps/web/src/components/ui/form.test.tsx"},{"assertionResults":[{"ancestorTitles":["Table Component Accessibility","Basic Table Accessibility"],"fullName":"Table Component Accessibility Basic Table Accessibility should have no accessibility violations","status":"passed","title":"should have no accessibility violations","duration":29.015499999999975,"failureMessages":[],"meta":{}},{"ancestorTitles":["Table Component Accessibility","Basic Table Accessibility"],"fullName":"Table Component Accessibility Basic Table Accessibility should pass all accessibility tests","status":"passed","title":"should pass all accessibility tests","duration":17.920900000000074,"failureMessages":[],"meta":{}},{"ancestorTitles":["Table Component Accessibility","Basic Table Accessibility"],"fullName":"Table Component Accessibility Basic Table Accessibility should have proper table structure","status":"passed","title":"should have proper table structure","duration":43.02410000000009,"failureMessages":[],"meta":{}},{"ancestorTitles":["Table Component Accessibility","Basic Table Accessibility"],"fullName":"Table Component Accessibility Basic Table Accessibility should have proper table caption","status":"passed","title":"should have proper table caption","duration":14.018000000000029,"failureMessages":[],"meta":{}},{"ancestorTitles":["Table Component Accessibility","Table Headers"],"fullName":"Table Component Accessibility Table Headers should have proper column headers","status":"passed","title":"should have proper column headers","duration":22.297799999999825,"failureMessages":[],"meta":{}},{"ancestorTitles":["Table Component Accessibility","Table Headers"],"fullName":"Table Component Accessibility Table Headers should have proper scope attributes","status":"passed","title":"should have proper scope attributes","duration":9.056699999999637,"failureMessages":[],"meta":{}},{"ancestorTitles":["Table Component Accessibility","Table Data"],"fullName":"Table Component Accessibility Table Data should have proper data cells","status":"passed","title":"should have proper data cells","duration":20.866500000000087,"failureMessages":[],"meta":{}},{"ancestorTitles":["Table Component Accessibility","Table Data"],"fullName":"Table Component Accessibility Table Data should have proper row structure","status":"passed","title":"should have proper row structure","duration":28.097800000000007,"failureMessages":[],"meta":{}},{"ancestorTitles":["Table Component Accessibility","Sortable Table"],"fullName":"Table Component Accessibility Sortable Table should have no accessibility violations","status":"passed","title":"should have no accessibility violations","duration":12.322900000000118,"failureMessages":[],"meta":{}},{"ancestorTitles":["Table Component Accessibility","Sortable Table"],"fullName":"Table Component Accessibility Sortable Table should have proper sortable headers","status":"passed","title":"should have proper sortable headers","duration":10.440200000000004,"failureMessages":[],"meta":{}},{"ancestorTitles":["Table Component Accessibility","Sortable Table"],"fullName":"Table Component Accessibility Sortable Table should handle sorting interactions","status":"passed","title":"should handle sorting interactions","duration":21.372200000000248,"failureMessages":[],"meta":{}},{"ancestorTitles":["Table Component Accessibility","Sortable Table"],"fullName":"Table Component Accessibility Sortable Table should have proper sort indicators","status":"passed","title":"should have proper sort indicators","duration":11.021600000000035,"failureMessages":[],"meta":{}},{"ancestorTitles":["Table Component Accessibility","Selectable Table"],"fullName":"Table Component Accessibility Selectable Table should have no accessibility violations","status":"passed","title":"should have no accessibility violations","duration":13.687199999999848,"failureMessages":[],"meta":{}},{"ancestorTitles":["Table Component Accessibility","Selectable Table"],"fullName":"Table Component Accessibility Selectable Table should have proper select all functionality","status":"passed","title":"should have proper select all functionality","duration":9.148599999999988,"failureMessages":[],"meta":{}},{"ancestorTitles":["Table Component Accessibility","Selectable Table"],"fullName":"Table Component Accessibility Selectable Table should handle select all interactions","status":"passed","title":"should handle select all interactions","duration":30.46900000000005,"failureMessages":[],"meta":{}},{"ancestorTitles":["Table Component Accessibility","Selectable Table"],"fullName":"Table Component Accessibility Selectable Table should handle individual row selection","status":"passed","title":"should handle individual row selection","duration":33.68339999999989,"failureMessages":[],"meta":{}},{"ancestorTitles":["Table Component Accessibility","Table with Custom Data"],"fullName":"Table Component Accessibility Table with Custom Data should be accessible with custom headers and data","status":"passed","title":"should be accessible with custom headers and data","duration":9.797000000000025,"failureMessages":[],"meta":{}},{"ancestorTitles":["Table Component Accessibility","Table with Custom Data"],"fullName":"Table Component Accessibility Table with Custom Data should handle empty table gracefully","status":"passed","title":"should handle empty table gracefully","duration":3.076599999999871,"failureMessages":[],"meta":{}},{"ancestorTitles":["Table Component Accessibility","Table Focus Management"],"fullName":"Table Component Accessibility Table Focus Management should handle keyboard navigation","status":"passed","title":"should handle keyboard navigation","duration":13.781600000000253,"failureMessages":[],"meta":{}},{"ancestorTitles":["Table Component Accessibility","Table Focus Management"],"fullName":"Table Component Accessibility Table Focus Management should handle sortable button focus","status":"passed","title":"should handle sortable button focus","duration":19.761399999999867,"failureMessages":[],"meta":{}},{"ancestorTitles":["Table Component Accessibility","Table Focus Management"],"fullName":"Table Component Accessibility Table Focus Management should handle checkbox focus","status":"passed","title":"should handle checkbox focus","duration":14.428899999999885,"failureMessages":[],"meta":{}},{"ancestorTitles":["Table Component Accessibility","Table with ARIA Attributes"],"fullName":"Table Component Accessibility Table with ARIA Attributes should be accessible with custom ARIA attributes","status":"passed","title":"should be accessible with custom ARIA attributes","duration":2.7438999999999396,"failureMessages":[],"meta":{}},{"ancestorTitles":["Table Component Accessibility","Table with ARIA Attributes"],"fullName":"Table Component Accessibility Table with ARIA Attributes should have proper ARIA sort attributes","status":"passed","title":"should have proper ARIA sort attributes","duration":4.721300000000156,"failureMessages":[],"meta":{}},{"ancestorTitles":["Table Component Accessibility","Table with Complex Content"],"fullName":"Table Component Accessibility Table with Complex Content should be accessible with links in cells","status":"passed","title":"should be accessible with links in cells","duration":5.896799999999985,"failureMessages":[],"meta":{}},{"ancestorTitles":["Table Component Accessibility","Table with Complex Content"],"fullName":"Table Component Accessibility Table with Complex Content should be accessible with buttons in cells","status":"passed","title":"should be accessible with buttons in cells","duration":2.804399999999987,"failureMessages":[],"meta":{}}],"startTime":1758806159875,"endTime":1758806160280.8044,"status":"passed","message":"","name":"C:/Users/Usuario/ECONEURA-IA-1.worktrees/fix/ci-generate-score-fix/apps/web/src/components/ui/table.test.tsx"},{"assertionResults":[{"ancestorTitles":["smoke"],"fullName":"smoke 2+2=4","status":"passed","title":"2+2=4","duration":1.496599999999944,"failureMessages":[],"meta":{}}],"startTime":1758806172275,"endTime":1758806172276.4966,"status":"passed","message":"","name":"C:/Users/Usuario/ECONEURA-IA-1.worktrees/fix/ci-generate-score-fix/apps/web/src/controllers/__tests__/contract.test.ts"},{"assertionResults":[{"ancestorTitles":["smoke"],"fullName":"smoke 2+2=4","status":"passed","title":"2+2=4","duration":1.4975000000004002,"failureMessages":[],"meta":{}}],"startTime":1758806172324,"endTime":1758806172325.4976,"status":"passed","message":"","name":"C:/Users/Usuario/ECONEURA-IA-1.worktrees/fix/ci-generate-score-fix/apps/web/src/services/__tests__/contract.test.ts"},{"assertionResults":[{"ancestorTitles":["smoke"],"fullName":"smoke 2+2=4","status":"passed","title":"2+2=4","duration":1.454200000000128,"failureMessages":[],"meta":{}}],"startTime":1758806173457,"endTime":1758806173458.454,"status":"passed","message":"","name":"C:/Users/Usuario/ECONEURA-IA-1.worktrees/fix/ci-generate-score-fix/apps/web/src/utils/__tests__/smoke.test.ts"},{"assertionResults":[{"ancestorTitles":["Navigation Component Accessibility","Basic Navigation Accessibility"],"fullName":"Navigation Component Accessibility Basic Navigation Accessibility should have no accessibility violations","status":"passed","title":"should have no accessibility violations","duration":28.291200000000117,"failureMessages":[],"meta":{}},{"ancestorTitles":["Navigation Component Accessibility","Basic Navigation Accessibility"],"fullName":"Navigation Component Accessibility Basic Navigation Accessibility should pass all accessibility tests","status":"passed","title":"should pass all accessibility tests","duration":17.63050000000021,"failureMessages":[],"meta":{}},{"ancestorTitles":["Navigation Component Accessibility","Basic Navigation Accessibility"],"fullName":"Navigation Component Accessibility Basic Navigation Accessibility should have proper navigation structure","status":"passed","title":"should have proper navigation structure","duration":30.662900000000263,"failureMessages":[],"meta":{}},{"ancestorTitles":["Navigation Component Accessibility","Basic Navigation Accessibility"],"fullName":"Navigation Component Accessibility Basic Navigation Accessibility should have proper link labels","status":"passed","title":"should have proper link labels","duration":24.783500000000004,"failureMessages":[],"meta":{}},{"ancestorTitles":["Navigation Component Accessibility","Current Page Indication"],"fullName":"Navigation Component Accessibility Current Page Indication should indicate current page properly","status":"passed","title":"should indicate current page properly","duration":50.3735999999999,"failureMessages":[],"meta":{}},{"ancestorTitles":["Navigation Component Accessibility","Current Page Indication"],"fullName":"Navigation Component Accessibility Current Page Indication should not indicate non-current pages","status":"passed","title":"should not indicate non-current pages","duration":66.34630000000016,"failureMessages":[],"meta":{}},{"ancestorTitles":["Navigation Component Accessibility","Navigation with Custom Items"],"fullName":"Navigation Component Accessibility Navigation with Custom Items should be accessible with custom navigation items","status":"passed","title":"should be accessible with custom navigation items","duration":16.63229999999976,"failureMessages":[],"meta":{}},{"ancestorTitles":["Navigation Component Accessibility","Navigation with Custom Items"],"fullName":"Navigation Component Accessibility Navigation with Custom Items should handle custom current page","status":"passed","title":"should handle custom current page","duration":4.59920000000011,"failureMessages":[],"meta":{}},{"ancestorTitles":["Navigation Component Accessibility","Mobile Navigation Accessibility"],"fullName":"Navigation Component Accessibility Mobile Navigation Accessibility should have no accessibility violations when closed","status":"passed","title":"should have no accessibility violations when closed","duration":5.110000000000127,"failureMessages":[],"meta":{}},{"ancestorTitles":["Navigation Component Accessibility","Mobile Navigation Accessibility"],"fullName":"Navigation Component Accessibility Mobile Navigation Accessibility should have no accessibility violations when open","status":"passed","title":"should have no accessibility violations when open","duration":28.273199999999633,"failureMessages":[],"meta":{}},{"ancestorTitles":["Navigation Component Accessibility","Mobile Navigation Accessibility"],"fullName":"Navigation Component Accessibility Mobile Navigation Accessibility should have proper mobile navigation structure","status":"passed","title":"should have proper mobile navigation structure","duration":3.507299999999759,"failureMessages":[],"meta":{}},{"ancestorTitles":["Navigation Component Accessibility","Mobile Navigation Accessibility"],"fullName":"Navigation Component Accessibility Mobile Navigation Accessibility should toggle mobile menu properly","status":"passed","title":"should toggle mobile menu properly","duration":19.36259999999993,"failureMessages":[],"meta":{}},{"ancestorTitles":["Navigation Component Accessibility","Mobile Navigation Accessibility"],"fullName":"Navigation Component Accessibility Mobile Navigation Accessibility should have proper menu items when open","status":"passed","title":"should have proper menu items when open","duration":12.682000000000244,"failureMessages":[],"meta":{}},{"ancestorTitles":["Navigation Component Accessibility","Breadcrumb Navigation Accessibility"],"fullName":"Navigation Component Accessibility Breadcrumb Navigation Accessibility should have no accessibility violations","status":"passed","title":"should have no accessibility violations","duration":4.218299999999999,"failureMessages":[],"meta":{}},{"ancestorTitles":["Navigation Component Accessibility","Breadcrumb Navigation Accessibility"],"fullName":"Navigation Component Accessibility Breadcrumb Navigation Accessibility should pass all accessibility tests","status":"passed","title":"should pass all accessibility tests","duration":15.42489999999998,"failureMessages":[],"meta":{}},{"ancestorTitles":["Navigation Component Accessibility","Breadcrumb Navigation Accessibility"],"fullName":"Navigation Component Accessibility Breadcrumb Navigation Accessibility should have proper breadcrumb structure","status":"passed","title":"should have proper breadcrumb structure","duration":7.56880000000001,"failureMessages":[],"meta":{}},{"ancestorTitles":["Navigation Component Accessibility","Breadcrumb Navigation Accessibility"],"fullName":"Navigation Component Accessibility Breadcrumb Navigation Accessibility should indicate current page in breadcrumb","status":"passed","title":"should indicate current page in breadcrumb","duration":4.605399999999918,"failureMessages":[],"meta":{}},{"ancestorTitles":["Navigation Component Accessibility","Breadcrumb Navigation Accessibility"],"fullName":"Navigation Component Accessibility Breadcrumb Navigation Accessibility should have proper separators","status":"passed","title":"should have proper separators","duration":4.4659999999998945,"failureMessages":[],"meta":{}},{"ancestorTitles":["Navigation Component Accessibility","Navigation Focus Management"],"fullName":"Navigation Component Accessibility Navigation Focus Management should handle keyboard navigation","status":"passed","title":"should handle keyboard navigation","duration":7.042199999999866,"failureMessages":[],"meta":{}},{"ancestorTitles":["Navigation Component Accessibility","Navigation Focus Management"],"fullName":"Navigation Component Accessibility Navigation Focus Management should handle mobile menu keyboard navigation","status":"passed","title":"should handle mobile menu keyboard navigation","duration":6.06919999999991,"failureMessages":[],"meta":{}},{"ancestorTitles":["Navigation Component Accessibility","Navigation with ARIA Attributes"],"fullName":"Navigation Component Accessibility Navigation with ARIA Attributes should be accessible with custom ARIA labels","status":"passed","title":"should be accessible with custom ARIA labels","duration":3.284400000000005,"failureMessages":[],"meta":{}},{"ancestorTitles":["Navigation Component Accessibility","Navigation with ARIA Attributes"],"fullName":"Navigation Component Accessibility Navigation with ARIA Attributes should have proper ARIA relationships","status":"passed","title":"should have proper ARIA relationships","duration":7.164400000000114,"failureMessages":[],"meta":{}},{"ancestorTitles":["Navigation Component Accessibility","Navigation with Skip Links"],"fullName":"Navigation Component Accessibility Navigation with Skip Links should be accessible with skip links","status":"passed","title":"should be accessible with skip links","duration":4.329499999999825,"failureMessages":[],"meta":{}},{"ancestorTitles":["Navigation Component Accessibility","Navigation with Skip Links"],"fullName":"Navigation Component Accessibility Navigation with Skip Links should have proper skip link structure","status":"passed","title":"should have proper skip link structure","duration":5.476200000000063,"failureMessages":[],"meta":{}},{"ancestorTitles":["Navigation Component Accessibility","Navigation with Dropdown Menus"],"fullName":"Navigation Component Accessibility Navigation with Dropdown Menus should be accessible with dropdown menus","status":"passed","title":"should be accessible with dropdown menus","duration":5.026899999999841,"failureMessages":[],"meta":{}},{"ancestorTitles":["Navigation Component Accessibility","Navigation with Dropdown Menus"],"fullName":"Navigation Component Accessibility Navigation with Dropdown Menus should have proper dropdown structure","status":"passed","title":"should have proper dropdown structure","duration":3.79300000000012,"failureMessages":[],"meta":{}},{"ancestorTitles":["Navigation Component Accessibility","Navigation with Dropdown Menus"],"fullName":"Navigation Component Accessibility Navigation with Dropdown Menus should toggle dropdown properly","status":"passed","title":"should toggle dropdown properly","duration":12.956699999999728,"failureMessages":[],"meta":{}}],"startTime":1758806162946,"endTime":1758806163379.9568,"status":"passed","message":"","name":"C:/Users/Usuario/ECONEURA-IA-1.worktrees/fix/ci-generate-score-fix/apps/web/src/components/navigation.test.tsx"},{"assertionResults":[{"ancestorTitles":["Button Component Accessibility","Basic Accessibility"],"fullName":"Button Component Accessibility Basic Accessibility should have no accessibility violations","status":"passed","title":"should have no accessibility violations","duration":31.922399999999925,"failureMessages":[],"meta":{}},{"ancestorTitles":["Button Component Accessibility","Basic Accessibility"],"fullName":"Button Component Accessibility Basic Accessibility should pass all accessibility tests","status":"passed","title":"should pass all accessibility tests","duration":16.308199999999943,"failureMessages":[],"meta":{}},{"ancestorTitles":["Button Component Accessibility","Basic Accessibility"],"fullName":"Button Component Accessibility Basic Accessibility should have proper button role","status":"passed","title":"should have proper button role","duration":26.077600000000075,"failureMessages":[],"meta":{}},{"ancestorTitles":["Button Component Accessibility","Basic Accessibility"],"fullName":"Button Component Accessibility Basic Accessibility should be focusable","status":"passed","title":"should be focusable","duration":9.801899999999932,"failureMessages":[],"meta":{}},{"ancestorTitles":["Button Component Accessibility","Basic Accessibility"],"fullName":"Button Component Accessibility Basic Accessibility should be keyboard accessible","status":"failed","title":"should be keyboard accessible","duration":32.45600000000013,"failureMessages":["AssertionError: expected \"spy\" to be called at least once\n    at Proxy.<anonymous> (file:///C:/Users/Usuario/ECONEURA-IA-1.worktrees/fix/ci-generate-score-fix/node_modules/.pnpm/@vitest+expect@3.2.4/node_modules/@vitest/expect/dist/index.js:1335:10)\n    at Proxy.<anonymous> (file:///C:/Users/Usuario/ECONEURA-IA-1.worktrees/fix/ci-generate-score-fix/node_modules/.pnpm/@vitest+expect@3.2.4/node_modules/@vitest/expect/dist/index.js:1029:14)\n    at Proxy.methodWrapper (file:///C:/Users/Usuario/ECONEURA-IA-1.worktrees/fix/ci-generate-score-fix/node_modules/.pnpm/chai@5.3.3/node_modules/chai/index.js:1686:25)\n    at C:\\Users\\Usuario\\ECONEURA-IA-1.worktrees\\fix\\ci-generate-score-fix\\apps\\web\\src\\components\\ui\\button.test.tsx:52:27\n    at file:///C:/Users/Usuario/ECONEURA-IA-1.worktrees/fix/ci-generate-score-fix/node_modules/.pnpm/@vitest+runner@3.2.4/node_modules/@vitest/runner/dist/chunk-hooks.js:155:11\n    at file:///C:/Users/Usuario/ECONEURA-IA-1.worktrees/fix/ci-generate-score-fix/node_modules/.pnpm/@vitest+runner@3.2.4/node_modules/@vitest/runner/dist/chunk-hooks.js:752:26\n    at file:///C:/Users/Usuario/ECONEURA-IA-1.worktrees/fix/ci-generate-score-fix/node_modules/.pnpm/@vitest+runner@3.2.4/node_modules/@vitest/runner/dist/chunk-hooks.js:1897:20\n    at new Promise (<anonymous>)\n    at runWithTimeout (file:///C:/Users/Usuario/ECONEURA-IA-1.worktrees/fix/ci-generate-score-fix/node_modules/.pnpm/@vitest+runner@3.2.4/node_modules/@vitest/runner/dist/chunk-hooks.js:1863:10)\n    at runTest (file:///C:/Users/Usuario/ECONEURA-IA-1.worktrees/fix/ci-generate-score-fix/node_modules/.pnpm/@vitest+runner@3.2.4/node_modules/@vitest/runner/dist/chunk-hooks.js:1574:12)","AssertionError: expected \"spy\" to be called at least once\n    at Proxy.<anonymous> (file:///C:/Users/Usuario/ECONEURA-IA-1.worktrees/fix/ci-generate-score-fix/node_modules/.pnpm/@vitest+expect@3.2.4/node_modules/@vitest/expect/dist/index.js:1335:10)\n    at Proxy.<anonymous> (file:///C:/Users/Usuario/ECONEURA-IA-1.worktrees/fix/ci-generate-score-fix/node_modules/.pnpm/@vitest+expect@3.2.4/node_modules/@vitest/expect/dist/index.js:1029:14)\n    at Proxy.methodWrapper (file:///C:/Users/Usuario/ECONEURA-IA-1.worktrees/fix/ci-generate-score-fix/node_modules/.pnpm/chai@5.3.3/node_modules/chai/index.js:1686:25)\n    at C:\\Users\\Usuario\\ECONEURA-IA-1.worktrees\\fix\\ci-generate-score-fix\\apps\\web\\src\\components\\ui\\button.test.tsx:52:27\n    at file:///C:/Users/Usuario/ECONEURA-IA-1.worktrees/fix/ci-generate-score-fix/node_modules/.pnpm/@vitest+runner@3.2.4/node_modules/@vitest/runner/dist/chunk-hooks.js:155:11\n    at file:///C:/Users/Usuario/ECONEURA-IA-1.worktrees/fix/ci-generate-score-fix/node_modules/.pnpm/@vitest+runner@3.2.4/node_modules/@vitest/runner/dist/chunk-hooks.js:752:26\n    at file:///C:/Users/Usuario/ECONEURA-IA-1.worktrees/fix/ci-generate-score-fix/node_modules/.pnpm/@vitest+runner@3.2.4/node_modules/@vitest/runner/dist/chunk-hooks.js:1897:20\n    at new Promise (<anonymous>)\n    at runWithTimeout (file:///C:/Users/Usuario/ECONEURA-IA-1.worktrees/fix/ci-generate-score-fix/node_modules/.pnpm/@vitest+runner@3.2.4/node_modules/@vitest/runner/dist/chunk-hooks.js:1863:10)\n    at runTest (file:///C:/Users/Usuario/ECONEURA-IA-1.worktrees/fix/ci-generate-score-fix/node_modules/.pnpm/@vitest+runner@3.2.4/node_modules/@vitest/runner/dist/chunk-hooks.js:1574:12)"],"meta":{}},{"ancestorTitles":["Button Component Accessibility","Button Variants"],"fullName":"Button Component Accessibility Button Variants should be accessible in default variant","status":"passed","title":"should be accessible in default variant","duration":2.1071999999999207,"failureMessages":[],"meta":{}},{"ancestorTitles":["Button Component Accessibility","Button Variants"],"fullName":"Button Component Accessibility Button Variants should be accessible in destructive variant","status":"passed","title":"should be accessible in destructive variant","duration":2.3826999999996588,"failureMessages":[],"meta":{}},{"ancestorTitles":["Button Component Accessibility","Button Variants"],"fullName":"Button Component Accessibility Button Variants should be accessible in outline variant","status":"passed","title":"should be 
[...]
ssages":[],"meta":{}},{"ancestorTitles":["Card Component Accessibility","Card in Different Contexts"],"fullName":"Card Component Accessibility Card in Different Contexts should be accessible in a grid layout","status":"passed","title":"should be accessible in a grid layout","duration":2.7208999999998014,"failureMessages":[],"meta":{}},{"ancestorTitles":["Card Component Accessibility","Card with Complex Content"],"fullName":"Card Component Accessibility Card with Complex Content should be accessible with nested components","status":"passed","title":"should be accessible with nested components","duration":4.623300000000199,"failureMessages":[],"meta":{}},{"ancestorTitles":["Card Component Accessibility","Card with Complex Content"],"fullName":"Card Component Accessibility Card with Complex Content should maintain proper heading hierarchy","status":"passed","title":"should maintain proper heading hierarchy","duration":27.13359999999966,"failureMessages":[],"meta":{}},{"ancestorTitles":["Card Component Accessibility","Card Focus Management"],"fullName":"Card Component Accessibility Card Focus Management should be focusable when interactive","status":"passed","title":"should be focusable when interactive","duration":5.655499999999847,"failureMessages":[],"meta":{}},{"ancestorTitles":["Card Component Accessibility","Card Focus Management"],"fullName":"Card Component Accessibility Card Focus Management should not be focusable by default","status":"failed","title":"should not be focusable by default","duration":12.851900000000114,"failureMessages":["Found multiple elements with the role \"generic\"\n\nHere are the matching elements:\n\nElement not found\n\nElement not found\n\nElement not found\n\nElement not found\n\nElement not found\n\n(If this is intentional, then use the `*AllBy*` variant of the query (like `queryAllByText`, `getAllByText`, or `findAllByText`)).","Found multiple elements with the role \"generic\"\n\nHere are the matching elements:\n\nElement not found\n\nElement not found\n\nElement not found\n\nElement not found\n\nElement not found\n\n(If this is intentional, then use the `*AllBy*` variant of the query (like `queryAllByText`, `getAllByText`, or `findAllByText`))."],"meta":{}}],"startTime":1758806157312,"endTime":1758806157647.8518,"status":"failed","message":"","name":"C:/Users/Usuario/ECONEURA-IA-1.worktrees/fix/ci-generate-score-fix/apps/web/src/components/ui/card.test.tsx"},{"assertionResults":[{"ancestorTitles":["Form Component Accessibility","Basic Form Accessibility"],"fullName":"Form Component Accessibility Basic Form Accessibility should have no accessibility violations","status":"passed","title":"should have no accessibility violations","duration":38.060399999999845,"failureMessages":[],"meta":{}},{"ancestorTitles":["Form Component Accessibility","Basic Form Accessibility"],"fullName":"Form Component Accessibility Basic Form Accessibility should pass all accessibility tests","status":"passed","title":"should pass all accessibility tests","duration":26.443900000000212,"failureMessages":[],"meta":{}},{"ancestorTitles":["Form Component Accessibility","Basic Form Accessibility"],"fullName":"Form Component Accessibility Basic Form Accessibility should have proper form structure","status":"passed","title":"should have proper form structure","duration":18.795900000000074,"failureMessages":[],"meta":{}},{"ancestorTitles":["Form Component Accessibility","Form Input Types"],"fullName":"Form Component Accessibility Form Input Types should be accessible with text input","status":"passed","title":"should be accessible with text input","duration":4.332899999999881,"failureMessages":[],"meta":{}},{"ancestorTitles":["Form Component Accessibility","Form Input Types"],"fullName":"Form Component Accessibility Form Input Types should be accessible with email input","status":"passed","title":"should be accessible with email input","duration":16.107700000000023,"failureMessages":[],"meta":{}},{"ancestorTitles":["Form Component Accessibility","Form Input Types"],"fullName":"Form Component Accessibility Form Input Types should be accessible with password input","status":"passed","title":"should be accessible with password input","duration":9.155199999999695,"failureMessages":[],"meta":{}},{"ancestorTitles":["Form Component Accessibility","Form Input Types"],"fullName":"Form Component Accessibility Form Input Types should be accessible with number input","status":"passed","title":"should be accessible with number input","duration":4.102800000000116,"failureMessages":[],"meta":{}},{"ancestorTitles":["Form Component Accessibility","Form Input Types"],"fullName":"Form Component Accessibility Form Input Types should be accessible with tel input","status":"passed","title":"should be accessible with tel input","duration":6.955599999999777,"failureMessages":[],"meta":{}},{"ancestorTitles":["Form Component Accessibility","Form Input Types"],"fullName":"Form Component Accessibility Form Input Types should be accessible with url input","status":"passed","title":"should be accessible with url input","duration":7.658399999999801,"failureMessages":[],"meta":{}},{"ancestorTitles":["Form Component Accessibility","Form Input Types"],"fullName":"Form Component Accessibility Form Input Types should be accessible with date input","status":"passed","title":"should be accessible with date input","duration":5.367099999999937,"failureMessages":[],"meta":{}},{"ancestorTitles":["Form Component Accessibility","Form with Select Elements"],"fullName":"Form Component Accessibility Form with Select Elements should be accessible with select dropdown","status":"passed","title":"should be accessible with select dropdown","duration":10.488200000000234,"failureMessages":[],"meta":{}},{"ancestorTitles":["Form Component Accessibility","Form with Select Elements"],"fullName":"Form Component Accessibility Form with Select Elements should have proper select structure","status":"passed","title":"should have proper select structure","duration":2.865600000000086,"failureMessages":[],"meta":{}},{"ancestorTitles":["Form Component Accessibility","Form with Textarea"],"fullName":"Form Component Accessibility Form with Textarea should be accessible with textarea","status":"passed","title":"should be accessible with textarea","duration":2.88379999999961,"failureMessages":[],"meta":{}},{"ancestorTitles":["Form Component Accessibility","Form with Textarea"],"fullName":"Form Component Accessibility Form with Textarea should have proper textarea structure","status":"passed","title":"should have proper textarea structure","duration":2.7141999999998916,"failureMessages":[],"meta":{}},{"ancestorTitles":["Form Component Accessibility","Form with Checkboxes"],"fullName":"Form Component Accessibility Form with Checkboxes should be accessible with checkboxes","status":"passed","title":"should be accessible with checkboxes","duration":8.63339999999971,"failureMessages":[],"meta":{}},{"ancestorTitles":["Form Component Accessibility","Form with Checkboxes"],"fullName":"Form Component Accessibility Form with Checkboxes should have proper checkbox structure","status":"passed","title":"should have proper checkbox structure","duration":2.7031999999999243,"failureMessages":[],"meta":{}},{"ancestorTitles":["Form Component Accessibility","Form with Radio Buttons"],"fullName":"Form Component Accessibility Form with Radio Buttons should be accessible with radio buttons","status":"passed","title":"should be accessible with radio buttons","duration":3.9643999999998414,"failureMessages":[],"meta":{}},{"ancestorTitles":["Form Component Accessibility","Form with Radio Buttons"],"fullName":"Form Component Accessibility Form with Radio Buttons should have proper radio button structure","status":"passed","title":"should have proper radio button structure","duration":4.397599999999784,"failureMessages":[],"meta":{}},{"ancestorTitles":["Form Component Accessibility","Form Validation"],"fullName":"Form Component Accessibility Form Validation should be accessible with required fields","status":"passed","title":"should be accessible with required fields","duration":6.829200000000128,"failureMessages":[],"meta":{}},{"ancestorTitles":["Form Component Accessibility","Form Validation"],"fullName":"Form Component Accessibility Form Validation should have proper required field indicators","status":"passed","title":"should have proper required field indicators","duration":2.3197000000000116,"failureMessages":[],"meta":{}},{"ancestorTitles":["Form Component Accessibility","Form Validation"],"fullName":"Form Component Accessibility Form Validation should be accessible with field validation messages","status":"passed","title":"should be accessible with field validation messages","duration":2.60129999999981,"failureMessages":[],"meta":{}},{"ancestorTitles":["Form Component Accessibility","Form Validation"],"fullName":"Form Component Accessibility Form Validation should have proper error message associations","status":"passed","title":"should have proper error message associations","duration":4.131000000000313,"failureMessages":[],"meta":{}},{"ancestorTitles":["Form Component Accessibility","Form with Help Text"],"fullName":"Form Component Accessibility Form with Help Text should be accessible with help text","status":"passed","title":"should be accessible with help text","duration":5.595800000000054,"failureMessages":[],"meta":{}},{"ancestorTitles":["Form Component Accessibility","Form with Help Text"],"fullName":"Form Component Accessibility Form with Help Text should have proper help text associations","status":"passed","title":"should have proper help text associations","duration":4.265399999999772,"failureMessages":[],"meta":{}},{"ancestorTitles":["Form Component Accessibility","Form Submission"],"fullName":"Form Component Accessibility Form Submission should be accessible with submit button","status":"passed","title":"should be accessible with submit button","duration":3.550699999999779,"failureMessages":[],"meta":{}},{"ancestorTitles":["Form Component Accessibility","Form Submission"],"fullName":"Form Component Accessibility Form Submission should handle form submission accessibly","status":"passed","title":"should handle form submission accessibly","duration":10.923499999999876,"failureMessages":[],"meta":{}},{"ancestorTitles":["Form Component Accessibility","Form with Complex Layout"],"fullName":"Form Component Accessibility Form with Complex Layout should be accessible with multiple sections","status":"passed","title":"should be accessible with multiple sections","duration":4.5250999999998385,"failureMessages":[],"meta":{}},{"ancestorTitles":["Form Component Accessibility","Form with Complex Layout"],"fullName":"Form Component Accessibility Form with Complex Layout should have proper fieldset structure","status":"passed","title":"should have proper fieldset structure","duration":4.677499999999782,"failureMessages":[],"meta":{}},{"ancestorTitles":["Form Component Accessibility","Form Focus Management"],"fullName":"Form Component Accessibility Form Focus Management should handle tab order correctly","status":"passed","title":"should handle tab order correctly","duration":8.355799999999817,"failureMessages":[],"meta":{}}],"startTime":1758806166668,"endTime":1758806166902.3557,"status":"passed","message":"","name":"C:/Users/Usuario/ECONEURA-IA-1.worktrees/fix/ci-generate-score-fix/apps/web/src/components/ui/form.test.tsx"},{"assertionResults":[{"ancestorTitles":["Table Component Accessibility","Basic Table Accessibility"],"fullName":"Table Component Accessibility Basic Table Accessibility should have no accessibility violations","status":"passed","title":"should have no accessibility violations","duration":31.91489999999976,"failureMessages":[],"meta":{}},{"ancestorTitles":["Table Component Accessibility","Basic Table Accessibility"],"fullName":"Table Component Accessibility Basic Table Accessibility should pass all accessibility tests","status":"passed","title":"should pass all accessibility tests","duration":22.060799999999745,"failureMessages":[],"meta":{}},{"ancestorTitles":["Table Component Accessibility","Basic Table Accessibility"],"fullName":"Table Component Accessibility Basic Table Accessibility should have proper table structure","status":"passed","title":"should have proper table structure","duration":33.728599999999915,"failureMessages":[],"meta":{}},{"ancestorTitles":["Table Component Accessibility","Basic Table Accessibility"],"fullName":"Table Component Accessibility Basic Table Accessibility should have proper table caption","status":"passed","title":"should have proper table caption","duration":14.408400000000256,"failureMessages":[],"meta":{}},{"ancestorTitles":["Table Component Accessibility","Table Headers"],"fullName":"Table Component Accessibility Table Headers should have proper column headers","status":"passed","title":"should have proper column headers","duration":37.23319999999967,"failureMessages":[],"meta":{}},{"ancestorTitles":["Table Component Accessibility","Table Headers"],"fullName":"Table Component Accessibility Table Headers should have proper scope attributes","status":"passed","title":"should have proper scope attributes","duration":25.776299999999992,"failureMessages":[],"meta":{}},{"ancestorTitles":["Table Component Accessibility","Table Data"],"fullName":"Table Component Accessibility Table Data should have proper data cells","status":"passed","title":"should have proper data cells","duration":21.041799999999967,"failureMessages":[],"meta":{}},{"ancestorTitles":["Table Component Accessibility","Table Data"],"fullName":"Table Component Accessibility Table Data should have proper row structure","status":"passed","title":"should have proper row structure","duration":11.434999999999945,"failureMessages":[],"meta":{}},{"ancestorTitles":["Table Component Accessibility","Sortable Table"],"fullName":"Table Component Accessibility Sortable Table should have no accessibility violations","status":"passed","title":"should have no accessibility violations","duration":11.510299999999916,"failureMessages":[],"meta":{}},{"ancestorTitles":["Table Component Accessibility","Sortable Table"],"fullName":"Table Component Accessibility Sortable Table should have proper sortable headers","status":"passed","title":"should have proper sortable headers","duration":5.154700000000048,"failureMessages":[],"meta":{}},{"ancestorTitles":["Table Component Accessibility","Sortable Table"],"fullName":"Table Component Accessibility Sortable Table should handle sorting interactions","status":"passed","title":"should handle sorting interactions","duration":20.27039999999988,"failureMessages":[],"meta":{}},{"ancestorTitles":["Table Component Accessibility","Sortable Table"],"fullName":"Table Component Accessibility Sortable Table should have proper sort indicators","status":"passed","title":"should have proper sort indicators","duration":8.554299999999785,"failureMessages":[],"meta":{}},{"ancestorTitles":["Table Component Accessibility","Selectable Table"],"fullName":"Table Component Accessibility Selectable Table should have no accessibility violations","status":"passed","title":"should have no accessibility violations","duration":9.657999999999902,"failureMessages":[],"meta":{}},{"ancestorTitles":["Table Component Accessibility","Selectable Table"],"fullName":"Table Component Accessibility Selectable Table should have proper select all functionality","status":"passed","title":"should have proper select all functionality","duration":9.725800000000163,"failureMessages":[],"meta":{}},{"ancestorTitles":["Table Component Accessibility","Selectable Table"],"fullName":"Table Component Accessibility Selectable Table should handle select all interactions","status":"passed","title":"should handle select all interactions","duration":25.507500000000164,"failureMessages":[],"meta":{}},{"ancestorTitles":["Table Component Accessibility","Selectable Table"],"fullName":"Table Component Accessibility Selectable Table should handle individual row selection","status":"passed","title":"should handle individual row selection","duration":23.502100000000155,"failureMessages":[],"meta":{}},{"ancestorTitles":["Table Component Accessibility","Table with Custom Data"],"fullName":"Table Component Accessibility Table with Custom Data should be accessible with custom headers and data","status":"passed","title":"should be accessible with custom headers and data","duration":5.563799999999901,"failureMessages":[],"meta":{}},{"ancestorTitles":["Table Component Accessibility","Table with Custom Data"],"fullName":"Table Component Accessibility Table with Custom Data should handle empty table gracefully","status":"passed","title":"should handle empty table gracefully","duration":2.632000000000062,"failureMessages":[],"meta":{}},{"ancestorTitles":["Table Component Accessibility","Table Focus Management"],"fullName":"Table Component Accessibility Table Focus Management should handle keyboard navigation","status":"passed","title":"should handle keyboard navigation","duration":15.860499999999774,"failureMessages":[],"meta":{}},{"ancestorTitles":["Table Component Accessibility","Table Focus Management"],"fullName":"Table Component Accessibility Table Focus Management should handle sortable button focus","status":"passed","title":"should handle sortable button focus","duration":13.354200000000219,"failureMessages":[],"meta":{}},{"ancestorTitles":["Table Component Accessibility","Table Focus Management"],"fullName":"Table Component Accessibility Table Focus Management should handle checkbox focus","status":"passed","title":"should handle checkbox focus","duration":11.070600000000013,"failureMessages":[],"meta":{}},{"ancestorTitles":["Table Component Accessibility","Table with ARIA Attributes"],"fullName":"Table Component Accessibility Table with ARIA Attributes should be accessible with custom ARIA attributes","status":"passed","title":"should be accessible with custom ARIA attributes","duration":2.4717000000000553,"failureMessages":[],"meta":{}},{"ancestorTitles":["Table Component Accessibility","Table with ARIA Attributes"],"fullName":"Table Component Accessibility Table with ARIA Attributes should have proper ARIA sort attributes","status":"passed","title":"should have proper ARIA sort attributes","duration":4.207300000000032,"failureMessages":[],"meta":{}},{"ancestorTitles":["Table Component Accessibility","Table with Complex Content"],"fullName":"Table Component Accessibility Table with Complex Content should be accessible with links in cells","status":"passed","title":"should be accessible with links in cells","duration":3.593800000000101,"failureMessages":[],"meta":{}},{"ancestorTitles":["Table Component Accessibility","Table with Complex Content"],"fullName":"Table Component Accessibility Table with Complex Content should be accessible with buttons in cells","status":"passed","title":"should be accessible with buttons in cells","duration":6.427400000000034,"failureMessages":[],"meta":{}}],"startTime":1758806159882,"endTime":1758806160261.4275,"status":"passed","message":"","name":"C:/Users/Usuario/ECONEURA-IA-1.worktrees/fix/ci-generate-score-fix/apps/web/src/components/ui/table.test.tsx"},{"assertionResults":[{"ancestorTitles":["smoke"],"fullName":"smoke 2+2=4","status":"passed","title":"2+2=4","duration":3.4951999999998407,"failureMessages":[],"meta":{}}],"startTime":1758806169429,"endTime":1758806169432.495,"status":"passed","message":"","name":"C:/Users/Usuario/ECONEURA-IA-1.worktrees/fix/ci-generate-score-fix/apps/web/src/services/__tests__/contract.test.ts"},{"assertionResults":[{"ancestorTitles":["smoke"],"fullName":"smoke 2+2=4","status":"passed","title":"2+2=4","duration":1.5202000000003864,"failureMessages":[],"meta":{}}],"startTime":1758806175059,"endTime":1758806175060.5203,"status":"passed","message":"","name":"C:/Users/Usuario/ECONEURA-IA-1.worktrees/fix/ci-generate-score-fix/apps/web/src/utils/__tests__/smoke.test.ts"}]}