{"numTotalTestSuites":434,"numPassedTestSuites":129,"numFailedTestSuites":305,"numPendingTestSuites":0,"numTotalTests":248,"numPassedTests":246,"numFailedTests":2,"numPendingTests":0,"numTodoTests":0,"snapshot":{"added":0,"failure":false,"filesAdded":0,"filesRemoved":0,"filesRemovedList":[],"filesUnmatched":0,"filesUpdated":0,"matched":0,"total":0,"unchecked":0,"uncheckedKeysByFile":[],"unmatched":0,"updated":0,"didUpdate":false},"startTime":1758728586300,"success":false,"testResults":[{"assertionResults":[{"ancestorTitles":["IntelligentCache","Basic Operations"],"fullName":"IntelligentCache Basic Operations should set and get a value","status":"passed","title":"should set and get a value","duration":2.682299999999941,"failureMessages":[],"meta":{}},{"ancestorTitles":["IntelligentCache","Basic Operations"],"fullName":"IntelligentCache Basic Operations should return null for non-existent key","status":"passed","title":"should return null for non-existent key","duration":0.42420000000004165,"failureMessages":[],"meta":{}},{"ancestorTitles":["IntelligentCache","Basic Operations"],"fullName":"IntelligentCache Basic Operations should delete a value","status":"passed","title":"should delete a value","duration":0.6065999999999576,"failureMessages":[],"meta":{}},{"ancestorTitles":["IntelligentCache","Basic Operations"],"fullName":"IntelligentCache Basic Operations should clear all values","status":"passed","title":"should clear all values","duration":0.3788000000000693,"failureMessages":[],"meta":{}},{"ancestorTitles":["IntelligentCache","TTL and Expiration"],"fullName":"IntelligentCache TTL and Expiration should expire items after TTL","status":"passed","title":"should expire items after TTL","duration":1112.1397,"failureMessages":[],"meta":{}},{"ancestorTitles":["IntelligentCache","TTL and Expiration"],"fullName":"IntelligentCache TTL and Expiration should use default TTL when not specified","status":"passed","title":"should use default TTL when not specified","duration":0.39980000000014115,"failureMessages":[],"meta":{}},{"ancestorTitles":["IntelligentCache","Statistics"],"fullName":"IntelligentCache Statistics should track cache hits and misses","status":"passed","title":"should track cache hits and misses","duration":0.5303999999998723,"failureMessages":[],"meta":{}},{"ancestorTitles":["IntelligentCache","Statistics"],"fullName":"IntelligentCache Statistics should track access count and last accessed","status":"passed","title":"should track access count and last accessed","duration":0.27890000000002146,"failureMessages":[],"meta":{}},{"ancestorTitles":["IntelligentCache","Memory Limits"],"fullName":"IntelligentCache Memory Limits should evict least used items when max size is reached","status":"passed","title":"should evict least used items when max size is reached","duration":0.5586000000000695,"failureMessages":[],"meta":{}},{"ancestorTitles":["IntelligentCache","Warmup"],"fullName":"IntelligentCache Warmup should warmup cache with provided patterns","status":"passed","title":"should warmup cache with provided patterns","duration":0.48910000000000764,"failureMessages":[],"meta":{}},{"ancestorTitles":["AICache"],"fullName":"AICache should cache AI responses with hashed prompts","status":"passed","title":"should cache AI responses with hashed prompts","duration":0.4977999999998701,"failureMessages":[],"meta":{}},{"ancestorTitles":["AICache"],"fullName":"AICache should return null for uncached AI responses","status":"passed","title":"should return null for uncached AI responses","duration":0.16699999999991633,"failureMessages":[],"meta":{}},{"ancestorTitles":["AICache"],"fullName":"AICache should warmup AI cache with common prompts","status":"passed","title":"should warmup AI cache with common prompts","duration":0.3870999999999185,"failureMessages":[],"meta":{}},{"ancestorTitles":["SearchCache"],"fullName":"SearchCache should cache search results with hashed queries","status":"passed","title":"should cache search results with hashed queries","duration":0.4440999999999349,"failureMessages":[],"meta":{}},{"ancestorTitles":["SearchCache"],"fullName":"SearchCache should return null for uncached search results","status":"passed","title":"should return null for uncached search results","duration":0.15850000000000364,"failureMessages":[],"meta":{}},{"ancestorTitles":["SearchCache"],"fullName":"SearchCache should warmup search cache with common queries","status":"passed","title":"should warmup search cache with common queries","duration":0.32750000000010004,"failureMessages":[],"meta":{}},{"ancestorTitles":["CacheManager"],"fullName":"CacheManager should provide access to AI and search caches","status":"passed","title":"should provide access to AI and search caches","duration":0.3932999999999538,"failureMessages":[],"meta":{}},{"ancestorTitles":["CacheManager"],"fullName":"CacheManager should warmup all caches","status":"passed","title":"should warmup all caches","duration":0.3319000000001324,"failureMessages":[],"meta":{}},{"ancestorTitles":["CacheManager"],"fullName":"CacheManager should start and stop periodic warmup","status":"passed","title":"should start and stop periodic warmup","duration":114.69029999999998,"failureMessages":[],"meta":{}},{"ancestorTitles":["CacheManager"],"fullName":"CacheManager should get combined stats from all caches","status":"passed","title":"should get combined stats from all caches","duration":1.409400000000005,"failureMessages":[],"meta":{}}],"startTime":1758728808165,"endTime":1758728809403.4094,"status":"passed","message":"","name":"C:/Users/Usuario/ECONEURA-IA-1.worktrees/fix/ci-generate-score-fix/apps/api/src/lib/cache.test.ts"},{"assertionResults":[{"ancestorTitles":["InMemoryConfigurationManager","Feature Flag Management"],"fullName":"InMemoryConfigurationManager Feature Flag Management should get feature flag by id","status":"passed","title":"should get feature flag by id","duration":2.1970000000000027,"failureMessages":[],"meta":{}},{"ancestorTitles":["InMemoryConfigurationManager","Feature Flag Management"],"fullName":"InMemoryConfigurationManager Feature Flag Management should return undefined for non-existent feature flag","status":"passed","title":"should return undefined for non-existent feature flag","duration":0.43029999999998836,"failureMessages":[],"meta":{}},{"ancestorTitles":["InMemoryConfigurationManager","Feature Flag Management"],"fullName":"InMemoryConfigurationManager Feature Flag Management should check if feature is enabled","status":"passed","title":"should check if feature is enabled","duration":0.3705999999999676,"failureMessages":[],"meta":{}},{"ancestorTitles":["InMemoryConfigurationManager","Feature Flag Management"],"fullName":"InMemoryConfigurationManager Feature Flag Management should return false for disabled feature flag","status":"passed","title":"should return false for disabled feature flag","duration":0.27569999999991524,"failureMessages":[],"meta":{}},{"ancestorTitles":["InMemoryConfigurationManager","Feature Flag Management"],"fullName":"InMemoryConfigurationManager Feature Flag Management should check feature flag with rollout percentage","status":"passed","title":"should check feature flag with rollout percentage","duration":0.8215999999999894,"failureMessages":[],"meta":{}},{"ancestorTitles":["InMemoryConfigurationManager","Feature Flag Management"],"fullName":"InMemoryConfigurationManager Feature Flag Management should check feature flag with target users","status":"passed","title":"should check feature flag with target users","duration":0.39659999999992124,"failureMessages":[],"meta":{}},{"ancestorTitles":["InMemoryConfigurationManager","Feature Flag Management"],"fullName":"InMemoryConfigurationManager Feature Flag Management should check feature flag with conditions","status":"passed","title":"should check feature flag with conditions","duration":0.5057000000000471,"failureMessages":[],"meta":{}},{"ancestorTitles":["InMemoryConfigurationManager","Feature Flag Management"],"fullName":"InMemoryConfigurationManager Feature Flag Management should get all feature flags","status":"passed","title":"should get all feature flags","duration":0.4534999999999627,"failureMessages":[],"meta":{}},{"ancestorTitles":["InMemoryConfigurationManager","Feature Flag Management"],"fullName":"InMemoryConfigurationManager Feature Flag Management should get feature flags by environment","status":"passed","title":"should get feature flags by environment","duration":0.5270000000000437,"failureMessages":[],"meta":{}},{"ancestorTitles":["InMemoryConfigurationManager","Feature Flag Management"],"fullName":"InMemoryConfigurationManager Feature Flag Management should create feature flag","status":"passed","title":"should create feature flag","duration":0.7795999999999594,"failureMessages":[],"meta":{}},{"ancestorTitles":["InMemoryConfigurationManager","Feature Flag Management"],"fullName":"InMemoryConfigurationManager Feature Flag Management should update feature flag","status":"passed","title":"should update feature flag","duration":0.46080000000006294,"failureMessages":[],"meta":{}},{"ancestorTitles":["InMemoryConfigurationManager","Feature Flag Management"],"fullName":"InMemoryConfigurationManager Feature Flag Management should return false when updating non-existent feature flag","status":"passed","title":"should return false when updating non-existent feature flag","duration":0.21609999999998308,"failureMessages":[],"meta":{}},{"ancestorTitles":["InMemoryConfigurationManager","Feature Flag Management"],"fullName":"InMemoryConfigurationManager Feature Flag Management should delete feature flag","status":"passed","title":"should delete feature flag","duration":0.2518999999999778,"failureMessages":[],"meta":{}},{"ancestorTitles":["InMemoryConfigurationManager","Feature Flag Management"],"fullName":"InMemoryConfigurationManager Feature Flag Management should return false when deleting non-existent feature flag","status":"passed","title":"should return false when deleting non-existent feature flag","duration":0.2626000000000204,"failureMessages":[],"meta":{}},{"ancestorTitles":["InMemoryConfigurationManager","Environment Configuration"],"fullName":"InMemoryConfigurationManager Environment Configuration should get environment config","status":"passed","title":"should get environment config","duration":2.6271000000000413,"failureMessages":[],"meta":{}},{"ancestorTitles":["InMemoryConfigurationManager","Environment Configuration"],"fullName":"InMemoryConfigurationManager Environment Configuration should return undefined for non-existent environment","status":"passed","title":"should return undefined for non-existent environment","duration":0.3127999999999247,"failureMessages":[],"meta":{}},{"ancestorTitles":["InMemoryConfigurationManager","Environment Configuration"],"fullName":"InMemoryConfigurationManager Environment Configuration should set environment config","status":"passed","title":"should set environment config","duration":0.5492000000000417,"failureMessages":[],"meta":{}},{"ancestorTitles":["InMemoryConfigurationManager","Configuration Values"],"fullName":"InMemoryConfigurationManager Configuration Values should get config value with default","status":"passed","title":"should get config value with default","duration":0.2582999999999629,"failureMessages":[],"meta":{}},{"ancestorTitles":["InMemoryConfigurationManager","Configuration Values"],"fullName":"InMemoryConfigurationManager Configuration Values should get config value from environment config","status":"passed","title":"should get config value from environment config","duration":0.27060000000005857,"failureMessages":[],"meta":{}},{"ancestorTitles":["InMemoryConfigurationManager","Configuration Values"],"fullName":"InMemoryConfigurationManager Configuration Values should get config value from overrides","status":"passed","title":"should get config value from overrides","duration":0.19659999999998945,"failureMessages":[],"meta":{}},{"ancestorTitles":["InMemoryConfigurationManager","Configuration Values"],"fullName":"InMemoryConfigurationManager Configuration Values should set config value","status":"passed","title":"should set config value","duration":0.32380000000000564,"failureMessages":[],"meta":{}},{"ancestorTitles":["InMemoryConfigurationManager","Configuration Values"],"fullName":"InMemoryConfigurationManager Configuration Values should fallback to default environment","status":"passed","title":"should fallback to default environment","duration":0.2097999999999729,"failureMessages":[],"meta":{}},{"ancestorTitles":["InMemoryConfigurationManager","Secrets Management"],"fullName":"InMemoryConfigurationManager Secrets Management should get secret","status":"passed","title":"should get secret","duration":0.2358000000000402,"failureMessages":[],"meta":{}},{"ancestorTitles":["InMemoryConfigurationManager","Secrets Management"],"fullName":"InMemoryConfigurationManager Secrets Management should return undefined for non-existent secret","status":"passed","title":"should return undefined for non-existent secret","duration":0.2096000000000231,"failureMessages":[],"meta":{}},{"ancestorTitles":["InMemoryConfigurationManager","Secrets Management"],"fullName":"InMemoryConfigurationManager Secrets Management should set secret","status":"passed","title":"should set secret","duration":0.23099999999999454,"failureMessages":[],"meta":{}},{"ancestorTitles":["InMemoryConfigurationManager","Secrets Management"],"fullName":"InMemoryConfigurationManager Secrets Management should fallback to default environment for secrets","status":"passed","title":"should fallback to default environment for secrets","duration":0.21629999999993288,"failureMessages":[],"meta":{}},{"ancestorTitles":["InMemoryConfigurationManager","Configuration Validation"],"fullName":"InMemoryConfigurationManager Configuration Validation should validate valid configuration","status":"passed","title":"should validate valid configuration","duration":0.2947000000000344,"failureMessages":[],"meta":{}},{"ancestorTitles":["InMemoryConfigurationManager","Configuration Validation"],"fullName":"InMemoryConfigurationManager Configuration Validation should invalidate configuration with invalid feature flag","status":"passed","title":"should invalidate configuration with invalid feature flag","duration":0.226099999999974,"failureMessages":[],"meta":{}},{"ancestorTitles":["InMemoryConfigurationManager","Configuration Stats"],"fullName":"InMemoryConfigurationManager Configuration Stats should get configuration statistics","status":"passed","title":"should get configuration statistics","duration":1.6435999999999922,"failureMessages":[],"meta":{}},{"ancestorTitles":["InMemoryConfigurationManager","Condition Evaluation","evaluateCondition"],"fullName":"InMemoryConfigurationManager Condition Evaluation evaluateCondition should evaluate equals condition","status":"passed","title":"should evaluate equals condition","duration":0.3081999999999425,"failureMessages":[],"meta":{}},{"ancestorTitles":["InMemoryConfigurationManager","Condition Evaluation","evaluateCondition"],"fullName":"InMemoryConfigurationManager Condition Evaluation evaluateCondition should evaluate contains condition","status":"passed","title":"should evaluate contains condition","duration":0.20089999999993324,"failureMessages":[],"meta":{}},{"ancestorTitles":["InMemoryConfigurationManager","Condition Evaluation","evaluateCondition"],"fullName":"InMemoryConfigurationManager Condition Evaluation evaluateCondition should evaluate greater_than condition","status":"passed","title":"should evaluate greater_than condition","duration":0.2456000000000813,"failureMessages":[],"meta":{}},{"ancestorTitles":["InMemoryConfigurationManager","Condition Evaluation","evaluateCondition"],"fullName":"InMemoryConfigurationManager Condition Evaluation evaluateCondition should evaluate in condition","status":"passed","title":"should evaluate in condition","duration":0.21299999999996544,"failureMessages":[],"meta":{}},{"ancestorTitles":["InMemoryConfigurationManager","Condition Evaluation","evaluateCondition"],"fullName":"InMemoryConfigurationManager Condition Evaluation evaluateCondition should evaluate not_in condition","status":"passed","title":"should evaluate not_in condition","duration":0.23730000000000473,"failureMessages":[],"meta":{}},{"ancestorTitles":["InMemoryConfigurationManager","Condition Evaluation","evaluateTimeWindow"],"fullName":"InMemoryConfigurationManager Condition Evaluation evaluateTimeWindow should evaluate time window condition","status":"passed","title":"should evaluate time window condition","duration":0.3002999999999929,"failureMessages":[],"meta":{}},{"ancestorTitles":["InMemoryConfigurationManager","Condition Evaluation","evaluateCustomCondition"],"fullName":"InMemoryConfigurationManager Condition Evaluation evaluateCustomCondition should evaluate custom condition","status":"passed","title":"should evaluate custom condition","duration":0.21459999999990487,"failureMessages":[],"meta":{}},{"ancestorTitles":["InMemoryConfigurationManager","Default Initialization"],"fullName":"InMemoryConfigurationManager Default Initialization should initialize with default environments","status":"passed","title":"should initialize with default environments","duration":0.35800000000006094,"failureMessages":[],"meta":{}},{"ancestorTitles":["InMemoryConfigurationManager","Default Initialization"],"fullName":"InMemoryConfigurationManager Default Initialization should initialize with default feature flags","status":"passed","title":"should initialize with default feature flags","duration":0.31379999999990105,"failureMessages":[],"meta":{}},{"ancestorTitles":["InMemoryConfigurationManager","Reload Configuration"],"fullName":"InMemoryConfigurationManager Reload Configuration should reload configuration","status":"passed","title":"should reload configuration","duration":1.046100000000024,"failureMessages":[],"meta":{}},{"ancestorTitles":["Global Instance"],"fullName":"Global Instance should export global configurationManager instance","status":"passed","title":"should export global configurationManager instance","duration":0.16429999999991196,"failureMessages":[],"meta":{}}],"startTime":1758728810805,"endTime":1758728810825.1643,"status":"passed","message":"","name":"C:/Users/Usuario/ECONEURA-IA-1.worktrees/fix/ci-generate-score-fix/apps/api/src/lib/configuration.test.ts"},{"assertionResults":[{"ancestorTitles":["Custom Error Classes","AppError"],"fullName":"Custom Error Classes AppError should create an AppError with correct properties","status":"passed","title":"should create an AppError with correct properties","duration":1.9371999999999616,"failureMessages":[],"meta":{}},{"ancestorTitles":["Custom Error Classes","AppError"],"fullName":"Custom Error Classes AppError should default isOperational to true","status":"passed","title":"should default isOperational to true","duration":0.26350000000002183,"failureMessages":[],"meta":{}},{"ancestorTitles":["Custom Error Classes","ValidationError"],"fullName":"Custom Error Classes ValidationError should create a ValidationError with correct status and code","status":"passed","title":"should create a ValidationError with correct status and code","duration":0.370900000000006,"failureMessages":[],"meta":{}},{"ancestorTitles":["Custom Error Classes","AuthenticationError"],"fullName":"Custom Error Classes AuthenticationError should create an AuthenticationError with correct status and code","status":"passed","title":"should create an AuthenticationError with correct status and code","duration":0.33370000000002165,"failureMessages":[],"meta":{}},{"ancestorTitles":["Custom Error Classes","AuthorizationError"],"fullName":"Custom Error Classes AuthorizationError should create an AuthorizationError with correct status and code","status":"passed","title":"should create an AuthorizationError with correct status and code","duration":0.30709999999999127,"failureMessages":[],"meta":{}},{"ancestorTitles":["errorHandler middleware"],"fullName":"errorHandler middleware should handle ZodError with validation details","status":"passed","title":"should handle ZodError with validation details","duration":3.469699999999989,"failureMessages":[],"meta":{}},{"ancestorTitles":["errorHandler middleware"],"fullName":"errorHandler middleware should handle AppError instances","status":"passed","title":"should handle AppError instances","duration":1.038000000000011,"failureMessages":[],"meta":{}},{"ancestorTitles":["errorHandler middleware"],"fullName":"errorHandler middleware should handle generic errors in development","status":"passed","title":"should handle generic errors in development","duration":7.058500000000095,"failureMessages":[],"meta":{}},{"ancestorTitles":["errorHandler middleware"],"fullName":"errorHandler middleware should handle generic errors in production","status":"passed","title":"should handle generic errors in production","duration":0.7323999999999842,"failureMessages":[],"meta":{}},{"ancestorTitles":["errorHandler middleware"],"fullName":"errorHandler middleware should log errors appropriately","status":"passed","title":"should log errors appropriately","duration":0.49909999999999854,"failureMessages":[],"meta":{}},{"ancestorTitles":["notFoundHandler middleware"],"fullName":"notFoundHandler middleware should create and pass AppError for not found routes","status":"passed","title":"should create and pass AppError for not found routes","duration":0.554300000000012,"failureMessages":[],"meta":{}},{"ancestorTitles":["asyncHandler"],"fullName":"asyncHandler should execute successful async functions","status":"passed","title":"should execute successful async functions","duration":0.7105000000000246,"failureMessages":[],"meta":{}},{"ancestorTitles":["asyncHandler"],"fullName":"asyncHandler should catch and pass errors to next middleware","status":"passed","title":"should catch and pass errors to next middleware","duration":0.5844000000000733,"failureMessages":[],"meta":{}}],"startTime":1758728810822,"endTime":1758728810840.5845,"status":"passed","message":"","name":"C:/Users/Usuario/ECONEURA-IA-1.worktrees/fix/ci-generate-score-fix/apps/api/src/lib/errors.test.ts"},{"assertionResults":[{"ancestorTitles":["InMemoryEventStore","saveEvents"],"fullName":"InMemoryEventStore saveEvents should save events successfully","status":"passed","title":"should save events successfully","duration":2.5672000000000708,"failureMessages":[],"meta":{}},{"ancestorTitles":["InMemoryEventStore","saveEvents"],"fullName":"InMemoryEventStore saveEvents should throw concurrency conflict on version mismatch","status":"passed","title":"should throw concurrency conflict on version mismatch","duration":1.6032000000000153,"failureMessages":[],"meta":{}},{"ancestorTitles":["InMemoryEventStore","saveEvents"],"fullName":"InMemoryEventStore saveEvents should throw error on invalid event version sequence","status":"passed","title":"should throw error on invalid event version sequence","duration":0.5200999999999567,"failureMessages":[],"meta":{}},{"ancestorTitles":["InMemoryEventStore","getEvents"],"fullName":"InMemoryEventStore getEvents should return events for aggregate","status":"passed","title":"should return events for aggregate","duration":4.351499999999987,"failureMessages":[],"meta":{}},{"ancestorTitles":["InMemoryEventStore","getEvents"],"fullName":"InMemoryEventStore getEvents should return events from specific version","status":"passed","title":"should return events from specific version","duration":0.5235999999999876,"failureMessages":[],"meta":{}},{"ancestorTitles":["InMemoryEventStore","getAllEvents"],"fullName":"InMemoryEventStore getAllEvents should return all events","status":"passed","title":"should return all events","duration":0.7687000000000808,"failureMessages":[],"meta":{}},{"ancestorTitles":["InMemoryEventStore","getAllEvents"],"fullName":"InMemoryEventStore getAllEvents should filter events by timestamp","status":"passed","title":"should filter events by timestamp","duration":0.5493999999999915,"failureMessages":[],"meta":{}},{"ancestorTitles":["InMemoryEventStore","getEventsByType"],"fullName":"InMemoryEventStore getEventsByType should return events filtered by type","status":"passed","title":"should return events filtered by type","duration":0.641399999999976,"failureMessages":[],"meta":{}},{"ancestorTitles":["InMemoryEventStore","getEventsByType"],"fullName":"InMemoryEventStore getEventsByType should filter events by type and timestamp","status":"passed","title":"should filter events by type and timestamp","duration":0.42010000000004766,"failureMessages":[],"meta":{}},{"ancestorTitles":["InMemoryEventBus","publish"],"fullName":"InMemoryEventBus publish should publish event to subscribed handlers","status":"passed","title":"should publish event to subscribed handlers","duration":2.3159999999999172,"failureMessages":[],"meta":{}},{"ancestorTitles":["InMemoryEventBus","publish"],"fullName":"InMemoryEventBus publish should handle handler errors gracefully","status":"passed","title":"should handle handler errors gracefully","duration":0.8851000000000795,"failureMessages":[],"meta":{}},{"ancestorTitles":["InMemoryEventBus","publish"],"fullName":"InMemoryEventBus publish should handle events with no subscribers","status":"passed","title":"should handle events with no subscribers","duration":0.2477000000000089,"failureMessages":[],"meta":{}},{"ancestorTitles":["InMemoryEventBus","subscribe and unsubscribe"],"fullName":"InMemoryEventBus subscribe and unsubscribe should subscribe and unsubscribe handlers","status":"passed","title":"should subscribe and unsubscribe handlers","duration":0.7473999999999705,"failureMessages":[],"meta":{}},{"ancestorTitles":["InMemoryEventBus","subscribe and unsubscribe"],"fullName":"InMemoryEventBus subscribe and unsubscribe should handle unsubscribe for non-existent handler","status":"passed","title":"should handle unsubscribe for non-existent handler","duration":0.3223000000000411,"failureMessages":[],"meta":{}},{"ancestorTitles":["InMemoryReadModelStore","save and get"],"fullName":"InMemoryReadModelStore save and get should save and retrieve read models","status":"passed","title":"should save and retrieve read models","duration":0.34380000000010114,"failureMessages":[],"meta":{}},{"ancestorTitles":["InMemoryReadModelStore","save and get"],"fullName":"InMemoryReadModelStore save and get should return null for non-existent read model","status":"passed","title":"should return null for non-existent read model","duration":0.15869999999995343,"failureMessages":[],"meta":{}},{"ancestorTitles":["InMemoryReadModelStore","query"],"fullName":"InMemoryReadModelStore query should query read models by type","status":"passed","title":"should query read models by type","duration":0.5266000000000304,"failureMessages":[],"meta":{}},{"ancestorTitles":["InMemoryReadModelStore","query"],"fullName":"InMemoryReadModelStore query should filter read models by data properties","status":"passed","title":"should filter read models by data properties","duration":0.425200000000018,"failureMessages":[],"meta":{}},{"ancestorTitles":["InMemoryReadModelStore","delete"],"fullName":"InMemoryReadModelStore delete should delete read models","status":"passed","title":"should delete read models","duration":0.22280000000000655,"failureMessages":[],"meta":{}},{"ancestorTitles":["EventSourcingSystem","command handling"],"fullName":"EventSourcingSystem command handling should register and execute commands","status":"passed","title":"should register and execute commands","duration":0.6761000000000195,"failureMessages":[],"meta":{}},{"ancestorTitles":["EventSourcingSystem","command handling"],"fullName":"EventSourcingSystem command handling should throw error for unregistered command type","status":"passed","title":"should throw error for unregistered command type","duration":0.36170000000004165,"failureMessages":[],"meta":{}},{"ancestorTitles":["EventSourcingSystem","query handling"],"fullName":"EventSourcingSystem query handling should register and execute queries","status":"passed","title":"should register and execute queries","duration":0.6184999999999263,"failureMessages":[],"meta":{}},{"ancestorTitles":["EventSourcingSystem","query handling"],"fullName":"EventSourcingSystem query handling should throw error for unregistered query type","status":"passed","title":"should throw error for unregistered query type","duration":0.33969999999999345,"failureMessages":[],"meta":{}},{"ancestorTitles":["EventSourcingSystem","aggregate operations"],"fullName":"EventSourcingSystem aggregate operations should load aggregate from events","status":"passed","title":"should load aggregate from events","duration":0.38149999999996,"failureMessages":[],"meta":{}},{"ancestorTitles":["EventSourcingSystem","aggregate operations"],"fullName":"EventSourcingSystem aggregate operations should save aggregate with events","status":"passed","title":"should save aggregate with events","duration":0.3846999999999525,"failureMessages":[],"meta":{}},{"ancestorTitles":["EventSourcingSystem","read model operations"],"fullName":"EventSourcingSystem read model operations should update read models","status":"passed","title":"should update read models","duration":2.7164999999999964,"failureMessages":[],"meta":{}},{"ancestorTitles":["EventSourcingSystem","event replay"],"fullName":"EventSourcingSystem event replay should replay events","status":"passed","title":"should replay events","duration":0.7459999999999809,"failureMessages":[],"meta":{}},{"ancestorTitles":["EventSourcingSystem","statistics"],"fullName":"EventSourcingSystem statistics should return system statistics","status":"passed","title":"should return system statistics","duration":0.37170000000003256,"failureMessages":[],"meta":{}},{"ancestorTitles":["Factory functions","createEvent"],"fullName":"Factory functions createEvent should create event with correct structure","status":"passed","title":"should create event with correct structure","duration":0.6699999999999591,"failureMessages":[],"meta":{}},{"ancestorTitles":["Factory functions","createCommand"],"fullName":"Factory functions createCommand should create command with correct structure","status":"passed","title":"should create command with correct structure","duration":0.4538000000000011,"failureMessages":[],"meta":{}},{"ancestorTitles":["Factory functions","createQuery"],"fullName":"Factory functions createQuery should create query with correct structure","status":"passed","title":"should create query with correct structure","duration":0.476099999999974,"failureMessages":[],"meta":{}},{"ancestorTitles":["Global instances"],"fullName":"Global instances should export global instances","status":"passed","title":"should export global instances","duration":0.27760000000000673,"failureMessages":[],"meta":{}}],"startTime":1758728810124,"endTime":1758728810152.2776,"status":"passed","message":"","name":"C:/Users/Usuario/ECONEURA-IA-1.worktrees/fix/ci-generate-score-fix/apps/api/src/lib/events.test.ts"},{"assertionResults":[{"ancestorTitles":["APIGateway","Service Management"],"fullName":"APIGateway Service Management should add service successfully","status":"passed","title":"should add service successfully","duration":4.885699999999986,"failureMessages":[],"meta":{}},{"ancestorTitles":["APIGateway","Service Management"],"fullName":"APIGateway Service Management should remove service","status":"passed","title":"should remove service","duration":0.9814999999999827,"failureMessages":[],"meta":{}},{"ancestorTitles":["APIGateway","Service Management"],"fullName":"APIGateway Service Management should return false when removing non-existent service","status":"passed","title":"should return false when removing non-existent service","duration":0.6331000000000131,"failureMessages":[],"meta":{}},{"ancestorTitles":["APIGateway","Service Management"],"fullName":"APIGateway Service Management should get all services","status":"passed","title":"should get all services","duration":1.6356999999999857,"failureMessages":[],"meta":{}},{"ancestorTitles":["APIGateway","Route Management"],"fullName":"APIGateway Route Management should add route successfully","status":"passed","title":"should add route successfully","duration":1.1149000000000342,"failureMessages":[],"meta":{}},{"ancestorTitles":["APIGateway","Route Management"],"fullName":"APIGateway Route Management should remove route","status":"passed","title":"should remove route","duration":0.8620999999999412,"failureMessages":[],"meta":{}},{"ancestorTitles":["APIGateway","Route Management"],"fullName":"APIGateway Route Management should return false when removing non-existent route","status":"passed","title":"should return false when removing non-existent route","duration":0.48339999999996053,"failureMessages":[],"meta":{}},{"ancestorTitles":["APIGateway","Route Management"],"fullName":"APIGateway Route Management should get all routes","status":"passed","title":"should get all routes","duration":0.7204000000000406,"failureMessages":[],"meta":{}},{"ancestorTitles":["APIGateway","Intelligent Routing"],"fullName":"APIGateway Intelligent Routing should find route by path and method","status":"passed","title":"should find route by path and method","duration":0.7998999999999796,"failureMessages":[],"meta":{}},{"ancestorTitles":["APIGateway","Intelligent Routing"],"fullName":"APIGateway Intelligent Routing should return null for non-existent route","status":"passed","title":"should return null for non-existent route","duration":0.616800000000012,"failureMessages":[],"meta":{}},{"ancestorTitles":["APIGateway","Intelligent Routing"],"fullName":"APIGateway Intelligent Routing should match route with conditions","status":"passed","title":"should match route with conditions","duration":2.2163000000000466,"failureMessages":[],"meta":{}},{"ancestorTitles":["APIGateway","Intelligent Routing"],"fullName":"APIGateway Intelligent Routing should not match route when conditions fail","status":"passed","title":"should not match route when conditions fail","duration":0.6438999999999169,"failureMessages":[],"meta":{}},{"ancestorTitles":["APIGateway","Intelligent Routing"],"fullName":"APIGateway Intelligent Routing should prioritize routes by priority","status":"passed","title":"should prioritize routes by priority","duration":0.9189999999999827,"failureMessages":[],"meta":{}},{"ancestorTitles":["APIGateway","Load Balancing"],"fullName":"APIGateway Load Balancing should select service with round-robin strategy","status":"passed","title":"should select service with round-robin strategy","duration":0.9008000000000038,"failureMessages":[],"meta":{}},{"ancestorTitles":["APIGateway","Load Balancing"],"fullName":"APIGateway Load Balancing should select service with least-connections strategy","status":"passed","title":"should select service with least-connections strategy","duration":0.6745999999999412,"failureMessages":[],"meta":{}},{"ancestorTitles":["APIGateway","Load Balancing"],"fullName":"APIGateway Load Balancing should select service with weighted strategy","status":"passed","title":"should select service with weighted strategy","duration":0.8712000000000444,"failureMessages":[],"meta":{}},{"ancestorTitles":["APIGateway","Load Balancing"],"fullName":"APIGateway Load Balancing should select service with ip-hash strategy","status":"passed","title":"should select service with ip-hash strategy","duration":0.6399999999999864,"failureMessages":[],"meta":{}},{"ancestorTitles":["APIGateway","Load Balancing"],"fullName":"APIGateway Load Balancing should select service with response-time strategy","status":"passed","title":"should select service with response-time strategy","duration":0.6410000000000764,"failureMessages":[],"meta":{}},{"ancestorTitles":["APIGateway","Load Balancing"],"fullName":"APIGateway Load Balancing should return null when no healthy services available","status":"passed","title":"should return null when no healthy services available","duration":0.4459000000000515,"failureMessages":[],"meta":{}},{"ancestorTitles":["APIGateway","Statistics and Metrics"],"fullName":"APIGateway Statistics and Metrics should record request metrics","status":"passed","title":"should record request metrics","duration":0.6463999999999714,"failureMessages":[],"meta":{}},{"ancestorTitles":["APIGateway","Statistics and Metrics"],"fullName":"APIGateway Statistics and Metrics should get comprehensive gateway statistics","status":"passed","title":"should get comprehensive gateway statistics","duration":0.844600000000014,"failureMessages":[],"meta":{}},{"ancestorTitles":["APIGateway","Health Checks"],"fullName":"APIGateway Health Checks should perform successful health check","status":"passed","title":"should perform successful health check","duration":0.9116999999999962,"failureMessages":[],"meta":{}},{"ancestorTitles":["APIGateway","Health Checks"],"fullName":"APIGateway Health Checks should handle failed health check","status":"passed","title":"should handle failed health check","duration":0.7298000000000684,"failureMessages":[],"meta":{}},{"ancestorTitles":["APIGateway","Utility Methods","matchesPath"],"fullName":"APIGateway Utility Methods matchesPath should match exact paths","status":"passed","title":"should match exact paths","duration":2.578899999999976,"failureMessages":[],"meta":{}},{"ancestorTitles":["APIGateway","Utility Methods","matchesPath"],"fullName":"APIGateway Utility Methods matchesPath should match paths with parameters","status":"passed","title":"should match paths with parameters","duration":0.5217999999999847,"failureMessages":[],"meta":{}},{"ancestorTitles":["APIGateway","Utility Methods","matchesPath"],"fullName":"APIGateway Utility Methods matchesPath should not match different paths","status":"passed","title":"should not match different paths","duration":0.4169000000000551,"failureMessages":[],"meta":{}},{"ancestorTitles":["APIGateway","Utility Methods","matchesPath"],"fullName":"APIGateway Utility Methods matchesPath should not match paths with different segment counts","status":"passed","title":"should not match paths with different segment counts","duration":0.39049999999997453,"failureMessages":[],"meta":{}},{"ancestorTitles":["APIGateway","Utility Methods","matchesConditions"],"fullName":"APIGateway Utility Methods matchesConditions should return true for empty conditions","status":"passed","title":"should return true for empty conditions","duration":0.40889999999990323,"failureMessages":[],"meta":{}},{"ancestorTitles":["APIGateway","Utility Methods","matchesConditions"],"fullName":"APIGateway Utility Methods matchesConditions should match header conditions","status":"passed","title":"should match header conditions","duration":0.4974000000000842,"failureMessages":[],"meta":{}},{"ancestorTitles":["APIGateway","Utility Methods","matchesConditions"],"fullName":"APIGateway Utility Methods matchesConditions should match query conditions","status":"passed","title":"should match query conditions","duration":0.39990000000000236,"failureMessages":[],"meta":{}},{"ancestorTitles":["APIGateway","Utility Methods","matchesConditions"],"fullName":"APIGateway Utility Methods matchesConditions should handle regex conditions","status":"passed","title":"should handle regex conditions","duration":3.1317000000000235,"failureMessages":[],"meta":{}},{"ancestorTitles":["APIGateway","Default Initialization"],"fullName":"APIGateway Default Initialization should initialize with default services","status":"passed","title":"should initialize with default services","duration":0.6517000000000053,"failureMessages":[],"meta":{}},{"ancestorTitles":["APIGateway","Default Initialization"],"fullName":"APIGateway Default Initialization should initialize with default routes","status":"passed","title":"should initialize with default routes","duration":0.581899999999905,"failureMessages":[],"meta":{}},{"ancestorTitles":["Global Instance"],"fullName":"Global Instance should export global apiGateway instance","status":"passed","title":"should export global apiGateway instance","duration":0.14999999999997726,"failureMessages":[],"meta":{}}],"startTime":1758728808865,"endTime":1758728808900.15,"status":"passed","message":"","name":"C:/Users/Usuario/ECONEURA-IA-1.worktrees/fix/ci-generate-score-fix/apps/api/src/lib/gateway.test.ts"},{"assertionResults":[{"ancestorTitles":["InteractionsSasAvService"],"fullName":"InteractionsSasAvService should create interaction","status":"passed","title":"should create interaction","duration":2.197200000000066,"failureMessages":[],"meta":{}},{"ancestorTitles":["InteractionsSasAvService"],"fullName":"InteractionsSasAvService should analyze sentiment","status":"passed","title":"should analyze sentiment","duration":0.6852999999999838,"failureMessages":[],"meta":{}},{"ancestorTitles":["InteractionsSasAvService"],"fullName":"InteractionsSasAvService should analyze voice","status":"passed","title":"should analyze voice","duration":0.33969999999999345,"failureMessages":[],"meta":{}}],"startTime":1758728811272,"endTime":1758728811275.6853,"status":"passed","message":"","name":"C:/Users/Usuario/ECONEURA-IA-1.worktrees/fix/ci-generate-score-fix/apps/api/src/lib/interactions-sas-av.service.test.ts"},{"assertionResults":[{"ancestorTitles":["IntelligentRateLimiter"],"fullName":"IntelligentRateLimiter should create instance","status":"passed","title":"should create instance","duration":3.6539000000000215,"failureMessages":[],"meta":{}},{"ancestorTitles":["IntelligentRateLimiter","Organization Management"],"fullName":"IntelligentRateLimiter Organization Management should add organization with custom config","status":"passed","title":"should add organization with custom config","duration":3.4768000000000256,"failureMessages":[],"meta":{}},{"ancestorTitles":["IntelligentRateLimiter","Organization Management"],"fullName":"IntelligentRateLimiter Organization Management should add organization with default config","status":"passed","title":"should add organization with default config","duration":0.6372000000000071,"failureMessages":[],"meta":{}},{"ancestorTitles":["IntelligentRateLimiter","Organization Management"],"fullName":"IntelligentRateLimiter Organization Management should remove organization","status":"passed","title":"should remove organization","duration":0.5865999999999758,"failureMessages":[],"meta":{}},{"ancestorTitles":["IntelligentRateLimiter","Organization Management"],"fullName":"IntelligentRateLimiter Organization Management should return false when removing non-existent organization","status":"passed","title":"should return false when removing non-existent organization","duration":0.411899999999946,"failureMessages":[],"meta":{}},{"ancestorTitles":["IntelligentRateLimiter","Organization Management"],"fullName":"IntelligentRateLimiter Organization Management should check if organization exists","status":"passed","title":"should check if organization exists","duration":0.4550000000000409,"failureMessages":[],"meta":{}},{"ancestorTitles":["IntelligentRateLimiter","Rate Limiting - Token Bucket Strategy"],"fullName":"IntelligentRateLimiter Rate Limiting - Token Bucket Strategy should allow requests within burst size","status":"passed","title":"should allow requests within burst size","duration":0.9805000000000064,"failureMessages":[],"meta":{}},{"ancestorTitles":["IntelligentRateLimiter","Rate Limiting - Token Bucket Strategy"],"fullName":"IntelligentRateLimiter Rate Limiting - Token Bucket Strategy should deny requests exceeding burst size","status":"passed","title":"should deny requests exceeding burst size","duration":0.6398000000000366,"failureMessages":[],"meta":{}},{"ancestorTitles":["IntelligentRateLimiter","Rate Limiting - Token Bucket Strategy"],"fullName":"IntelligentRateLimiter Rate Limiting - Token Bucket Strategy should refill tokens over time","status":"passed","title":"should refill tokens over time","duration":0.9615000000000009,"failureMessages":[],"meta":{}},{"ancestorTitles":["IntelligentRateLimiter","Rate Limiting - Sliding Window Strategy"],"fullName":"IntelligentRateLimiter Rate Limiting - Sliding Window Strategy should allow requests within window","status":"passed","title":"should allow requests within window","duration":0.7607000000000426,"failureMessages":[],"meta":{}},{"ancestorTitles":["IntelligentRateLimiter","Rate Limiting - Sliding Window Strategy"],"fullName":"IntelligentRateLimiter Rate Limiting - Sliding Window Strategy should deny requests exceeding window limit","status":"passed","title":"should deny requests exceeding window limit","duration":0.42830000000003565,"failureMessages":[],"meta":{}},{"ancestorTitles":["IntelligentRateLimiter","Rate Limiting - Sliding Window Strategy"],"fullName":"IntelligentRateLimiter Rate Limiting - Sliding Window Strategy should reset window after time passes","status":"passed","title":"should reset window after time passes","duration":0.421799999999962,"failureMessages":[],"meta":{}},{"ancestorTitles":["IntelligentRateLimiter","Statistics and Monitoring"],"fullName":"IntelligentRateLimiter Statistics and Monitoring should get organization statistics","status":"passed","title":"should get organization statistics","duration":1.5721999999999525,"failureMessages":[],"meta":{}},{"ancestorTitles":["IntelligentRateLimiter","Statistics and Monitoring"],"fullName":"IntelligentRateLimiter Statistics and Monitoring should return null for non-existent organization stats","status":"passed","title":"should return null for non-existent organization stats","duration":0.41190000000005966,"failureMessages":[],"meta":{}},{"ancestorTitles":["IntelligentRateLimiter","Statistics and Monitoring"],"fullName":"IntelligentRateLimiter Statistics and Monitoring should get all organizations","status":"passed","title":"should get all organizations","duration":0.5124000000000706,"failureMessages":[],"meta":{}},{"ancestorTitles":["IntelligentRateLimiter","Statistics and Monitoring"],"fullName":"IntelligentRateLimiter Statistics and Monitoring should reset organization","status":"passed","title":"should reset organization","duration":0.5094000000000278,"failureMessages":[],"meta":{}},{"ancestorTitles":["IntelligentRateLimiter","Statistics and Monitoring"],"fullName":"IntelligentRateLimiter Statistics and Monitoring should return false when resetting non-existent organization","status":"passed","title":"should return false when resetting non-existent organization","duration":0.3228000000000293,"failureMessages":[],"meta":{}},{"ancestorTitles":["IntelligentRateLimiter","Statistics and Monitoring"],"fullName":"IntelligentRateLimiter Statistics and Monitoring should get global statistics","status":"passed","title":"should get global statistics","duration":0.8905000000000882,"failureMessages":[],"meta":{}},{"ancestorTitles":["IntelligentRateLimiter","Default Initialization"],"fullName":"IntelligentRateLimiter Default Initialization should initialize with default organizations","status":"passed","title":"should initialize with default organizations","duration":0.5315000000000509,"failureMessages":[],"meta":{}},{"ancestorTitles":["IntelligentRateLimiter","Strategy Implementations","Token Bucket Strategy"],"fullName":"IntelligentRateLimiter Strategy Implementations Token Bucket Strategy should handle token bucket logic correctly","status":"passed","title":"should handle token bucket logic correctly","duration":0.6256000000000768,"failureMessages":[],"meta":{}},{"ancestorTitles":["IntelligentRateLimiter","Strategy Implementations","Sliding Window Strategy"],"fullName":"IntelligentRateLimiter Strategy Implementations Sliding Window Strategy should handle sliding window logic correctly","status":"passed","title":"should handle sliding window logic correctly","duration":0.5257000000000289,"failureMessages":[],"meta":{}},{"ancestorTitles":["IntelligentRateLimiter","Strategy Implementations","Fixed Window Strategy"],"fullName":"IntelligentRateLimiter Strategy Implementations Fixed Window Strategy should handle fixed window logic correctly","status":"passed","title":"should handle fixed window logic correctly","duration":2.79970000000003,"failureMessages":[],"meta":{}},{"ancestorTitles":["Global Instance"],"fullName":"Global Instance should export global rateLimiter instance","status":"passed","title":"should export global rateLimiter instance","duration":0.4776000000000522,"failureMessages":[],"meta":{}}],"startTime":1758728810158,"endTime":1758728810181.4775,"status":"passed","message":"","name":"C:/Users/Usuario/ECONEURA-IA-1.worktrees/fix/ci-generate-score-fix/apps/api/src/lib/rate-limiting.test.ts"},{"assertionResults":[{"ancestorTitles":["RowLevelSecurity","Context Management"],"fullName":"RowLevelSecurity Context Management should set and get context correctly","status":"passed","title":"should set and get context correctly","duration":3.266200000000026,"failureMessages":[],"meta":{}},{"ancestorTitles":["RowLevelSecurity","Context Management"],"fullName":"RowLevelSecurity Context Management should return null when no context is set","status":"passed","title":"should return null when no context is set","duration":0.752399999999966,"failureMessages":[],"meta":{}},{"ancestorTitles":["RowLevelSecurity","Context Management"],"fullName":"RowLevelSecurity Context Management should clear context correctly","status":"passed","title":"should clear context correctly","duration":0.725400000000036,"failureMessages":[],"meta":{}},{"ancestorTitles":["RowLevelSecurity","Rule Management"],"fullName":"RowLevelSecurity Rule Management should create a rule successfully","status":"passed","title":"should create a rule successfully","duration":1.6408999999999878,"failureMessages":[],"meta":{}},{"ancestorTitles":["RowLevelSecurity","Rule Management"],"fullName":"RowLevelSecurity Rule Management should update a rule successfully","status":"passed","title":"should update a rule successfully","duration":1.6293999999999755,"failureMessages":[],"meta":{}},{"ancestorTitles":["RowLevelSecurity","Rule Management"],"fullName":"RowLevelSecurity Rule Management should return false when updating non-existent rule","status":"passed","title":"should return false when updating non-existent rule","duration":0.7303999999999746,"failureMessages":[],"meta":{}},{"ancestorTitles":["RowLevelSecurity","Rule Management"],"fullName":"RowLevelSecurity Rule Management should delete a rule successfully","status":"passed","title":"should delete a rule successfully","duration":0.9132000000000176,"failureMessages":[],"meta":{}},{"ancestorTitles":["RowLevelSecurity","Rule Management"],"fullName":"RowLevelSecurity Rule Management should return false when deleting non-existent rule","status":"passed","title":"should return false when deleting non-existent rule","duration":1.1447000000000003,"failureMessages":[],"meta":{}},{"ancestorTitles":["RowLevelSecurity","Rule Management"],"fullName":"RowLevelSecurity Rule Management should get rules by organization","status":"passed","title":"should get rules by organization","duration":2.221300000000042,"failureMessages":[],"meta":{}},{"ancestorTitles":["RowLevelSecurity","Rule Management"],"fullName":"RowLevelSecurity Rule Management should get rules by table","status":"passed","title":"should get rules by table","duration":1.7112000000000762,"failureMessages":[],"meta":{}},{"ancestorTitles":["RowLevelSecurity","Filter Application"],"fullName":"RowLevelSecurity Filter Application should apply RLS filters correctly","status":"passed","title":"should apply RLS filters correctly","duration":1.1803999999999633,"failureMessages":[],"meta":{}},{"ancestorTitles":["RowLevelSecurity","Filter Application"],"fullName":"RowLevelSecurity Filter Application should apply default filters when no context","status":"passed","title":"should apply default filters when no context","duration":0.8079999999999927,"failureMessages":[],"meta":{}},{"ancestorTitles":["RowLevelSecurity","Input Sanitization"],"fullName":"RowLevelSecurity Input Sanitization should sanitize user input","status":"passed","title":"should sanitize user input","duration":0.9103999999999814,"failureMessages":[],"meta":{}},{"ancestorTitles":["RowLevelSecurity","Input Sanitization"],"fullName":"RowLevelSecurity Input Sanitization should sanitize budget input","status":"passed","title":"should sanitize budget input","duration":0.6535999999999831,"failureMessages":[],"meta":{}},{"ancestorTitles":["RowLevelSecurity","Input Sanitization"],"fullName":"RowLevelSecurity Input Sanitization should not sanitize when no context","status":"passed","title":"should not sanitize when no context","duration":0.7812999999999874,"failureMessages":[],"meta":{}},{"ancestorTitles":["RowLevelSecurity","Output Validation"],"fullName":"RowLevelSecurity Output Validation should validate correct organization data","status":"passed","title":"should validate correct organization data","duration":0.5970999999999549,"failureMessages":[],"meta":{}},{"ancestorTitles":["RowLevelSecurity","Output Validation"],"fullName":"RowLevelSecurity Output Validation should reject data from different organization","status":"passed","title":"should reject data from different organization","duration":0.619600000000105,"failureMessages":[],"meta":{}},{"ancestorTitles":["RowLevelSecurity","Output Validation"],"fullName":"RowLevelSecurity Output Validation should reject validation when no context","status":"passed","title":"should reject validation when no context","duration":0.5997999999999593,"failureMessages":[],"meta":{}},{"ancestorTitles":["RowLevelSecurity","Statistics"],"fullName":"RowLevelSecurity Statistics should return correct stats when no rules","status":"passed","title":"should return correct stats when no rules","duration":0.6847000000000207,"failureMessages":[],"meta":{}},{"ancestorTitles":["RowLevelSecurity","Statistics"],"fullName":"RowLevelSecurity Statistics should return correct stats with rules and context","status":"passed","title":"should return correct stats with rules and context","duration":0.7346000000000004,"failureMessages":[],"meta":{}},{"ancestorTitles":["RowLevelSecurity","Global Instance"],"fullName":"RowLevelSecurity Global Instance should export a global RLS instance","status":"passed","title":"should export a global RLS instance","duration":0.5981000000000449,"failureMessages":[],"meta":{}},{"ancestorTitles":["RowLevelSecurity","Global Instance"],"fullName":"RowLevelSecurity Global Instance should allow setting context on global instance","status":"passed","title":"should allow setting context on global instance","duration":4.289499999999975,"failureMessages":[],"meta":{}},{"ancestorTitles":["RowLevelSecurity","Default Rules Initialization"],"fullName":"RowLevelSecurity Default Rules Initialization should initialize with default rules","status":"passed","title":"should initialize with default rules","duration":0.6291999999999689,"failureMessages":[],"meta":{}},{"ancestorTitles":["RowLevelSecurity","Error Handling"],"fullName":"RowLevelSecurity Error Handling should handle invalid inputs gracefully","status":"passed","title":"should handle invalid inputs gracefully","duration":1.4453999999999496,"failureMessages":[],"meta":{}}],"startTime":1758728809469,"endTime":1758728809501.4453,"status":"passed","message":"","name":"C:/Users/Usuario/ECONEURA-IA-1.worktrees/fix/ci-generate-score-fix/apps/api/src/lib/rls.test.ts"},{"assertionResults":[{"ancestorTitles":["smoke"],"fullName":"smoke 2+2=4","status":"passed","title":"2+2=4","duration":1.5285000000000082,"failureMessages":[],"meta":{}}],"startTime":1758728811787,"endTime":1758728811788.5286,"status":"passed","message":"","name":"C:/Users/Usuario/ECONEURA-IA-1.worktrees/fix/ci-generate-score-fix/apps/api/src/controllers/__tests__/contract.test.ts"},{"assertionResults":[{"ancestorTitles":["smoke"],"fullName":"smoke 2+2=4","status":"passed","title":"2+2=4","duration":1.5249000000000024,"failureMessages":[],"meta":{}}],"startTime":1758728811344,"endTime":1758728811345.525,"status":"passed","message":"","name":"C:/Users/Usuario/ECONEURA-IA-1.worktrees/fix/ci-generate-score-fix/apps/api/src/services/__tests__/contract.test.ts"},{"assertionResults":[{"ancestorTitles":["smoke"],"fullName":"smoke 2+2=4","status":"passed","title":"2+2=4","duration":1.5588999999999942,"failureMessages":[],"meta":{}}],"startTime":1758728811354,"endTime":1758728811355.5588,"status":"passed","message":"","name":"C:/Users/Usuario/ECONEURA-IA-1.worktrees/fix/ci-generate-score-fix/apps/api/src/utils/__tests__/smoke.test.ts"},{"assertionResults":[{"ancestorTitles":["Health Endpoints"],"fullName":"Health Endpoints GET /health/live should return 200","status":"passed","title":"GET /health/live should return 200","duration":50.53269999999975,"failureMessages":[],"meta":{}}],"startTime":1758728810490,"endTime":1758728810540.5327,"status":"passed","message":"","name":"C:/Users/Usuario/ECONEURA-IA-1.worktrees/fix/ci-generate-score-fix/apps/api/src/__tests__/integration/health.test.ts"},{"assertionResults":[{"ancestorTitles":["Navigation Component Accessibility","Basic Navigation Accessibility"],"fullName":"Navigation Component Accessibility Basic Navigation Accessibility should have no accessibility violations","status":"passed","title":"should have no accessibility violations","duration":30.102300000000014,"failureMessages":[],"meta":{}},{"ancestorTitles":["Navigation Component Accessibility","Basic Navigation Accessibility"],"fullName":"Navigation Component Accessibility Basic Navigation Accessibility should pass all accessibility tests","status":"passed","title":"should pass all accessibility tests","duration":73.9396999999999,"failureMessages":[],"meta":{}},{"ancestorTitles":["Navigation Component Accessibility","Basic Navigation Accessibility"],"fullName":"Navigation Component Accessibility Basic Navigation Accessibility should have proper navigation structure","status":"passed","title":"should have proper navigation structure","duration":51.50679999999966,"failureMessages":[],"meta":{}},{"ancestorTitles":["Navigation Component Accessibility","Basic Navigation Accessibility"],"fullName":"Navigation Component Accessibility Basic Navigation Accessibility should have proper link labels","status":"passed","title":"should have proper link labels","duration":74.6559000000002,"failureMessages":[],"meta":{}},{"ancestorTitles":["Navigation Component Accessibility","Current Page Indication"],"fullName":"Navigation Component Accessibility Current Page Indication should indicate current page properly","status":"passed","title":"should indicate current page properly","duration":9.940599999999904,"failureMessages":[],"meta":{}},{"ancestorTitles":["Navigation Component Accessibility","Current Page Indication"],"fullName":"Navigation Component Accessibility Current Page Indication should not indicate non-current pages","status":"passed","title":"should not indicate non-current pages","duration":37.98219999999992,"failureMessages":[],"meta":{}},{"ancestorTitles":["Navigation Component Accessibility","Navigation with Custom Items"],"fullName":"Navigation Component Accessibility Navigation with Custom Items should be accessible with custom navigation items","status":"passed","title":"should be accessible with custom navigation items","duration":3.127799999999752,"failureMessages":[],"meta":{}},{"ancestorTitles":["Navigation Component Accessibility","Navigation with Custom Items"],"fullName":"Navigation Component Accessibility Navigation with Custom Items should handle custom current page","status":"passed","title":"should handle custom current page","duration":15.066299999999956,"failureMessages":[],"meta":{}},{"ancestorTitles":["Navigation Component Accessibility","Mobile Navigation Accessibility"],"fullName":"Navigation Component Accessibility Mobile Navigation Accessibility should have no accessibility violations when closed","status":"passed","title":"should have no accessibility violations when closed","duration":3.958900000000085,"failureMessages":[],"meta":{}},{"ancestorTitles":["Navigation Component Accessibility","Mobile Navigation Accessibility"],"fullName":"Navigation Component Accessibility Mobile Navigation Accessibility should have no accessibility violations when open","status":"passed","title":"should have no accessibility violations when open","duration":28.522399999999834,"failureMessages":[],"meta":{}},{"ancestorTitles":["Navigation Component Accessibility","Mobile Navigation Accessibility"],"fullName":"Navigation Component Accessibility Mobile Navigation Accessibility should have proper mobile navigation structure","status":"passed","title":"should have proper mobile navigation structure","duration":16.0945999999999,"failureMessages":[],"meta":{}},{"ancestorTitles":["Navigation Component Accessibility","Mobile Navigation Accessibility"],"fullName":"Navigation Component Accessibility Mobile Navigation Accessibility should toggle mobile menu properly","status":"passed","title":"should toggle mobile menu properly","duration":21.585000000000036,"failureMessages":[],"meta":{}},{"ancestorTitles":["Navigation Component Accessibility","Mobile Navigation Accessibility"],"fullName":"Navigation Component Accessibility Mobile Navigation Accessibility should have proper menu items when open","status":"passed","title":"should have proper menu items when open","duration":34.345700000000306,"failureMessages":[],"meta":{}},{"ancestorTitles":["Navigation Component Accessibility","Breadcrumb Navigation Accessibility"],"fullName":"Navigation Component Accessibility Breadcrumb Navigation Accessibility should have no accessibility violations","status":"passed","title":"should have no accessibility violations","duration":3.9839999999999236,"failureMessages":[],"meta":{}},{"ancestorTitles":["Navigation Component Accessibility","Breadcrumb Navigation Accessibility"],"fullName":"Navigation Component Accessibility Breadcrumb Navigation Accessibility should pass all accessibility tests","status":"passed","title":"should pass all accessibility tests","duration":14.669300000000021,"failureMessages":[],"meta":{}},{"ancestorTitles":["Navigation Component Accessibility","Breadcrumb Navigation Accessibility"],"fullName":"Navigation Component Accessibility Breadcrumb Navigation Accessibility should have proper breadcrumb structure","status":"passed","title":"should have proper breadcrumb structure","duration":26.182400000000143,"failureMessages":[],"meta":{}},{"ancestorTitles":["Navigation Component Accessibility","Breadcrumb Navigation Accessibility"],"fullName":"Navigation Component Accessibility Breadcrumb Navigation Accessibility should indicate current page in breadcrumb","status":"passed","title":"should indicate current page in breadcrumb","duration":4.449100000000271,"failureMessages":[],"meta":{}},{"ancestorTitles":["Navigation Component Accessibility","Breadcrumb Navigation Accessibility"],"fullName":"Navigation Component Accessibility Breadcrumb Navigation Accessibility should have proper separators","status":"passed","title":"should have proper separators","duration":3.373500000000149,"failureMessages":[],"meta":{}},{"ancestorTitles":["Navigation Component Accessibility","Navigation Focus Management"],"fullName":"Navigation Component Accessibility Navigation Focus Management should handle keyboard navigation","status":"passed","title":"should handle keyboard navigation","duration":33.78240000000005,"failureMessages":[],"meta":{}},{"ancestorTitles":["Navigation Component Accessibility","Navigation Focus Management"],"fullName":"Navigation Component Accessibility Navigation Focus Management should handle mobile menu keyboard navigation","status":"passed","title":"should handle mobile menu keyboard navigation","duration":41.16760000000022,"failureMessages":[],"meta":{}},{"ancestorTitles":["Navigation Component Accessibility","Navigation with ARIA Attributes"],"fullName":"Navigation Component Accessibility Navigation with ARIA Attributes should be accessible with custom ARIA labels","status":"passed","title":"should be accessible with custom ARIA labels","duration":1.8949000000002343,"failureMessages":[],"meta":{}},{"ancestorTitles":["Navigation Component Accessibility","Navigation with ARIA Attributes"],"fullName":"Navigation Component Accessibility Navigation with ARIA Attributes should have proper ARIA relationships","status":"passed","title":"should have proper ARIA relationships","duration":15.663000000000011,"failureMessages":[],"meta":{}},{"ancestorTitles":["Navigation Component Accessibility","Navigation with Skip Links"],"fullName":"Navigation Component Accessibility Navigation with Skip Links should be accessible with skip links","status":"passed","title":"should be accessible with skip links","duration":4.859199999999873,"failureMessages":[],"meta":{}},{"ancestorTitles":["Navigation Component Accessibility","Navigation with Skip Links"],"fullName":"Navigation Component Accessibility Navigation with Skip Links should have proper skip link structure","status":"passed","title":"should have proper skip link structure","duration":21.695900000000165,"failureMessages":[],"meta":{}},{"ancestorTitles":["Navigation Component Accessibility","Navigation with Dropdown Menus"],"fullName":"Navigation Component Accessibility Navigation with Dropdown Menus should be accessible with dropdown menus","status":"passed","title":"should be accessible with dropdown menus","duration":7.533700000000408,"failureMessages":[],"meta":{}},{"ancestorTitles":["Navigation Component Accessibility","Navigation with Dropdown Menus"],"fullName":"Navigation Component Accessibility Navigation with Dropdown Menus should have proper dropdown structure","status":"passed","title":"should have proper dropdown structure","duration":15.665500000000065,"failureMessages":[],"meta":{}},{"ancestorTitles":["Navigation Component Accessibility","Navigation with Dropdown Menus"],"fullName":"Navigation Component Accessibility Navigation with Dropdown Menus should toggle dropdown properly","status":"passed","title":"should toggle dropdown properly","duration":26.02669999999989,"failureMessages":[],"meta":{}}],"startTime":1758728806951,"endTime":1758728807576.0266,"status":"passed","message":"","name":"C:/Users/Usuario/ECONEURA-IA-1.worktrees/fix/ci-generate-score-fix/apps/web/src/components/navigation.test.tsx"},{"assertionResults":[],"startTime":1758728586300,"endTime":1758728586300,"status":"failed","message":"Failed to resolve import \"@/lib/utils\" from \"apps/web/src/components/ui/button.tsx\". Does the file exist?","name":"C:/Users/Usuario/ECONEURA-IA-1.worktrees/fix/ci-generate-score-fix/apps/web/src/components/ui/button.test.tsx"},{"assertionResults":[],"startTime":1758728586300,"endTime":1758728586300,"status":"failed","message":"Failed to resolve import \"@/lib/utils\" from \"apps/web/src/components/ui/card.tsx\". Does the file exist?","name":"C:/Users/Usuario/ECONEURA-IA-1.worktrees/fix/ci-generate-score-fix/apps/web/src/components/ui/card.test.tsx"},{"assertionResults":[],"startTime":1758728586300,"endTime":1758728586300,"status":"failed","message":"Failed to resolve import \"@/lib/utils\" from \"apps/web/src/components/ui/button.tsx\". Does the file exist?","name":"C:/Users/Usuario/ECONEURA-IA-1.worktrees/fix/ci-generate-score-fix/apps/web/src/components/ui/form.test.tsx"},{"assertionResults":[{"ancestorTitles":["Table Component Accessibility","Basic Table Accessibility"],"fullName":"Table Component Accessibility Basic Table Accessibility should have no accessibility violations","status":"passed","title":"should have no accessibility violations","duration":35.091899999999896,"failureMessages":[],"meta":{}},{"ancestorTitles":["Table Component Accessibility","Basic Table Accessibility"],"fullName":"Table Component Accessibility Basic Table Accessibility should pass all accessibility tests","status":"passed","title":"should pass all accessibility tests","duration":161.70490000000018,"failureMessages":[],"meta":{}},{"ancestorTitles":["Table Component Accessibility","Basic Table Accessibility"],"fullName":"Table Component Accessibility Basic Table Accessibility should have proper table structure","status":"failed","title":"should have proper table structure","duration":783.5041000000001,"failureMessages":["TestingLibraryElementError: Unable to find an accessible element with the role \"rowheader\"\n\nHere are the accessible roles:\n\n  table:\n\n  Name \"\":\n  \u001b[36m<table />\u001b[39m\n\n  --------------------------------------------------\n  rowgroup:\n\n  Name \"\":\n  \u001b[36m<thead />\u001b[39m\n\n  Name \"\":\n  \u001b[36m<tbody />\u001b[39m\n\n  --------------------------------------------------\n  row:\n\n  Name \"Name Email Role Status\":\n  \u001b[36m<tr />\u001b[39m\n\n  Name \"John Doe john@example.com Admin Active\":\n  \u001b[36m<tr />\u001b[39m\n\n  Name \"Jane Smith jane@example.com User Active\":\n  \u001b[36m<tr />\u001b[39m\n\n  Name \"Bob Johnson bob@example.com User Inactive\":\n  \u001b[36m<tr />\u001b[39m\n\n  --------------------------------------------------\n  columnheader:\n\n  Name \"Name\":\n  \u001b[36m<th\u001b[39m\n    \u001b[33mscope\u001b[39m=\u001b[32m\"col\"\u001b[39m\n  \u001b[36m/>\u001b[39m\n\n  Name \"Email\":\n  \u001b[36m<th\u001b[39m\n    \u001b[33mscope\u001b[39m=\u001b[32m\"col\"\u001b[39m\n  \u001b[36m/>\u001b[39m\n\n  Name \"Role\":\n  \u001b[36m<th\u001b[39m\n    \u001b[33mscope\u001b[39m=\u001b[32m\"col\"\u001b[39m\n  \u001b[36m/>\u001b[39m\n\n  Name \"Status\":\n  \u001b[36m<th\u001b[39m\n    \u001b[33mscope\u001b[39m=\u001b[32m\"col\"\u001b[39m\n  \u001b[36m/>\u001b[39m\n\n  --------------------------------------------------\n  cell:\n\n  Name \"John Doe\":\n  \u001b[36m<td />\u001b[39m\n\n  Name \"john@example.com\":\n  \u001b[36m<td />\u001b[39m\n\n  Name \"Admin\":\n  \u001b[36m<td />\u001b[39m\n\n  Name \"Active\":\n  \u001b[36m<td />\u001b[39m\n\n  Name \"Jane Smith\":\n  \u001b[36m<td />\u001b[39m\n\n  Name \"jane@example.com\":\n  \u001b[36m<td />\u001b[39m\n\n  Name \"User\":\n  \u001b[36m<td />\u001b[39m\n\n  Name \"Active\":\n  \u001b[36m<td />\u001b[39m\n\n  Name \"Bob Johnson\":\n  \u001b[36m<td />\u001b[39m\n\n  Name \"bob@example.com\":\n  \u001b[36m<td />\u001b[39m\n\n  Name \"User\":\n  \u001b[36m<td />\u001b[39m\n\n  Name \"Inactive\":\n  \u001b[36m<td />\u001b[39m\n\n  --------------------------------------------------\n\nIgnored nodes: comments, script, style\n\u001b[36m<div>\u001b[39m\n  \u001b[36m<div\u001b[39m\n    \u001b[33mattribute\u001b[39m=\u001b[32m\"class\"\u001b[39m\n    \u001b[33mdefaulttheme\u001b[39m=\u001b[32m\"light\"\u001b[39m\n  \u001b[36m>\u001b[39m\n    \u001b[36m<div\u001b[39m\n      \u001b[33mlang\u001b[39m=\u001b[32m\"en\"\u001b[39m\n    \u001b[36m>\u001b[39m\n      \u001b[36m<table>\u001b[39m\n        \u001b[36m<thead>\u001b[39m\n          \u001b[36m<tr>\u001b[39m\n            \u001b[36m<th\u001b[39m\n              \u001b[33mscope\u001b[39m=\u001b[32m\"col\"\u001b[39m\n            \u001b[36m>\u001b[39m\n              \u001b[0mName\u001b[0m\n            \u001b[36m</th>\u001b[39m\n            \u001b[36m<th\u001b[39m\n              \u001b[33mscope\u001b[39m=\u001b[32m\"col\"\u001b[39m\n            \u001b[36m>\u001b[39m\n              \u001b[0mEmail\u001b[0m\n            \u001b[36m</th>\u001b[39m\n            \u001b[36m<th\u001b[39m\n              \u001b[33mscope\u001b[39m=\u001b[32m\"col\"\u001b[39m\n            \u001b[36m>\u001b[39m\n              \u001b[0mRole\u001b[0m\n            \u001b[36m</th>\u001b[39m\n            \u001b[36m<th\u001b[39m\n              \u001b[33mscope\u001b[39m=\u001b[32m\"col\"\u001b[39m\n            \u001b[36m>\u001b[39m\n              \u001b[0mStatus\u001b[0m\n            \u001b[36m</th>\u001b[39m\n          \u001b[36m</tr>\u001b[39m\n        \u001b[36m</thead>\u001b[39m\n        \u001b[36m<tbody>\u001b[39m\n          \u001b[36m<tr>\u001b[39m\n            \u001b[36m<td>\u001b[39m\n              \u001b[0mJohn Doe\u001b[0m\n            \u001b[36m</td>\u001b[39m\n            \u001b[36m<td>\u001b[39m\n              \u001b[0mjohn@example.com\u001b[0m\n            \u001b[36m</td>\u001b[39m\n            \u001b[36m<td>\u001b[39m\n              \u001b[0mAdmin\u001b[0m\n            \u001b[36m</td>\u001b[39m\n            \u001b[36m<td>\u001b[39m\n              \u001b[0mActive\u001b[0m\n            \u001b[36m</td>\u001b[39m\n          \u001b[36m</tr>\u001b[39m\n          \u001b[36m<tr>\u001b[39m\n            \u001b[36m<td>\u001b[39m\n              \u001b[0mJane Smith\u001b[0m\n            \u001b[36m</td>\u001b[39m\n            \u001b[36m<td>\u001b[39m\n              \u001b[0mjane@example.com\u001b[0m\n            \u001b[36m</td>\u001b[39m\n            \u001b[36m<td>\u001b[39m\n              \u001b[0mUser\u001b[0m\n            \u001b[36m</td>\u001b[39m\n            \u001b[36m<td>\u001b[39m\n              \u001b[0mActive\u001b[0m\n            \u001b[36m</td>\u001b[39m\n          \u001b[36m</tr>\u001b[39m\n          \u001b[36m<tr>\u001b[39m\n            \u001b[36m<td>\u001b[39m\n              \u001b[0mBob Johnson\u001b[0m\n            \u001b[36m</td>\u001b[39m\n            \u001b[36m<td>\u001b[39m\n              \u001b[0mbob@example.com\u001b[0m\n            \u001b[36m</td>\u001b[39m\n            \u001b[36m<td>\u001b[39m\n              \u001b[0mUser\u001b[0m\n            \u001b[36m</td>\u001b[39m\n            \u001b[36m<td>\u001b[39m\n              \u001b[0mInactive\u001b[0m\n            \u001b[36m</td>\u001b[39m\n          \u001b[36m</tr>\u001b[39m\n        \u001b[36m</tbody>\u001b[39m\n      \u001b[36m</table>\u001b[39m\n    \u001b[36m</div>\u001b[39m\n  \u001b[36m</div>\u001b[39m\n\u001b[36m</div>\u001b[39m\n    at Object.getElementError (C:\\.pnpm\\@testing-library+dom@9.3.4\\node_modules\\@testing-library\\dom\\dist\\config.js:37:19)\n    at C:\\.pnpm\\@testing-library+dom@9.3.4\\node_modules\\@testing-library\\dom\\dist\\query-helpers.js:76:38\n    at C:\\.pnpm\\@testing-library+dom@9.3.4\\node_modules\\@testing-library\\dom\\dist\\query-helpers.js:109:15\n    at C:\\Users\\Usuario\\ECONEURA-IA-1.worktrees\\fix\\ci-generate-score-fix\\apps\\web\\src\\components\\ui\\table.test.tsx:245:44\n    at file:///C:/.pnpm/@vitest+runner@3.2.4/node_modules/@vitest/runner/dist/chunk-hooks.js:155:11\n    at file:///C:/.pnpm/@vitest+runner@3.2.4/node_modules/@vitest/runner/dist/chunk-hooks.js:752:26\n    at file:///C:/.pnpm/@vitest+runner@3.2.4/node_modules/@vitest/runner/dist/chunk-hooks.js:1897:20\n    at new Promise (<anonymous>)\n    at runWithTimeout (file:///C:/.pnpm/@vitest+runner@3.2.4/node_modules/@vitest/runner/dist/chunk-hooks.js:1863:10)\n    at runTest (file:///C:/.pnpm/@vitest+runner@3.2.4/node_modules/@vitest/runner/dist/chunk-hooks.js:1574:12)"],"meta":{}},{"ancestorTitles":["Table Component Accessibility","Basic Table Accessibility"],"fullName":"Table Component Accessibility Basic Table Accessibility should have proper table caption","status":"passed","title":"should have proper table caption","duration":15.517399999999725,"failureMessages":[],"meta":{}},{"ancestorTitles":["Table Component Accessibility","Table Headers"],"fullName":"Table Component Accessibility Table Headers should have proper column headers","status":"passed","title":"should have proper column headers","duration":114.88490000000002,"failureMessages":[],"meta":{}},{"ancestorTitles":["Table Component Accessibility","Table Headers"],"fullName":"Table Component Accessibility Table Headers should have proper scope attributes","status":"passed","title":"should have proper scope attributes","duration":38.71680000000015,"failureMessages":[],"meta":{}},{"ancestorTitles":["Table Component Accessibility","Table Data"],"fullName":"Table Component Accessibility Table Data should have proper data cells","status":"failed","title":"should have proper data cells","duration":51.11750000000029,"failureMessages":["TestingLibraryElementError: Found multiple elements with the text: Active\n\nHere are the matching elements:\n\nIgnored nodes: comments, script, style\n\u001b[36m<td>\u001b[39m\n  \u001b[0mActive\u001b[0m\n\u001b[36m</td>\u001b[39m\n\nIgnored nodes: comments, script, style\n\u001b[36m<td>\u001b[39m\n  \u001b[0mActive\u001b[0m\n\u001b[36m</td>\u001b[39m\n\n(If this is intentional, then use the `*AllBy*` variant of the query (like `queryAllByText`, `getAllByText`, or `findAllByText`)).\n\nIgnored nodes: comments, script, style\n\u001b[36m<div>\u001b[39m\n  \u001b[36m<div\u001b[39m\n    \u001b[33mattribute\u001b[39m=\u001b[32m\"class\"\u001b[39m\n    \u001b[33mdefaulttheme\u001b[39m=\u001b[32m\"light\"\u001b[39m\n  \u001b[36m>\u001b[39m\n    \u001b[36m<div\u001b[39m\n      \u001b[33mlang\u001b[39m=\u001b[32m\"en\"\u001b[39m\n    \u001b[36m>\u001b[39m\n      \u001b[36m<table>\u001b[39m\n        \u001b[36m<thead>\u001b[39m\n          \u001b[36m<tr>\u001b[39m\n            \u001b[36m<th\u001b[39m\n              \u001b[33mscope\u001b[39m=\u001b[32m\"col\"\u001b[39m\n            \u001b[36m>\u001b[39m\n              \u001b[0mName\u001b[0m\n            \u001b[36m</th>\u001b[39m\n            \u001b[36m<th\u001b[39m\n              \u001b[33mscope\u001b[39m=\u001b[32m\"col\"\u001b[39m\n            \u001b[36m>\u001b[39m\n              \u001b[0mEmail\u001b[0m\n            \u001b[36m</th>\u001b[39m\n            \u001b[36m<th\u001b[39m\n              \u001b[33mscope\u001b[39m=\u001b[32m\"col\"\u001b[39m\n            \u001b[36m>\u001b[39m\n              \u001b[0mRole\u001b[0m\n            \u001b[36m</th>\u001b[39m\n            \u001b[36m<th\u001b[39m\n              \u001b[33mscope\u001b[39m=\u001b[32m\"col\"\u001b[39m\n            \u001b[36m>\u001b[39m\n              \u001b[0mStatus\u001b[0m\n            \u001b[36m</th>\u001b[39m\n          \u001b[36m</tr>\u001b[39m\n        \u001b[36m</thead>\u001b[39m\n        \u001b[36m<tbody>\u001b[39m\n          \u001b[36m<tr>\u001b[39m\n            \u001b[36m<td>\u001b[39m\n              \u001b[0mJohn Doe\u001b[0m\n            \u001b[36m</td>\u001b[39m\n            \u001b[36m<td>\u001b[39m\n              \u001b[0mjohn@example.com\u001b[0m\n            \u001b[36m</td>\u001b[39m\n            \u001b[36m<td>\u001b[39m\n              \u001b[0mAdmin\u001b[0m\n            \u001b[36m</td>\u001b[39m\n            \u001b[36m<td>\u001b[39m\n              \u001b[0mActive\u001b[0m\n            \u001b[36m</td>\u001b[39m\n          \u001b[36m</tr>\u001b[39m\n          \u001b[36m<tr>\u001b[39m\n            \u001b[36m<td>\u001b[39m\n              \u001b[0mJane Smith\u001b[0m\n            \u001b[36m</td>\u001b[39m\n            \u001b[36m<td>\u001b[39m\n              \u001b[0mjane@example.com\u001b[0m\n            \u001b[36m</td>\u001b[39m\n            \u001b[36m<td>\u001b[39m\n              \u001b[0mUser\u001b[0m\n            \u001b[36m</td>\u001b[39m\n            \u001b[36m<td>\u001b[39m\n              \u001b[0mActive\u001b[0m\n            \u001b[36m</td>\u001b[39m\n          \u001b[36m</tr>\u001b[39m\n          \u001b[36m<tr>\u001b[39m\n            \u001b[36m<td>\u001b[39m\n              \u001b[0mBob Johnson\u001b[0m\n            \u001b[36m</td>\u001b[39m\n            \u001b[36m<td>\u001b[39m\n              \u001b[0mbob@example.com\u001b[0m\n            \u001b[36m</td>\u001b[39m\n            \u001b[36m<td>\u001b[39m\n              \u001b[0mUser\u001b[0m\n            \u001b[36m</td>\u001b[39m\n            \u001b[36m<td>\u001b[39m\n              \u001b[0mInactive\u001b[0m\n            \u001b[36m</td>\u001b[39m\n          \u001b[36m</tr>\u001b[39m\n        \u001b[36m</tbody>\u001b[39m\n      \u001b[36m</table>\u001b[39m\n    \u001b[36m</div>\u001b[39m\n  \u001b[36m</div>\u001b[39m\n\u001b[36m</div>\u001b[39m\n    at Object.getElementError (C:\\.pnpm\\@testing-library+dom@9.3.4\\node_modules\\@testing-library\\dom\\dist\\config.js:37:19)\n    at getElementError (C:\\.pnpm\\@testing-library+dom@9.3.4\\node_modules\\@testing-library\\dom\\dist\\query-helpers.js:20:35)\n    at getMultipleElementsFoundError (C:\\.pnpm\\@test
[...]
ers/Usuario/ECONEURA-IA-1.worktrees/fix/ci-generate-score-fix/apps/web/node_modules/@econeura/shared/node_modules/zod/src/v4/classic/tests/prototypes.test.ts'","name":"C:/Users/Usuario/ECONEURA-IA-1.worktrees/fix/ci-generate-score-fix/apps/web/node_modules/@econeura/shared/node_modules/zod/src/v4/classic/tests/prototypes.test.ts"},{"assertionResults":[],"startTime":1758728586300,"endTime":1758728586300,"status":"failed","message":"Cannot find module 'C:/Users/Usuario/ECONEURA-IA-1.worktrees/fix/ci-generate-score-fix/apps/web/node_modules/@econeura/shared/node_modules/zod/src/v4/classic/tests/readonly.test.ts'","name":"C:/Users/Usuario/ECONEURA-IA-1.worktrees/fix/ci-generate-score-fix/apps/web/node_modules/@econeura/shared/node_modules/zod/src/v4/classic/tests/readonly.test.ts"},{"assertionResults":[],"startTime":1758728586300,"endTime":1758728586300,"status":"failed","message":"Cannot find module 'C:/Users/Usuario/ECONEURA-IA-1.worktrees/fix/ci-generate-score-fix/apps/web/node_modules/@econeura/shared/node_modules/zod/src/v4/classic/tests/record.test.ts'","name":"C:/Users/Usuario/ECONEURA-IA-1.worktrees/fix/ci-generate-score-fix/apps/web/node_modules/@econeura/shared/node_modules/zod/src/v4/classic/tests/record.test.ts"},{"assertionResults":[],"startTime":1758728586300,"endTime":1758728586300,"status":"failed","message":"Cannot find module 'C:/Users/Usuario/ECONEURA-IA-1.worktrees/fix/ci-generate-score-fix/apps/web/node_modules/@econeura/shared/node_modules/zod/src/v4/classic/tests/recursive-types.test.ts'","name":"C:/Users/Usuario/ECONEURA-IA-1.worktrees/fix/ci-generate-score-fix/apps/web/node_modules/@econeura/shared/node_modules/zod/src/v4/classic/tests/recursive-types.test.ts"},{"assertionResults":[],"startTime":1758728586300,"endTime":1758728586300,"status":"failed","message":"Cannot find module 'C:/Users/Usuario/ECONEURA-IA-1.worktrees/fix/ci-generate-score-fix/apps/web/node_modules/@econeura/shared/node_modules/zod/src/v4/classic/tests/refine.test.ts'","name":"C:/Users/Usuario/ECONEURA-IA-1.worktrees/fix/ci-generate-score-fix/apps/web/node_modules/@econeura/shared/node_modules/zod/src/v4/classic/tests/refine.test.ts"},{"assertionResults":[],"startTime":1758728586300,"endTime":1758728586300,"status":"failed","message":"Cannot find module 'C:/Users/Usuario/ECONEURA-IA-1.worktrees/fix/ci-generate-score-fix/apps/web/node_modules/@econeura/shared/node_modules/zod/src/v4/classic/tests/registries.test.ts'","name":"C:/Users/Usuario/ECONEURA-IA-1.worktrees/fix/ci-generate-score-fix/apps/web/node_modules/@econeura/shared/node_modules/zod/src/v4/classic/tests/registries.test.ts"},{"assertionResults":[],"startTime":1758728586300,"endTime":1758728586300,"status":"failed","message":"Cannot find module 'C:/Users/Usuario/ECONEURA-IA-1.worktrees/fix/ci-generate-score-fix/apps/web/node_modules/@econeura/shared/node_modules/zod/src/v4/classic/tests/set.test.ts'","name":"C:/Users/Usuario/ECONEURA-IA-1.worktrees/fix/ci-generate-score-fix/apps/web/node_modules/@econeura/shared/node_modules/zod/src/v4/classic/tests/set.test.ts"},{"assertionResults":[],"startTime":1758728586300,"endTime":1758728586300,"status":"failed","message":"Cannot find module 'C:/Users/Usuario/ECONEURA-IA-1.worktrees/fix/ci-generate-score-fix/apps/web/node_modules/@econeura/shared/node_modules/zod/src/v4/classic/tests/standard-schema.test.ts'","name":"C:/Users/Usuario/ECONEURA-IA-1.worktrees/fix/ci-generate-score-fix/apps/web/node_modules/@econeura/shared/node_modules/zod/src/v4/classic/tests/standard-schema.test.ts"},{"assertionResults":[],"startTime":1758728586300,"endTime":1758728586300,"status":"failed","message":"Cannot find module 'C:/Users/Usuario/ECONEURA-IA-1.worktrees/fix/ci-generate-score-fix/apps/web/node_modules/@econeura/shared/node_modules/zod/src/v4/classic/tests/string-formats.test.ts'","name":"C:/Users/Usuario/ECONEURA-IA-1.worktrees/fix/ci-generate-score-fix/apps/web/node_modules/@econeura/shared/node_modules/zod/src/v4/classic/tests/string-formats.test.ts"},{"assertionResults":[],"startTime":1758728586300,"endTime":1758728586300,"status":"failed","message":"Cannot find module 'C:/Users/Usuario/ECONEURA-IA-1.worktrees/fix/ci-generate-score-fix/apps/web/node_modules/@econeura/shared/node_modules/zod/src/v4/classic/tests/string.test.ts'","name":"C:/Users/Usuario/ECONEURA-IA-1.worktrees/fix/ci-generate-score-fix/apps/web/node_modules/@econeura/shared/node_modules/zod/src/v4/classic/tests/string.test.ts"},{"assertionResults":[],"startTime":1758728586300,"endTime":1758728586300,"status":"failed","message":"Cannot find module 'C:/Users/Usuario/ECONEURA-IA-1.worktrees/fix/ci-generate-score-fix/apps/web/node_modules/@econeura/shared/node_modules/zod/src/v4/classic/tests/stringbool.test.ts'","name":"C:/Users/Usuario/ECONEURA-IA-1.worktrees/fix/ci-generate-score-fix/apps/web/node_modules/@econeura/shared/node_modules/zod/src/v4/classic/tests/stringbool.test.ts"},{"assertionResults":[],"startTime":1758728586300,"endTime":1758728586300,"status":"failed","message":"Cannot find module 'C:/Users/Usuario/ECONEURA-IA-1.worktrees/fix/ci-generate-score-fix/apps/web/node_modules/@econeura/shared/node_modules/zod/src/v4/classic/tests/template-literal.test.ts'","name":"C:/Users/Usuario/ECONEURA-IA-1.worktrees/fix/ci-generate-score-fix/apps/web/node_modules/@econeura/shared/node_modules/zod/src/v4/classic/tests/template-literal.test.ts"},{"assertionResults":[],"startTime":1758728586300,"endTime":1758728586300,"status":"failed","message":"Cannot find module 'C:/Users/Usuario/ECONEURA-IA-1.worktrees/fix/ci-generate-score-fix/apps/web/node_modules/@econeura/shared/node_modules/zod/src/v4/classic/tests/to-json-schema.test.ts'","name":"C:/Users/Usuario/ECONEURA-IA-1.worktrees/fix/ci-generate-score-fix/apps/web/node_modules/@econeura/shared/node_modules/zod/src/v4/classic/tests/to-json-schema.test.ts"},{"assertionResults":[],"startTime":1758728586300,"endTime":1758728586300,"status":"failed","message":"Cannot find module 'C:/Users/Usuario/ECONEURA-IA-1.worktrees/fix/ci-generate-score-fix/apps/web/node_modules/@econeura/shared/node_modules/zod/src/v4/classic/tests/transform.test.ts'","name":"C:/Users/Usuario/ECONEURA-IA-1.worktrees/fix/ci-generate-score-fix/apps/web/node_modules/@econeura/shared/node_modules/zod/src/v4/classic/tests/transform.test.ts"},{"assertionResults":[],"startTime":1758728586300,"endTime":1758728586300,"status":"failed","message":"Cannot find module 'C:/Users/Usuario/ECONEURA-IA-1.worktrees/fix/ci-generate-score-fix/apps/web/node_modules/@econeura/shared/node_modules/zod/src/v4/classic/tests/tuple.test.ts'","name":"C:/Users/Usuario/ECONEURA-IA-1.worktrees/fix/ci-generate-score-fix/apps/web/node_modules/@econeura/shared/node_modules/zod/src/v4/classic/tests/tuple.test.ts"},{"assertionResults":[],"startTime":1758728586300,"endTime":1758728586300,"status":"failed","message":"Cannot find module 'C:/Users/Usuario/ECONEURA-IA-1.worktrees/fix/ci-generate-score-fix/apps/web/node_modules/@econeura/shared/node_modules/zod/src/v4/classic/tests/union.test.ts'","name":"C:/Users/Usuario/ECONEURA-IA-1.worktrees/fix/ci-generate-score-fix/apps/web/node_modules/@econeura/shared/node_modules/zod/src/v4/classic/tests/union.test.ts"},{"assertionResults":[],"startTime":1758728586300,"endTime":1758728586300,"status":"failed","message":"Cannot find module 'C:/Users/Usuario/ECONEURA-IA-1.worktrees/fix/ci-generate-score-fix/apps/web/node_modules/@econeura/shared/node_modules/zod/src/v4/classic/tests/validations.test.ts'","name":"C:/Users/Usuario/ECONEURA-IA-1.worktrees/fix/ci-generate-score-fix/apps/web/node_modules/@econeura/shared/node_modules/zod/src/v4/classic/tests/validations.test.ts"},{"assertionResults":[],"startTime":1758728586300,"endTime":1758728586300,"status":"failed","message":"Cannot find module 'C:/Users/Usuario/ECONEURA-IA-1.worktrees/fix/ci-generate-score-fix/apps/web/node_modules/@econeura/shared/node_modules/zod/src/v4/classic/tests/void.test.ts'","name":"C:/Users/Usuario/ECONEURA-IA-1.worktrees/fix/ci-generate-score-fix/apps/web/node_modules/@econeura/shared/node_modules/zod/src/v4/classic/tests/void.test.ts"},{"assertionResults":[],"startTime":1758728586300,"endTime":1758728586300,"status":"failed","message":"Cannot find module 'C:/Users/Usuario/ECONEURA-IA-1.worktrees/fix/ci-generate-score-fix/apps/web/node_modules/@econeura/shared/node_modules/zod/src/v4/core/tests/index.test.ts'","name":"C:/Users/Usuario/ECONEURA-IA-1.worktrees/fix/ci-generate-score-fix/apps/web/node_modules/@econeura/shared/node_modules/zod/src/v4/core/tests/index.test.ts"},{"assertionResults":[],"startTime":1758728586300,"endTime":1758728586300,"status":"failed","message":"Cannot find module 'C:/Users/Usuario/ECONEURA-IA-1.worktrees/fix/ci-generate-score-fix/apps/web/node_modules/@econeura/shared/node_modules/zod/src/v4/mini/tests/assignability.test.ts'","name":"C:/Users/Usuario/ECONEURA-IA-1.worktrees/fix/ci-generate-score-fix/apps/web/node_modules/@econeura/shared/node_modules/zod/src/v4/mini/tests/assignability.test.ts"},{"assertionResults":[],"startTime":1758728586300,"endTime":1758728586300,"status":"failed","message":"Cannot find module 'C:/Users/Usuario/ECONEURA-IA-1.worktrees/fix/ci-generate-score-fix/apps/web/node_modules/@econeura/shared/node_modules/zod/src/v4/mini/tests/brand.test.ts'","name":"C:/Users/Usuario/ECONEURA-IA-1.worktrees/fix/ci-generate-score-fix/apps/web/node_modules/@econeura/shared/node_modules/zod/src/v4/mini/tests/brand.test.ts"},{"assertionResults":[],"startTime":1758728586300,"endTime":1758728586300,"status":"failed","message":"Cannot find module 'C:/Users/Usuario/ECONEURA-IA-1.worktrees/fix/ci-generate-score-fix/apps/web/node_modules/@econeura/shared/node_modules/zod/src/v4/mini/tests/checks.test.ts'","name":"C:/Users/Usuario/ECONEURA-IA-1.worktrees/fix/ci-generate-score-fix/apps/web/node_modules/@econeura/shared/node_modules/zod/src/v4/mini/tests/checks.test.ts"},{"assertionResults":[],"startTime":1758728586300,"endTime":1758728586300,"status":"failed","message":"Cannot find module 'C:/Users/Usuario/ECONEURA-IA-1.worktrees/fix/ci-generate-score-fix/apps/web/node_modules/@econeura/shared/node_modules/zod/src/v4/mini/tests/computed.test.ts'","name":"C:/Users/Usuario/ECONEURA-IA-1.worktrees/fix/ci-generate-score-fix/apps/web/node_modules/@econeura/shared/node_modules/zod/src/v4/mini/tests/computed.test.ts"},{"assertionResults":[],"startTime":1758728586300,"endTime":1758728586300,"status":"failed","message":"Cannot find module 'C:/Users/Usuario/ECONEURA-IA-1.worktrees/fix/ci-generate-score-fix/apps/web/node_modules/@econeura/shared/node_modules/zod/src/v4/mini/tests/error.test.ts'","name":"C:/Users/Usuario/ECONEURA-IA-1.worktrees/fix/ci-generate-score-fix/apps/web/node_modules/@econeura/shared/node_modules/zod/src/v4/mini/tests/error.test.ts"},{"assertionResults":[],"startTime":1758728586300,"endTime":1758728586300,"status":"failed","message":"Cannot find module 'C:/Users/Usuario/ECONEURA-IA-1.worktrees/fix/ci-generate-score-fix/apps/web/node_modules/@econeura/shared/node_modules/zod/src/v4/mini/tests/functions.test.ts'","name":"C:/Users/Usuario/ECONEURA-IA-1.worktrees/fix/ci-generate-score-fix/apps/web/node_modules/@econeura/shared/node_modules/zod/src/v4/mini/tests/functions.test.ts"},{"assertionResults":[],"startTime":1758728586300,"endTime":1758728586300,"status":"failed","message":"Cannot find module 'C:/Users/Usuario/ECONEURA-IA-1.worktrees/fix/ci-generate-score-fix/apps/web/node_modules/@econeura/shared/node_modules/zod/src/v4/mini/tests/index.test.ts'","name":"C:/Users/Usuario/ECONEURA-IA-1.worktrees/fix/ci-generate-score-fix/apps/web/node_modules/@econeura/shared/node_modules/zod/src/v4/mini/tests/index.test.ts"},{"assertionResults":[],"startTime":1758728586300,"endTime":1758728586300,"status":"failed","message":"Cannot find module 'C:/Users/Usuario/ECONEURA-IA-1.worktrees/fix/ci-generate-score-fix/apps/web/node_modules/@econeura/shared/node_modules/zod/src/v4/mini/tests/number.test.ts'","name":"C:/Users/Usuario/ECONEURA-IA-1.worktrees/fix/ci-generate-score-fix/apps/web/node_modules/@econeura/shared/node_modules/zod/src/v4/mini/tests/number.test.ts"},{"assertionResults":[],"startTime":1758728586300,"endTime":1758728586300,"status":"failed","message":"Cannot find module 'C:/Users/Usuario/ECONEURA-IA-1.worktrees/fix/ci-generate-score-fix/apps/web/node_modules/@econeura/shared/node_modules/zod/src/v4/mini/tests/object.test.ts'","name":"C:/Users/Usuario/ECONEURA-IA-1.worktrees/fix/ci-generate-score-fix/apps/web/node_modules/@econeura/shared/node_modules/zod/src/v4/mini/tests/object.test.ts"},{"assertionResults":[],"startTime":1758728586300,"endTime":1758728586300,"status":"failed","message":"Cannot find module 'C:/Users/Usuario/ECONEURA-IA-1.worktrees/fix/ci-generate-score-fix/apps/web/node_modules/@econeura/shared/node_modules/zod/src/v4/mini/tests/prototypes.test.ts'","name":"C:/Users/Usuario/ECONEURA-IA-1.worktrees/fix/ci-generate-score-fix/apps/web/node_modules/@econeura/shared/node_modules/zod/src/v4/mini/tests/prototypes.test.ts"},{"assertionResults":[],"startTime":1758728586300,"endTime":1758728586300,"status":"failed","message":"Cannot find module 'C:/Users/Usuario/ECONEURA-IA-1.worktrees/fix/ci-generate-score-fix/apps/web/node_modules/@econeura/shared/node_modules/zod/src/v4/mini/tests/recursive-types.test.ts'","name":"C:/Users/Usuario/ECONEURA-IA-1.worktrees/fix/ci-generate-score-fix/apps/web/node_modules/@econeura/shared/node_modules/zod/src/v4/mini/tests/recursive-types.test.ts"},{"assertionResults":[],"startTime":1758728586300,"endTime":1758728586300,"status":"failed","message":"Cannot find module 'C:/Users/Usuario/ECONEURA-IA-1.worktrees/fix/ci-generate-score-fix/apps/web/node_modules/@econeura/shared/node_modules/zod/src/v4/mini/tests/string.test.ts'","name":"C:/Users/Usuario/ECONEURA-IA-1.worktrees/fix/ci-generate-score-fix/apps/web/node_modules/@econeura/shared/node_modules/zod/src/v4/mini/tests/string.test.ts"},{"assertionResults":[],"startTime":1758728586300,"endTime":1758728586300,"status":"failed","message":"Cannot find module 'C:/Users/Usuario/ECONEURA-IA-1.worktrees/fix/ci-generate-score-fix/apps/web/node_modules/@econeura/shared/node_modules/zod/src/v4/core/tests/locales/be.test.ts'","name":"C:/Users/Usuario/ECONEURA-IA-1.worktrees/fix/ci-generate-score-fix/apps/web/node_modules/@econeura/shared/node_modules/zod/src/v4/core/tests/locales/be.test.ts"},{"assertionResults":[],"startTime":1758728586300,"endTime":1758728586300,"status":"failed","message":"Cannot find module 'C:/Users/Usuario/ECONEURA-IA-1.worktrees/fix/ci-generate-score-fix/apps/web/node_modules/@econeura/shared/node_modules/zod/src/v4/core/tests/locales/en.test.ts'","name":"C:/Users/Usuario/ECONEURA-IA-1.worktrees/fix/ci-generate-score-fix/apps/web/node_modules/@econeura/shared/node_modules/zod/src/v4/core/tests/locales/en.test.ts"},{"assertionResults":[],"startTime":1758728586300,"endTime":1758728586300,"status":"failed","message":"Cannot find module 'C:/Users/Usuario/ECONEURA-IA-1.worktrees/fix/ci-generate-score-fix/apps/web/node_modules/@econeura/shared/node_modules/zod/src/v4/core/tests/locales/ru.test.ts'","name":"C:/Users/Usuario/ECONEURA-IA-1.worktrees/fix/ci-generate-score-fix/apps/web/node_modules/@econeura/shared/node_modules/zod/src/v4/core/tests/locales/ru.test.ts"},{"assertionResults":[],"startTime":1758728586300,"endTime":1758728586300,"status":"failed","message":"Cannot find module 'C:/Users/Usuario/ECONEURA-IA-1.worktrees/fix/ci-generate-score-fix/apps/web/node_modules/@econeura/shared/node_modules/zod/src/v4/core/tests/locales/tr.test.ts'","name":"C:/Users/Usuario/ECONEURA-IA-1.worktrees/fix/ci-generate-score-fix/apps/web/node_modules/@econeura/shared/node_modules/zod/src/v4/core/tests/locales/tr.test.ts"},{"assertionResults":[],"startTime":1758728586300,"endTime":1758728586300,"status":"failed","message":"Cannot find module 'C:/Users/Usuario/ECONEURA-IA-1.worktrees/fix/ci-generate-score-fix/apps/web/node_modules/@econeura/shared/node_modules/@testing-library/jest-dom/types/__tests__/bun/bun-custom-expect-types.test.ts'","name":"C:/Users/Usuario/ECONEURA-IA-1.worktrees/fix/ci-generate-score-fix/apps/web/node_modules/@econeura/shared/node_modules/@testing-library/jest-dom/types/__tests__/bun/bun-custom-expect-types.test.ts"},{"assertionResults":[],"startTime":1758728586300,"endTime":1758728586300,"status":"failed","message":"Cannot find module 'C:/Users/Usuario/ECONEURA-IA-1.worktrees/fix/ci-generate-score-fix/apps/web/node_modules/@econeura/shared/node_modules/@testing-library/jest-dom/types/__tests__/bun/bun-types.test.ts'","name":"C:/Users/Usuario/ECONEURA-IA-1.worktrees/fix/ci-generate-score-fix/apps/web/node_modules/@econeura/shared/node_modules/@testing-library/jest-dom/types/__tests__/bun/bun-types.test.ts"},{"assertionResults":[],"startTime":1758728586300,"endTime":1758728586300,"status":"failed","message":"Cannot find module 'C:/Users/Usuario/ECONEURA-IA-1.worktrees/fix/ci-generate-score-fix/apps/web/node_modules/@econeura/shared/node_modules/@testing-library/jest-dom/types/__tests__/jest-globals/jest-globals-custom-expect-types.test.ts'","name":"C:/Users/Usuario/ECONEURA-IA-1.worktrees/fix/ci-generate-score-fix/apps/web/node_modules/@econeura/shared/node_modules/@testing-library/jest-dom/types/__tests__/jest-globals/jest-globals-custom-expect-types.test.ts"},{"assertionResults":[],"startTime":1758728586300,"endTime":1758728586300,"status":"failed","message":"Cannot find module 'C:/Users/Usuario/ECONEURA-IA-1.worktrees/fix/ci-generate-score-fix/apps/web/node_modules/@econeura/shared/node_modules/@testing-library/jest-dom/types/__tests__/jest-globals/jest-globals-types.test.ts'","name":"C:/Users/Usuario/ECONEURA-IA-1.worktrees/fix/ci-generate-score-fix/apps/web/node_modules/@econeura/shared/node_modules/@testing-library/jest-dom/types/__tests__/jest-globals/jest-globals-types.test.ts"},{"assertionResults":[],"startTime":1758728586300,"endTime":1758728586300,"status":"failed","message":"Cannot find module 'C:/Users/Usuario/ECONEURA-IA-1.worktrees/fix/ci-generate-score-fix/apps/web/node_modules/@econeura/shared/node_modules/@testing-library/jest-dom/types/__tests__/jest/jest-custom-expect-types.test.ts'","name":"C:/Users/Usuario/ECONEURA-IA-1.worktrees/fix/ci-generate-score-fix/apps/web/node_modules/@econeura/shared/node_modules/@testing-library/jest-dom/types/__tests__/jest/jest-custom-expect-types.test.ts"},{"assertionResults":[],"startTime":1758728586300,"endTime":1758728586300,"status":"failed","message":"Cannot find module 'C:/Users/Usuario/ECONEURA-IA-1.worktrees/fix/ci-generate-score-fix/apps/web/node_modules/@econeura/shared/node_modules/@testing-library/jest-dom/types/__tests__/jest/jest-types.test.ts'","name":"C:/Users/Usuario/ECONEURA-IA-1.worktrees/fix/ci-generate-score-fix/apps/web/node_modules/@econeura/shared/node_modules/@testing-library/jest-dom/types/__tests__/jest/jest-types.test.ts"},{"assertionResults":[],"startTime":1758728586300,"endTime":1758728586300,"status":"failed","message":"Cannot find module 'C:/Users/Usuario/ECONEURA-IA-1.worktrees/fix/ci-generate-score-fix/apps/web/node_modules/@econeura/shared/node_modules/@testing-library/jest-dom/types/__tests__/vitest/vitest-custom-expect-types.test.ts'","name":"C:/Users/Usuario/ECONEURA-IA-1.worktrees/fix/ci-generate-score-fix/apps/web/node_modules/@econeura/shared/node_modules/@testing-library/jest-dom/types/__tests__/vitest/vitest-custom-expect-types.test.ts"},{"assertionResults":[],"startTime":1758728586300,"endTime":1758728586300,"status":"failed","message":"Cannot find module 'C:/Users/Usuario/ECONEURA-IA-1.worktrees/fix/ci-generate-score-fix/apps/web/node_modules/@econeura/shared/node_modules/@testing-library/jest-dom/types/__tests__/vitest/vitest-types.test.ts'","name":"C:/Users/Usuario/ECONEURA-IA-1.worktrees/fix/ci-generate-score-fix/apps/web/node_modules/@econeura/shared/node_modules/@testing-library/jest-dom/types/__tests__/vitest/vitest-types.test.ts"}]}