{
  "numTotalTestSuites": 198,
  "numPassedTestSuites": 171,
  "numFailedTestSuites": 27,
  "numPendingTestSuites": 0,
  "numTotalTests": 432,
  "numPassedTests": 414,
  "numFailedTests": 18,
  "numPendingTests": 0,
  "numTodoTests": 0,
  "snapshot": {
    "added": 0,
    "failure": false,
    "filesAdded": 0,
    "filesRemoved": 0,
    "filesRemovedList": [],
    "filesUnmatched": 0,
    "filesUpdated": 0,
    "matched": 0,
    "total": 0,
    "unchecked": 0,
    "uncheckedKeysByFile": [],
    "unmatched": 0,
    "updated": 0,
    "didUpdate": false
  },
  "startTime": 1758809274113,
  "success": false,
  "testResults": [
    {
      "assertionResults": [
        {
          "ancestorTitles": ["Navigation Component Accessibility", "Basic Navigation Accessibility"],
          "fullName": "Navigation Component Accessibility Basic Navigation Accessibility should have no accessibility violations",
          "status": "passed",
          "title": "should have no accessibility violations",
          "duration": 31.41399999999976,
          "failureMessages": [],
          "meta": {}
        },
        {
          "ancestorTitles": ["Navigation Component Accessibility", "Basic Navigation Accessibility"],
          "fullName": "Navigation Component Accessibility Basic Navigation Accessibility should pass all accessibility tests",
          "status": "passed",
          "title": "should pass all accessibility tests",
          "duration": 20.33560000000034,
          "failureMessages": [],
          "meta": {}
        },
        {
          "ancestorTitles": ["Navigation Component Accessibility", "Basic Navigation Accessibility"],
          "fullName": "Navigation Component Accessibility Basic Navigation Accessibility should have proper navigation structure",
          "status": "passed",
          "title": "should have proper navigation structure",
          "duration": 22.14300000000003,
          "failureMessages": [],
          "meta": {}
        },
        {
          "ancestorTitles": ["Navigation Component Accessibility", "Basic Navigation Accessibility"],
          "fullName": "Navigation Component Accessibility Basic Navigation Accessibility should have proper link labels",
          "status": "passed",
          "title": "should have proper link labels",
          "duration": 21.105199999999968,
          "failureMessages": [],
          "meta": {}
        },
        {
          "ancestorTitles": ["Navigation Component Accessibility", "Current Page Indication"],
          "fullName": "Navigation Component Accessibility Current Page Indication should indicate current page properly",
          "status": "passed",
          "title": "should indicate current page properly",
          "duration": 8.098300000000108,
          "failureMessages": [],
          "meta": {}
        },
        {
          "ancestorTitles": ["Navigation Component Accessibility", "Current Page Indication"],
          "fullName": "Navigation Component Accessibility Current Page Indication should not indicate non-current pages",
          "status": "passed",
          "title": "should not indicate non-current pages",
          "duration": 10.19399999999996,
          "failureMessages": [],
          "meta": {}
        },
        {
          "ancestorTitles": ["Navigation Component Accessibility", "Navigation with Custom Items"],
          "fullName": "Navigation Component Accessibility Navigation with Custom Items should be accessible with custom navigation items",
          "status": "passed",
          "title": "should be accessible with custom navigation items",
          "duration": 2.952600000000075,
          "failureMessages": [],
          "meta": {}
        },
        {
          "ancestorTitles": ["Navigation Component Accessibility", "Navigation with Custom Items"],
          "fullName": "Navigation Component Accessibility Navigation with Custom Items should handle custom current page",
          "status": "passed",
          "title": "should handle custom current page",
          "duration": 3.2856000000001586,
          "failureMessages": [],
          "meta": {}
        },
        {
          "ancestorTitles": ["Navigation Component Accessibility", "Mobile Navigation Accessibility"],
          "fullName": "Navigation Component Accessibility Mobile Navigation Accessibility should have no accessibility violations when closed",
          "status": "passed",
          "title": "should have no accessibility violations when closed",
          "duration": 3.2219999999997526,
          "failureMessages": [],
          "meta": {}
        },
        {
          "ancestorTitles": ["Navigation Component Accessibility", "Mobile Navigation Accessibility"],
          "fullName": "Navigation Component Accessibility Mobile Navigation Accessibility should have no accessibility violations when open",
          "status": "passed",
          "title": "should have no accessibility violations when open",
          "duration": 13.92950000000019,
          "failureMessages": [],
          "meta": {}
        },
        {
          "ancestorTitles": ["Navigation Component Accessibility", "Mobile Navigation Accessibility"],
          "fullName": "Navigation Component Accessibility Mobile Navigation Accessibility should have proper mobile navigation structure",
          "status": "passed",
          "title": "should have proper mobile navigation structure",
          "duration": 3.3026999999997315,
          "failureMessages": [],
          "meta": {}
        },
        {
          "ancestorTitles": ["Navigation Component Accessibility", "Mobile Navigation Accessibility"],
          "fullName": "Navigation Component Accessibility Mobile Navigation Accessibility should toggle mobile menu properly",
          "status": "passed",
          "title": "should toggle mobile menu properly",
          "duration": 11.056099999999788,
          "failureMessages": [],
          "meta": {}
        },
        {
          "ancestorTitles": ["Navigation Component Accessibility", "Mobile Navigation Accessibility"],
          "fullName": "Navigation Component Accessibility Mobile Navigation Accessibility should have proper menu items when open",
          "status": "passed",
          "title": "should have proper menu items when open",
          "duration": 10.696300000000065,
          "failureMessages": [],
          "meta": {}
        },
        {
          "ancestorTitles": ["Navigation Component Accessibility", "Breadcrumb Navigation Accessibility"],
          "fullName": "Navigation Component Accessibility Breadcrumb Navigation Accessibility should have no accessibility violations",
          "status": "passed",
          "title": "should have no accessibility violations",
          "duration": 4.207400000000234,
          "failureMessages": [],
          "meta": {}
        },
        {
          "ancestorTitles": ["Navigation Component Accessibility", "Breadcrumb Navigation Accessibility"],
          "fullName": "Navigation Component Accessibility Breadcrumb Navigation Accessibility should pass all accessibility tests",
          "status": "passed",
          "title": "should pass all accessibility tests",
          "duration": 4.727699999999913,
          "failureMessages": [],
          "meta": {}
        },
        {
          "ancestorTitles": ["Navigation Component Accessibility", "Breadcrumb Navigation Accessibility"],
          "fullName": "Navigation Component Accessibility Breadcrumb Navigation Accessibility should have proper breadcrumb structure",
          "status": "passed",
          "title": "should have proper breadcrumb structure",
          "duration": 9.274499999999989,
          "failureMessages": [],
          "meta": {}
        },
        {
          "ancestorTitles": ["Navigation Component Accessibility", "Breadcrumb Navigation Accessibility"],
          "fullName": "Navigation Component Accessibility Breadcrumb Navigation Accessibility should indicate current page in breadcrumb",
          "status": "passed",
          "title": "should indicate current page in breadcrumb",
          "duration": 4.934499999999844,
          "failureMessages": [],
          "meta": {}
        },
        {
          "ancestorTitles": ["Navigation Component Accessibility", "Breadcrumb Navigation Accessibility"],
          "fullName": "Navigation Component Accessibility Breadcrumb Navigation Accessibility should have proper separators",
          "status": "passed",
          "title": "should have proper separators",
          "duration": 19.948499999999967,
          "failureMessages": [],
          "meta": {}
        },
        {
          "ancestorTitles": ["Navigation Component Accessibility", "Navigation Focus Management"],
          "fullName": "Navigation Component Accessibility Navigation Focus Management should handle keyboard navigation",
          "status": "passed",
          "title": "should handle keyboard navigation",
          "duration": 14.48550000000023,
          "failureMessages": [],
          "meta": {}
        },
        {
          "ancestorTitles": ["Navigation Component Accessibility", "Navigation Focus Management"],
          "fullName": "Navigation Component Accessibility Navigation Focus Management should handle mobile menu keyboard navigation",
          "status": "passed",
          "title": "should handle mobile menu keyboard navigation",
          "duration": 9.995300000000043,
          "failureMessages": [],
          "meta": {}
        },
        {
          "ancestorTitles": ["Navigation Component Accessibility", "Navigation with ARIA Attributes"],
          "fullName": "Navigation Component Accessibility Navigation with ARIA Attributes should be accessible with custom ARIA labels",
          "status": "passed",
          "title": "should be accessible with custom ARIA labels",
          "duration": 2.1515000000003965,
          "failureMessages": [],
          "meta": {}
        },
        {
          "ancestorTitles": ["Navigation Component Accessibility", "Navigation with ARIA Attributes"],
          "fullName": "Navigation Component Accessibility Navigation with ARIA Attributes should have proper ARIA relationships",
          "status": "passed",
          "title": "should have proper ARIA relationships",
          "duration": 2.6466999999997824,
          "failureMessages": [],
          "meta": {}
        },
        {
          "ancestorTitles": ["Navigation Component Accessibility", "Navigation with Skip Links"],
          "fullName": "Navigation Component Accessibility Navigation with Skip Links should be accessible with skip links",
          "status": "passed",
          "title": "should be accessible with skip links",
          "duration": 3.5106000000000677,
          "failureMessages": [],
          "meta": {}
        },
        {
          "ancestorTitles": ["Navigation Component Accessibility", "Navigation with Skip Links"],
          "fullName": "Navigation Component Accessibility Navigation with Skip Links should have proper skip link structure",
          "status": "passed",
          "title": "should have proper skip link structure",
          "duration": 7.658600000000206,
          "failureMessages": [],
          "meta": {}
        },
        {
          "ancestorTitles": ["Navigation Component Accessibility", "Navigation with Dropdown Menus"],
          "fullName": "Navigation Component Accessibility Navigation with Dropdown Menus should be accessible with dropdown menus",
          "status": "passed",
          "title": "should be accessible with dropdown menus",
          "duration": 2.8114999999997963,
          "failureMessages": [],
          "meta": {}
        },
        {
          "ancestorTitles": ["Navigation Component Accessibility", "Navigation with Dropdown Menus"],
          "fullName": "Navigation Component Accessibility Navigation with Dropdown Menus should have proper dropdown structure",
          "status": "passed",
          "title": "should have proper dropdown structure",
          "duration": 3.8616000000001804,
          "failureMessages": [],
          "meta": {}
        },
        {
          "ancestorTitles": ["Navigation Component Accessibility", "Navigation with Dropdown Menus"],
          "fullName": "Navigation Component Accessibility Navigation with Dropdown Menus should toggle dropdown properly",
          "status": "passed",
          "title": "should toggle dropdown properly",
          "duration": 13.11200000000008,
          "failureMessages": [],
          "meta": {}
        }
      ],
      "startTime": 1758809283771,
      "endTime": 1758809284038.112,
      "status": "passed",
      "message": "",
      "name": "C:/Users/Usuario/ECONEURA-IA-1.worktrees/fix/ci-generate-score-fix/apps/web/src/components/navigation.test.tsx"
    },
    {
      "assertionResults": [
        {
          "ancestorTitles": ["Button Component Accessibility", "Basic Accessibility"],
          "fullName": "Button Component Accessibility Basic Accessibility should have no accessibility violations",
          "status": "passed",
          "title": "should have no accessibility violations",
          "duration": 32.70679999999993,
          "failureMessages": [],
          "meta": {}
        },
        {
          "ancestorTitles": ["Button Component Accessibility", "Basic Accessibility"],
          "fullName": "Button Component Accessibility Basic Accessibility should pass all accessibility tests",
          "status": "passed",
          "title": "should pass all accessibility tests",
          "duration": 18.628699999999753,
          "failureMessages": [],
          "meta": {}
        },
        {
          "ancestorTitles": ["Button Component Accessibility", "Basic Accessibility"],
          "fullName": "Button Component Accessibility Basic Accessibility should have proper button role",
          "status": "passed",
          "title": "should have proper button role",
          "duration": 18.98799999999983,
          "failureMessages": [],
          "meta": {}
        },
        {
          "ancestorTitles": ["Button Component Accessibility", "Basic Accessibility"],
          "fullName": "Button Component Accessibility Basic Accessibility should be focusable",
          "status": "passed",
          "title": "should be focusable",
          "duration": 7.332499999999982,
          "failureMessages": [],
          "meta": {}
        },
        {
          "ancestorTitles": ["Button Component Accessibility", "Basic Accessibility"],
          "fullName": "Button Component Accessibility Basic Accessibility should be keyboard accessible",
          "status": "failed",
          "title": "should be keyboard accessible",
          "duration": 25.315000000000055,
          "failureMessages": [
            "AssertionError: expected \"spy\" to be called at least once\n    at Proxy.<anonymous> (file:///C:/Users/Usuario/ECONEURA-IA-1.worktrees/fix/ci-generate-score-fix/node_modules/.pnpm/@vitest+expect@3.2.4/node_modules/@vitest/expect/dist/index.js:1335:10)\n    at Proxy.<anonymous> (file:///C:/Users/Usuario/ECONEURA-IA-1.worktrees/fix/ci-generate-score-fix/node_modules/.pnpm/@vitest+expect@3.2.4/node_modules/@vitest/expect/dist/index.js:1029:14)\n    at Proxy.methodWrapper (file:///C:/Users/Usuario/ECONEURA-IA-1.worktrees/fix/ci-generate-score-fix/node_modules/.pnpm/chai@5.3.3/node_modules/chai/index.js:1686:25)\n    at C:\\Users\\Usuario\\ECONEURA-IA-1.worktrees\\fix\\ci-generate-score-fix\\apps\\web\\src\\components\\ui\\button.test.tsx:52:27\n    at file:///C:/Users/Usuario/ECONEURA-IA-1.worktrees/fix/ci-generate-score-fix/node_modules/.pnpm/@vitest+runner@3.2.4/node_modules/@vitest/runner/dist/chunk-hooks.js:155:11\n    at file:///C:/Users/Usuario/ECONEURA-IA-1.worktrees/fix/ci-generate-score-fix/node_modules/.pnpm/@vitest+runner@3.2.4/node_modules/@vitest/runner/dist/chunk-hooks.js:752:26\n    at file:///C:/Users/Usuario/ECONEURA-IA-1.worktrees/fix/ci-generate-score-fix/node_modules/.pnpm/@vitest+runner@3.2.4/node_modules/@vitest/runner/dist/chunk-hooks.js:1897:20\n    at new Promise (<anonymous>)\n    at runWithTimeout (file:///C:/Users/Usuario/ECONEURA-IA-1.worktrees/fix/ci-generate-score-fix/node_modules/.pnpm/@vitest+runner@3.2.4/node_modules/@vitest/runner/dist/chunk-hooks.js:1863:10)\n    at runTest (file:///C:/Users/Usuario/ECONEURA-IA-1.worktrees/fix/ci-generate-score-fix/node_modules/.pnpm/@vitest+runner@3.2.4/node_modules/@vitest/runner/dist/chunk-hooks.js:1574:12)",
            "AssertionError: expected \"spy\" to be called at least once\n    at Proxy.<anonymous> (file:///C:/Users/Usuario/ECONEURA-IA-1.worktrees/fix/ci-generate-score-fix/node_modules/.pnpm/@vitest+expect@3.2.4/node_modules/@vitest/expect/dist/index.js:1335:10)\n    at Proxy.<anonymous> (file:///C:/Users/Usuario/ECONEURA-IA-1.worktrees/fix/ci-generate-score-fix/node_modules/.pnpm/@vitest+expect@3.2.4/node_modules/@vitest/expect/dist/index.js:1029:14)\n    at Proxy.methodWrapper (file:///C:/Users/Usuario/ECONEURA-IA-1.worktrees/fix/ci-generate-score-fix/node_modules/.pnpm/chai@5.3.3/node_modules/chai/index.js:1686:25)\n    at C:\\Users\\Usuario\\ECONEURA-IA-1.worktrees\\fix\\ci-generate-score-fix\\apps\\web\\src\\components\\ui\\button.test.tsx:52:27\n    at file:///C:/Users/Usuario/ECONEURA-IA-1.worktrees/fix/ci-generate-score-fix/node_modules/.pnpm/@vitest+runner@3.2.4/node_modules/@vitest/runner/dist/chunk-hooks.js:155:11\n    at file:///C:/Users/Usuario/ECONEURA-IA-1.worktrees/fix/ci-generate-score-fix/node_modules/.pnpm/@vitest+runner@3.2.4/node_modules/@vitest/runner/dist/chunk-hooks.js:752:26\n    at file:///C:/Users/Usuario/ECONEURA-IA-1.worktrees/fix/ci-generate-score-fix/node_modules/.pnpm/@vitest+runner@3.2.4/node_modules/@vitest/runner/dist/chunk-hooks.js:1897:20\n    at new Promise (<anonymous>)\n    at runWithTimeout (file:///C:/Users/Usuario/ECONEURA-IA-1.worktrees/fix/ci-generate-score-fix/node_modules/.pnpm/@vitest+runner@3.2.4/node_modules/@vitest/runner/dist/chunk-hooks.js:1863:10)\n    at runTest (file:///C:/Users/Usuario/ECONEURA-IA-1.worktrees/fix/ci-generate-score-fix/node_modules/.pnpm/@vitest+runner@3.2.4/node_modules/@vitest/runner/dist/chunk-hooks.js:1574:12)"
          ],
          "meta": {}
        },
        {
          "ancestorTitles": ["Button Component Accessibility", "Button Variants"],
          "fullName": "Button Component Accessibility Button Variants should be accessible in default variant",
          "status": "passed",
          "title": "should be accessible in default variant",
          "duration": 1.8481999999999061,
          "failureMessages": [],
          "meta": {}
        },
        {
          "ancestorTitles": ["Button Component Accessibility", "Button Variants"],
          "fullName": "Button Component Accessibility Button Variants should be accessible in destructive variant",
          "status": "passed",
          "title": "should be accessible in destructive variant",
          "duration": 2.079099999999926,
          "failureMessages": [],
          "meta": {}
        },
        {
          "ancestorTitles": ["Button Component Accessibility", "Button Variants"],
          "fullName": "Button Component Accessibility Button Variants should be accessible in outline variant",
          "status": "passed",
          "title": "should be accessible in outline variant",
          "duration": 2.0810999999998785,
          "failureMessages": [],
          "meta": {}
        },
        {
          "ancestorTitles": ["Button Component Accessibility", "Button Variants"],
          "fullName": "Button Component Accessibility Button Variants should be accessible in secondary variant",
          "status": "passed",
          "title": "should be accessible in secondary variant",
          "duration": 2.1428000000000793,
          "failureMessages": [],
          "meta": {}
        },
        {
          "ancestorTitles": ["Button Component Accessibility", "Button Variants"],
          "fullName": "Button Component Accessibility Button Variants should be accessible in ghost variant",
          "status": "passed",
          "title": "should be accessible in ghost variant",
          "duration": 4.2896999999998116,
          "failureMessages": [],
          "meta": {}
        },
        {
          "ancestorTitles": ["Button Component Accessibility", "Button Variants"],
          "fullName": "Button Component Accessibility Button Variants should be accessible in link variant",
          "status": "passed",
          "title": "should be accessible in link variant",
          "duration": 1.8125999999997475,
          "failureMessages": [],
          "meta": {}
        },
        {
          "ancestorTitles": ["Button Component Accessibility", "Button Sizes"],
          "fullName": "Button Component Accessibility Button Sizes should be accessible in default size",
          "status": "passed",
          "title": "should be accessible in default size",
          "duration": 1.7033000000001266,
          "failureMessages": [],
          "meta": {}
        },
        {
          "ancestorTitles": ["Button Component Accessibility", "Button Sizes"],
          "fullName": "Button Component Accessibility Button Sizes should be accessible in small size",
          "status": "passed",
          "title": "should be accessible in small size",
          "duration": 1.5999000000001615,
          "failureMessages": [],
          "meta": {}
        },
        {
          "ancestorTitles": ["Button Component Accessibility", "Button Sizes"],
          "fullName": "Button Component Accessibility Button Sizes should be accessible in large size",
          "status": "passed",
          "title": "should be accessible in large size",
          "duration": 1.6371000000003733,
          "failureMessages": [],
          "meta": {}
        },
        {
          "ancestorTitles": ["Button Component Accessibility", "Button Sizes"],
          "fullName": "Button Component Accessibility Button Sizes should be accessible in icon size",
          "status": "passed",
          "title": "should be accessible in icon size",
          "duration": 1.5549999999998363,
          "failureMessages": [],
          "meta": {}
        },
        {
          "ancestorTitles": ["Button Component Accessibility", "Button States"],
          "fullName": "Button Component Accessibility Button States should be accessible when disabled",
          "status": "passed",
          "title": "should be accessible when disabled",
          "duration": 1.5509999999999309,
          "failureMessages": [],
          "meta": {}
        },
        {
          "ancestorTitles": ["Button Component Accessibility", "Button States"],
          "fullName": "Button Component Accessibility Button States should not be focusable when disabled",
          "status": "failed",
          "title": "should not be focusable when disabled",
          "duration": 11.091699999999946,
          "failureMessages": [
            "AssertionError: expected null to be 'true' // Object.is equality\n    at C:\\Users\\Usuario\\ECONEURA-IA-1.worktrees\\fix\\ci-generate-score-fix\\apps\\web\\src\\components\\ui\\button.test.tsx:124:53\n    at file:///C:/Users/Usuario/ECONEURA-IA-1.worktrees/fix/ci-generate-score-fix/node_modules/.pnpm/@vitest+runner@3.2.4/node_modules/@vitest/runner/dist/chunk-hooks.js:155:11\n    at file:///C:/Users/Usuario/ECONEURA-IA-1.worktrees/fix/ci-generate-score-fix/node_modules/.pnpm/@vitest+runner@3.2.4/node_modules/@vitest/runner/dist/chunk-hooks.js:752:26\n    at file:///C:/Users/Usuario/ECONEURA-IA-1.worktrees/fix/ci-generate-score-fix/node_modules/.pnpm/@vitest+runner@3.2.4/node_modules/@vitest/runner/dist/chunk-hooks.js:1897:20\n    at new Promise (<anonymous>)\n    at runWithTimeout (file:///C:/Users/Usuario/ECONEURA-IA-1.worktrees/fix/ci-generate-score-fix/node_modules/.pnpm/@vitest+runner@3.2.4/node_modules/@vitest/runner/dist/chunk-hooks.js:1863:10)\n    at runTest (file:///C:/Users/Usuario/ECONEURA-IA-1.worktrees/fix/ci-generate-score-fix/node_modules/.pnpm/@vitest+runner@3.2.4/node_modules/@vitest/runner/dist/chunk-hooks.js:1574:12)\n    at processTicksAndRejections (node:internal/process/task_queues:105:5)\n    at runSuite (file:///C:/Users/Usuario/ECONEURA-IA-1.worktrees/fix/ci-generate-score-fix/node_modules/.pnpm/@vitest+runner@3.2.4/node_modules/@vitest/runner/dist/chunk-hooks.js:1729:8)\n    at runSuite (file:///C:/Users/Usuario/ECONEURA-IA-1.worktrees/fix/ci-generate-score-fix/node_modules/.pnpm/@vitest+runner@3.2.4/node_modules/@vitest/runner/dist/chunk-hooks.js:1729:8)",
            "AssertionError: expected null to be 'true' // Object.is equality\n    at C:\\Users\\Usuario\\ECONEURA-IA-1.worktrees\\fix\\ci-generate-score-fix\\apps\\web\\src\\components\\ui\\button.test.tsx:124:53\n    at file:///C:/Users/Usuario/ECONEURA-IA-1.worktrees/fix/ci-generate-score-fix/node_modules/.pnpm/@vitest+runner@3.2.4/node_modules/@vitest/runner/dist/chunk-hooks.js:155:11\n    at file:///C:/Users/Usuario/ECONEURA-IA-1.worktrees/fix/ci-generate-score-fix/node_modules/.pnpm/@vitest+runner@3.2.4/node_modules/@vitest/runner/dist/chunk-hooks.js:752:26\n    at file:///C:/Users/Usuario/ECONEURA-IA-1.worktrees/fix/ci-generate-score-fix/node_modules/.pnpm/@vitest+runner@3.2.4/node_modules/@vitest/runner/dist/chunk-hooks.js:1897:20\n    at new Promise (<anonymous>)\n    at runWithTimeout (file:///C:/Users/Usuario/ECONEURA-IA-1.worktrees/fix/ci-generate-score-fix/node_modules/.pnpm/@vitest+runner@3.2.4/node_modules/@vitest/runner/dist/chunk-hooks.js:1863:10)\n    at runTest (file:///C:/Users/Usuario/ECONEURA-IA-1.worktrees/fix/ci-generate-score-fix/node_modules/.pnpm/@vitest+runner@3.2.4/node_modules/@vitest/runner/dist/chunk-hooks.js:1574:12)\n    at processTicksAndRejections (node:internal/process/task_queues:105:5)\n    at runSuite (file:///C:/Users/Usuario/ECONEURA-IA-1.worktrees/fix/ci-generate-score-fix/node_modules/.pnpm/@vitest+runner@3.2.4/node_modules/@vitest/runner/dist/chunk-hooks.js:1729:8)\n    at runSuite (file:///C:/Users/Usuario/ECONEURA-IA-1.worktrees/fix/ci-generate-score-fix/node_modules/.pnpm/@vitest+runner@3.2.4/node_modules/@vitest/runner/dist/chunk-hooks.js:1729:8)"
          ],
          "meta": {}
        },
        {
          "ancestorTitles": ["Button Component Accessibility", "Button States"],
          "fullName": "Button Component Accessibility Button States should be accessible when loading",
          "status": "passed",
          "title": "should be accessible when loading",
          "duration": 1.5385000000001128,
          "failureMessages": [],
          "meta": {}
        },
        {
          "ancestorTitles": ["Button Component Accessibility", "Button States"],
          "fullName": "Button Component Accessibility Button States should have proper loading state",
          "status": "failed",
          "title": "should have proper loading state",
          "duration": 5.081300000000283,
          "failureMessages": [
            "AssertionError: expected null to be 'true' // Object.is equality\n    at C:\\Users\\Usuario\\ECONEURA-IA-1.worktrees\\fix\\ci-generate-score-fix\\apps\\web\\src\\components\\ui\\button.test.tsx:136:53\n    at file:///C:/Users/Usuario/ECONEURA-IA-1.worktrees/fix/ci-generate-score-fix/node_modules/.pnpm/@vitest+runner@3.2.4/node_modules/@vitest/runner/dist/chunk-hooks.js:155:11\n    at file:///C:/Users/Usuario/ECONEURA-IA-1.worktrees/fix/ci-generate-score-fix/node_modules/.pnpm/@vitest+runner@3.2.4/node_modules/@vitest/runner/dist/chunk-hooks.js:752:26\n    at file:///C:/Users/Usuario/ECONEURA-IA-1.worktrees/fix/ci-generate-score-fix/node_modules/.pnpm/@vitest+runner@3.2.4/node_modules/@vitest/runner/dist/chunk-hooks.js:1897:20\n    at new Promise (<anonymous>)\n    at runWithTimeout (file:///C:/Users/Usuario/ECONEURA-IA-1.worktrees/fix/ci-generate-score-fix/node_modules/.pnpm/@vitest+runner@3.2.4/node_modules/@vitest/runner/dist/chunk-hooks.js:1863:10)\n    at runTest (file:///C:/Users/Usuario/ECONEURA-IA-1.worktrees/fix/ci-generate-score-fix/node_modules/.pnpm/@vitest+runner@3.2.4/node_modules/@vitest/runner/dist/chunk-hooks.js:1574:12)\n    at processTicksAndRejections (node:internal/process/task_queues:105:5)\n    at runSuite (file:///C:/Users/Usuario/ECONEURA-IA-1.worktrees/fix/ci-generate-score-fix/node_modules/.pnpm/@vitest+runner@3.2.4/node_modules/@vitest/runner/dist/chunk-hooks.js:1729:8)\n    at runSuite (file:///C:/Users/Usuario/ECONEURA-IA-1.worktrees/fix/ci-generate-score-fix/node_modules/.pnpm/@vitest+runner@3.2.4/node_modules/@vitest/runner/dist/chunk-hooks.js:1729:8)",
            "AssertionError: expected null to be 'true' // Object.is equality\n    at C:\\Users\\Usuario\\ECONEURA-IA-1.worktrees\\fix\\ci-generate-score-fix\\apps\\web\\src\\components\\ui\\button.test.tsx:136:53\n    at file:///C:/Users/Usuario/ECONEURA-IA-1.worktrees/fix/ci-generate-score-fix/node_modules/.pnpm/@vitest+runner@3.2.4/node_modules/@vitest/runner/dist/chunk-hooks.js:155:11\n    at file:///C:/Users/Usuario/ECONEURA-IA-1.worktrees/fix/ci-generate-score-fix/node_modules/.pnpm/@vitest+runner@3.2.4/node_modules/@vitest/runner/dist/chunk-hooks.js:752:26\n    at file:///C:/Users/Usuario/ECONEURA-IA-1.worktrees/fix/ci-generate-score-fix/node_modules/.pnpm/@vitest+runner@3.2.4/node_modules/@vitest/runner/dist/chunk-hooks.js:1897:20\n    at new Promise (<anonymous>)\n    at runWithTimeout (file:///C:/Users/Usuario/ECONEURA-IA-1.worktrees/fix/ci-generate-score-fix/node_modules/.pnpm/@vitest+runner@3.2.4/node_modules/@vitest/runner/dist/chunk-hooks.js:1863:10)\n    at runTest (file:///C:/Users/Usuario/ECONEURA-IA-1.worktrees/fix/ci-generate-score-fix/node_modules/.pnpm/@vitest+runner@3.2.4/node_modules/@vitest/runner/dist/chunk-hooks.js:1574:12)\n    at processTicksAndRejections (node:internal/process/task_queues:105:5)\n    at runSuite (file:///C:/Users/Usuario/ECONEURA-IA-1.worktrees/fix/ci-generate-score-fix/node_modules/.pnpm/@vitest+runner@3.2.4/node_modules/@vitest/runner/dist/chunk-hooks.js:1729:8)\n    at runSuite (file:///C:/Users/Usuario/ECONEURA-IA-1.worktrees/fix/ci-generate-score-fix/node_modules/.pnpm/@vitest+runner@3.2.4/node_modules/@vitest/runner/dist/chunk-hooks.js:1729:8)"
          ],
          "meta": {}
        },
        {
          "ancestorTitles": ["Button Component Accessibility", "Button with Icons"],
          "fullName": "Button Component Accessibility Button with Icons should be accessible with icon and text",
          "status": "passed",
          "title": "should be accessible with icon and text",
          "duration": 5.4266999999999825,
          "failureMessages": [],
          "meta": {}
        },
        {
          "ancestorTitles": ["Button Component Accessibility", "Button with Icons"],
          "fullName": "Button Component Accessibility Button with Icons should be accessible with icon only",
          "status": "passed",
          "title": "should be accessible with icon only",
          "duration": 1.8414999999999964,
          "failureMessages": [],
          "meta": {}
        },
        {
          "ancestorTitles": ["Button Component Accessibility", "Button with Icons"],
          "fullName": "Button Component Accessibility Button with Icons should have proper aria-label for icon-only button",
          "status": "passed",
          "title": "should have proper aria-label for icon-only button",
          "duration": 2.2771999999999935,
          "failureMessages": [],
          "meta": {}
        },
        {
          "ancestorTitles": ["Button Component Accessibility", "Button Interactions"],
          "fullName": "Button Component Accessibility Button Interactions should handle click events accessibly",
          "status": "passed",
          "title": "should handle click events accessibly",
          "duration": 4.351700000000164,
          "failureMessages": [],
          "meta": {}
        },
        {
          "ancestorTitles": ["Button Component Accessibility", "Button Interactions"],
          "fullName": "Button Component Accessibility Button Interactions should handle keyboard events accessibly",
          "status": "failed",
          "title": "should handle keyboard events accessibly",
          "duration": 10.609300000000076,
          "failureMessages": [
            "AssertionError: expected \"spy\" to be called at least once\n    at Proxy.<anonymous> (file:///C:/Users/Usuario/ECONEURA-IA-1.worktrees/fix/ci-generate-score-fix/node_modules/.pnpm/@vitest+expect@3.2.4/node_modules/@vitest/expect/dist/index.js:1335:10)\n    at Proxy.<anonymous> (file:///C:/Users/Usuario/ECONEURA-IA-1.worktrees/fix/ci-generate-score-fix/node_modules/.pnpm/@vitest+expect@3.2.4/node_modules/@vitest/expect/dist/index.js:1029:14)\n    at Proxy.methodWrapper (file:///C:/Users/Usuario/ECONEURA-IA-1.worktrees/fix/ci-generate-score-fix/node_modules/.pnpm/chai@5.3.3/node_modules/chai/index.js:1686:25)\n    at C:\\Users\\Usuario\\ECONEURA-IA-1.worktrees\\fix\\ci-generate-score-fix\\apps\\web\\src\\components\\ui\\button.test.tsx:188:27\n    at file:///C:/Users/Usuario/ECONEURA-IA-1.worktrees/fix/ci-generate-score-fix/node_modules/.pnpm/@vitest+runner@3.2.4/node_modules/@vitest/runner/dist/chunk-hooks.js:155:11\n    at file:///C:/Users/Usuario/ECONEURA-IA-1.worktrees/fix/ci-generate-score-fix/node_modules/.pnpm/@vitest+runner@3.2.4/node_modules/@vitest/runner/dist/chunk-hooks.js:752:26\n    at file:///C:/Users/Usuario/ECONEURA-IA-1.worktrees/fix/ci-generate-score-fix/node_modules/.pnpm/@vitest+runner@3.2.4/node_modules/@vitest/runner/dist/chunk-hooks.js:1897:20\n    at new Promise (<anonymous>)\n    at runWithTimeout (file:///C:/Users/Usuario/ECONEURA-IA-1.worktrees/fix/ci-generate-score-fix/node_modules/.pnpm/@vitest+runner@3.2.4/node_modules/@vitest/runner/dist/chunk-hooks.js:1863:10)\n    at runTest (file:///C:/Users/Usuario/ECONEURA-IA-1.worktrees/fix/ci-generate-score-fix/node_modules/.pnpm/@vitest+runner@3.2.4/node_modules/@vitest/runner/dist/chunk-hooks.js:1574:12)",
            "AssertionError: expected \"spy\" to be called at least once\n    at Proxy.<anonymous> (file:///C:/Users/Usuario/ECONEURA-IA-1.worktrees/fix/ci-generate-score-fix/node_modules/.pnpm/@vitest+expect@3.2.4/node_modules/@vitest/expect/dist/index.js:1335:10)\n    at Proxy.<anonymous> (file:///C:/Users/Usuario/ECONEURA-IA-1.worktrees/fix/ci-generate-score-fix/node_modules/.pnpm/@vitest+expect@3.2.4/node_modules/@vitest/expect/dist/index.js:1029:14)\n    at Proxy.methodWrapper (file:///C:/Users/Usuario/ECONEURA-IA-1.worktrees/fix/ci-generate-score-fix/node_modules/.pnpm/chai@5.3.3/node_modules/chai/index.js:1686:25)\n    at C:\\Users\\Usuario\\ECONEURA-IA-1.worktrees\\fix\\ci-generate-score-fix\\apps\\web\\src\\components\\ui\\button.test.tsx:188:27\n    at file:///C:/Users/Usuario/ECONEURA-IA-1.worktrees/fix/ci-generate-score-fix/node_modules/.pnpm/@vitest+runner@3.2.4/node_modules/@vitest/runner/dist/chunk-hooks.js:155:11\n    at file:///C:/Users/Usuario/ECONEURA-IA-1.worktrees/fix/ci-generate-score-fix/node_modules/.pnpm/@vitest+runner@3.2.4/node_modules/@vitest/runner/dist/chunk-hooks.js:752:26\n    at file:///C:/Users/Usuario/ECONEURA-IA-1.worktrees/fix/ci-generate-score-fix/node_modules/.pnpm/@vitest+runner@3.2.4/node_modules/@vitest/runner/dist/chunk-hooks.js:1897:20\n    at new Promise (<anonymous>)\n    at runWithTimeout (file:///C:/Users/Usuario/ECONEURA-IA-1.worktrees/fix/ci-generate-score-fix/node_modules/.pnpm/@vitest+runner@3.2.4/node_modules/@vitest/runner/dist/chunk-hooks.js:1863:10)\n    at runTest (file:///C:/Users/Usuario/ECONEURA-IA-1.worktrees/fix/ci-generate-score-fix/node_modules/.pnpm/@vitest+runner@3.2.4/node_modules/@vitest/runner/dist/chunk-hooks.js:1574:12)"
          ],
          "meta": {}
        },
        {
          "ancestorTitles": ["Button Component Accessibility", "Button Interactions"],
          "fullName": "Button Component Accessibility Button Interactions should not trigger click when disabled",
          "status": "passed",
          "title": "should not trigger click when disabled",
          "duration": 2.5877999999997883,
          "failureMessages": [],
          "meta": {}
        },
        {
          "ancestorTitles": ["Button Component Accessibility", "Button with Custom Props"],
          "fullName": "Button Component Accessibility Button with Custom Props should be accessible with custom className",
          "status": "passed",
          "title": "should be accessible with custom className",
          "duration": 1.6223999999997432,
          "failureMessages": [],
          "meta": {}
        },
        {
          "ancestorTitles": ["Button Component Accessibility", "Button with Custom Props"],
          "fullName": "Button Component Accessibility Button with Custom Props should be accessible with custom data attributes",
          "status": "passed",
          "title": "should be accessible with custom data attributes",
          "duration": 2.2114999999998872,
          "failureMessages": [],
          "meta": {}
        },
        {
          "ancestorTitles": ["Button Component Accessibility", "Button with Custom Props"],
          "fullName": "Button Component Accessibility Button with Custom Props should be accessible with custom aria attributes",
          "status": "passed",
          "title": "should be accessible with custom aria attributes",
          "duration": 1.2509000000000015,
          "failureMessages": [],
          "meta": {}
        },
        {
          "ancestorTitles": ["Button Component Accessibility", "Button in Different Contexts"],
          "fullName": "Button Component Accessibility Button in Different Contexts should be accessible in form context",
          "status": "passed",
          "title": "should be accessible in form context",
          "duration": 1.8735999999998967,
          "failureMessages": [],
          "meta": {}
        },
        {
          "ancestorTitles": ["Button Component Accessibility", "Button in Different Contexts"],
          "fullName": "Button Component Accessibility Button in Different Contexts should be accessible in navigation context",
          "status": "passed",
          "title": "should be accessible in navigation context",
          "duration": 5.843799999999646,
          "failureMessages": [],
          "meta": {}
        },
        {
          "ancestorTitles": ["Button Component Accessibility", "Button in Different Contexts"],
          "fullName": "Button Component Accessibility Button in Different Contexts should be accessible in dialog context",
          "status": "passed",
          "title": "should be accessible in dialog context",
          "duration": 3.0364999999997053,
          "failureMessages": [],
          "meta": {}
        },
        {
          "ancestorTitles": ["Button Component Accessibility", "Button with Complex Content"],
          "fullName": "Button Component Accessibility Button with Complex Content should be accessible with nested elements",
          "status": "passed",
          "title": "should be accessible with nested elements",
          "duration": 5.8793000000000575,
          "failureMessages": [],
          "meta": {}
        },
        {
          "ancestorTitles": ["Button Component Accessibility", "Button with Complex Content"],
          "fullName": "Button Component Accessibility Button with Complex Content should be accessible with multiple icons",
          "status": "passed",
          "title": "should be accessible with multiple icons",
          "duration": 1.692199999999957,
          "failureMessages": [],
          "meta": {}
        },
        {
          "ancestorTitles": ["Button Component Accessibility", "Button Focus Management"],
          "fullName": "Button Component Accessibility Button Focus Management should maintain focus after click",
          "status": "passed",
          "title": "should maintain focus after click",
          "duration": 9.572299999999814,
          "failureMessages": [],
          "meta": {}
        },
        {
          "ancestorTitles": ["Button Component Accessibility", "Button Focus Management"],
          "fullName": "Button Component Accessibility Button Focus Management should be focusable with Tab key",
          "status": "failed",
          "title": "should be focusable with Tab key",
          "duration": 17.719300000000203,
          "failureMessages": [
            "Error: \u001b[2mexpect(\u001b[22m\u001b[31melement\u001b[39m\u001b[2m).toHaveFocus()\u001b[22m\n\nExpected element with focus:\n  \u001b[32m<button\n  class=\"inline-flex items-center justify-center rounded-md font-medium transition-colors focus:outline-none focus:ring-2 focus:ring-ring focus:ring-offset-2 disabled:opacity-50 disabled:pointer-events-none bg-primary text-primary-foreground hover:bg-primary/90 h-9 px-4 text-sm\"\n>\n  Button\n</button>\u001b[39m\nReceived element with focus:\n  \u001b[31m<input\n  data-testid=\"input1\"\n/>\u001b[39m\n    at Proxy.expectWrapper (file:///C:/Users/Usuario/ECONEURA-IA-1.worktrees/fix/ci-generate-score-fix/node_modules/.pnpm/@vitest+expect@3.2.4/node_modules/@vitest/expect/dist/index.js:1745:12)\n    at Proxy.<anonymous> (file:///C:/Users/Usuario/ECONEURA-IA-1.worktrees/fix/ci-generate-score-fix/node_modules/.pnpm/@vitest+expect@3.2.4/node_modules/@vitest/expect/dist/index.js:1029:14)\n    at Proxy.methodWrapper (file:///C:/Users/Usuario/ECONEURA-IA-1.worktrees/fix/ci-generate-score-fix/node_modules/.pnpm/chai@5.3.3/node_modules/chai/index.js:1686:25)\n    at C:\\Users\\Usuario\\ECONEURA-IA-1.worktrees\\fix\\ci-generate-score-fix\\apps\\web\\src\\components\\ui\\button.test.tsx:317:22\n    at file:///C:/Users/Usuario/ECONEURA-IA-1.worktrees/fix/ci-generate-score-fix/node_modules/.pnpm/@vitest+runner@3.2.4/node_modules/@vitest/runner/dist/chunk-hooks.js:155:11\n    at file:///C:/Users/Usuario/ECONEURA-IA-1.worktrees/fix/ci-generate-score-fix/node_modules/.pnpm/@vitest+runner@3.2.4/node_modules/@vitest/runner/dist/chunk-hooks.js:752:26\n    at file:///C:/Users/Usuario/ECONEURA-IA-1.worktrees/fix/ci-generate-score-fix/node_modules/.pnpm/@vitest+runner@3.2.4/node_modules/@vitest/runner/dist/chunk-hooks.js:1897:20\n    at new Promise (<anonymous>)\n    at runWithTimeout (file:///C:/Users/Usuario/ECONEURA-IA-1.worktrees/fix/ci-generate-score-fix/node_modules/.pnpm/@vitest+runner@3.2.4/node_modules/@vitest/runner/dist/chunk-hooks.js:1863:10)\n    at runTest (file:///C:/Users/Usuario/ECONEURA-IA-1.worktrees/fix/ci-generate-score-fix/node_modules/.pnpm/@vitest+runner@3.2.4/node_modules/@vitest/runner/dist/chunk-hooks.js:1574:12)",
            "Error: \u001b[2mexpect(\u001b[22m\u001b[31melement\u001b[39m\u001b[2m).toHaveFocus()\u001b[22m\n\nExpected element with focus:\n  \u001b[32m<button\n  class=\"inline-flex items-center justify-center rounded-md font-medium transition-colors focus:outline-none focus:ring-2 focus:ring-ring focus:ring-offset-2 disabled:opacity-50 disabled:pointer-events-none bg-primary text-primary-foreground hover:bg-primary/90 h-9 px-4 text-sm\"\n>\n  Button\n</button>\u001b[39m\nReceived element with focus:\n  \u001b[31m<input\n  data-testid=\"input1\"\n/>\u001b[39m\n    at Proxy.expectWrapper (file:///C:/Users/Usuario/ECONEURA-IA-1.worktrees/fix/ci-generate-score-fix/node_modules/.pnpm/@vitest+expect@3.2.4/node_modules/@vitest/expect/dist/index.js:1745:12)\n    at Proxy.<anonymous> (file:///C:/Users/Usuario/ECONEURA-IA-1.worktrees/fix/ci-generate-score-fix/node_modules/.pnpm/@vitest+expect@3.2.4/node_modules/@vitest/expect/dist/index.js:1029:14)\n    at Proxy.methodWrapper (file:///C:/Users/Usuario/ECONEURA-IA-1.worktrees/fix/ci-generate-score-fix/node_modules/.pnpm/chai@5.3.3/node_modules/chai/index.js:1686:25)\n    at C:\\Users\\Usuario\\ECONEURA-IA-1.worktrees\\fix\\ci-generate-score-fix\\apps\\web\\src\\components\\ui\\button.test.tsx:317:22\n    at file:///C:/Users/Usuario/ECONEURA-IA-1.worktrees/fix/ci-generate-score-fix/node_modules/.pnpm/@vitest+runner@3.2.4/node_modules/@vitest/runner/dist/chunk-hooks.js:155:11\n    at file:///C:/Users/Usuario/ECONEURA-IA-1.worktrees/fix/ci-generate-score-fix/node_modules/.pnpm/@vitest+runner@3.2.4/node_modules/@vitest/runner/dist/chunk-hooks.js:752:26\n    at file:///C:/Users/Usuario/ECONEURA-IA-1.worktrees/fix/ci-generate-score-fix/node_modules/.pnpm/@vitest+runner@3.2.4/node_modules/@vitest/runner/dist/chunk-hooks.js:1897:20\n    at new Promise (<anonymous>)\n    at runWithTimeout (file:///C:/Users/Usuario/ECONEURA-IA-1.worktrees/fix/ci-generate-score-fix/node_modules/.pnpm/@vitest+runner@3.2.4/node_modules/@vitest/runner/dist/chunk-hooks.js:1863:10)\n    at runTest (file:///C:/Users/Usuario/ECONEURA-IA-1.worktrees/fix/ci-generate-score-fix/node_modules/.pnpm/@vitest+runner@3.2.4/node_modules/@vitest/runner/dist/chunk-hooks.js:1574:12)"
          ],
          "meta": {}
        }
      ],
      "startTime": 1758809289221,
      "endTime": 1758809289443.7192,
      "status": "failed",
      "message": "",
      "name": "C:/Users/Usuario/ECONEURA-IA-1.worktrees/fix/ci-generate-score-fix/apps/web/src/components/ui/button.test.tsx"
    },
    {
      "assertionResults": [
        {
          "ancestorTitles": ["Card Component Accessibility", "Basic Card Accessibility"],
          "fullName": "Card Component Accessibility Basic Card Accessibility should have no accessibility violations",
          "status": "passed",
          "title": "should have no accessibility violations",
          "duration": 39.00720000000001,
          "failureMessages": [],
          "meta": {}
        },
        {
          "ancestorTitles": ["Card Component Accessibility", "Basic Card Accessibility"],
          "fullName": "Card Component Accessibility Basic Card Accessibility should pass all accessibility tests",
          "status": "passed",
          "title": "should pass all accessibility tests",
          "duration": 18.50440000000026,
          "failureMessages": [],
          "meta": {}
        },
        {
          "ancestorTitles": ["Card Component Accessibility", "Basic Card Accessibility"],
          "fullName": "Card Component Accessibility Basic Card Accessibility should have proper semantic structure",
          "status": "passed",
          "title": "should have proper semantic structure",
          "duration": 20.440300000000207,
          "failureMessages": [],
          "meta": {}
        },
        {
          "ancestorTitles": ["Card Component Accessibility", "Card with Different Content Types"],
          "fullName": "Card Component Accessibility Card with Different Content Types should be accessible with text content",
          "status": "passed",
          "title": "should be accessible with text content",
          "duration": 6.537899999999809,
          "failureMessages": [],
          "meta": {}
        },
        {
          "ancestorTitles": ["Card Component Accessibility", "Card with Different Content Types"],
          "fullName": "Card Component Accessibility Card with Different Content Types should be accessible with form content",
          "status": "passed",
          "title": "should be accessible with form content",
          "duration": 6.75839999999971,
          "failureMessages": [],
          "meta": {}
        },
        {
          "ancestorTitles": ["Card Component Accessibility", "Card with Different Content Types"],
          "fullName": "Card Component Accessibility Card with Different Content Types should be accessible with list content",
          "status": "passed",
          "title": "should be accessible with list content",
          "duration": 9.420599999999922,
          "failureMessages": [],
          "meta": {}
        },
        {
          "ancestorTitles": ["Card Component Accessibility", "Card with Different Content Types"],
          "fullName": "Card Component Accessibility Card with Different Content Types should be accessible with table content",
          "status": "passed",
          "title": "should be accessible with table content",
          "duration": 6.548400000000129,
          "failureMessages": [],
          "meta": {}
        },
        {
          "ancestorTitles": ["Card Component Accessibility", "Card with Footer"],
          "fullName": "Card Component Accessibility Card with Footer should be accessible with footer",
          "status": "passed",
          "title": "should be accessible with footer",
          "duration": 3.087600000000293,
          "failureMessages": [],
          "meta": {}
        },
        {
          "ancestorTitles": ["Card Component Accessibility", "Card with Footer"],
          "fullName": "Card Component Accessibility Card with Footer should have proper footer structure",
          "status": "passed",
          "title": "should have proper footer structure",
          "duration": 8.845499999999902,
          "failureMessages": [],
          "meta": {}
        },
        {
          "ancestorTitles": ["Card Component Accessibility", "Card with Images"],
          "fullName": "Card Component Accessibility Card with Images should be accessible with images",
          "status": "passed",
          "title": "should be accessible with images",
          "duration": 5.487700000000132,
          "failureMessages": [],
          "meta": {}
        },
        {
          "ancestorTitles": ["Card Component Accessibility", "Card with Images"],
          "fullName": "Card Component Accessibility Card with Images should have proper image alt text",
          "status": "passed",
          "title": "should have proper image alt text",
          "duration": 7.643799999999828,
          "failureMessages": [],
          "meta": {}
        },
        {
          "ancestorTitles": ["Card Component Accessibility", "Card with Links"],
          "fullName": "Card Component Accessibility Card with Links should be accessible with links",
          "status": "passed",
          "title": "should be accessible with links",
          "duration": 3.661200000000008,
          "failureMessages": [],
          "meta": {}
        },
        {
          "ancestorTitles": ["Card Component Accessibility", "Card with Links"],
          "fullName": "Card Component Accessibility Card with Links should have proper link text",
          "status": "passed",
          "title": "should have proper link text",
          "duration": 5.917100000000119,
          "failureMessages": [],
          "meta": {}
        },
        {
          "ancestorTitles": ["Card Component Accessibility", "Card with Interactive Elements"],
          "fullName": "Card Component Accessibility Card with Interactive Elements should be accessible with buttons",
          "status": "passed",
          "title": "should be accessible with buttons",
          "duration": 11.541400000000067,
          "failureMessages": [],
          "meta": {}
        },
        {
          "ancestorTitles": ["Card Component Accessibility", "Card with Interactive Elements"],
          "fullName": "Card Component Accessibility Card with Interactive Elements should be accessible with form inputs",
          "status": "passed",
          "title": "should be accessible with form inputs",
          "duration": 3.635099999999966,
          "failureMessages": [],
          "meta": {}
        },
        {
          "ancestorTitles": ["Card Component Accessibility", "Card with ARIA Attributes"],
          "fullName": "Card Component Accessibility Card with ARIA Attributes should be accessible with custom ARIA attributes",
          "status": "passed",
          "title": "should be accessible with custom ARIA attributes",
          "duration": 5.947799999999916,
          "failureMessages": [],
          "meta": {}
        },
        {
          "ancestorTitles": ["Card Component Accessibility", "Card with ARIA Attributes"],
          "fullName": "Card Component Accessibility Card with ARIA Attributes should have proper ARIA relationships",
          "status": "passed",
          "title": "should have proper ARIA relationships",
          "duration": 7.323899999999867,
          "failureMessages": [],
          "meta": {}
        },
        {
          "ancestorTitles": ["Card Component Accessibility", "Card with Custom Styling"],
          "fullName": "Card Component Accessibility Card with Custom Styling should be accessible with custom className",
          "status": "passed",
          "title": "should be accessible with custom className",
          "duration": 2.761500000000069,
          "failureMessages": [],
          "meta": {}
        },
        {
          "ancestorTitles": ["Card Component Accessibility", "Card with Custom Styling"],
          "fullName": "Card Component Accessibility Card with Custom Styling should be accessible with custom data attributes",
          "status": "passed",
          "title": "should be accessible with custom data attributes",
          "duration": 2.427799999999934,
          "failureMessages": [],
          "meta": {}
        },
        {
          "ancestorTitles": ["Card Component Accessibility", "Card in Different Contexts"],
          "fullName": "Card Component Accessibility Card in Different Contexts should be accessible in a list of cards",
          "status": "passed",
          "title": "should be accessible in a list of cards",
          "duration": 5.705900000000383,
          "failureMessages": [],
          "meta": {}
        },
        {
          "ancestorTitles": ["Card Component Accessibility", "Card in Different Contexts"],
          "fullName": "Card Component Accessibility Card in Different Contexts should be accessible in a grid layout",
          "status": "passed",
          "title": "should be accessible in a grid layout",
          "duration": 2.033599999999751,
          "failureMessages": [],
          "meta": {}
        },
        {
          "ancestorTitles": ["Card Component Accessibility", "Card with Complex Content"],
          "fullName": "Card Component Accessibility Card with Complex Content should be accessible with nested components",
          "status": "passed",
          "title": "should be accessible with nested components",
          "duration": 3.8007000000002336,
          "failureMessages": [],
          "meta": {}
        },
        {
          "ancestorTitles": ["Card Component Accessibility", "Card with Complex Content"],
          "fullName": "Card Component Accessibility Card with Complex Content should maintain proper heading hierarchy",
          "status": "passed",
          "title": "should maintain proper heading hierarchy",
          "duration": 10.060500000000047,
          "failureMessages": [],
          "meta": {}
        },
        {
          "ancestorTitles": ["Card Component Accessibility", "Card Focus Management"],
          "fullName": "Card Component Accessibility Card Focus Management should be focusable when interactive",
          "status": "passed",
          "title": "should be focusable when interactive",
          "duration": 8.159700000000157,
          "failureMessages": [],
          "meta": {}
        },
        {
          "ancestorTitles": ["Card Component Accessibility", "Card Focus Management"],
          "fullName": "Card Component Accessibility Card Focus Management should not be focusable by default",
          "status": "failed",
          "title": "should not be focusable by default",
          "duration": 10.479499999999916,
          "failureMessages": [
            "Found multiple elements with the role \"generic\"\n\nHere are the matching elements:\n\nElement not found\n\nElement not found\n\nElement not found\n\nElement not found\n\nElement not found\n\n(If this is intentional, then use the `*AllBy*` variant of the query (like `queryAllByText`, `getAllByText`, or `findAllByText`)).",
            "Found multiple elements with the role \"generic\"\n\nHere are the matching elements:\n\nElement not found\n\nElement not found\n\nElement not found\n\nElement not found\n\nElement not found\n\n(If this is intentional, then use the `*AllBy*` variant of the query (like `queryAllByText`, `getAllByText`, or `findAllByText`))."
          ],
          "meta": {}
        }
      ],
      "startTime": 1758809286686,
      "endTime": 1758809286903.4795,
      "status": "failed",
      "message": "",
      "name": "C:/Users/Usuario/ECONEURA-IA-1.worktrees/fix/ci-generate-score-fix/apps/web/src/components/ui/card.test.tsx"
    },
    {
      "assertionResults": [
        {
          "ancestorTitles": ["Form Component Accessibility", "Basic Form Accessibility"],
          "fullName": "Form Component Accessibility Basic Form Accessibility should have no accessibility violations",
          "status": "passed",
          "title": "should have no accessibility violations",
          "duration": 65.18380000000025,
          "failureMessages": [],
          "meta": {}
        },
        {
          "ancestorTitles": ["Form Component Accessibility", "Basic Form Accessibility"],
          "fullName": "Form Component Accessibility Basic Form Accessibility should pass all accessibility tests",
          "status": "passed",
          "title": "should pass all accessibility tests",
          "duration": 32.595400000000154,
          "failureMessages": [],
          "meta": {}
        },
        {
          "ancestorTitles": ["Form Component Accessibility", "Basic Form Accessibility"],
          "fullName": "Form Component Accessibility Basic Form Accessibility should have proper form structure",
          "status": "passed",
          "title": "should have proper form structure",
          "duration": 20.786200000000008,
          "failureMessages": [],
          "meta": {}
        },
        {
          "ancestorTitles": ["Form Component Accessibility", "Form Input Types"],
          "fullName": "Form Component Accessibility Form Input Types should be accessible with text input",
          "status": "passed",
          "title": "should be accessible with text input",
          "duration": 8.514900000000125,
          "failureMessages": [],
          "meta": {}
        },
        {
          "ancestorTitles": ["Form Component Accessibility", "Form Input Types"],
          "fullName": "Form Component Accessibility Form Input Types should be accessible with email input",
          "status": "passed",
          "title": "should be accessible with email input",
          "duration": 5.122599999999693,
          "failureMessages": [],
          "meta": {}
        },
        {
          "ancestorTitles": ["Form Component Accessibility", "Form Input Types"],
          "fullName": "Form Component Accessibility Form Input Types should be accessible with password input",
          "status": "passed",
          "title": "should be accessible with password input",
          "duration": 7.067099999999755,
          "failureMessages": [],
          "meta": {}
        },
        {
          "ancestorTitles": ["Form Component Accessibility", "Form Input Types"],
          "fullName": "Form Component Accessibility Form Input Types should be accessible with number input",
          "status": "passed",
          "title": "should be accessible with number input",
          "duration": 3.6370999999999185,
          "failureMessages": [],
          "meta": {}
        },
        {
          "ancestorTitles": ["Form Component Accessibility", "Form Input Types"],
          "fullName": "Form Component Accessibility Form Input Types should be accessible with tel input",
          "status": "passed",
          "title": "should be accessible with tel input",
          "duration": 4.24330000000009,
          "failureMessages": [],
          "meta": {}
        },
        {
          "ancestorTitles": ["Form Component Accessibility", "Form Input Types"],
          "fullName": "Form Component Accessibility Form Input Types should be accessible with url input",
          "status": "passed",
          "title": "should be accessible with url input",
          "duration": 2.4365999999999985,
          "failureMessages": [],
          "meta": {}
        },
        {
          "ancestorTitles": ["Form Component Accessibility", "Form Input Types"],
          "fullName": "Form Component Accessibility Form Input Types should be accessible with date input",
          "status": "passed",
          "title": "should be accessible with date input",
          "duration": 6.330300000000079,
          "failureMessages": [],
          "meta": {}
        },
        {
          "ancestorTitles": ["Form Component Accessibility", "Form with Select Elements"],
          "fullName": "Form Component Accessibility Form with Select Elements should be accessible with select dropdown",
          "status": "passed",
          "title": "should be accessible with select dropdown",
          "duration": 6.388800000000174,
          "failureMessages": [],
          "meta": {}
        },
        {
          "ancestorTitles": ["Form Component Accessibility", "Form with Select Elements"],
          "fullName": "Form Component Accessibility Form with Select Elements should have proper select structure",
          "status": "passed",
          "title": "should have proper select structure",
          "duration": 2.6854999999995925,
          "failureMessages": [],
          "meta": {}
        },
        {
          "ancestorTitles": ["Form Component Accessibility", "Form with Textarea"],
          "fullName": "Form Component Accessibility Form with Textarea should be accessible with textarea",
          "status": "passed",
          "title": "should be accessible with textarea",
          "duration": 2.7739000000001397,
          "failureMessages": [],
          "meta": {}
        },
        {
          "ancestorTitles": ["Form Component Accessibility", "Form with Textarea"],
          "fullName": "Form Component Accessibility Form with Textarea should have proper textarea structure",
          "status": "passed",
          "title": "should have proper textarea structure",
          "duration": 8.154899999999998,
          "failureMessages": [],
          "meta": {}
        },
        {
          "ancestorTitles": ["Form Component Accessibility", "Form with Checkboxes"],
          "fullName": "Form Component Accessibility Form with Checkboxes should be accessible with checkboxes",
          "status": "passed",
          "title": "should be accessible with checkboxes",
          "duration": 4.187800000000152,
          "failureMessages": [],
          "meta": {}
        },
        {
          "ancestorTitles": ["Form Component Accessibility", "Form with Checkboxes"],
          "fullName": "Form Component Accessibility Form with Checkboxes should have proper checkbox structure",
          "status": "passed",
          "title": "should have proper checkbox structure",
          "duration": 3.5706999999997606,
          "failureMessages": [],
          "meta": {}
        },
        {
          "ancestorTitles": ["Form Component Accessibility", "Form with Radio Buttons"],
          "fullName": "Form Component Accessibility Form with Radio Buttons should be accessible with radio buttons",
          "status": "passed",
          "title": "should be accessible with radio buttons",
          "duration": 7.2543000000000575,
          "failureMessages": [],
          "meta": {}
        },
        {
          "ancestorTitles": ["Form Component Accessibility", "Form with Radio Buttons"],
          "fullName": "Form Component Accessibility Form with Radio Buttons should have proper radio button structure",
          "status": "passed",
          "title": "should have proper radio button structure",
          "duration": 4.247299999999996,
          "failureMessages": [],
          "meta": {}
        },
        {
          "ancestorTitles": ["Form Component Accessibility", "Form Validation"],
          "fullName": "Form Component Accessibility Form Validation should be accessible with required fields",
          "status": "passed",
          "title": "should be accessible with required fields",
          "duration": 2.6089999999999236,
          "failureMessages": [],
          "meta": {}
        },
        {
          "ancestorTitles": ["Form Component Accessibility", "Form Validation"],
          "fullName": "Form Component Accessibility Form Validation should have proper required field indicators",
          "status": "passed",
          "title": "should have proper required field indicators",
          "duration": 2.463600000000042,
          "failureMessages": [],
          "meta": {}
        },
        {
          "ancestorTitles": ["Form Component Accessibility", "Form Validation"],
          "fullName": "Form Component Accessibility Form Validation should be accessible with field validation messages",
          "status": "passed",
          "title": "should be accessible with field validation messages",
          "duration": 7.3445999999999,
          "failureMessages": [],
          "meta": {}
        },
        {
          "ancestorTitles": ["Form Component Accessibility", "Form Validation"],
          "fullName": "Form Component Accessibility Form Validation should have proper error message associations",
          "status": "passed",
          "title": "should have proper error message associations",
          "duration": 2.453099999999722,
          "failureMessages": [],
          "meta": {}
        },
        {
          "ancestorTitles": ["Form Component Accessibility", "Form with Help Text"],
          "fullName": "Form Component Accessibility Form with Help Text should be accessible with help text",
          "status": "passed",
          "title": "should be accessible with help text",
          "duration": 1.943000000000211,
          "failureMessages": [],
          "meta": {}
        },
        {
          "ancestorTitles": ["Form Component Accessibility", "Form with Help Text"],
          "fullName": "Form Component Accessibility Form with Help Text should have proper help text associations",
          "status": "passed",
          "title": "should have proper help text associations",
          "duration": 4.063799999999901,
          "failureMessages": [],
          "meta": {}
        },
        {
          "ancestorTitles": ["Form Component Accessibility", "Form Submission"],
          "fullName": "Form Component Accessibility Form Submission should be accessible with submit button",
          "status": "passed",
          "title": "should be accessible with submit button",
          "duration": 5.2512000000001535,
          "failureMessages": [],
          "meta": {}
        },
        {
          "ancestorTitles": ["Form Component Accessibility", "Form Submission"],
          "fullName": "Form Component Accessibility Form Submission should handle form submission accessibly",
          "status": "passed",
          "title": "should handle form submission accessibly",
          "duration": 6.438000000000102,
          "failureMessages": [],
          "meta": {}
        },
        {
          "ancestorTitles": ["Form Component Accessibility", "Form with Complex Layout"],
          "fullName": "Form Component Accessibility Form with Complex Layout should be accessible with multiple sections",
          "status": "passed",
          "title": "should be accessible with multiple sections",
          "duration": 4.048199999999724,
          "failureMessages": [],
          "meta": {}
        },
        {
          "ancestorTitles": ["Form Component Accessibility", "Form with Complex Layout"],
          "fullName": "Form Component Accessibility Form with Complex Layout should have proper fieldset structure",
          "status": "passed",
          "title": "should have proper fieldset structure",
          "duration": 7.241399999999885,
          "failureMessages": [],
          "meta": {}
        },
        {
          "ancestorTitles": ["Form Component Accessibility", "Form Focus Management"],
          "fullName": "Form Component Accessibility Form Focus Management should handle tab order correctly",
          "status": "passed",
          "title": "should handle tab order correctly",
          "duration": 4.312600000000202,
          "failureMessages": [],
          "meta": {}
        }
      ],
      "startTime": 1758809281008,
      "endTime": 1758809281252.3125,
      "status": "passed",
      "message": "",
      "name": "C:/Users/Usuario/ECONEURA-IA-1.worktrees/fix/ci-generate-score-fix/apps/web/src/components/ui/form.test.tsx"
    },
    {
      "assertionResults": [
        {
          "ancestorTitles": ["Table Component Accessibility", "Basic Table Accessibility"],
          "fullName": "Table Component Accessibility Basic Table Accessibility should have no accessibility violations",
          "status": "passed",
          "title": "should have no accessibility violations",
          "duration": 36.22330000000011,
          "failureMessages": [],
          "meta": {}
        },
        {
          "ancestorTitles": ["Table Component Accessibility", "Basic Table Accessibility"],
          "fullName": "Table Component Accessibility Basic Table Accessibility should pass all accessibility tests",
          "status": "passed",
          "title": "should pass all accessibility tests",
          "duration": 19.570600000000013,
          "failureMessages": [],
          "meta": {}
        },
        {
          "ancestorTitles": ["Table Component Accessibility", "Basic Table Accessibility"],
          "fullName": "Table Component Accessibility Basic Table Accessibility should have proper table structure",
          "status": "passed",
          "title": "should have proper table structure",
          "duration": 32.36380000000008,
          "failureMessages": [],
          "meta": {}
        },
        {
          "ancestorTitles": ["Table Component Accessibility", "Basic Table Accessibility"],
          "fullName": "Table Component Accessibility Basic Table Accessibility should have proper table caption",
          "status": "passed",
          "title": "should have proper table caption",
          "duration": 17.25949999999966,
          "failureMessages": [],
          "meta": {}
        },
        {
          "ancestorTitles": ["Table Component Accessibility", "Table Headers"],
          "fullName": "Table Component Accessibility Table Headers should have proper column headers",
          "status": "passed",
          "title": "should have proper column headers",
          "duration": 18.034599999999955,
          "failureMessages": [],
          "meta": {}
        },
        {
          "ancestorTitles": ["Table Component Accessibility", "Table Headers"],
          "fullName": "Table Component Accessibility Table Headers should have proper scope attributes",
          "status": "passed",
          "title": "should have proper scope attributes",
          "duration": 9.864199999999983,
          "failureMessages": [],
          "meta": {}
        },
        {
          "ancestorTitles": ["Table Component Accessibility", "Table Data"],
          "fullName": "Table Component Accessibility Table Data should have proper data cells",
          "status": "passed",
          "title": "should have proper data cells",
          "duration": 10.112099999999828,
          "failureMessages": [],
          "meta": {}
        },
        {
          "ancestorTitles": ["Table Component Accessibility", "Table Data"],
          "fullName": "Table Component Accessibility Table Data should have proper row structure",
          "status": "passed",
          "title": "should have proper row structure",
          "duration": 9.216600000000199,
          "failureMessages": [],
          "meta": {}
        },
        {
          "ancestorTitles": ["Table Component Accessibility", "Sortable Table"],
          "fullName": "Table Component Accessibility Sortable Table should have no accessibility violations",
          "status": "passed",
          "title": "should have no accessibility violations",
          "duration": 8.389200000000073,
          "failureMessages": [],
          "meta": {}
        },
        {
          "ancestorTitles": ["Table Component Accessibility", "Sortable Table"],
          "fullName": "Table Component Accessibility Sortable Table should have proper sortable headers",
          "status": "passed",
          "title": "should have proper sortable headers",
          "duration": 7.910899999999856,
          "failureMessages": [],
          "meta": {}
        },
        {
          "ancestorTitles": ["Table Component Accessibility", "Sortable Table"],
          "fullName": "Table Component Accessibility Sortable Table should handle sorting interactions",
          "status": "passed",
          "title": "should handle sorting interactions",
          "duration": 21.7828999999997,
          "failureMessages": [],
          "meta": {}
        },
        {
          "ancestorTitles": ["Table Component Accessibility", "Sortable Table"],
          "fullName": "Table Component Accessibility Sortable Table should have proper sort indicators",
          "status": "passed",
          "title": "should have proper sort indicators",
          "duration": 11.132499999999709,
          "failureMessages": [],
          "meta": {}
        },
        {
          "ancestorTitles": ["Table Component Accessibility", "Selectable Table"],
          "fullName": "Table Component Accessibility Selectable Table should have no accessibility violations",
          "status": "passed",
          "title": "should have no accessibility violations",
          "duration": 12.7507999999998,
          "failureMessages": [],
          "meta": {}
        },
        {
          "ancestorTitles": ["Table Component Accessibility", "Selectable Table"],
          "fullName": "Table Component Accessibility Selectable Table should have proper select all functionality",
          "status": "passed",
          "title": "should have proper select all functionality",
          "duration": 13.447900000000118,
          "failureMessages": [],
          "meta": {}
        },
        {
          "ancestorTitles": ["Table Component Accessibility", "Selectable Table"],
          "fullName": "Table Component Accessibility Selectable Table should handle select all interactions",
          "status": "passed",
          "title": "should handle select all interactions",
          "duration": 23.809499999999844,
          "failureMessages": [],
          "meta": {}
        },
        {
          "ancestorTitles": ["Table Component Accessibility", "Selectable Table"],
          "fullName": "Table Component Accessibility Selectable Table should handle individual row selection",
          "status": "passed",
          "title": "should handle individual row selection",
          "duration": 27.900300000000243,
          "failureMessages": [],
          "meta": {}
        },
        {
          "ancestorTitles": ["Table Component Accessibility", "Table with Custom Data"],
          "fullName": "Table Component Accessibility Table with Custom Data should be accessible with custom headers and data",
          "status": "passed",
          "title": "should be accessible with custom headers and data",
          "duration": 7.301199999999881,
          "failureMessages": [],
          "meta": {}
        },
        {
          "ancestorTitles": ["Table Component Accessibility", "Table with Custom Data"],
          "fullName": "Table Component Accessibility Table with Custom Data should handle empty table gracefully",
          "status": "passed",
          "title": "should handle empty table gracefully",
          "duration": 3.0448999999998705,
          "failureMessages": [],
          "meta": {}
        },
        {
          "ancestorTitles": ["Table Component Accessibility", "Table Focus Management"],
          "fullName": "Table Component Accessibility Table Focus Management should handle keyboard navigation",
          "status": "passed",
          "title": "should handle keyboard navigation",
          "duration": 14.495800000000145,
          "failureMessages": [],
          "meta": {}
        },
        {
          "ancestorTitles": ["Table Component Accessibility", "Table Focus Management"],
          "fullName": "Table Component Accessibility Table Focus Management should handle sortable button focus",
          "status": "passed",
          "title": "should handle sortable button focus",
          "duration": 24.07380000000012,
          "failureMessages": [],
          "meta": {}
        },
        {
          "ancestorTitles": ["Table Component Accessibility", "Table Focus Management"],
          "fullName": "Table Component Accessibility Table Focus Management should handle checkbox focus",
          "status": "passed",
          "title": "should handle checkbox focus",
          "duration": 10.113900000000285,
          "failureMessages": [],
          "meta": {}
        },
        {
          "ancestorTitles": ["Table Component Accessibility", "Table with ARIA Attributes"],
          "fullName": "Table Component Accessibility Table with ARIA Attributes should be accessible with custom ARIA attributes",
          "status": "passed",
          "title": "should be accessible with custom ARIA attributes",
          "duration": 4.652300000000196,
          "failureMessages": [],
          "meta": {}
        },
        {
          "ancestorTitles": ["Table Component Accessibility", "Table with ARIA Attributes"],
          "fullName": "Table Component Accessibility Table with ARIA Attributes should have proper ARIA sort attributes",
          "status": "passed",
          "title": "should have proper ARIA sort attributes",
          "duration": 4.720499999999902,
          "failureMessages": [],
          "meta": {}
        },
        {
          "ancestorTitles": ["Table Component Accessibility", "Table with Complex Content"],
          "fullName": "Table Component Accessibility Table with Complex Content should be accessible with links in cells",
          "status": "passed",
          "title": "should be accessible with links in cells",
          "duration": 3.570600000000013,
          "failureMessages": [],
          "meta": {}
        },
        {
          "ancestorTitles": ["Table Component Accessibility", "Table with Complex Content"],
          "fullName": "Table Component Accessibility Table with Complex Content should be accessible with buttons in cells",
          "status": "passed",
          "title": "should be accessible with buttons in cells",
          "duration": 2.356999999999971,
          "failureMessages": [],
          "meta": {}
        }
      ],
      "startTime": 1758809277345,
      "endTime": 1758809277702.357,
      "status": "passed",
      "message": "",
      "name": "C:/Users/Usuario/ECONEURA-IA-1.worktrees/fix/ci-generate-score-fix/apps/web/src/components/ui/table.test.tsx"
    },
    {
      "assertionResults": [{ "ancestorTitles": ["smoke"], "fullName": "smoke 2+2=4", "status": "passed", "title": "2+2=4", "duration": 3.1990999999998166, "failureMessages": [], "meta": {} }],
      "startTime": 1758809291867,
      "endTime": 1758809291870.1992,
      "status": "passed",
      "message": "",
      "name": "C:/Users/Usuario/ECONEURA-IA-1.worktrees/fix/ci-generate-score-fix/apps/web/src/controllers/__tests__/contract.test.ts"
    },
    {
      "assertionResults": [{ "ancestorTitles": ["smoke"], "fullName": "smoke 2+2=4", "status": "passed", "title": "2+2=4", "duration": 3.4220000000000255, "failureMessages": [], "meta": {} }],
      "startTime": 1758809291801,
      "endTime": 1758809291804.422,
      "status": "passed",
      "message": "",
      "name": "C:/Users/Usuario/ECONEURA-IA-1.worktrees/fix/ci-generate-score-fix/apps/web/src/services/__tests__/contract.test.ts"
    },
    {
[...]
          "title": "should be accessible with date input",
          "duration": 3.3414999999999964,
          "failureMessages": [],
          "meta": {}
        },
        {
          "ancestorTitles": ["Form Component Accessibility", "Form with Select Elements"],
          "fullName": "Form Component Accessibility Form with Select Elements should be accessible with select dropdown",
          "status": "passed",
          "title": "should be accessible with select dropdown",
          "duration": 10.018399999999929,
          "failureMessages": [],
          "meta": {}
        },
        {
          "ancestorTitles": ["Form Component Accessibility", "Form with Select Elements"],
          "fullName": "Form Component Accessibility Form with Select Elements should have proper select structure",
          "status": "passed",
          "title": "should have proper select structure",
          "duration": 2.716699999999946,
          "failureMessages": [],
          "meta": {}
        },
        {
          "ancestorTitles": ["Form Component Accessibility", "Form with Textarea"],
          "fullName": "Form Component Accessibility Form with Textarea should be accessible with textarea",
          "status": "passed",
          "title": "should be accessible with textarea",
          "duration": 2.697099999999864,
          "failureMessages": [],
          "meta": {}
        },
        {
          "ancestorTitles": ["Form Component Accessibility", "Form with Textarea"],
          "fullName": "Form Component Accessibility Form with Textarea should have proper textarea structure",
          "status": "passed",
          "title": "should have proper textarea structure",
          "duration": 7.756200000000263,
          "failureMessages": [],
          "meta": {}
        },
        {
          "ancestorTitles": ["Form Component Accessibility", "Form with Checkboxes"],
          "fullName": "Form Component Accessibility Form with Checkboxes should be accessible with checkboxes",
          "status": "passed",
          "title": "should be accessible with checkboxes",
          "duration": 4.771199999999681,
          "failureMessages": [],
          "meta": {}
        },
        {
          "ancestorTitles": ["Form Component Accessibility", "Form with Checkboxes"],
          "fullName": "Form Component Accessibility Form with Checkboxes should have proper checkbox structure",
          "status": "passed",
          "title": "should have proper checkbox structure",
          "duration": 3.53879999999981,
          "failureMessages": [],
          "meta": {}
        },
        {
          "ancestorTitles": ["Form Component Accessibility", "Form with Radio Buttons"],
          "fullName": "Form Component Accessibility Form with Radio Buttons should be accessible with radio buttons",
          "status": "passed",
          "title": "should be accessible with radio buttons",
          "duration": 9.427599999999984,
          "failureMessages": [],
          "meta": {}
        },
        {
          "ancestorTitles": ["Form Component Accessibility", "Form with Radio Buttons"],
          "fullName": "Form Component Accessibility Form with Radio Buttons should have proper radio button structure",
          "status": "passed",
          "title": "should have proper radio button structure",
          "duration": 3.921899999999823,
          "failureMessages": [],
          "meta": {}
        },
        {
          "ancestorTitles": ["Form Component Accessibility", "Form Validation"],
          "fullName": "Form Component Accessibility Form Validation should be accessible with required fields",
          "status": "passed",
          "title": "should be accessible with required fields",
          "duration": 2.1352999999999156,
          "failureMessages": [],
          "meta": {}
        },
        {
          "ancestorTitles": ["Form Component Accessibility", "Form Validation"],
          "fullName": "Form Component Accessibility Form Validation should have proper required field indicators",
          "status": "passed",
          "title": "should have proper required field indicators",
          "duration": 2.2022000000001754,
          "failureMessages": [],
          "meta": {}
        },
        {
          "ancestorTitles": ["Form Component Accessibility", "Form Validation"],
          "fullName": "Form Component Accessibility Form Validation should be accessible with field validation messages",
          "status": "passed",
          "title": "should be accessible with field validation messages",
          "duration": 6.795399999999972,
          "failureMessages": [],
          "meta": {}
        },
        {
          "ancestorTitles": ["Form Component Accessibility", "Form Validation"],
          "fullName": "Form Component Accessibility Form Validation should have proper error message associations",
          "status": "passed",
          "title": "should have proper error message associations",
          "duration": 2.4356000000002496,
          "failureMessages": [],
          "meta": {}
        },
        {
          "ancestorTitles": ["Form Component Accessibility", "Form with Help Text"],
          "fullName": "Form Component Accessibility Form with Help Text should be accessible with help text",
          "status": "passed",
          "title": "should be accessible with help text",
          "duration": 2.1081999999996697,
          "failureMessages": [],
          "meta": {}
        },
        {
          "ancestorTitles": ["Form Component Accessibility", "Form with Help Text"],
          "fullName": "Form Component Accessibility Form with Help Text should have proper help text associations",
          "status": "passed",
          "title": "should have proper help text associations",
          "duration": 3.850500000000011,
          "failureMessages": [],
          "meta": {}
        },
        {
          "ancestorTitles": ["Form Component Accessibility", "Form Submission"],
          "fullName": "Form Component Accessibility Form Submission should be accessible with submit button",
          "status": "passed",
          "title": "should be accessible with submit button",
          "duration": 4.2871000000000095,
          "failureMessages": [],
          "meta": {}
        },
        {
          "ancestorTitles": ["Form Component Accessibility", "Form Submission"],
          "fullName": "Form Component Accessibility Form Submission should handle form submission accessibly",
          "status": "passed",
          "title": "should handle form submission accessibly",
          "duration": 7.160599999999704,
          "failureMessages": [],
          "meta": {}
        },
        {
          "ancestorTitles": ["Form Component Accessibility", "Form with Complex Layout"],
          "fullName": "Form Component Accessibility Form with Complex Layout should be accessible with multiple sections",
          "status": "passed",
          "title": "should be accessible with multiple sections",
          "duration": 4.449799999999868,
          "failureMessages": [],
          "meta": {}
        },
        {
          "ancestorTitles": ["Form Component Accessibility", "Form with Complex Layout"],
          "fullName": "Form Component Accessibility Form with Complex Layout should have proper fieldset structure",
          "status": "passed",
          "title": "should have proper fieldset structure",
          "duration": 8.273099999999886,
          "failureMessages": [],
          "meta": {}
        },
        {
          "ancestorTitles": ["Form Component Accessibility", "Form Focus Management"],
          "fullName": "Form Component Accessibility Form Focus Management should handle tab order correctly",
          "status": "passed",
          "title": "should handle tab order correctly",
          "duration": 6.771299999999883,
          "failureMessages": [],
          "meta": {}
        }
      ],
      "startTime": 1758809281026,
      "endTime": 1758809281254.7712,
      "status": "passed",
      "message": "",
      "name": "C:/Users/Usuario/ECONEURA-IA-1.worktrees/fix/ci-generate-score-fix/apps/web/src/components/ui/form.test.tsx"
    },
    {
      "assertionResults": [
        {
          "ancestorTitles": ["Table Component Accessibility", "Basic Table Accessibility"],
          "fullName": "Table Component Accessibility Basic Table Accessibility should have no accessibility violations",
          "status": "passed",
          "title": "should have no accessibility violations",
          "duration": 33.541699999999764,
          "failureMessages": [],
          "meta": {}
        },
        {
          "ancestorTitles": ["Table Component Accessibility", "Basic Table Accessibility"],
          "fullName": "Table Component Accessibility Basic Table Accessibility should pass all accessibility tests",
          "status": "passed",
          "title": "should pass all accessibility tests",
          "duration": 19.90189999999984,
          "failureMessages": [],
          "meta": {}
        },
        {
          "ancestorTitles": ["Table Component Accessibility", "Basic Table Accessibility"],
          "fullName": "Table Component Accessibility Basic Table Accessibility should have proper table structure",
          "status": "passed",
          "title": "should have proper table structure",
          "duration": 23.0012999999999,
          "failureMessages": [],
          "meta": {}
        },
        {
          "ancestorTitles": ["Table Component Accessibility", "Basic Table Accessibility"],
          "fullName": "Table Component Accessibility Basic Table Accessibility should have proper table caption",
          "status": "passed",
          "title": "should have proper table caption",
          "duration": 13.788900000000012,
          "failureMessages": [],
          "meta": {}
        },
        {
          "ancestorTitles": ["Table Component Accessibility", "Table Headers"],
          "fullName": "Table Component Accessibility Table Headers should have proper column headers",
          "status": "passed",
          "title": "should have proper column headers",
          "duration": 13.356000000000222,
          "failureMessages": [],
          "meta": {}
        },
        {
          "ancestorTitles": ["Table Component Accessibility", "Table Headers"],
          "fullName": "Table Component Accessibility Table Headers should have proper scope attributes",
          "status": "passed",
          "title": "should have proper scope attributes",
          "duration": 10.703100000000177,
          "failureMessages": [],
          "meta": {}
        },
        {
          "ancestorTitles": ["Table Component Accessibility", "Table Data"],
          "fullName": "Table Component Accessibility Table Data should have proper data cells",
          "status": "passed",
          "title": "should have proper data cells",
          "duration": 9.778600000000097,
          "failureMessages": [],
          "meta": {}
        },
        {
          "ancestorTitles": ["Table Component Accessibility", "Table Data"],
          "fullName": "Table Component Accessibility Table Data should have proper row structure",
          "status": "passed",
          "title": "should have proper row structure",
          "duration": 10.989900000000034,
          "failureMessages": [],
          "meta": {}
        },
        {
          "ancestorTitles": ["Table Component Accessibility", "Sortable Table"],
          "fullName": "Table Component Accessibility Sortable Table should have no accessibility violations",
          "status": "passed",
          "title": "should have no accessibility violations",
          "duration": 7.184500000000298,
          "failureMessages": [],
          "meta": {}
        },
        {
          "ancestorTitles": ["Table Component Accessibility", "Sortable Table"],
          "fullName": "Table Component Accessibility Sortable Table should have proper sortable headers",
          "status": "passed",
          "title": "should have proper sortable headers",
          "duration": 10.289400000000114,
          "failureMessages": [],
          "meta": {}
        },
        {
          "ancestorTitles": ["Table Component Accessibility", "Sortable Table"],
          "fullName": "Table Component Accessibility Sortable Table should handle sorting interactions",
          "status": "passed",
          "title": "should handle sorting interactions",
          "duration": 20.29639999999972,
          "failureMessages": [],
          "meta": {}
        },
        {
          "ancestorTitles": ["Table Component Accessibility", "Sortable Table"],
          "fullName": "Table Component Accessibility Sortable Table should have proper sort indicators",
          "status": "passed",
          "title": "should have proper sort indicators",
          "duration": 9.111500000000433,
          "failureMessages": [],
          "meta": {}
        },
        {
          "ancestorTitles": ["Table Component Accessibility", "Selectable Table"],
          "fullName": "Table Component Accessibility Selectable Table should have no accessibility violations",
          "status": "passed",
          "title": "should have no accessibility violations",
          "duration": 9.08809999999994,
          "failureMessages": [],
          "meta": {}
        },
        {
          "ancestorTitles": ["Table Component Accessibility", "Selectable Table"],
          "fullName": "Table Component Accessibility Selectable Table should have proper select all functionality",
          "status": "passed",
          "title": "should have proper select all functionality",
          "duration": 15.005099999999857,
          "failureMessages": [],
          "meta": {}
        },
        {
          "ancestorTitles": ["Table Component Accessibility", "Selectable Table"],
          "fullName": "Table Component Accessibility Selectable Table should handle select all interactions",
          "status": "passed",
          "title": "should handle select all interactions",
          "duration": 28.967800000000352,
          "failureMessages": [],
          "meta": {}
        },
        {
          "ancestorTitles": ["Table Component Accessibility", "Selectable Table"],
          "fullName": "Table Component Accessibility Selectable Table should handle individual row selection",
          "status": "passed",
          "title": "should handle individual row selection",
          "duration": 31.346800000000258,
          "failureMessages": [],
          "meta": {}
        },
        {
          "ancestorTitles": ["Table Component Accessibility", "Table with Custom Data"],
          "fullName": "Table Component Accessibility Table with Custom Data should be accessible with custom headers and data",
          "status": "passed",
          "title": "should be accessible with custom headers and data",
          "duration": 7.738299999999981,
          "failureMessages": [],
          "meta": {}
        },
        {
          "ancestorTitles": ["Table Component Accessibility", "Table with Custom Data"],
          "fullName": "Table Component Accessibility Table with Custom Data should handle empty table gracefully",
          "status": "passed",
          "title": "should handle empty table gracefully",
          "duration": 6.219900000000052,
          "failureMessages": [],
          "meta": {}
        },
        {
          "ancestorTitles": ["Table Component Accessibility", "Table Focus Management"],
          "fullName": "Table Component Accessibility Table Focus Management should handle keyboard navigation",
          "status": "passed",
          "title": "should handle keyboard navigation",
          "duration": 7.790399999999863,
          "failureMessages": [],
          "meta": {}
        },
        {
          "ancestorTitles": ["Table Component Accessibility", "Table Focus Management"],
          "fullName": "Table Component Accessibility Table Focus Management should handle sortable button focus",
          "status": "passed",
          "title": "should handle sortable button focus",
          "duration": 14.930299999999988,
          "failureMessages": [],
          "meta": {}
        },
        {
          "ancestorTitles": ["Table Component Accessibility", "Table Focus Management"],
          "fullName": "Table Component Accessibility Table Focus Management should handle checkbox focus",
          "status": "passed",
          "title": "should handle checkbox focus",
          "duration": 13.552799999999934,
          "failureMessages": [],
          "meta": {}
        },
        {
          "ancestorTitles": ["Table Component Accessibility", "Table with ARIA Attributes"],
          "fullName": "Table Component Accessibility Table with ARIA Attributes should be accessible with custom ARIA attributes",
          "status": "passed",
          "title": "should be accessible with custom ARIA attributes",
          "duration": 2.5403000000001157,
          "failureMessages": [],
          "meta": {}
        },
        {
          "ancestorTitles": ["Table Component Accessibility", "Table with ARIA Attributes"],
          "fullName": "Table Component Accessibility Table with ARIA Attributes should have proper ARIA sort attributes",
          "status": "passed",
          "title": "should have proper ARIA sort attributes",
          "duration": 4.3421000000003005,
          "failureMessages": [],
          "meta": {}
        },
        {
          "ancestorTitles": ["Table Component Accessibility", "Table with Complex Content"],
          "fullName": "Table Component Accessibility Table with Complex Content should be accessible with links in cells",
          "status": "passed",
          "title": "should be accessible with links in cells",
          "duration": 7.3814000000002125,
          "failureMessages": [],
          "meta": {}
        },
        {
          "ancestorTitles": ["Table Component Accessibility", "Table with Complex Content"],
          "fullName": "Table Component Accessibility Table with Complex Content should be accessible with buttons in cells",
          "status": "passed",
          "title": "should be accessible with buttons in cells",
          "duration": 3.0118999999999687,
          "failureMessages": [],
          "meta": {}
        }
      ],
      "startTime": 1758809277342,
      "endTime": 1758809277677.012,
      "status": "passed",
      "message": "",
      "name": "C:/Users/Usuario/ECONEURA-IA-1.worktrees/fix/ci-generate-score-fix/apps/web/src/components/ui/table.test.tsx"
    },
    {
      "assertionResults": [{ "ancestorTitles": ["smoke"], "fullName": "smoke 2+2=4", "status": "passed", "title": "2+2=4", "duration": 3.133100000000013, "failureMessages": [], "meta": {} }],
      "startTime": 1758809296805,
      "endTime": 1758809296808.133,
      "status": "passed",
      "message": "",
      "name": "C:/Users/Usuario/ECONEURA-IA-1.worktrees/fix/ci-generate-score-fix/apps/web/src/controllers/__tests__/contract.test.ts"
    },
    {
      "assertionResults": [{ "ancestorTitles": ["smoke"], "fullName": "smoke 2+2=4", "status": "passed", "title": "2+2=4", "duration": 1.5533000000000357, "failureMessages": [], "meta": {} }],
      "startTime": 1758809296921,
      "endTime": 1758809296922.5532,
      "status": "passed",
      "message": "",
      "name": "C:/Users/Usuario/ECONEURA-IA-1.worktrees/fix/ci-generate-score-fix/apps/web/src/utils/__tests__/smoke.test.ts"
    },
    {
      "assertionResults": [{ "ancestorTitles": ["smoke"], "fullName": "smoke 2+2=4", "status": "passed", "title": "2+2=4", "duration": 2.1756000000000313, "failureMessages": [], "meta": {} }],
      "startTime": 1758809296975,
      "endTime": 1758809296977.1755,
      "status": "passed",
      "message": "",
      "name": "C:/Users/Usuario/ECONEURA-IA-1.worktrees/fix/ci-generate-score-fix/apps/web/src/services/__tests__/contract.test.ts"
    }
  ]
}
