{"numTotalTestSuites":102,"numPassedTestSuites":102,"numFailedTestSuites":0,"numPendingTestSuites":0,"numTotalTests":174,"numPassedTests":174,"numFailedTests":0,"numPendingTests":0,"numTodoTests":0,"snapshot":{"added":0,"failure":false,"filesAdded":0,"filesRemoved":0,"filesRemovedList":[],"filesUnmatched":0,"filesUpdated":0,"matched":0,"total":0,"unchecked":0,"uncheckedKeysByFile":[],"unmatched":0,"updated":0,"didUpdate":false},"startTime":1758984495549,"success":true,"testResults":[{"assertionResults":[{"ancestorTitles":["Navigation Component Accessibility","Basic Navigation Accessibility"],"fullName":"Navigation Component Accessibility Basic Navigation Accessibility should have no accessibility violations","status":"passed","title":"should have no accessibility violations","duration":212.01170000000002,"failureMessages":[],"meta":{}},{"ancestorTitles":["Navigation Component Accessibility","Basic Navigation Accessibility"],"fullName":"Navigation Component Accessibility Basic Navigation Accessibility should pass all accessibility tests","status":"passed","title":"should pass all accessibility tests","duration":62.304299999999785,"failureMessages":[],"meta":{}},{"ancestorTitles":["Navigation Component Accessibility","Basic Navigation Accessibility"],"fullName":"Navigation Component Accessibility Basic Navigation Accessibility should have proper navigation structure","status":"passed","title":"should have proper navigation structure","duration":40.97779999999966,"failureMessages":[],"meta":{}},{"ancestorTitles":["Navigation Component Accessibility","Basic Navigation Accessibility"],"fullName":"Navigation Component Accessibility Basic Navigation Accessibility should have proper link labels","status":"passed","title":"should have proper link labels","duration":65.86509999999998,"failureMessages":[],"meta":{}},{"ancestorTitles":["Navigation Component Accessibility","Current Page Indication"],"fullName":"Navigation Component Accessibility Current Page Indication should indicate current page properly","status":"passed","title":"should indicate current page properly","duration":13.52749999999969,"failureMessages":[],"meta":{}},{"ancestorTitles":["Navigation Component Accessibility","Current Page Indication"],"fullName":"Navigation Component Accessibility Current Page Indication should not indicate non-current pages","status":"passed","title":"should not indicate non-current pages","duration":24.248599999999897,"failureMessages":[],"meta":{}},{"ancestorTitles":["Navigation Component Accessibility","Navigation with Custom Items"],"fullName":"Navigation Component Accessibility Navigation with Custom Items should be accessible with custom navigation items","status":"passed","title":"should be accessible with custom navigation items","duration":55.404199999999946,"failureMessages":[],"meta":{}},{"ancestorTitles":["Navigation Component Accessibility","Navigation with Custom Items"],"fullName":"Navigation Component Accessibility Navigation with Custom Items should handle custom current page","status":"passed","title":"should handle custom current page","duration":10.007900000000063,"failureMessages":[],"meta":{}},{"ancestorTitles":["Navigation Component Accessibility","Mobile Navigation Accessibility"],"fullName":"Navigation Component Accessibility Mobile Navigation Accessibility should have no accessibility violations when closed","status":"passed","title":"should have no accessibility violations when closed","duration":31.978500000000167,"failureMessages":[],"meta":{}},{"ancestorTitles":["Navigation Component Accessibility","Mobile Navigation Accessibility"],"fullName":"Navigation Component Accessibility Mobile Navigation Accessibility should have no accessibility violations when open","status":"passed","title":"should have no accessibility violations when open","duration":49.101100000000315,"failureMessages":[],"meta":{}},{"ancestorTitles":["Navigation Component Accessibility","Mobile Navigation Accessibility"],"fullName":"Navigation Component Accessibility Mobile Navigation Accessibility should have proper mobile navigation structure","status":"passed","title":"should have proper mobile navigation structure","duration":13.595499999999902,"failureMessages":[],"meta":{}},{"ancestorTitles":["Navigation Component Accessibility","Mobile Navigation Accessibility"],"fullName":"Navigation Component Accessibility Mobile Navigation Accessibility should toggle mobile menu properly","status":"passed","title":"should toggle mobile menu properly","duration":17.450900000000274,"failureMessages":[],"meta":{}},{"ancestorTitles":["Navigation Component Accessibility","Mobile Navigation Accessibility"],"fullName":"Navigation Component Accessibility Mobile Navigation Accessibility should have proper menu items when open","status":"passed","title":"should have proper menu items when open","duration":21.310599999999795,"failureMessages":[],"meta":{}},{"ancestorTitles":["Navigation Component Accessibility","Breadcrumb Navigation Accessibility"],"fullName":"Navigation Component Accessibility Breadcrumb Navigation Accessibility should have no accessibility violations","status":"passed","title":"should have no accessibility violations","duration":45.35510000000022,"failureMessages":[],"meta":{}},{"ancestorTitles":["Navigation Component Accessibility","Breadcrumb Navigation Accessibility"],"fullName":"Navigation Component Accessibility Breadcrumb Navigation Accessibility should pass all accessibility tests","status":"passed","title":"should pass all accessibility tests","duration":43.40660000000025,"failureMessages":[],"meta":{}},{"ancestorTitles":["Navigation Component Accessibility","Breadcrumb Navigation Accessibility"],"fullName":"Navigation Component Accessibility Breadcrumb Navigation Accessibility should have proper breadcrumb structure","status":"passed","title":"should have proper breadcrumb structure","duration":12.379799999999705,"failureMessages":[],"meta":{}},{"ancestorTitles":["Navigation Component Accessibility","Breadcrumb Navigation Accessibility"],"fullName":"Navigation Component Accessibility Breadcrumb Navigation Accessibility should indicate current page in breadcrumb","status":"passed","title":"should indicate current page in breadcrumb","duration":10.890300000000025,"failureMessages":[],"meta":{}},{"ancestorTitles":["Navigation Component Accessibility","Breadcrumb Navigation Accessibility"],"fullName":"Navigation Component Accessibility Breadcrumb Navigation Accessibility should have proper separators","status":"passed","title":"should have proper separators","duration":9.951000000000022,"failureMessages":[],"meta":{}},{"ancestorTitles":["Navigation Component Accessibility","Navigation Focus Management"],"fullName":"Navigation Component Accessibility Navigation Focus Management should handle keyboard navigation","status":"passed","title":"should handle keyboard navigation","duration":38.6563000000001,"failureMessages":[],"meta":{}},{"ancestorTitles":["Navigation Component Accessibility","Navigation Focus Management"],"fullName":"Navigation Component Accessibility Navigation Focus Management should handle mobile menu keyboard navigation","status":"passed","title":"should handle mobile menu keyboard navigation","duration":21.667699999999968,"failureMessages":[],"meta":{}},{"ancestorTitles":["Navigation Component Accessibility","Navigation with ARIA Attributes"],"fullName":"Navigation Component Accessibility Navigation with ARIA Attributes should be accessible with custom ARIA labels","status":"passed","title":"should be accessible with custom ARIA labels","duration":20.069500000000062,"failureMessages":[],"meta":{}},{"ancestorTitles":["Navigation Component Accessibility","Navigation with ARIA Attributes"],"fullName":"Navigation Component Accessibility Navigation with ARIA Attributes should have proper ARIA relationships","status":"passed","title":"should have proper ARIA relationships","duration":8.38070000000016,"failureMessages":[],"meta":{}},{"ancestorTitles":["Navigation Component Accessibility","Navigation with Skip Links"],"fullName":"Navigation Component Accessibility Navigation with Skip Links should be accessible with skip links","status":"passed","title":"should be accessible with skip links","duration":35.62219999999979,"failureMessages":[],"meta":{}},{"ancestorTitles":["Navigation Component Accessibility","Navigation with Skip Links"],"fullName":"Navigation Component Accessibility Navigation with Skip Links should have proper skip link structure","status":"passed","title":"should have proper skip link structure","duration":13.884199999999964,"failureMessages":[],"meta":{}},{"ancestorTitles":["Navigation Component Accessibility","Navigation with Dropdown Menus"],"fullName":"Navigation Component Accessibility Navigation with Dropdown Menus should be accessible with dropdown menus","status":"passed","title":"should be accessible with dropdown menus","duration":47.76279999999997,"failureMessages":[],"meta":{}},{"ancestorTitles":["Navigation Component Accessibility","Navigation with Dropdown Menus"],"fullName":"Navigation Component Accessibility Navigation with Dropdown Menus should have proper dropdown structure","status":"passed","title":"should have proper dropdown structure","duration":7.212799999999788,"failureMessages":[],"meta":{}},{"ancestorTitles":["Navigation Component Accessibility","Navigation with Dropdown Menus"],"fullName":"Navigation Component Accessibility Navigation with Dropdown Menus should toggle dropdown properly","status":"passed","title":"should toggle dropdown properly","duration":14.990599999999631,"failureMessages":[],"meta":{}}],"startTime":1758984498201,"endTime":1758984499150.9905,"status":"passed","message":"","name":"C:/Users/Usuario/ECONEURA-IA-1.worktrees/fix/ci-generate-score-fix/apps/web/src/components/navigation.test.tsx"},{"assertionResults":[{"ancestorTitles":["button.test"],"fullName":"button.test should work","status":"passed","title":"should work","duration":2.212400000000116,"failureMessages":[],"meta":{}}],"startTime":1758984509028,"endTime":1758984509030.2124,"status":"passed","message":"","name":"C:/Users/Usuario/ECONEURA-IA-1.worktrees/fix/ci-generate-score-fix/apps/web/src/components/ui/button.test.tsx"},{"assertionResults":[{"ancestorTitles":["card.test"],"fullName":"card.test should work","status":"passed","title":"should work","duration":1.575399999999945,"failureMessages":[],"meta":{}}],"startTime":1758984507465,"endTime":1758984507466.5754,"status":"passed","message":"","name":"C:/Users/Usuario/ECONEURA-IA-1.worktrees/fix/ci-generate-score-fix/apps/web/src/components/ui/card.test.tsx"},{"assertionResults":[{"ancestorTitles":["form.test"],"fullName":"form.test should work","status":"passed","title":"should work","duration":2.3712000000000444,"failureMessages":[],"meta":{}}],"startTime":1758984504357,"endTime":1758984504359.371,"status":"passed","message":"","name":"C:/Users/Usuario/ECONEURA-IA-1.worktrees/fix/ci-generate-score-fix/apps/web/src/components/ui/form.test.tsx"},{"assertionResults":[{"ancestorTitles":["Table Component Accessibility","Basic Table Accessibility"],"fullName":"Table Component Accessibility Basic Table Accessibility should have no accessibility violations","status":"passed","title":"should have no accessibility violations","duration":193.42380000000003,"failureMessages":[],"meta":{}},{"ancestorTitles":["Table Component Accessibility","Basic Table Accessibility"],"fullName":"Table Component Accessibility Basic Table Accessibility should pass all accessibility tests","status":"passed","title":"should pass all accessibility tests","duration":108.89220000000023,"failureMessages":[],"meta":{}},{"ancestorTitles":["Table Component Accessibility","Basic Table Accessibility"],"fullName":"Table Component Accessibility Basic Table Accessibility should have proper table structure","status":"passed","title":"should have proper table structure","duration":64.9362000000001,"failureMessages":[],"meta":{}},{"ancestorTitles":["Table Component Accessibility","Basic Table Accessibility"],"fullName":"Table Component Accessibility Basic Table Accessibility should have proper table caption","status":"passed","title":"should have proper table caption","duration":6.248900000000049,"failureMessages":[],"meta":{}},{"ancestorTitles":["Table Component Accessibility","Table Headers"],"fullName":"Table Component Accessibility Table Headers should have proper column headers","status":"passed","title":"should have proper column headers","duration":52.63149999999996,"failureMessages":[],"meta":{}},{"ancestorTitles":["Table Component Accessibility","Table Headers"],"fullName":"Table Component Accessibility Table Headers should have proper scope attributes","status":"passed","title":"should have proper scope attributes","duration":17.84559999999965,"failureMessages":[],"meta":{}},{"ancestorTitles":["Table Component Accessibility","Table Data"],"fullName":"Table Component Accessibility Table Data should have proper data cells","status":"passed","title":"should have proper data cells","duration":44.46770000000015,"failureMessages":[],"meta":{}},{"ancestorTitles":["Table Component Accessibility","Table Data"],"fullName":"Table Component Accessibility Table Data should have proper row structure","status":"passed","title":"should have proper row structure","duration":13.275700000000143,"failureMessages":[],"meta":{}},{"ancestorTitles":["Table Component Accessibility","Sortable Table"],"fullName":"Table Component Accessibility Sortable Table should have no accessibility violations","status":"passed","title":"should have no accessibility violations","duration":55.295900000000074,"failureMessages":[],"meta":{}},{"ancestorTitles":["Table Component Accessibility","Sortable Table"],"fullName":"Table Component Accessibility Sortable Table should have proper sortable headers","status":"passed","title":"should have proper sortable headers","duration":20.868199999999888,"failureMessages":[],"meta":{}},{"ancestorTitles":["Table Component Accessibility","Sortable Table"],"fullName":"Table Component Accessibility Sortable Table should handle sorting interactions","status":"passed","title":"should handle sorting interactions","duration":23.27579999999989,"failureMessages":[],"meta":{}},{"ancestorTitles":["Table Component Accessibility","Sortable Table"],"fullName":"Table Component Accessibility Sortable Table should have proper sort indicators","status":"passed","title":"should have proper sort indicators","duration":14.517899999999827,"failureMessages":[],"meta":{}},{"ancestorTitles":["Table Component Accessibility","Selectable Table"],"fullName":"Table Component Accessibility Selectable Table should have no accessibility violations","status":"passed","title":"should have no accessibility violations","duration":77.99530000000004,"failureMessages":[],"meta":{}},{"ancestorTitles":["Table Component Accessibility","Selectable Table"],"fullName":"Table Component Accessibility Selectable Table should have proper select all functionality","status":"passed","title":"should have proper select all functionality","duration":38.165300000000116,"failureMessages":[],"meta":{}},{"ancestorTitles":["Table Component Accessibility","Selectable Table"],"fullName":"Table Component Accessibility Selectable Table should handle select all interactions","status":"passed","title":"should handle select all interactions","duration":56.459100000000035,"failureMessages":[],"meta":{}},{"ancestorTitles":["Table Component Accessibility","Selectable Table"],"fullName":"Table Component Accessibility Selectable Table should handle individual row selection","status":"passed","title":"should handle individual row selection","duration":66.67179999999962,"failureMessages":[],"meta":{}},{"ancestorTitles":["Table Component Accessibility","Table with Custom Data"],"fullName":"Table Component Accessibility Table with Custom Data should be accessible with custom headers and data","status":"passed","title":"should be accessible with custom headers and data","duration":46.1857,"failureMessages":[],"meta":{}},{"ancestorTitles":["Table Component Accessibility","Table with Custom Data"],"fullName":"Table Component Accessibility Table with Custom Data should handle empty table gracefully","status":"passed","title":"should handle empty table gracefully","duration":51.11989999999969,"failureMessages":[],"meta":{}},{"ancestorTitles":["Table Component Accessibility","Table Focus Management"],"fullName":"Table Component Accessibility Table Focus Management should handle keyboard navigation","status":"passed","title":"should handle keyboard navigation","duration":24.35069999999996,"failureMessages":[],"meta":{}},{"ancestorTitles":["Table Component Accessibility","Table Focus Management"],"fullName":"Table Component Accessibility Table Focus Management should handle sortable button focus","status":"passed","title":"should handle sortable button focus","duration":25.155299999999897,"failureMessages":[],"meta":{}},{"ancestorTitles":["Table Component Accessibility","Table Focus Management"],"fullName":"Table Component Accessibility Table Focus Management should handle checkbox focus","status":"passed","title":"should handle checkbox focus","duration":23.945900000000165,"failureMessages":[],"meta":{}},{"ancestorTitles":["Table Component Accessibility","Table with ARIA Attributes"],"fullName":"Table Component Accessibility Table with ARIA Attributes should be accessible with custom ARIA attributes","status":"passed","title":"should be accessible with custom ARIA attributes","duration":43.3163999999997,"failureMessages":[],"meta":{}},{"ancestorTitles":["Table Component Accessibility","Table with ARIA Attributes"],"fullName":"Table Component Accessibility Table with ARIA Attributes should have proper ARIA sort attributes","status":"passed","title":"should have proper ARIA sort attributes","duration":32.78699999999981,"failureMessages":[],"meta":{}},{"ancestorTitles":["Table Component Accessibility","Table with Complex Content"],"fullName":"Table Component Accessibility Table with Complex Content should be accessible with links in cells","status":"passed","title":"should be accessible with links in cells","duration":39.715999999999894,"failureMessages":[],"meta":{}},{"ancestorTitles":["Table Component Accessibility","Table with Complex Content"],"fullName":"Table Component Accessibility Table with Complex Content should be accessible with buttons in cells","status":"passed","title":"should be accessible with buttons in cells","duration":33.98400000000038,"failureMessages":[],"meta":{}}],"startTime":1758984501563,"endTime":1758984502739.984,"status":"passed","message":"","name":"C:/Users/Usuario/ECONEURA-IA-1.worktrees/fix/ci-generate-score-fix/apps/web/src/components/ui/table.test.tsx"},{"assertionResults":[{"ancestorTitles":["Test"],"fullName":"Test should work","status":"passed","title":"should work","duration":1.6503999999999905,"failureMessages":[],"meta":{}}],"startTime":1758984512423,"endTime":1758984512424.6504,"status":"passed","message":"","name":"C:/Users/Usuario/ECONEURA-IA-1.worktrees/fix/ci-generate-score-fix/apps/web/src/controllers/__tests__/contract.test.ts"},{"assertionResults":[{"ancestorTitles":["Test"],"fullName":"Test should work","status":"passed","title":"should work","duration":2.539199999999937,"failureMessages":[],"meta":{}}],"startTime":1758984507562,"endTime":1758984507564.5393,"status":"passed","message":"","name":"C:/Users/Usuario/ECONEURA-IA-1.worktrees/fix/ci-generate-score-fix/apps/web/src/services/__tests__/contract.test.ts"},{"assertionResults":[{"ancestorTitles":["Test"],"fullName":"Test should work","status":"passed","title":"should work","duration":1.5961999999999534,"failureMessages":[],"meta":{}}],"startTime":1758984505992,"endTime":1758984505993.5962,"status":"passed","message":"","name":"C:/Users/Usuario/ECONEURA-IA-1.worktrees/fix/ci-generate-score-fix/apps/web/src/utils/__tests__/smoke.test.ts"},{"assertionResults":[{"ancestorTitles":["Navigation Component Accessibility","Basic Navigation Accessibility"],"fullName":"Navigation Component Accessibility Basic Navigation Accessibility should have no accessibility violations","status":"passed","title":"should have no accessibility violations","duration":217.92819999999983,"failureMessages":[],"meta":{}},{"ancestorTitles":["Navigation Component Accessibility","Basic Navigation Accessibility"],"fullName":"Navigation Component Accessibility Basic Navigation Accessibility should pass all accessibility tests","status":"passed","title":"should pass all accessibility tests","duration":31.56899999999996,"failureMessages":[],"meta":{}},{"ancestorTitles":["Navigation Component Accessibility","Basic Navigation Accessibility"],"fullName":"Navigation Component Accessibility Basic Navigation Accessibility should have proper navigation structure","status":"passed","title":"should have proper navigation structure","duration":75.1221999999998,"failureMessages":[],"meta":{}},{"ancestorTitles":["Navigation Component Accessibility","Basic Navigation Accessibility"],"fullName":"Navigation Component Accessibility Basic Navigation Accessibility should have proper link labels","status":"passed","title":"should have proper link labels","duration":56.886999999999716,"failureMessages":[],"meta":{}},{"ancestorTitles":["Navigation Component Accessibility","Current Page Indication"],"fullName":"Navigation Component Accessibility Current Page Indication should indicate current page properly","status":"passed","title":"should indicate current page properly","duration":20.100099999999657,"failureMessages":[],"meta":{}},{"ancestorTitles":["Navigation Component Accessibility","Current Page Indication"],"fullName":"Navigation Component Accessibility Current Page Indication should not indicate non-current pages","status":"passed","title":"should not indicate non-current pages","duration":41.999399999999696,"failureMessages":[],"meta":{}},{"ancestorTitles":["Navigation Component Accessibility","Navigation with Custom Items"],"fullName":"Navigation Component Accessibility Navigation with Custom Items should be accessible with custom navigation items","status":"passed","title":"should be accessible with custom navigation items","duration":48.977400000000216,"failureMessages":[],"meta":{}},{"ancestorTitles":["Navigation Component Accessibility","Navigation with Custom Items"],"fullName":"Navigation Component Accessibility Navigation with Custom Items should handle custom current page","status":"passed","title":"should handle custom current page","duration":31.459899999999834,"failureMessages":[],"meta":{}},{"ancestorTitles":["Navigation Component Accessibility","Mobile Navigation Accessibility"],"fullName":"Navigation Component Accessibility Mobile Navigation Accessibility should have no accessibility violations when closed","status":"passed","title":"should have no accessibility violations when closed","duration":27.738200000000234,"failureMessages":[],"meta":{}},{"ancestorTitles":["Navigation Component Accessibility","Mobile Navigation Accessibility"],"fullName":"Navigation Component Accessibility Mobile Navigation Accessibility should have no accessibility violations when open","status":"passed","title":"should have no accessibility violations when open","duration":81.01110000000017,"failureMessages":[],"meta":{}},{"ancestorTitles":["Navigation Component Accessibility","Mobile Navigation Accessibility"],"fullName":"Navigation Component Accessibility Mobile Navigation Accessibility should have proper mobile navigation structure","status":"passed","title":"should have proper mobile navigation structure","duration":9.596099999999751,"failureMessages":[],"meta":{}},{"ancestorTitles":["Navigation Component Accessibility","Mobile Navigation Accessibility"],"fullName":"Navigation Component Accessibility Mobile Navigation Accessibility should toggle mobile menu properly","status":"passed","title":"should toggle mobile menu properly","duration":13.318900000000212,"failureMessages":[],"meta":{}},{"ancestorTitles":["Navigation Component Accessibility","Mobile Navigation Accessibility"],"fullName":"Navigation Component Accessibility Mobile Navigation Accessibility should have proper menu items when open","status":"passed","title":"should have proper menu items when open","duration":25.485200000000077,"failureMessages":[],"meta":{}},{"ancestorTitles":["Navigation Component Accessibility","Breadcrumb Navigation Accessibility"],"fullName":"Navigation Component Accessibility Breadcrumb Navigation Accessibility should have no accessibility violations","status":"passed","title":"should have no accessibility violations","duration":31.635899999999765,"failureMessages":[],"meta":{}},{"ancestorTitles":["Navigation Component Accessibility","Breadcrumb Navigation Accessibility"],"fullName":"Navigation Component Accessibility Breadcrumb Navigation Accessibility should pass all accessibility tests","status":"passed","title":"should pass all accessibility tests","duration":29.230800000000272,"failureMessages":[],"meta":{}},{"ancestorTitles":["Navigation Component Accessibility","Breadcrumb Navigation Accessibility"],"fullName":"Navigation Component Accessibility Breadcrumb Navigation Accessibility should have proper breadcrumb structure","status":"passed","title":"should have proper breadcrumb structure","duration":18.44419999999991,"failureMessages":[],"meta":{}},{"ancestorTitles":["Navigation Component Accessibility","Breadcrumb Navigation Accessibility"],"fullName":"Navigation Component Accessibility Breadcrumb Navigation Accessibility should indicate current page in breadcrumb","status":"passed","title":"should indicate current page in breadcrumb","duration":3.6635000000001128,"failureMessages":[],"meta":{}},{"ancestorTitles":["Navigation Component Accessibility","Breadcrumb Navigation Accessibility"],"fullName":"Navigation Component Accessibility Breadcrumb Navigation Accessibility should have proper separators","status":"passed","title":"should have proper separators","duration":3.1104999999997744,"failureMessages":[],"meta":{}},{"ancestorTitles":["Navigation Component Accessibility","Navigation Focus Management"],"fullName":"Navigation Component Accessibility Navigation Focus Management should handle keyboard navigation","status":"passed","title":"should handle keyboard navigation","duration":25.20179999999982,"failureMessages":[],"meta":{}},{"ancestorTitles":["Navigation Component Accessibility","Navigation Focus Management"],"fullName":"Navigation Component Accessibility Navigation Focus Management should handle mobile menu keyboard navigation","status":"passed","title":"should handle mobile menu keyboard navigation","duration":17.47550000000001,"failureMessages":[],"meta":{}},{"ancestorTitles":["Navigation Component Accessibility","Navigation with ARIA Attributes"],"fullName":"Navigation Component Accessibility Navigation with ARIA Attributes should be accessible with custom ARIA labels","status":"passed","title":"should be accessible with custom ARIA labels","duration":47.01650000000018,"failureMessages":[],"meta":{}},{"ancestorTitles":["Navigation Component Accessibility","Navigation with ARIA Attributes"],"fullName":"Navigation Component Accessibility Navigation with ARIA Attributes should have proper ARIA relationships","status":"passed","title":"should have proper ARIA relationships","duration":8.219500000000153,"failureMessages":[],"meta":{}},{"ancestorTitles":["Navigation Component Accessibility","Navigation with Skip Links"],"fullName":"Navigation Component Accessibility Navigation with Skip Links should be accessible with skip links","status":"passed","title":"should be accessible with skip links","duration":49.05780000000004,"failureMessages":[],"meta":{}},{"ancestorTitles":["Navigation Component Accessibility","Navigation with Skip Links"],"fullName":"Navigation Component Accessibility Navigation with Skip Links should have proper skip link structure","status":"passed","title":"should have proper skip link structure","duration":13.651900000000296,"failureMessages":[],"meta":{}},{"ancestorTitles":["Navigation Component Accessibility","Navigation with Dropdown Menus"],"fullName":"Navigation Component Accessibility Navigation with Dropdown Menus should be accessible with dropdown menus","status":"passed","title":"should be accessible with dropdown menus","duration":50.640300000000025,"failureMessages":[],"meta":{}},{"ancestorTitles":["Navigation Component Accessibility","Navigation with Dropdown Menus"],"fullName":"Navigation Component Accessibility Navigation with Dropdown Menus should have proper dropdown structure","status":"passed","title":"should have proper dropdown structure","duration":16.69340000000011,"failureMessages":[],"meta":{}},{"ancestorTitles":["Navigation Component Accessibility","Navigation with Dropdown Menus"],"fullName":"Navigation Component Accessibility Navigation with Dropdown Menus should toggle dropdown properly","status":"passed","title":"should toggle dropdown properly","duration":17.74160000000029,"failureMessages":[],"meta":{}}],"startTime":1758984498119,"endTime":1758984499132.7417,"status":"passed","message":"","name":"C:/Users/Usuario/ECONEURA-IA-1.worktrees/fix/ci-generate-score-fix/apps/web/src/components/navigation.test.tsx"},{"assertionResults":[{"ancestorTitles":["button.test"],"fullName":"button.test should work","status":"passed","title":"should work","duration":1.4971000000000458,"failureMessages":[],"meta":{}}],"startTime":1758984505922,"endTime":1758984505923.497,"status":"passed","message":"","name":"C:/Users/Usuario/ECONEURA-IA-1.worktrees/fix/ci-generate-score-fix/apps/web/src/components/ui/button.test.tsx"},{"assertionResults":[{"ancestorTitles":["card.test"],"fullName":"card.test should work","status":"passed","title":"should work","duration":1.5667000000000826,"failureMessages":[],"meta":{}}],"startTime":1758984510593,"endTime":1758984510594.5667,"status":"passed","message":"","name":"C:/Users/Usuario/ECONEURA-IA-1.worktrees/fix/ci-generate-score-fix/apps/web/src/components/ui/card.test.tsx"},{"assertionResults":[{"ancestorTitles":["form.test"],"fullName":"form.test should work","status":"passed","title":"should work","duration":1.6501000000000658,"failureMessages":[],"meta":{}}],"startTime":1758984509094,"endTime":1758984509095.6501,"status":"passed","message":"","name":"C:/Users/Usuario/ECONEURA-IA-1.worktrees/fix/ci-generate-score-fix/apps/web/src/components/ui/form.test.tsx"},{"assertionResults":[{"ancestorTitles":["Table Component Accessibility","Basic Table Accessibility"],"fullName":"Table Component Accessibility Basic Table Accessibility should have no accessibility violations","status":"passed","title":"should have no accessibility violations","duration":231.9063000000001,"failureMessages":[],"meta":{}},{"ancestorTitles":["Table Component Accessibility","Basic Table Accessibility"],"fullName":"Table Component Accessibility Basic Table Accessibility should pass all accessibility tests","status":"passed","title":"should pass all accessibility tests","duration":82.85079999999971,"failureMessages":[],"meta":{}},{"ancestorTitles":["Table Component Accessibility","Basic Table Accessibility"],"fullName":"Table Component Accessibility Basic Table Accessibility should have proper table structure","status":"passed","title":"should have proper table structure","duration":84.20060000000012,"failureMessages":[],"meta":{}},{"ancestorTitles":["Table Component Accessibility","Basic Table Accessibility"],"fullName":"Table Component Accessibility Basic Table Accessibility should have proper table caption","status":"passed","title":"should have proper table caption","duration":6.101500000000215,"failureMessages":[],"meta":{}},{"ancestorTitles":["Table Component Accessibility","Table Headers"],"fullName":"Table Component Accessibility Table Headers should have proper column headers","status":"passed","title":"should have proper column headers","duration":57.81230000000005,"failureMessages":[],"meta":{}},{"ancestorTitles":["Table Component Accessibility","Table Headers"],"fullName":"Table Component Accessibility Table Headers should have proper scope attributes","status":"passed","title":"should have proper scope attributes","duration":15.071800000000167,"failureMessages":[],"meta":{}},{"ancestorTitles":["Table Component Accessibility","Table Data"],"fullName":"Table Component Accessibility Table Data should have proper data cells","status":"passed","title":"should have proper data cells","duration":25.370699999999943,"failureMessages":[],"meta":{}},{"ancestorTitles":["Table Component Accessibility","Table Data"],"fullName":"Table Component Accessibility Table Data should have proper row structure","status":"passed","title":"should have proper row structure","duration":14.877899999999954,"failureMessages":[],"meta":{}},{"ancestorTitles":["Table Component Accessibility","Sortable Table"],"fullName":"Table Component Accessibility Sortable Table should have no accessibility violations","status":"passed","title":"should have no accessibility violations","duration":58.33269999999993,"failureMessages":[],"meta":{}},{"ancestorTitles":["Table Component Accessibility","Sortable Table"],"fullName":"Table Component Accessibility Sortable Table should have proper sortable headers","status":"passed","title":"should have proper sortable headers","duration":21.74479999999994,"failureMessages":[],"meta":{}},{"ancestorTitles":["Table Component Accessibility","Sortable Table"],"fullName":"Table Component Accessibility Sortable Table should handle sorting interactions","status":"passed","title":"should handle sorting interactions","duration":30.950399999999718,"failureMessages":[],"meta":{}},{"ancestorTitles":["Table Component Accessibility","Sortable Table"],"fullName":"Table Component Accessibility Sortable Table should have proper sort indicators","status":"passed","title":"should have proper sort indicators","duration":14.885099999999966,"failureMessages":[],"meta":{}},{"ancestorTitles":["Table Component Accessibility","Selectable Table"],"fullName":"Table Component Accessibility Selectable Table should have no accessibility violations","status":"passed","title":"should have no accessibility violations","duration":63.8458999999998,"failureMessages":[],"meta":{}},{"ancestorTitles":["Table Component Accessibility","Selectable Table"],"fullName":"Table Component Accessibility Selectable Table should have proper select all functionality","status":"passed","title":"should have proper select all functionality","duration":30.17569999999978,"failureMessages":[],"meta":{}},{"ancestorTitles":["Table Component Accessibility","Selectable Table"],"fullName":"Table Component Accessibility Selectable Table should handle select all interactions","status":"passed","title":"should handle select all interactions","duration":43.105099999999766,"failureMessages":[],"meta":{}},{"ancestorTitles":["Table Component Accessibility","Selectable Table"],"fullName":"Table Component Accessibility Selectable Table should handle individual row selection","status":"passed","title":"should handle individual row selection","duration":52.05040000000008,"failureMessages":[],"meta":{}},{"ancestorTitles":["Table Component Accessibility","Table with Custom Data"],"fullName":"Table Component Accessibility Table with Custom Data should be accessible with custom headers and data","status":"passed","title":"should be accessible with custom headers and data","duration":44.766999999999825,"failureMessages":[],"meta":{}},{"ancestorTitles":["Table Component Accessibility","Table with Custom Data"],"fullName":"Table Component Accessibility Table with Custom Data should handle empty table gracefully","status":"passed","title":"should handle empty table gracefully","duration":41.091799999999694,"failureMessages":[],"meta":{}},{"ancestorTitles":["Table Component Accessibility","Table Focus Management"],"fullName":"Table Component Accessibility Table Focus Management should handle keyboard navigation","status":"passed","title":"should handle keyboard navigation","duration":26.30690000000004,"failureMessages":[],"meta":{}},{"ancestorTitles":["Table Component Accessibility","Table Focus Management"],"fullName":"Table Component Accessibility Table Focus Management should handle sortable button focus","status":"passed","title":"should handle sortable button focus","duration":18.79549999999972,"failureMessages":[],"meta":{}},{"ancestorTitles":["Table Component Accessibility","Table Focus Management"],"fullName":"Table Component Accessibility Table Focus Management should handle checkbox focus","status":"passed","title":"should handle checkbox focus","duration":17.847999999999956,"failureMessages":[],"meta":{}},{"ancestorTitles":["Table Component Accessibility","Table with ARIA Attributes"],"fullName":"Table Component Accessibility Table with ARIA Attributes should be accessible with custom ARIA attributes","status":"passed","title":"should be accessible with custom ARIA attributes","duration":49.62010000000009,"failureMessages":[],"meta":{}},{"ancestorTitles":["Table Component Accessibility","Table with ARIA Attributes"],"fullName":"Table Component Accessibility Table with ARIA Attributes should have proper ARIA sort attributes","status":"passed","title":"should have proper ARIA sort attributes","duration":19.166799999999967,"failureMessages":[],"meta":{}},{"ancestorTitles":["Table Component Accessibility","Table with Complex Content"],"fullName":"Table Component Accessibility Table with Complex Content should be accessible with links in cells","status":"passed","title":"should be accessible with links in cells","duration":36.891200000000026,"failureMessages":[],"meta":{}},{"ancestorTitles":["Table Component Accessibility","Table with Complex Content"],"fullName":"Table Component Accessibility Table with Complex Content should be accessible with buttons in cells","status":"passed","title":"should be accessible with buttons in cells","duration":39.140499999999975,"failureMessages":[],"meta":{}}],"startTime":1758984501568,"endTime":1758984502696.1404,"status":"passed","message":"","name":"C:/Users/Usuario/ECONEURA-IA-1.worktrees/fix/ci-generate-score-fix/apps/web/src/components/ui/table.test.tsx"},{"assertionResults":[{"ancestorTitles":["Test"],"fullName":"Test should work","status":"passed","title":"should work","duration":4.574600000000146,"failureMessages":[],"meta":{}}],"startTime":1758984504392,"endTime":1758984504396.5747,"status":"passed","message":"","name":"C:/Users/Usuario/ECONEURA-IA-1.worktrees/fix/ci-generate-score-fix/apps/web/src/controllers/__tests__/contract.test.ts"},{"assertionResults":[{"ancestorTitles":["Test"],"fullName":"Test should work","status":"passed","title":"should work","duration":1.6484000000000378,"failureMessages":[],"meta":{}}],"startTime":1758984505919,"endTime":1758984505920.6484,"status":"passed","message":"","name":"C:/Users/Usuario/ECONEURA-IA-1.worktrees/fix/ci-generate-score-fix/apps/web/src/services/__tests__/contract.test.ts"},{"assertionResults":[{"ancestorTitles":["Test"],"fullName":"Test should work","status":"passed","title":"should work","duration":1.697700000000168,"failureMessages":[],"meta":{}}],"startTime":1758984510652,"endTime":1758984510653.6978,"status":"passed","message":"","name":"C:/Users/Usuario/ECONEURA-IA-1.worktrees/fix/ci-generate-score-fix/apps/web/src/utils/__tests__/smoke.test.ts"},{"assertionResults":[{"ancestorTitles":["Navigation Component Accessibility","Basic Navigation Accessibility"],"fullName":"Navigation Component Accessibility Basic Navigation Accessibility should have no accessibility violations","status":"passed","title":"should have no accessibility violations","duration":209.99029999999993,"failureMessages":[],"meta":{}},{"ancestorTitles":["Navigation Component Accessibility","Basic Navigation Accessibility"],"fullName":"Navigation Component Accessibility Basic Navigation Accessibility should pass all accessibility tests","status":"passed","title":"should pass all accessibility tests","duration":65.23840000000018,"failureMessages":[],"meta":{}},{"ancestorTitles":["Navigation Component Accessibility","Basic Navigation Accessibility"],"fullName":"Navigation Component Accessibility Basic Navigation Accessibility should have proper navigation structure","status":"passed","title":"should have proper navigation structure","duration":45.73829999999998,"failureMessages":[],"meta":{}},{"ancestorTitles":["Navigation Component Accessibility","Basic Navigation Accessibility"],"fullName":"Navigation Component Accessibility Basic Navigation Accessibility should have proper link labels","status":"passed","title":"should have proper link labels","duration":62.02649999999994,"failureMessages":[],"meta":{}},{"ancestorTitles":["Navigation Component Accessibility","Current Page Indication"],"fullName":"Navigation Component Accessibility Current Page Indication should indicate current page properly","status":"passed","title":"should indicate current page properly","duration":14.019000000000233,"failureMessages":[],"meta":{}},{"ancestorTitles":["Navigation Component Accessibility","Current Page Indication"],"fullName":"Navigation Component Accessibility Current Page Indication should not indicate non-current pages","status":"passed","title":"should not indicate non-current pages","duration":34.00790000000006,"failureMessages":[],"meta":{}},{"ancestorTitles":["Navigation Component Accessibility","Navigation with Custom Items"],"fullName":"Navigation Component Accessibility Navigation with Custom Items should be accessible with custom navigation items","status":"passed","title":"should be accessible with custom navigation items","duration":31.81580000000031,"failureMessages":[],"meta":{}},{"ancestorTitles":["Navigation Component Accessibility","Navigation with Custom Items"],"fullName":"Navigation Component Accessibility Navigation with Custom Items should handle custom current page","status":"passed","title":"should handle custom current page","duration":11.881199999999808,"failureMessages":[],"meta":{}},{"ancestorTitles":["Navigation Component Accessibility","Mobile Navigation Accessibility"],"fullName":"Navigation Component Accessibility Mobile Navigation Accessibility should have no accessibility violations when closed","status":"passed","title":"should have no accessibility violations when closed","duration":38.75700000000006,"failureMessages":[],"meta":{}},{"ancestorTitles":["Navigation Component Accessibility","Mobile Navigation Accessibility"],"fullName":"Navigation Component Accessibility Mobile Navigation Accessibility should have no accessibility violations when open","status":"passed","title":"should have no accessibility violations when open","duration":71.9001000000003,"failureMessages":[],"meta":{}},{"ancestorTitles":["Navigation Component Accessibility","Mobile Navigation Accessibility"],"fullName":"Navigation Component Accessibility Mobile Navigation Accessibility should have proper mobile navigation structure","status":"passed","title":"should have proper mobile navigation structure","duration":12.55829999999969,"failureMessages":[],"meta":{}},{"ancestorTitles":["Navigation Component Accessibility","Mobile Navigation Accessibility"],"fullName":"Navigation Component Accessibility Mobile Navigation Accessibility should toggle mobile menu properly","status":"passed","title":"should toggle mobile menu properly","duration":17.799199999999928,"failureMessages":[],"meta":{}},{"ancestorTitles":["Navigation Component Accessibility","Mobile Navigation Accessibility"],"fullName":"Navigation Component Accessibility Mobile Navigation Accessibility should have proper menu items when open","status":"passed","title":"should have proper menu items when open","duration":25.387399999999616,"failureMessages":[],"meta":{}},{"ancestorTitles":["Navigation Component Accessibility","Breadcrumb Navigation Accessibility"],"fullName":"Navigation Component Accessibility Breadcrumb Navigation Accessibility should have no accessibility violations","status":"passed","title":"should have no accessibility violations","duration":35.596000000000004,"failureMessages":[],"meta":{}},{"ancestorTitles":["Navigation Component Accessibility","Breadcrumb Navigation Accessibility"],"fullName":"Navigation Component Accessibility Breadcrumb Navigation Accessibility should pass all accessibility tests","status":"passed","title":"should pass all accessibility tests","duration":28.45769999999993,"failureMessages":[],"meta":{}},{"ancestorTitles":["Navigation Component Accessibility","Breadcrumb Navigation Accessibility"],"fullName":"Navigation Component Accessibility Breadcrumb Navigation Accessibility should have proper breadcrumb structure","status":"passed","title":"should have proper breadcrumb structure","duration":12.870600000000195,"failureMessages":[],"meta":{}},{"ancestorTitles":["Navigation Component Accessibility","Breadcrumb Navigation Accessibility"],"fullName":"Navigation Component Accessibility Breadcrumb Navigation Accessibility should indicate current page in breadcrumb","status":"passed","title":"should indicate current page in breadcrumb","duration":5.565500000000156,"failureMessages":[],"meta":{}},{"ancestorTitles":["Navigation Component Accessibility","Breadcrumb Navigation Accessibility"],"fullName":"Navigation Component Accessibility Breadcrumb Navigation Accessibility should have proper separators","status":"passed","title":"should have proper separators","duration":2.6872000000003027,"failureMessages":[],"meta":{}},{"ancestorTitles":["Navigation Component Accessibility","Navigation Focus Management"],"fullName":"Navigation Component Accessibility Navigation Focus Management should handle keyboard navigation","status":"passed","title":"should handle keyboard navigation","duration":23.626400000000103,"failureMessages":[],"meta":{}},{"ancestorTitles":["Navigation Component Accessibility","Navigation Focus Management"],"fullName":"Navigation Component Accessibility Navigation Focus Management should handle mobile menu keyboard navigation","status":"passed","title":"should handle mobile menu keyboard navigation","duration":33.931400000000394,"failureMessages":[],"meta":{}},{"ancestorTitles":["Navigation Component Accessibility","Navigation with ARIA Attributes"],"fullName":"Navigation Component Accessibility Navigation with ARIA Attributes should be accessible with custom ARIA labels","status":"passed","title":"should be accessible with custom ARIA labels","duration":45.80130000000008,"failureMessages":[],"meta":{}},{"ancestorTitles":["Navigation Component Accessibility","Navigation with ARIA Attributes"],"fullName":"Navigation Component Accessibility Navigation with ARIA Attributes should have proper ARIA relationships","status":"passed","title":"should have proper ARIA relationships","duration":12.43600000000015,"failureMessages":[],"meta":{}},{"ancestorTitles":["Navigation Component Accessibility","Navigation with Skip Links"],"fullName":"Navigation Component Accessibility Navigation with Skip Links should be accessible with skip links","status":"passed","title":"should be accessible with skip links","duration":56.35939999999982,"failureMessages":[],"meta":{}},{"ancestorTitles":["Navigation Component Accessibility","Navigation with Skip Links"],"fullName":"Navigation Component Accessibility Navigation with Skip Links should have proper skip link structure","status":"passed","title":"should have proper skip link structure","duration":14.103900000000067,"failureMessages":[],"meta":{}},{"ancestorTitles":["Navigation Component Accessibility","Navigation with Dropdown Menus"],"fullName":"Navigation Component Accessibility Navigation with Dropdown Menus should be accessible with dropdown menus","status":"passed","title":"should be accessible with dropdown menus","duration":46.13969999999972,"failureMessages":[],"meta":{}},{"ancestorTitles":["Navigation Component Accessibility","Navigation with Dropdown Menus"],"fullName":"Navigation Component Accessibility Navigation with Dropdown Menus should have proper dropdown structure","status":"passed","title":"should have proper dropdown structure","duration":7.6466999999997824,"failureMessages":[],"meta":{}},{"ancestorTitles":["Navigation Component Accessibility","Navigation with Dropdown Menus"],"fullName":"Navigation Component Accessibility Navigation with Dropdown Menus should toggle dropdown properly","status":"passed","title":"should toggle dropdown properly","duration":16.594700000000103,"failureMessages":[],"meta":{}}],"startTime":1758984498166,"endTime":1758984499152.5947,"status":"passed","message":"","name":"C:/Users/Usuario/ECONEURA-IA-1.worktrees/fix/ci-generate-score-fix/apps/web/src/components/navigation.test.tsx"},{"assertionResults":[{"ancestorTitles":["Test"],"fullName":"Test should work","status":"passed","title":"should work","duration":1.7985000000001037,"failureMessages":[],"meta":{}}],"startTime":1758984504290,"endTime":1758984504291.7986,"status":"passed","message":"","name":"C:/Users/Usuario/ECONEURA-IA-1.worktrees/fix/ci-generate-score-fix/apps/web/src/controllers/__tests__/contract.test.ts"},{"assertionResults":[{"ancestorTitles":["button.test"],"fullName":"button.test should work","status":"passed","title":"should work","duration":1.6090999999998985,"failureMessages":[],"meta":{}}],"startTime":1758984510741,"endTime":1758984510742.6091,"status":"passed","message":"","name":"C:/Users/Usuario/ECONEURA-IA-1.worktrees/fix/ci-generate-score-fix/apps/web/src/components/ui/button.test.tsx"},{"assertionResults":[{"ancestorTitles":["card.test"],"fullName":"card.test should work","status":"passed","title":"should work","duration":1.5307999999999993,"failureMessages":[],"meta":{}}],"startTime":1758984507484,"endTime":1758984507485.5308,"status":"passed","message":"","name":"C:/Users/Usuario/ECONEURA-IA-1.worktrees/fix/ci-generate-score-fix/apps/web/src/components/ui/card.test.tsx"},{"assertionResults":[{"ancestorTitles":["form.test"],"fullName":"form.test should work","status":"passed","title":"should work","duration":2.163099999999986,"failureMessages":[],"meta":{}}],"startTime":1758984509131,"endTime":1758984509133.163,"status":"passed","message":"","name":"C:/Users/Usuario/ECONEURA-IA-1.worktrees/fix/ci-generate-score-fix/apps/web/src/components/ui/form.test.tsx"},{"assertionResults":[{"ancestorTitles":["Table Component Accessibility","Basic Table Accessibility"],"fullName":"Table Component Accessibility Basic Table Accessibility should have no accessibility violations","status":"passed","title":"should have no accessibility violations","duration":253.75469999999996,"failureMessages":[],"meta":{}},{"ancestorTitles":["Table Component Accessibility","Basic Table Accessibility"],"fullName":"Table Component Accessibility Basic Table Accessibility should pass all accessibility tests","status":"passed","title":"should pass all accessibility tests","duration":76.15200000000004,"failureMessages":[],"meta":{}},{"ancestorTitles":["Table Component Accessibility","Basic Table Accessibility"],"fullName":"Table Component Accessibility Basic Table Accessibility should have proper table structure","status":"passed","title":"should have proper table structure","duration":73.98439999999982,"failureMessages":[],"meta":{}},{"ancestorTitles":["Table Component Accessibility","Basic Table Accessibility"],"fullName":"Table Component Accessibility Basic Table Accessibility should have proper table caption","status":"passed","title":"should have proper table caption","duration":7.096399999999903,"failureMessages":[],"meta":{}},{"ancestorTitles":["Table Component Accessibility","Table Headers"],"fullName":"Table Component Accessibility Table Headers should have proper column headers","status":"passed","title":"should have proper column headers","duration":40.08149999999978,"failureMessages":[],"meta":{}},{"ancestorTitles":["Table Component Accessibility","Table Headers"],"fullName":"Table Component Accessibility Table Headers should have proper scope attributes","status":"passed","title":"should have proper scope attributes","duration":11.63859999999977,"failureMessages":[],"meta":{}},{"ancestorTitles":["Table Component Accessibility","Table Data"],"fullName":"Table Component Accessibility Table Data should have proper data cells","status":"passed","title":"should have proper data cells","duration":41.053300000000036,"failureMessages":[],"meta":{}},{"ancestorTitles":["Table Component Accessibility","Table Data"],"fullName":"Table Component Accessibility Table Data should have proper row structure","status":"passed","title":"should have proper row structure","duration":17.97460000000001,"failureMessages":[],"meta":{}},{"ancestorTitles":["Table Component Accessibility","Sortable Table"],"fullName":"Table Component Accessibility Sortable Table should have no accessibility violations","status":"passed","title":"should have no accessibility violations","duration":48.59009999999989,"failureMessages":[],"meta":{}},{"ancestorTitles":["Table Component Accessibility","Sortable Table"],"fullName":"Table Component Accessibility Sortable Table should have proper sortable headers","status":"passed","title":"should have proper sortable headers","duration":19.743600000000242,"failureMessages":[],"meta":{}},{"ancestorTitles":["Table Component Accessibility","Sortable Table"],"fullName":"Table Component Accessibility Sortable Table should handle sorting interactions","status":"passed","title":"should handle sorting interactions","duration":21.032900000000154,"failureMessages":[],"meta":{}},{"ancestorTitles":["Table Component Accessibility","Sortable Table"],"fullName":"Table Component Accessibility Sortable Table should have proper sort indicators","status":"passed","title":"should have proper sort indicators","duration":14.625300000000152,"failureMessages":[],"meta":{}},{"ancestorTitles":["Table Component Accessibility","Selectable Table"],"fullName":"Table Component Accessibility Selectable Table should have no accessibility violations","status":"passed","title":"should have no accessibility violations","duration":83.78800000000001,"failureMessages":[],"meta":{}},{"ancestorTitles":["Table Component Accessibility","Selectable Table"],"fullName":"Table Component Accessibility Selectable Table should have proper select all functionality","status":"passed","title":"should have proper select all functionality","duration":43.51200000000017,"failureMessages":[],"meta":{}},{"ancestorTitles":["Table Component Accessibility","Selectable Table"],"fullName":"Table Component Accessibility Selectable Table should handle select all interactions","status":"passed","title":"should handle select all interactions","duration":71.3489999999997,"failureMessages":[],"meta":{}},{"ancestorTitles":["Table Component Accessibility","Selectable Table"],"fullName":"Table Component Accessibility Selectable Table should handle individual row selection","status":"passed","title":"should handle individual row selection","duration":54.828799999999774,"failureMessages":[],"meta":{}},{"ancestorTitles":["Table Component Accessibility","Table with Custom Data"],"fullName":"Table Component Accessibility Table with Custom Data should be accessible with custom headers and data","status":"passed","title":"should be accessible with custom headers and data","duration":43.19560000000001,"failureMessages":[],"meta":{}},{"ancestorTitles":["Table Component Accessibility","Table with Custom Data"],"fullName":"Table Component Accessibility Table with Custom Data should handle empty table gracefully","status":"passed","title":"should handle empty table gracefully","duration":34.503200000000106,"failureMessages":[],"meta":{}},{"ancestorTitles":["Table Component Accessibility","Table Focus Management"],"fullName":"Table Component Accessibility Table Focus Management should handle keyboard navigation","status":"passed","title":"should handle keyboard navigation","duration":32.264300000000276,"failureMessages":[],"meta":{}},{"ancestorTitles":["Table Component Accessibility","Table Focus Management"],"fullName":"Table Component Accessibility Table Focus Management should handle sortable button focus","status":"passed","title":"should handle sortable button focus","duration":20.66210000000001,"failureMessages":[],"meta":{}},{"ancestorTitles":["Table Component Accessibility","Table Focus Management"],"fullName":"Table Component Accessibility Table Focus Management should handle checkbox focus","status":"passed","title":"should handle checkbox focus","duration":25.02529999999979,"failureMessages":[],"meta":{}},{"ancestorTitles":["Table Component Accessibility","Table with ARIA Attributes"],"fullName":"Table Component Accessibility Table with ARIA Attributes should be accessible with custom ARIA attributes","status":"passed","title":"should be accessible with custom ARIA attributes","duration":33.9983000000002,"failureMessages":[],"meta":{}},{"ancestorTitles":["Table Component Accessibility","Table with ARIA Attributes"],"fullName":"Table Component Accessibility Table with ARIA Attributes should have proper ARIA sort attributes","status":"passed","title":"should have proper ARIA sort attributes","duration":19.022199999999884,"failureMessages":[],"meta":{}},{"ancestorTitles":["Table Component Accessibility","Table with Complex Content"],"fullName":"Table Component Accessibility Table with Complex Content should be accessible with links in cells","status":"passed","title":"should be accessible with links in cells","duration":42.89910000000009,"failureMessages":[],"meta":{}},{"ancestorTitles":["Table Component Accessibility","Table with Complex Content"],"fullName":"Table Component Accessibility Table with Complex Content should be accessible with buttons in cells","status":"passed","title":"should be accessible with buttons in cells","duration":46.02590000000009,"failureMessages":[],"meta":{}}],"startTime":1758984501622,"endTime":1758984502803.026,"status":"passed","message":"","name":"C:/Users/Usuario/ECONEURA-IA-1.worktrees/fix/ci-generate-score-fix/apps/web/src/components/ui/table.test.tsx"},{"assertionResults":[{"ancestorTitles":["Test"],"fullName":"Test should work","status":"passed","title":"should work","duration":1.7325999999998203,"failureMessages":[],"meta":{}}],"startTime":1758984512311,"endTime":1758984512312.7327,"status":"passed","message":"","name":"C:/Users/Usuario/ECONEURA-IA-1.worktrees/fix/ci-generate-score-fix/apps/web/src/services/__tests__/contract.test.ts"},{"assertionResults":[{"ancestorTitles":["Test"],"fullName":"Test should work","status":"passed","title":"should work","duration":1.874599999999873,"failureMessages":[],"meta":{}}],"startTime":1758984512314,"endTime":1758984512315.8745,"status":"passed","message":"","name":"C:/Users/Usuario/ECONEURA-IA-1.worktrees/fix/ci-generate-score-fix/apps/web/src/utils/__tests__/smoke.test.ts"}]}